<?xml version="1.0" encoding="UTF-8"?>
<testsuites name="3 Regionales" time="285.994" tests="10" failures="1" errors="0">
   <testsuite name="3 Regionales" tests="10" failures="1" errors="0" time="285.994" skipped="0" timestamp="2024-05-21 15:40:47" hostname="jdavila - PCPruebas101.ciel.cielingenieria.com" id="Test Suites/1 Configuracion/1 Distribucion Geografica/3 Regionales">
      <properties>
         <property name="deviceName" value=""/>
         <property name="devicePlatform" value=""/>
         <property name="logFolder" value="C:\\CIEL INGENIERIA\\Katalon\\AgendamientoADM\\Reports\\20240521_152353\\1 Configuracion\\1 Distribucion Geografica\\3 Regionales\\20240521_152358"/>
         <property name="logFiles" value="C:\\CIEL INGENIERIA\\Katalon\\AgendamientoADM\\Reports\\20240521_152353\\1 Configuracion\\1 Distribucion Geografica\\3 Regionales\\20240521_152358\\execution0.log"/>
         <property name="attachments" value="C:\\CIEL INGENIERIA\\Katalon\\AgendamientoADM\\Reports\\20240521_152353\\1 Configuracion\\1 Distribucion Geografica\\3 Regionales\\20240521_152358\\1716324069178.png, C:\\CIEL INGENIERIA\\Katalon\\AgendamientoADM\\Reports\\20240521_152353\\1 Configuracion\\1 Distribucion Geografica\\3 Regionales\\20240521_152358\\1716324097239.png, C:\\CIEL INGENIERIA\\Katalon\\AgendamientoADM\\Reports\\20240521_152353\\1 Configuracion\\1 Distribucion Geografica\\3 Regionales\\20240521_152358\\1716324101539.png, C:\\CIEL INGENIERIA\\Katalon\\AgendamientoADM\\Reports\\20240521_152353\\1 Configuracion\\1 Distribucion Geografica\\3 Regionales\\20240521_152358\\1716324129346.png, C:\\CIEL INGENIERIA\\Katalon\\AgendamientoADM\\Reports\\20240521_152353\\1 Configuracion\\1 Distribucion Geografica\\3 Regionales\\20240521_152358\\1716324133557.png, C:\\CIEL INGENIERIA\\Katalon\\AgendamientoADM\\Reports\\20240521_152353\\1 Configuracion\\1 Distribucion Geografica\\3 Regionales\\20240521_152358\\1716324154597.png, C:\\CIEL INGENIERIA\\Katalon\\AgendamientoADM\\Reports\\20240521_152353\\1 Configuracion\\1 Distribucion Geografica\\3 Regionales\\20240521_152358\\1716324160870.png, C:\\CIEL INGENIERIA\\Katalon\\AgendamientoADM\\Reports\\20240521_152353\\1 Configuracion\\1 Distribucion Geografica\\3 Regionales\\20240521_152358\\1716324186364.png, C:\\CIEL INGENIERIA\\Katalon\\AgendamientoADM\\Reports\\20240521_152353\\1 Configuracion\\1 Distribucion Geografica\\3 Regionales\\20240521_152358\\1716324212358.png, C:\\CIEL INGENIERIA\\Katalon\\AgendamientoADM\\Reports\\20240521_152353\\1 Configuracion\\1 Distribucion Geografica\\3 Regionales\\20240521_152358\\1716324238370.png, C:\\CIEL INGENIERIA\\Katalon\\AgendamientoADM\\Reports\\20240521_152353\\1 Configuracion\\1 Distribucion Geografica\\3 Regionales\\20240521_152358\\1716324262758.png, C:\\CIEL INGENIERIA\\Katalon\\AgendamientoADM\\Reports\\20240521_152353\\1 Configuracion\\1 Distribucion Geografica\\3 Regionales\\20240521_152358\\1716324282136.png, C:\\CIEL INGENIERIA\\Katalon\\AgendamientoADM\\Reports\\20240521_152353\\1 Configuracion\\1 Distribucion Geografica\\3 Regionales\\20240521_152358\\1716324332880.png"/>
         <property name="hostName" value="jdavila - PCPruebas101.ciel.cielingenieria.com"/>
         <property name="os" value="Windows 10 64bit"/>
         <property name="katalonVersion" value="8.6.9.208"/>
         <property name="browser" value="Chrome 124.0.0.0"/>
         <property name="hostAddress" value="192.168.91.13"/>
         <property name="sessionId" value="0bd64faa3f8ceb001c21c6c9558ec42d"/>
         <property name="seleniumVersion" value="3.141.59"/>
         <property name="proxyInformation" value="ProxyInformation { proxyOption=NO_PROXY, proxyServerType=HTTP, username=, password=********, proxyServerAddress=, proxyServerPort=0, executionList=&quot;&quot;, isApplyToDesiredCapabilities=true }"/>
         <property name="platform" value="Windows 10"/>
      </properties>
      <testcase name="Test Cases/Configuracion/1 Distribucion Geografica/3 Regionales/R30" time="22.474" classname="Test Cases/Configuracion/1 Distribucion Geografica/3 Regionales/R30" status="PASSED">
         <system-out><![CDATA[2024-05-21 15:40:47 - [TEST_CASE][PASSED] - Test Cases/Configuracion/1 Distribucion Geografica/3 Regionales/R30: Test Cases/Configuracion/1 Distribucion Geografica/3 Regionales/R30

2024-05-21 15:40:47 - [TEST_STEP][PASSED] - callTestCase(findTestCase("0InicioSesion"), [:], STOP_ON_FAILURE): Call Test Case 'Test Cases/0InicioSesion' successfully

2024-05-21 15:40:47 - [TEST_CASE][PASSED] - Test Cases/0InicioSesion: Test Cases/0InicioSesion

2024-05-21 15:40:48 - [TEST_STEP][PASSED] - openBrowser(Url): Browser is opened with url: 'https://pcpruebas101.ciel.cielingenieria.com:8815/'

2024-05-21 15:40:48 - [MESSAGE][INFO] - Starting 'Chrome' driver

2024-05-21 15:40:48 - [MESSAGE][INFO] - Action delay is set to 0 milliseconds

2024-05-21 15:40:51 - [MESSAGE][PASSED] - Browser is opened with url: 'https://pcpruebas101.ciel.cielingenieria.com:8815/'

2024-05-21 15:40:51 - [TEST_STEP][PASSED] - maximizeWindow(): Current window maximized

2024-05-21 15:40:51 - [MESSAGE][PASSED] - Current window maximized

2024-05-21 15:40:51 - [TEST_STEP][PASSED] - delay(2): Delayed 2 second(s)

2024-05-21 15:40:53 - [MESSAGE][PASSED] - Delayed 2 second(s)

2024-05-21 15:40:53 - [TEST_STEP][PASSED] - setText(findTestObject("ADM/0Inicio Sesion/input_Usuario"), Usuario): Text 'Ciel' is set on object 'Object Repository/ADM/0Inicio Sesion/input_Usuario'

2024-05-21 15:40:54 - [MESSAGE][PASSED] - Text 'Ciel' is set on object 'Object Repository/ADM/0Inicio Sesion/input_Usuario'

2024-05-21 15:40:54 - [TEST_STEP][PASSED] - delay(2): Delayed 2 second(s)

2024-05-21 15:40:56 - [MESSAGE][PASSED] - Delayed 2 second(s)

2024-05-21 15:40:56 - [TEST_STEP][PASSED] - setText(findTestObject("ADM/0Inicio Sesion/input_Clave"), Clave): Text 'Digiturno5.' is set on object 'Object Repository/ADM/0Inicio Sesion/input_Clave'

2024-05-21 15:40:57 - [MESSAGE][PASSED] - Text 'Digiturno5.' is set on object 'Object Repository/ADM/0Inicio Sesion/input_Clave'

2024-05-21 15:40:57 - [TEST_STEP][PASSED] - delay(2): Delayed 2 second(s)

2024-05-21 15:40:59 - [MESSAGE][PASSED] - Delayed 2 second(s)

2024-05-21 15:40:59 - [TEST_STEP][PASSED] - click(findTestObject("ADM/0Inicio Sesion/btn_IniciarSesion")): Object: 'Object Repository/ADM/0Inicio Sesion/btn_IniciarSesion' is clicked on

2024-05-21 15:41:00 - [MESSAGE][PASSED] - Object: 'Object Repository/ADM/0Inicio Sesion/btn_IniciarSesion' is clicked on

2024-05-21 15:41:00 - [TEST_STEP][PASSED] - delay(3): Delayed 3 second(s)

2024-05-21 15:41:03 - [MESSAGE][PASSED] - Delayed 3 second(s)

2024-05-21 15:41:03 - [MESSAGE][PASSED] - Call Test Case 'Test Cases/0InicioSesion' successfully

2024-05-21 15:41:03 - [TEST_STEP][PASSED] - click(findTestObject("ADM/0Principal/a_Configuracion")): Object: 'Object Repository/ADM/0Principal/a_Configuracion' is clicked on

2024-05-21 15:41:04 - [MESSAGE][PASSED] - Object: 'Object Repository/ADM/0Principal/a_Configuracion' is clicked on

2024-05-21 15:41:04 - [TEST_STEP][PASSED] - click(findTestObject("ADM/1Configuracion/0Principal/a_1 Distribucion geografica")): Object: 'Object Repository/ADM/1Configuracion/0Principal/a_1 Distribucion geografica' is clicked on

2024-05-21 15:41:04 - [MESSAGE][PASSED] - Object: 'Object Repository/ADM/1Configuracion/0Principal/a_1 Distribucion geografica' is clicked on

2024-05-21 15:41:04 - [TEST_STEP][PASSED] - click(findTestObject("ADM/1Configuracion/1Distribucion geografica/0Principal/a_3 Regionales")): Object: 'Object Repository/ADM/1Configuracion/1Distribucion geografica/0Principal/a_3 Regionales' is clicked on

2024-05-21 15:41:05 - [MESSAGE][PASSED] - Object: 'Object Repository/ADM/1Configuracion/1Distribucion geografica/0Principal/a_3 Regionales' is clicked on

2024-05-21 15:41:05 - [TEST_STEP][PASSED] - delay(2): Delayed 2 second(s)

2024-05-21 15:41:07 - [MESSAGE][PASSED] - Delayed 2 second(s)

2024-05-21 15:41:07 - [TEST_STEP][PASSED] - verifyElementPresent(findTestObject("ADM/1Configuracion/1Distribucion geografica/3Regionales/btn_Buscar"), 2): Object 'Object Repository/ADM/1Configuracion/1Distribucion geografica/3Regionales/btn_Buscar' is present

2024-05-21 15:41:07 - [MESSAGE][PASSED] - Object 'Object Repository/ADM/1Configuracion/1Distribucion geografica/3Regionales/btn_Buscar' is present

2024-05-21 15:41:07 - [TEST_STEP][PASSED] - verifyElementPresent(findTestObject("ADM/1Configuracion/1Distribucion geografica/3Regionales/btn_Limpiar"), 2): Object 'Object Repository/ADM/1Configuracion/1Distribucion geografica/3Regionales/btn_Limpiar' is present

2024-05-21 15:41:08 - [MESSAGE][PASSED] - Object 'Object Repository/ADM/1Configuracion/1Distribucion geografica/3Regionales/btn_Limpiar' is present

2024-05-21 15:41:08 - [TEST_STEP][PASSED] - verifyElementPresent(findTestObject("ADM/1Configuracion/1Distribucion geografica/3Regionales/0 btn_NuevaRegional"), 2): Object 'Object Repository/ADM/1Configuracion/1Distribucion geografica/3Regionales/0 btn_NuevaRegional' is present

2024-05-21 15:41:08 - [MESSAGE][PASSED] - Object 'Object Repository/ADM/1Configuracion/1Distribucion geografica/3Regionales/0 btn_NuevaRegional' is present

2024-05-21 15:41:08 - [TEST_STEP][PASSED] - verifyElementPresent(findTestObject("ADM/1Configuracion/1Distribucion geografica/3Regionales/input_CodigoRegional"), 2): Object 'Object Repository/ADM/1Configuracion/1Distribucion geografica/3Regionales/input_CodigoRegional' is present

2024-05-21 15:41:08 - [MESSAGE][PASSED] - Object 'Object Repository/ADM/1Configuracion/1Distribucion geografica/3Regionales/input_CodigoRegional' is present

2024-05-21 15:41:08 - [TEST_STEP][PASSED] - verifyElementPresent(findTestObject("ADM/1Configuracion/1Distribucion geografica/3Regionales/input_NombreRegional"), 2): Object 'Object Repository/ADM/1Configuracion/1Distribucion geografica/3Regionales/input_NombreRegional' is present

2024-05-21 15:41:09 - [MESSAGE][PASSED] - Object 'Object Repository/ADM/1Configuracion/1Distribucion geografica/3Regionales/input_NombreRegional' is present

2024-05-21 15:41:09 - [TEST_STEP][PASSED] - takeFullPageScreenshot(): Taking screenshot successfully

2024-05-21 15:41:09 - [MESSAGE][INFO] - 0 hidden object(s)

2024-05-21 15:41:09 - [MESSAGE][PASSED] - Taking screenshot successfully
[[ATTACHMENT|C:\\CIEL INGENIERIA\\Katalon\\AgendamientoADM\\Reports\\20240521_152353\\1 Configuracion\\1 Distribucion Geografica\\3 Regionales\\20240521_152358\\1716324069178.png]]

2024-05-21 15:41:09 - [TEST_STEP][PASSED] - Start listener action : sampleAfterTestCase: null]]></system-out>
         <system-err><![CDATA[]]></system-err>
      </testcase>
      <testcase name="Test Cases/Configuracion/1 Distribucion Geografica/3 Regionales/R31" time="32.234" classname="Test Cases/Configuracion/1 Distribucion Geografica/3 Regionales/R31" status="PASSED">
         <system-out><![CDATA[2024-05-21 15:41:09 - [TEST_CASE][PASSED] - Test Cases/Configuracion/1 Distribucion Geografica/3 Regionales/R31: Test Cases/Configuracion/1 Distribucion Geografica/3 Regionales/R31

2024-05-21 15:41:10 - [TEST_STEP][PASSED] - callTestCase(findTestCase("0InicioSesion"), [:], STOP_ON_FAILURE): Call Test Case 'Test Cases/0InicioSesion' successfully

2024-05-21 15:41:10 - [TEST_CASE][PASSED] - Test Cases/0InicioSesion: Test Cases/0InicioSesion

2024-05-21 15:41:10 - [TEST_STEP][PASSED] - openBrowser(Url): Browser is opened with url: 'https://pcpruebas101.ciel.cielingenieria.com:8815/'

2024-05-21 15:41:10 - [MESSAGE][WARNING] - A browser is already opened. Closing browser and opening a new one

2024-05-21 15:41:10 - [MESSAGE][INFO] - Starting 'Chrome' driver

2024-05-21 15:41:10 - [MESSAGE][INFO] - Action delay is set to 0 milliseconds

2024-05-21 15:41:13 - [MESSAGE][PASSED] - Browser is opened with url: 'https://pcpruebas101.ciel.cielingenieria.com:8815/'

2024-05-21 15:41:13 - [TEST_STEP][PASSED] - maximizeWindow(): Current window maximized

2024-05-21 15:41:13 - [MESSAGE][PASSED] - Current window maximized

2024-05-21 15:41:13 - [TEST_STEP][PASSED] - delay(2): Delayed 2 second(s)

2024-05-21 15:41:15 - [MESSAGE][PASSED] - Delayed 2 second(s)

2024-05-21 15:41:15 - [TEST_STEP][PASSED] - setText(findTestObject("ADM/0Inicio Sesion/input_Usuario"), Usuario): Text 'Ciel' is set on object 'Object Repository/ADM/0Inicio Sesion/input_Usuario'

2024-05-21 15:41:16 - [MESSAGE][PASSED] - Text 'Ciel' is set on object 'Object Repository/ADM/0Inicio Sesion/input_Usuario'

2024-05-21 15:41:16 - [TEST_STEP][PASSED] - delay(2): Delayed 2 second(s)

2024-05-21 15:41:18 - [MESSAGE][PASSED] - Delayed 2 second(s)

2024-05-21 15:41:18 - [TEST_STEP][PASSED] - setText(findTestObject("ADM/0Inicio Sesion/input_Clave"), Clave): Text 'Digiturno5.' is set on object 'Object Repository/ADM/0Inicio Sesion/input_Clave'

2024-05-21 15:41:19 - [MESSAGE][PASSED] - Text 'Digiturno5.' is set on object 'Object Repository/ADM/0Inicio Sesion/input_Clave'

2024-05-21 15:41:19 - [TEST_STEP][PASSED] - delay(2): Delayed 2 second(s)

2024-05-21 15:41:21 - [MESSAGE][PASSED] - Delayed 2 second(s)

2024-05-21 15:41:21 - [TEST_STEP][PASSED] - click(findTestObject("ADM/0Inicio Sesion/btn_IniciarSesion")): Object: 'Object Repository/ADM/0Inicio Sesion/btn_IniciarSesion' is clicked on

2024-05-21 15:41:21 - [MESSAGE][PASSED] - Object: 'Object Repository/ADM/0Inicio Sesion/btn_IniciarSesion' is clicked on

2024-05-21 15:41:21 - [TEST_STEP][PASSED] - delay(3): Delayed 3 second(s)

2024-05-21 15:41:24 - [MESSAGE][PASSED] - Delayed 3 second(s)

2024-05-21 15:41:24 - [MESSAGE][PASSED] - Call Test Case 'Test Cases/0InicioSesion' successfully

2024-05-21 15:41:24 - [TEST_STEP][PASSED] - click(findTestObject("ADM/0Principal/a_Configuracion")): Object: 'Object Repository/ADM/0Principal/a_Configuracion' is clicked on

2024-05-21 15:41:25 - [MESSAGE][PASSED] - Object: 'Object Repository/ADM/0Principal/a_Configuracion' is clicked on

2024-05-21 15:41:25 - [TEST_STEP][PASSED] - click(findTestObject("ADM/1Configuracion/0Principal/a_1 Distribucion geografica")): Object: 'Object Repository/ADM/1Configuracion/0Principal/a_1 Distribucion geografica' is clicked on

2024-05-21 15:41:26 - [MESSAGE][PASSED] - Object: 'Object Repository/ADM/1Configuracion/0Principal/a_1 Distribucion geografica' is clicked on

2024-05-21 15:41:26 - [TEST_STEP][PASSED] - click(findTestObject("ADM/1Configuracion/1Distribucion geografica/0Principal/a_3 Regionales")): Object: 'Object Repository/ADM/1Configuracion/1Distribucion geografica/0Principal/a_3 Regionales' is clicked on

2024-05-21 15:41:26 - [MESSAGE][PASSED] - Object: 'Object Repository/ADM/1Configuracion/1Distribucion geografica/0Principal/a_3 Regionales' is clicked on

2024-05-21 15:41:26 - [TEST_STEP][PASSED] - delay(2): Delayed 2 second(s)

2024-05-21 15:41:28 - [MESSAGE][PASSED] - Delayed 2 second(s)

2024-05-21 15:41:28 - [TEST_STEP][PASSED] - setText(findTestObject("ADM/1Configuracion/1Distribucion geografica/3Regionales/input_CodigoRegional"), "23tdgh"): Text '23tdgh' is set on object 'Object Repository/ADM/1Configuracion/1Distribucion geografica/3Regionales/input_CodigoRegional'

2024-05-21 15:41:29 - [MESSAGE][PASSED] - Text '23tdgh' is set on object 'Object Repository/ADM/1Configuracion/1Distribucion geografica/3Regionales/input_CodigoRegional'

2024-05-21 15:41:29 - [TEST_STEP][PASSED] - click(findTestObject("ADM/1Configuracion/1Distribucion geografica/3Regionales/btn_Buscar")): Object: 'Object Repository/ADM/1Configuracion/1Distribucion geografica/3Regionales/btn_Buscar' is clicked on

2024-05-21 15:41:30 - [MESSAGE][PASSED] - Object: 'Object Repository/ADM/1Configuracion/1Distribucion geografica/3Regionales/btn_Buscar' is clicked on

2024-05-21 15:41:30 - [TEST_STEP][PASSED] - delay(7): Delayed 7 second(s)

2024-05-21 15:41:37 - [MESSAGE][PASSED] - Delayed 7 second(s)

2024-05-21 15:41:37 - [TEST_STEP][PASSED] - takeFullPageScreenshot(): Taking screenshot successfully

2024-05-21 15:41:37 - [MESSAGE][INFO] - 0 hidden object(s)

2024-05-21 15:41:37 - [MESSAGE][PASSED] - Taking screenshot successfully
[[ATTACHMENT|C:\\CIEL INGENIERIA\\Katalon\\AgendamientoADM\\Reports\\20240521_152353\\1 Configuracion\\1 Distribucion Geografica\\3 Regionales\\20240521_152358\\1716324097239.png]]

2024-05-21 15:41:37 - [TEST_STEP][PASSED] - clearText(findTestObject("ADM/1Configuracion/1Distribucion geografica/3Regionales/input_CodigoRegional")): Text of object 'Object Repository/ADM/1Configuracion/1Distribucion geografica/3Regionales/input_CodigoRegional' is cleared

2024-05-21 15:41:38 - [MESSAGE][PASSED] - Text of object 'Object Repository/ADM/1Configuracion/1Distribucion geografica/3Regionales/input_CodigoRegional' is cleared

2024-05-21 15:41:38 - [TEST_STEP][PASSED] - setText(findTestObject("ADM/1Configuracion/1Distribucion geografica/3Regionales/input_NombreRegional"), "8574fgdfy"): Text '8574fgdfy' is set on object 'Object Repository/ADM/1Configuracion/1Distribucion geografica/3Regionales/input_NombreRegional'

2024-05-21 15:41:39 - [MESSAGE][PASSED] - Text '8574fgdfy' is set on object 'Object Repository/ADM/1Configuracion/1Distribucion geografica/3Regionales/input_NombreRegional'

2024-05-21 15:41:39 - [TEST_STEP][PASSED] - click(findTestObject("ADM/1Configuracion/1Distribucion geografica/3Regionales/btn_Buscar")): Object: 'Object Repository/ADM/1Configuracion/1Distribucion geografica/3Regionales/btn_Buscar' is clicked on

2024-05-21 15:41:39 - [MESSAGE][PASSED] - Object: 'Object Repository/ADM/1Configuracion/1Distribucion geografica/3Regionales/btn_Buscar' is clicked on

2024-05-21 15:41:39 - [TEST_STEP][PASSED] - delay(2): Delayed 2 second(s)

2024-05-21 15:41:41 - [MESSAGE][PASSED] - Delayed 2 second(s)

2024-05-21 15:41:41 - [TEST_STEP][PASSED] - takeFullPageScreenshot(): Taking screenshot successfully

2024-05-21 15:41:41 - [MESSAGE][INFO] - 0 hidden object(s)

2024-05-21 15:41:42 - [MESSAGE][PASSED] - Taking screenshot successfully
[[ATTACHMENT|C:\\CIEL INGENIERIA\\Katalon\\AgendamientoADM\\Reports\\20240521_152353\\1 Configuracion\\1 Distribucion Geografica\\3 Regionales\\20240521_152358\\1716324101539.png]]

2024-05-21 15:41:42 - [TEST_STEP][PASSED] - Start listener action : sampleAfterTestCase: null]]></system-out>
         <system-err><![CDATA[]]></system-err>
      </testcase>
      <testcase name="Test Cases/Configuracion/1 Distribucion Geografica/3 Regionales/R32" time="31.978" classname="Test Cases/Configuracion/1 Distribucion Geografica/3 Regionales/R32" status="PASSED">
         <system-out><![CDATA[2024-05-21 15:41:42 - [TEST_CASE][PASSED] - Test Cases/Configuracion/1 Distribucion Geografica/3 Regionales/R32: Test Cases/Configuracion/1 Distribucion Geografica/3 Regionales/R32

2024-05-21 15:41:42 - [TEST_STEP][PASSED] - callTestCase(findTestCase("0InicioSesion"), [:], STOP_ON_FAILURE): Call Test Case 'Test Cases/0InicioSesion' successfully

2024-05-21 15:41:42 - [TEST_CASE][PASSED] - Test Cases/0InicioSesion: Test Cases/0InicioSesion

2024-05-21 15:41:42 - [TEST_STEP][PASSED] - openBrowser(Url): Browser is opened with url: 'https://pcpruebas101.ciel.cielingenieria.com:8815/'

2024-05-21 15:41:42 - [MESSAGE][WARNING] - A browser is already opened. Closing browser and opening a new one

2024-05-21 15:41:43 - [MESSAGE][INFO] - Starting 'Chrome' driver

2024-05-21 15:41:43 - [MESSAGE][INFO] - Action delay is set to 0 milliseconds

2024-05-21 15:41:45 - [MESSAGE][PASSED] - Browser is opened with url: 'https://pcpruebas101.ciel.cielingenieria.com:8815/'

2024-05-21 15:41:45 - [TEST_STEP][PASSED] - maximizeWindow(): Current window maximized

2024-05-21 15:41:45 - [MESSAGE][PASSED] - Current window maximized

2024-05-21 15:41:45 - [TEST_STEP][PASSED] - delay(2): Delayed 2 second(s)

2024-05-21 15:41:47 - [MESSAGE][PASSED] - Delayed 2 second(s)

2024-05-21 15:41:47 - [TEST_STEP][PASSED] - setText(findTestObject("ADM/0Inicio Sesion/input_Usuario"), Usuario): Text 'Ciel' is set on object 'Object Repository/ADM/0Inicio Sesion/input_Usuario'

2024-05-21 15:41:48 - [MESSAGE][PASSED] - Text 'Ciel' is set on object 'Object Repository/ADM/0Inicio Sesion/input_Usuario'

2024-05-21 15:41:48 - [TEST_STEP][PASSED] - delay(2): Delayed 2 second(s)

2024-05-21 15:41:50 - [MESSAGE][PASSED] - Delayed 2 second(s)

2024-05-21 15:41:50 - [TEST_STEP][PASSED] - setText(findTestObject("ADM/0Inicio Sesion/input_Clave"), Clave): Text 'Digiturno5.' is set on object 'Object Repository/ADM/0Inicio Sesion/input_Clave'

2024-05-21 15:41:51 - [MESSAGE][PASSED] - Text 'Digiturno5.' is set on object 'Object Repository/ADM/0Inicio Sesion/input_Clave'

2024-05-21 15:41:51 - [TEST_STEP][PASSED] - delay(2): Delayed 2 second(s)

2024-05-21 15:41:53 - [MESSAGE][PASSED] - Delayed 2 second(s)

2024-05-21 15:41:53 - [TEST_STEP][PASSED] - click(findTestObject("ADM/0Inicio Sesion/btn_IniciarSesion")): Object: 'Object Repository/ADM/0Inicio Sesion/btn_IniciarSesion' is clicked on

2024-05-21 15:41:54 - [MESSAGE][PASSED] - Object: 'Object Repository/ADM/0Inicio Sesion/btn_IniciarSesion' is clicked on

2024-05-21 15:41:54 - [TEST_STEP][PASSED] - delay(3): Delayed 3 second(s)

2024-05-21 15:41:57 - [MESSAGE][PASSED] - Delayed 3 second(s)

2024-05-21 15:41:57 - [MESSAGE][PASSED] - Call Test Case 'Test Cases/0InicioSesion' successfully

2024-05-21 15:41:57 - [TEST_STEP][PASSED] - click(findTestObject("ADM/0Principal/a_Configuracion")): Object: 'Object Repository/ADM/0Principal/a_Configuracion' is clicked on

2024-05-21 15:41:57 - [MESSAGE][PASSED] - Object: 'Object Repository/ADM/0Principal/a_Configuracion' is clicked on

2024-05-21 15:41:57 - [TEST_STEP][PASSED] - click(findTestObject("ADM/1Configuracion/0Principal/a_1 Distribucion geografica")): Object: 'Object Repository/ADM/1Configuracion/0Principal/a_1 Distribucion geografica' is clicked on

2024-05-21 15:41:58 - [MESSAGE][PASSED] - Object: 'Object Repository/ADM/1Configuracion/0Principal/a_1 Distribucion geografica' is clicked on

2024-05-21 15:41:58 - [TEST_STEP][PASSED] - click(findTestObject("ADM/1Configuracion/1Distribucion geografica/0Principal/a_3 Regionales")): Object: 'Object Repository/ADM/1Configuracion/1Distribucion geografica/0Principal/a_3 Regionales' is clicked on

2024-05-21 15:41:59 - [MESSAGE][PASSED] - Object: 'Object Repository/ADM/1Configuracion/1Distribucion geografica/0Principal/a_3 Regionales' is clicked on

2024-05-21 15:41:59 - [TEST_STEP][PASSED] - delay(2): Delayed 2 second(s)

2024-05-21 15:42:01 - [MESSAGE][PASSED] - Delayed 2 second(s)

2024-05-21 15:42:01 - [TEST_STEP][PASSED] - setText(findTestObject("ADM/1Configuracion/1Distribucion geografica/3Regionales/input_CodigoRegional"), "2"): Text '2' is set on object 'Object Repository/ADM/1Configuracion/1Distribucion geografica/3Regionales/input_CodigoRegional'

2024-05-21 15:42:01 - [MESSAGE][PASSED] - Text '2' is set on object 'Object Repository/ADM/1Configuracion/1Distribucion geografica/3Regionales/input_CodigoRegional'

2024-05-21 15:42:01 - [TEST_STEP][PASSED] - click(findTestObject("ADM/1Configuracion/1Distribucion geografica/3Regionales/btn_Buscar")): Object: 'Object Repository/ADM/1Configuracion/1Distribucion geografica/3Regionales/btn_Buscar' is clicked on

2024-05-21 15:42:02 - [MESSAGE][PASSED] - Object: 'Object Repository/ADM/1Configuracion/1Distribucion geografica/3Regionales/btn_Buscar' is clicked on

2024-05-21 15:42:02 - [TEST_STEP][PASSED] - delay(7): Delayed 7 second(s)

2024-05-21 15:42:09 - [MESSAGE][PASSED] - Delayed 7 second(s)

2024-05-21 15:42:09 - [TEST_STEP][PASSED] - takeFullPageScreenshot(): Taking screenshot successfully

2024-05-21 15:42:09 - [MESSAGE][INFO] - 0 hidden object(s)

2024-05-21 15:42:09 - [MESSAGE][PASSED] - Taking screenshot successfully
[[ATTACHMENT|C:\\CIEL INGENIERIA\\Katalon\\AgendamientoADM\\Reports\\20240521_152353\\1 Configuracion\\1 Distribucion Geografica\\3 Regionales\\20240521_152358\\1716324129346.png]]

2024-05-21 15:42:09 - [TEST_STEP][PASSED] - clearText(findTestObject("ADM/1Configuracion/1Distribucion geografica/3Regionales/input_CodigoRegional")): Text of object 'Object Repository/ADM/1Configuracion/1Distribucion geografica/3Regionales/input_CodigoRegional' is cleared

2024-05-21 15:42:10 - [MESSAGE][PASSED] - Text of object 'Object Repository/ADM/1Configuracion/1Distribucion geografica/3Regionales/input_CodigoRegional' is cleared

2024-05-21 15:42:10 - [TEST_STEP][PASSED] - setText(findTestObject("ADM/1Configuracion/1Distribucion geografica/3Regionales/input_NombreRegional"), "Bogota"): Text 'Bogota' is set on object 'Object Repository/ADM/1Configuracion/1Distribucion geografica/3Regionales/input_NombreRegional'

2024-05-21 15:42:11 - [MESSAGE][PASSED] - Text 'Bogota' is set on object 'Object Repository/ADM/1Configuracion/1Distribucion geografica/3Regionales/input_NombreRegional'

2024-05-21 15:42:11 - [TEST_STEP][PASSED] - click(findTestObject("ADM/1Configuracion/1Distribucion geografica/3Regionales/btn_Buscar")): Object: 'Object Repository/ADM/1Configuracion/1Distribucion geografica/3Regionales/btn_Buscar' is clicked on

2024-05-21 15:42:11 - [MESSAGE][PASSED] - Object: 'Object Repository/ADM/1Configuracion/1Distribucion geografica/3Regionales/btn_Buscar' is clicked on

2024-05-21 15:42:11 - [TEST_STEP][PASSED] - delay(2): Delayed 2 second(s)

2024-05-21 15:42:13 - [MESSAGE][PASSED] - Delayed 2 second(s)

2024-05-21 15:42:13 - [TEST_STEP][PASSED] - takeFullPageScreenshot(): Taking screenshot successfully

2024-05-21 15:42:13 - [MESSAGE][INFO] - 0 hidden object(s)

2024-05-21 15:42:14 - [MESSAGE][PASSED] - Taking screenshot successfully
[[ATTACHMENT|C:\\CIEL INGENIERIA\\Katalon\\AgendamientoADM\\Reports\\20240521_152353\\1 Configuracion\\1 Distribucion Geografica\\3 Regionales\\20240521_152358\\1716324133557.png]]

2024-05-21 15:42:14 - [TEST_STEP][PASSED] - Start listener action : sampleAfterTestCase: null]]></system-out>
         <system-err><![CDATA[]]></system-err>
      </testcase>
      <testcase name="Test Cases/Configuracion/1 Distribucion Geografica/3 Regionales/R33" time="27.406" classname="Test Cases/Configuracion/1 Distribucion Geografica/3 Regionales/R33" status="PASSED">
         <system-out><![CDATA[2024-05-21 15:42:14 - [TEST_CASE][PASSED] - Test Cases/Configuracion/1 Distribucion Geografica/3 Regionales/R33: Test Cases/Configuracion/1 Distribucion Geografica/3 Regionales/R33

2024-05-21 15:42:14 - [TEST_STEP][PASSED] - callTestCase(findTestCase("0InicioSesion"), [:], STOP_ON_FAILURE): Call Test Case 'Test Cases/0InicioSesion' successfully

2024-05-21 15:42:14 - [TEST_CASE][PASSED] - Test Cases/0InicioSesion: Test Cases/0InicioSesion

2024-05-21 15:42:14 - [TEST_STEP][PASSED] - openBrowser(Url): Browser is opened with url: 'https://pcpruebas101.ciel.cielingenieria.com:8815/'

2024-05-21 15:42:14 - [MESSAGE][WARNING] - A browser is already opened. Closing browser and opening a new one

2024-05-21 15:42:15 - [MESSAGE][INFO] - Starting 'Chrome' driver

2024-05-21 15:42:15 - [MESSAGE][INFO] - Action delay is set to 0 milliseconds

2024-05-21 15:42:17 - [MESSAGE][PASSED] - Browser is opened with url: 'https://pcpruebas101.ciel.cielingenieria.com:8815/'

2024-05-21 15:42:17 - [TEST_STEP][PASSED] - maximizeWindow(): Current window maximized

2024-05-21 15:42:17 - [MESSAGE][PASSED] - Current window maximized

2024-05-21 15:42:17 - [TEST_STEP][PASSED] - delay(2): Delayed 2 second(s)

2024-05-21 15:42:19 - [MESSAGE][PASSED] - Delayed 2 second(s)

2024-05-21 15:42:19 - [TEST_STEP][PASSED] - setText(findTestObject("ADM/0Inicio Sesion/input_Usuario"), Usuario): Text 'Ciel' is set on object 'Object Repository/ADM/0Inicio Sesion/input_Usuario'

2024-05-21 15:42:20 - [MESSAGE][PASSED] - Text 'Ciel' is set on object 'Object Repository/ADM/0Inicio Sesion/input_Usuario'

2024-05-21 15:42:20 - [TEST_STEP][PASSED] - delay(2): Delayed 2 second(s)

2024-05-21 15:42:22 - [MESSAGE][PASSED] - Delayed 2 second(s)

2024-05-21 15:42:22 - [TEST_STEP][PASSED] - setText(findTestObject("ADM/0Inicio Sesion/input_Clave"), Clave): Text 'Digiturno5.' is set on object 'Object Repository/ADM/0Inicio Sesion/input_Clave'

2024-05-21 15:42:23 - [MESSAGE][PASSED] - Text 'Digiturno5.' is set on object 'Object Repository/ADM/0Inicio Sesion/input_Clave'

2024-05-21 15:42:23 - [TEST_STEP][PASSED] - delay(2): Delayed 2 second(s)

2024-05-21 15:42:25 - [MESSAGE][PASSED] - Delayed 2 second(s)

2024-05-21 15:42:25 - [TEST_STEP][PASSED] - click(findTestObject("ADM/0Inicio Sesion/btn_IniciarSesion")): Object: 'Object Repository/ADM/0Inicio Sesion/btn_IniciarSesion' is clicked on

2024-05-21 15:42:26 - [MESSAGE][PASSED] - Object: 'Object Repository/ADM/0Inicio Sesion/btn_IniciarSesion' is clicked on

2024-05-21 15:42:26 - [TEST_STEP][PASSED] - delay(3): Delayed 3 second(s)

2024-05-21 15:42:29 - [MESSAGE][PASSED] - Delayed 3 second(s)

2024-05-21 15:42:29 - [MESSAGE][PASSED] - Call Test Case 'Test Cases/0InicioSesion' successfully

2024-05-21 15:42:29 - [TEST_STEP][PASSED] - click(findTestObject("ADM/0Principal/a_Configuracion")): Object: 'Object Repository/ADM/0Principal/a_Configuracion' is clicked on

2024-05-21 15:42:29 - [MESSAGE][PASSED] - Object: 'Object Repository/ADM/0Principal/a_Configuracion' is clicked on

2024-05-21 15:42:29 - [TEST_STEP][PASSED] - click(findTestObject("ADM/1Configuracion/0Principal/a_1 Distribucion geografica")): Object: 'Object Repository/ADM/1Configuracion/0Principal/a_1 Distribucion geografica' is clicked on

2024-05-21 15:42:30 - [MESSAGE][PASSED] - Object: 'Object Repository/ADM/1Configuracion/0Principal/a_1 Distribucion geografica' is clicked on

2024-05-21 15:42:30 - [TEST_STEP][PASSED] - click(findTestObject("ADM/1Configuracion/1Distribucion geografica/0Principal/a_3 Regionales")): Object: 'Object Repository/ADM/1Configuracion/1Distribucion geografica/0Principal/a_3 Regionales' is clicked on

2024-05-21 15:42:30 - [MESSAGE][PASSED] - Object: 'Object Repository/ADM/1Configuracion/1Distribucion geografica/0Principal/a_3 Regionales' is clicked on

2024-05-21 15:42:30 - [TEST_STEP][PASSED] - delay(2): Delayed 2 second(s)

2024-05-21 15:42:32 - [MESSAGE][PASSED] - Delayed 2 second(s)

2024-05-21 15:42:32 - [TEST_STEP][PASSED] - setText(findTestObject("ADM/1Configuracion/1Distribucion geografica/3Regionales/input_CodigoRegional"), "2"): Text '2' is set on object 'Object Repository/ADM/1Configuracion/1Distribucion geografica/3Regionales/input_CodigoRegional'

2024-05-21 15:42:33 - [MESSAGE][PASSED] - Text '2' is set on object 'Object Repository/ADM/1Configuracion/1Distribucion geografica/3Regionales/input_CodigoRegional'

2024-05-21 15:42:33 - [TEST_STEP][PASSED] - setText(findTestObject("ADM/1Configuracion/1Distribucion geografica/3Regionales/input_NombreRegional"), "Bogota"): Text 'Bogota' is set on object 'Object Repository/ADM/1Configuracion/1Distribucion geografica/3Regionales/input_NombreRegional'

2024-05-21 15:42:34 - [MESSAGE][PASSED] - Text 'Bogota' is set on object 'Object Repository/ADM/1Configuracion/1Distribucion geografica/3Regionales/input_NombreRegional'

2024-05-21 15:42:34 - [TEST_STEP][PASSED] - takeFullPageScreenshot(): Taking screenshot successfully

2024-05-21 15:42:34 - [MESSAGE][INFO] - 0 hidden object(s)

2024-05-21 15:42:35 - [MESSAGE][PASSED] - Taking screenshot successfully
[[ATTACHMENT|C:\\CIEL INGENIERIA\\Katalon\\AgendamientoADM\\Reports\\20240521_152353\\1 Configuracion\\1 Distribucion Geografica\\3 Regionales\\20240521_152358\\1716324154597.png]]

2024-05-21 15:42:35 - [TEST_STEP][PASSED] - delay(2): Delayed 2 second(s)

2024-05-21 15:42:37 - [MESSAGE][PASSED] - Delayed 2 second(s)

2024-05-21 15:42:37 - [TEST_STEP][PASSED] - click(findTestObject("ADM/1Configuracion/1Distribucion geografica/3Regionales/btn_Limpiar")): Object: 'Object Repository/ADM/1Configuracion/1Distribucion geografica/3Regionales/btn_Limpiar' is clicked on

2024-05-21 15:42:37 - [MESSAGE][PASSED] - Object: 'Object Repository/ADM/1Configuracion/1Distribucion geografica/3Regionales/btn_Limpiar' is clicked on

2024-05-21 15:42:37 - [TEST_STEP][PASSED] - verifyElementAttributeValue(findTestObject("ADM/1Configuracion/1Distribucion geografica/3Regionales/input_CodigoRegional"), "value", "", 2): Object 'Object Repository/ADM/1Configuracion/1Distribucion geografica/3Regionales/input_CodigoRegional' has attribute 'value' with value ''

2024-05-21 15:42:38 - [MESSAGE][PASSED] - Object 'Object Repository/ADM/1Configuracion/1Distribucion geografica/3Regionales/input_CodigoRegional' has attribute 'value' with value ''

2024-05-21 15:42:38 - [TEST_STEP][PASSED] - verifyElementAttributeValue(findTestObject("ADM/1Configuracion/1Distribucion geografica/3Regionales/input_NombreRegional"), "value", "", 2): Object 'Object Repository/ADM/1Configuracion/1Distribucion geografica/3Regionales/input_NombreRegional' has attribute 'value' with value ''

2024-05-21 15:42:38 - [MESSAGE][PASSED] - Object 'Object Repository/ADM/1Configuracion/1Distribucion geografica/3Regionales/input_NombreRegional' has attribute 'value' with value ''

2024-05-21 15:42:38 - [TEST_STEP][PASSED] - delay(2): Delayed 2 second(s)

2024-05-21 15:42:40 - [MESSAGE][PASSED] - Delayed 2 second(s)

2024-05-21 15:42:40 - [TEST_STEP][PASSED] - takeFullPageScreenshot(): Taking screenshot successfully

2024-05-21 15:42:41 - [MESSAGE][INFO] - 0 hidden object(s)

2024-05-21 15:42:41 - [MESSAGE][PASSED] - Taking screenshot successfully
[[ATTACHMENT|C:\\CIEL INGENIERIA\\Katalon\\AgendamientoADM\\Reports\\20240521_152353\\1 Configuracion\\1 Distribucion Geografica\\3 Regionales\\20240521_152358\\1716324160870.png]]

2024-05-21 15:42:41 - [TEST_STEP][PASSED] - Start listener action : sampleAfterTestCase: null]]></system-out>
         <system-err><![CDATA[]]></system-err>
      </testcase>
      <testcase name="Test Cases/Configuracion/1 Distribucion Geografica/3 Regionales/R34" time="25.393" classname="Test Cases/Configuracion/1 Distribucion Geografica/3 Regionales/R34" status="PASSED">
         <system-out><![CDATA[2024-05-21 15:42:41 - [TEST_CASE][PASSED] - Test Cases/Configuracion/1 Distribucion Geografica/3 Regionales/R34: Test Cases/Configuracion/1 Distribucion Geografica/3 Regionales/R34

2024-05-21 15:42:41 - [TEST_STEP][PASSED] - callTestCase(findTestCase("0InicioSesion"), [:], STOP_ON_FAILURE): Call Test Case 'Test Cases/0InicioSesion' successfully

2024-05-21 15:42:41 - [TEST_CASE][PASSED] - Test Cases/0InicioSesion: Test Cases/0InicioSesion

2024-05-21 15:42:41 - [TEST_STEP][PASSED] - openBrowser(Url): Browser is opened with url: 'https://pcpruebas101.ciel.cielingenieria.com:8815/'

2024-05-21 15:42:41 - [MESSAGE][WARNING] - A browser is already opened. Closing browser and opening a new one

2024-05-21 15:42:42 - [MESSAGE][INFO] - Starting 'Chrome' driver

2024-05-21 15:42:42 - [MESSAGE][INFO] - Action delay is set to 0 milliseconds

2024-05-21 15:42:44 - [MESSAGE][PASSED] - Browser is opened with url: 'https://pcpruebas101.ciel.cielingenieria.com:8815/'

2024-05-21 15:42:44 - [TEST_STEP][PASSED] - maximizeWindow(): Current window maximized

2024-05-21 15:42:45 - [MESSAGE][PASSED] - Current window maximized

2024-05-21 15:42:45 - [TEST_STEP][PASSED] - delay(2): Delayed 2 second(s)

2024-05-21 15:42:47 - [MESSAGE][PASSED] - Delayed 2 second(s)

2024-05-21 15:42:47 - [TEST_STEP][PASSED] - setText(findTestObject("ADM/0Inicio Sesion/input_Usuario"), Usuario): Text 'Ciel' is set on object 'Object Repository/ADM/0Inicio Sesion/input_Usuario'

2024-05-21 15:42:48 - [MESSAGE][PASSED] - Text 'Ciel' is set on object 'Object Repository/ADM/0Inicio Sesion/input_Usuario'

2024-05-21 15:42:48 - [TEST_STEP][PASSED] - delay(2): Delayed 2 second(s)

2024-05-21 15:42:50 - [MESSAGE][PASSED] - Delayed 2 second(s)

2024-05-21 15:42:50 - [TEST_STEP][PASSED] - setText(findTestObject("ADM/0Inicio Sesion/input_Clave"), Clave): Text 'Digiturno5.' is set on object 'Object Repository/ADM/0Inicio Sesion/input_Clave'

2024-05-21 15:42:51 - [MESSAGE][PASSED] - Text 'Digiturno5.' is set on object 'Object Repository/ADM/0Inicio Sesion/input_Clave'

2024-05-21 15:42:51 - [TEST_STEP][PASSED] - delay(2): Delayed 2 second(s)

2024-05-21 15:42:53 - [MESSAGE][PASSED] - Delayed 2 second(s)

2024-05-21 15:42:53 - [TEST_STEP][PASSED] - click(findTestObject("ADM/0Inicio Sesion/btn_IniciarSesion")): Object: 'Object Repository/ADM/0Inicio Sesion/btn_IniciarSesion' is clicked on

2024-05-21 15:42:53 - [MESSAGE][PASSED] - Object: 'Object Repository/ADM/0Inicio Sesion/btn_IniciarSesion' is clicked on

2024-05-21 15:42:53 - [TEST_STEP][PASSED] - delay(3): Delayed 3 second(s)

2024-05-21 15:42:56 - [MESSAGE][PASSED] - Delayed 3 second(s)

2024-05-21 15:42:56 - [MESSAGE][PASSED] - Call Test Case 'Test Cases/0InicioSesion' successfully

2024-05-21 15:42:56 - [TEST_STEP][PASSED] - click(findTestObject("ADM/0Principal/a_Configuracion")): Object: 'Object Repository/ADM/0Principal/a_Configuracion' is clicked on

2024-05-21 15:42:57 - [MESSAGE][PASSED] - Object: 'Object Repository/ADM/0Principal/a_Configuracion' is clicked on

2024-05-21 15:42:57 - [TEST_STEP][PASSED] - click(findTestObject("ADM/1Configuracion/0Principal/a_1 Distribucion geografica")): Object: 'Object Repository/ADM/1Configuracion/0Principal/a_1 Distribucion geografica' is clicked on

2024-05-21 15:42:57 - [MESSAGE][PASSED] - Object: 'Object Repository/ADM/1Configuracion/0Principal/a_1 Distribucion geografica' is clicked on

2024-05-21 15:42:57 - [TEST_STEP][PASSED] - click(findTestObject("ADM/1Configuracion/1Distribucion geografica/0Principal/a_3 Regionales")): Object: 'Object Repository/ADM/1Configuracion/1Distribucion geografica/0Principal/a_3 Regionales' is clicked on

2024-05-21 15:42:58 - [MESSAGE][PASSED] - Object: 'Object Repository/ADM/1Configuracion/1Distribucion geografica/0Principal/a_3 Regionales' is clicked on

2024-05-21 15:42:58 - [TEST_STEP][PASSED] - delay(2): Delayed 2 second(s)

2024-05-21 15:43:00 - [MESSAGE][PASSED] - Delayed 2 second(s)

2024-05-21 15:43:00 - [TEST_STEP][PASSED] - click(findTestObject("ADM/1Configuracion/1Distribucion geografica/3Regionales/0 btn_NuevaRegional")): Object: 'Object Repository/ADM/1Configuracion/1Distribucion geografica/3Regionales/0 btn_NuevaRegional' is clicked on

2024-05-21 15:43:00 - [MESSAGE][PASSED] - Object: 'Object Repository/ADM/1Configuracion/1Distribucion geografica/3Regionales/0 btn_NuevaRegional' is clicked on

2024-05-21 15:43:00 - [TEST_STEP][PASSED] - delay(2): Delayed 2 second(s)

2024-05-21 15:43:02 - [MESSAGE][PASSED] - Delayed 2 second(s)

2024-05-21 15:43:02 - [TEST_STEP][PASSED] - verifyElementPresent(findTestObject("ADM/1Configuracion/1Distribucion geografica/3Regionales/0 btn_NuevaRegional(1)/input_Codigo Regional"), 2): Object 'Object Repository/ADM/1Configuracion/1Distribucion geografica/3Regionales/0 btn_NuevaRegional(1)/input_Codigo Regional' is present

2024-05-21 15:43:03 - [MESSAGE][PASSED] - Object 'Object Repository/ADM/1Configuracion/1Distribucion geografica/3Regionales/0 btn_NuevaRegional(1)/input_Codigo Regional' is present

2024-05-21 15:43:03 - [TEST_STEP][PASSED] - verifyElementPresent(findTestObject("ADM/1Configuracion/1Distribucion geografica/3Regionales/0 btn_NuevaRegional(1)/input_Nombre Regional"), 2): Object 'Object Repository/ADM/1Configuracion/1Distribucion geografica/3Regionales/0 btn_NuevaRegional(1)/input_Nombre Regional' is present

2024-05-21 15:43:03 - [MESSAGE][PASSED] - Object 'Object Repository/ADM/1Configuracion/1Distribucion geografica/3Regionales/0 btn_NuevaRegional(1)/input_Nombre Regional' is present

2024-05-21 15:43:03 - [TEST_STEP][PASSED] - verifyElementPresent(findTestObject("ADM/1Configuracion/1Distribucion geografica/3Regionales/0 btn_NuevaRegional(1)/btn_Volver"), 2): Object 'Object Repository/ADM/1Configuracion/1Distribucion geografica/3Regionales/0 btn_NuevaRegional(1)/btn_Volver' is present

2024-05-21 15:43:03 - [MESSAGE][PASSED] - Object 'Object Repository/ADM/1Configuracion/1Distribucion geografica/3Regionales/0 btn_NuevaRegional(1)/btn_Volver' is present

2024-05-21 15:43:03 - [TEST_STEP][PASSED] - verifyElementPresent(findTestObject("ADM/1Configuracion/1Distribucion geografica/3Regionales/0 btn_NuevaRegional(1)/btn_Guardar Regional"), 2): Object 'Object Repository/ADM/1Configuracion/1Distribucion geografica/3Regionales/0 btn_NuevaRegional(1)/btn_Guardar Regional' is present

2024-05-21 15:43:04 - [MESSAGE][PASSED] - Object 'Object Repository/ADM/1Configuracion/1Distribucion geografica/3Regionales/0 btn_NuevaRegional(1)/btn_Guardar Regional' is present

2024-05-21 15:43:04 - [TEST_STEP][PASSED] - delay(2): Delayed 2 second(s)

2024-05-21 15:43:06 - [MESSAGE][PASSED] - Delayed 2 second(s)

2024-05-21 15:43:06 - [TEST_STEP][PASSED] - takeFullPageScreenshot(): Taking screenshot successfully

2024-05-21 15:43:06 - [MESSAGE][INFO] - 0 hidden object(s)

2024-05-21 15:43:06 - [MESSAGE][PASSED] - Taking screenshot successfully
[[ATTACHMENT|C:\\CIEL INGENIERIA\\Katalon\\AgendamientoADM\\Reports\\20240521_152353\\1 Configuracion\\1 Distribucion Geografica\\3 Regionales\\20240521_152358\\1716324186364.png]]

2024-05-21 15:43:06 - [TEST_STEP][PASSED] - Start listener action : sampleAfterTestCase: null]]></system-out>
         <system-err><![CDATA[]]></system-err>
      </testcase>
      <testcase name="Test Cases/Configuracion/1 Distribucion Geografica/3 Regionales/R35" time="26.076" classname="Test Cases/Configuracion/1 Distribucion Geografica/3 Regionales/R35" status="PASSED">
         <system-out><![CDATA[2024-05-21 15:43:06 - [TEST_CASE][PASSED] - Test Cases/Configuracion/1 Distribucion Geografica/3 Regionales/R35: Test Cases/Configuracion/1 Distribucion Geografica/3 Regionales/R35

2024-05-21 15:43:07 - [TEST_STEP][PASSED] - callTestCase(findTestCase("0InicioSesion"), [:], STOP_ON_FAILURE): Call Test Case 'Test Cases/0InicioSesion' successfully

2024-05-21 15:43:07 - [TEST_CASE][PASSED] - Test Cases/0InicioSesion: Test Cases/0InicioSesion

2024-05-21 15:43:07 - [TEST_STEP][PASSED] - openBrowser(Url): Browser is opened with url: 'https://pcpruebas101.ciel.cielingenieria.com:8815/'

2024-05-21 15:43:07 - [MESSAGE][WARNING] - A browser is already opened. Closing browser and opening a new one

2024-05-21 15:43:08 - [MESSAGE][INFO] - Starting 'Chrome' driver

2024-05-21 15:43:08 - [MESSAGE][INFO] - Action delay is set to 0 milliseconds

2024-05-21 15:43:10 - [MESSAGE][PASSED] - Browser is opened with url: 'https://pcpruebas101.ciel.cielingenieria.com:8815/'

2024-05-21 15:43:10 - [TEST_STEP][PASSED] - maximizeWindow(): Current window maximized

2024-05-21 15:43:10 - [MESSAGE][PASSED] - Current window maximized

2024-05-21 15:43:10 - [TEST_STEP][PASSED] - delay(2): Delayed 2 second(s)

2024-05-21 15:43:12 - [MESSAGE][PASSED] - Delayed 2 second(s)

2024-05-21 15:43:12 - [TEST_STEP][PASSED] - setText(findTestObject("ADM/0Inicio Sesion/input_Usuario"), Usuario): Text 'Ciel' is set on object 'Object Repository/ADM/0Inicio Sesion/input_Usuario'

2024-05-21 15:43:13 - [MESSAGE][PASSED] - Text 'Ciel' is set on object 'Object Repository/ADM/0Inicio Sesion/input_Usuario'

2024-05-21 15:43:13 - [TEST_STEP][PASSED] - delay(2): Delayed 2 second(s)

2024-05-21 15:43:15 - [MESSAGE][PASSED] - Delayed 2 second(s)

2024-05-21 15:43:15 - [TEST_STEP][PASSED] - setText(findTestObject("ADM/0Inicio Sesion/input_Clave"), Clave): Text 'Digiturno5.' is set on object 'Object Repository/ADM/0Inicio Sesion/input_Clave'

2024-05-21 15:43:16 - [MESSAGE][PASSED] - Text 'Digiturno5.' is set on object 'Object Repository/ADM/0Inicio Sesion/input_Clave'

2024-05-21 15:43:16 - [TEST_STEP][PASSED] - delay(2): Delayed 2 second(s)

2024-05-21 15:43:18 - [MESSAGE][PASSED] - Delayed 2 second(s)

2024-05-21 15:43:18 - [TEST_STEP][PASSED] - click(findTestObject("ADM/0Inicio Sesion/btn_IniciarSesion")): Object: 'Object Repository/ADM/0Inicio Sesion/btn_IniciarSesion' is clicked on

2024-05-21 15:43:19 - [MESSAGE][PASSED] - Object: 'Object Repository/ADM/0Inicio Sesion/btn_IniciarSesion' is clicked on

2024-05-21 15:43:19 - [TEST_STEP][PASSED] - delay(3): Delayed 3 second(s)

2024-05-21 15:43:22 - [MESSAGE][PASSED] - Delayed 3 second(s)

2024-05-21 15:43:22 - [MESSAGE][PASSED] - Call Test Case 'Test Cases/0InicioSesion' successfully

2024-05-21 15:43:22 - [TEST_STEP][PASSED] - click(findTestObject("ADM/0Principal/a_Configuracion")): Object: 'Object Repository/ADM/0Principal/a_Configuracion' is clicked on

2024-05-21 15:43:22 - [MESSAGE][PASSED] - Object: 'Object Repository/ADM/0Principal/a_Configuracion' is clicked on

2024-05-21 15:43:22 - [TEST_STEP][PASSED] - click(findTestObject("ADM/1Configuracion/0Principal/a_1 Distribucion geografica")): Object: 'Object Repository/ADM/1Configuracion/0Principal/a_1 Distribucion geografica' is clicked on

2024-05-21 15:43:23 - [MESSAGE][PASSED] - Object: 'Object Repository/ADM/1Configuracion/0Principal/a_1 Distribucion geografica' is clicked on

2024-05-21 15:43:23 - [TEST_STEP][PASSED] - click(findTestObject("ADM/1Configuracion/1Distribucion geografica/0Principal/a_3 Regionales")): Object: 'Object Repository/ADM/1Configuracion/1Distribucion geografica/0Principal/a_3 Regionales' is clicked on

2024-05-21 15:43:23 - [MESSAGE][PASSED] - Object: 'Object Repository/ADM/1Configuracion/1Distribucion geografica/0Principal/a_3 Regionales' is clicked on

2024-05-21 15:43:23 - [TEST_STEP][PASSED] - delay(2): Delayed 2 second(s)

2024-05-21 15:43:25 - [MESSAGE][PASSED] - Delayed 2 second(s)

2024-05-21 15:43:25 - [TEST_STEP][PASSED] - click(findTestObject("ADM/1Configuracion/1Distribucion geografica/3Regionales/0 btn_NuevaRegional")): Object: 'Object Repository/ADM/1Configuracion/1Distribucion geografica/3Regionales/0 btn_NuevaRegional' is clicked on

2024-05-21 15:43:26 - [MESSAGE][PASSED] - Object: 'Object Repository/ADM/1Configuracion/1Distribucion geografica/3Regionales/0 btn_NuevaRegional' is clicked on

2024-05-21 15:43:26 - [TEST_STEP][PASSED] - delay(2): Delayed 2 second(s)

2024-05-21 15:43:28 - [MESSAGE][PASSED] - Delayed 2 second(s)

2024-05-21 15:43:28 - [TEST_STEP][PASSED] - setText(findTestObject("ADM/1Configuracion/1Distribucion geografica/3Regionales/0 btn_NuevaRegional(1)/input_Codigo Regional"), "10"): Text '10' is set on object 'Object Repository/ADM/1Configuracion/1Distribucion geografica/3Regionales/0 btn_NuevaRegional(1)/input_Codigo Regional'

2024-05-21 15:43:29 - [MESSAGE][PASSED] - Text '10' is set on object 'Object Repository/ADM/1Configuracion/1Distribucion geografica/3Regionales/0 btn_NuevaRegional(1)/input_Codigo Regional'

2024-05-21 15:43:29 - [TEST_STEP][PASSED] - setText(findTestObject("ADM/1Configuracion/1Distribucion geografica/3Regionales/0 btn_NuevaRegional(1)/input_Nombre Regional"), "23(Prueba)"): Text '23(Prueba)' is set on object 'Object Repository/ADM/1Configuracion/1Distribucion geografica/3Regionales/0 btn_NuevaRegional(1)/input_Nombre Regional'

2024-05-21 15:43:29 - [MESSAGE][PASSED] - Text '23(Prueba)' is set on object 'Object Repository/ADM/1Configuracion/1Distribucion geografica/3Regionales/0 btn_NuevaRegional(1)/input_Nombre Regional'

2024-05-21 15:43:29 - [TEST_STEP][PASSED] - click(findTestObject("ADM/1Configuracion/1Distribucion geografica/3Regionales/0 btn_NuevaRegional(1)/btn_Guardar Regional"), STOP_ON_FAILURE): Object: 'Object Repository/ADM/1Configuracion/1Distribucion geografica/3Regionales/0 btn_NuevaRegional(1)/btn_Guardar Regional' is clicked on

2024-05-21 15:43:30 - [MESSAGE][PASSED] - Object: 'Object Repository/ADM/1Configuracion/1Distribucion geografica/3Regionales/0 btn_NuevaRegional(1)/btn_Guardar Regional' is clicked on

2024-05-21 15:43:30 - [TEST_STEP][PASSED] - delay(2): Delayed 2 second(s)

2024-05-21 15:43:32 - [MESSAGE][PASSED] - Delayed 2 second(s)

2024-05-21 15:43:32 - [TEST_STEP][PASSED] - takeFullPageScreenshot(): Taking screenshot successfully

2024-05-21 15:43:32 - [MESSAGE][INFO] - 0 hidden object(s)

2024-05-21 15:43:32 - [MESSAGE][PASSED] - Taking screenshot successfully
[[ATTACHMENT|C:\\CIEL INGENIERIA\\Katalon\\AgendamientoADM\\Reports\\20240521_152353\\1 Configuracion\\1 Distribucion Geografica\\3 Regionales\\20240521_152358\\1716324212358.png]]

2024-05-21 15:43:32 - [TEST_STEP][PASSED] - Start listener action : sampleAfterTestCase: null]]></system-out>
         <system-err><![CDATA[]]></system-err>
      </testcase>
      <testcase name="Test Cases/Configuracion/1 Distribucion Geografica/3 Regionales/R36" time="25.963" classname="Test Cases/Configuracion/1 Distribucion Geografica/3 Regionales/R36" status="PASSED">
         <system-out><![CDATA[2024-05-21 15:43:32 - [TEST_CASE][PASSED] - Test Cases/Configuracion/1 Distribucion Geografica/3 Regionales/R36: Test Cases/Configuracion/1 Distribucion Geografica/3 Regionales/R36

2024-05-21 15:43:33 - [TEST_STEP][PASSED] - callTestCase(findTestCase("0InicioSesion"), [:], STOP_ON_FAILURE): Call Test Case 'Test Cases/0InicioSesion' successfully

2024-05-21 15:43:33 - [TEST_CASE][PASSED] - Test Cases/0InicioSesion: Test Cases/0InicioSesion

2024-05-21 15:43:33 - [TEST_STEP][PASSED] - openBrowser(Url): Browser is opened with url: 'https://pcpruebas101.ciel.cielingenieria.com:8815/'

2024-05-21 15:43:33 - [MESSAGE][WARNING] - A browser is already opened. Closing browser and opening a new one

2024-05-21 15:43:34 - [MESSAGE][INFO] - Starting 'Chrome' driver

2024-05-21 15:43:34 - [MESSAGE][INFO] - Action delay is set to 0 milliseconds

2024-05-21 15:43:36 - [MESSAGE][PASSED] - Browser is opened with url: 'https://pcpruebas101.ciel.cielingenieria.com:8815/'

2024-05-21 15:43:36 - [TEST_STEP][PASSED] - maximizeWindow(): Current window maximized

2024-05-21 15:43:36 - [MESSAGE][PASSED] - Current window maximized

2024-05-21 15:43:36 - [TEST_STEP][PASSED] - delay(2): Delayed 2 second(s)

2024-05-21 15:43:38 - [MESSAGE][PASSED] - Delayed 2 second(s)

2024-05-21 15:43:38 - [TEST_STEP][PASSED] - setText(findTestObject("ADM/0Inicio Sesion/input_Usuario"), Usuario): Text 'Ciel' is set on object 'Object Repository/ADM/0Inicio Sesion/input_Usuario'

2024-05-21 15:43:39 - [MESSAGE][PASSED] - Text 'Ciel' is set on object 'Object Repository/ADM/0Inicio Sesion/input_Usuario'

2024-05-21 15:43:39 - [TEST_STEP][PASSED] - delay(2): Delayed 2 second(s)

2024-05-21 15:43:41 - [MESSAGE][PASSED] - Delayed 2 second(s)

2024-05-21 15:43:41 - [TEST_STEP][PASSED] - setText(findTestObject("ADM/0Inicio Sesion/input_Clave"), Clave): Text 'Digiturno5.' is set on object 'Object Repository/ADM/0Inicio Sesion/input_Clave'

2024-05-21 15:43:42 - [MESSAGE][PASSED] - Text 'Digiturno5.' is set on object 'Object Repository/ADM/0Inicio Sesion/input_Clave'

2024-05-21 15:43:42 - [TEST_STEP][PASSED] - delay(2): Delayed 2 second(s)

2024-05-21 15:43:44 - [MESSAGE][PASSED] - Delayed 2 second(s)

2024-05-21 15:43:44 - [TEST_STEP][PASSED] - click(findTestObject("ADM/0Inicio Sesion/btn_IniciarSesion")): Object: 'Object Repository/ADM/0Inicio Sesion/btn_IniciarSesion' is clicked on

2024-05-21 15:43:45 - [MESSAGE][PASSED] - Object: 'Object Repository/ADM/0Inicio Sesion/btn_IniciarSesion' is clicked on

2024-05-21 15:43:45 - [TEST_STEP][PASSED] - delay(3): Delayed 3 second(s)

2024-05-21 15:43:48 - [MESSAGE][PASSED] - Delayed 3 second(s)

2024-05-21 15:43:48 - [MESSAGE][PASSED] - Call Test Case 'Test Cases/0InicioSesion' successfully

2024-05-21 15:43:48 - [TEST_STEP][PASSED] - click(findTestObject("ADM/0Principal/a_Configuracion")): Object: 'Object Repository/ADM/0Principal/a_Configuracion' is clicked on

2024-05-21 15:43:48 - [MESSAGE][PASSED] - Object: 'Object Repository/ADM/0Principal/a_Configuracion' is clicked on

2024-05-21 15:43:48 - [TEST_STEP][PASSED] - click(findTestObject("ADM/1Configuracion/0Principal/a_1 Distribucion geografica")): Object: 'Object Repository/ADM/1Configuracion/0Principal/a_1 Distribucion geografica' is clicked on

2024-05-21 15:43:49 - [MESSAGE][PASSED] - Object: 'Object Repository/ADM/1Configuracion/0Principal/a_1 Distribucion geografica' is clicked on

2024-05-21 15:43:49 - [TEST_STEP][PASSED] - click(findTestObject("ADM/1Configuracion/1Distribucion geografica/0Principal/a_3 Regionales")): Object: 'Object Repository/ADM/1Configuracion/1Distribucion geografica/0Principal/a_3 Regionales' is clicked on

2024-05-21 15:43:49 - [MESSAGE][PASSED] - Object: 'Object Repository/ADM/1Configuracion/1Distribucion geografica/0Principal/a_3 Regionales' is clicked on

2024-05-21 15:43:49 - [TEST_STEP][PASSED] - delay(2): Delayed 2 second(s)

2024-05-21 15:43:51 - [MESSAGE][PASSED] - Delayed 2 second(s)

2024-05-21 15:43:51 - [TEST_STEP][PASSED] - click(findTestObject("ADM/1Configuracion/1Distribucion geografica/3Regionales/0 btn_NuevaRegional")): Object: 'Object Repository/ADM/1Configuracion/1Distribucion geografica/3Regionales/0 btn_NuevaRegional' is clicked on

2024-05-21 15:43:52 - [MESSAGE][PASSED] - Object: 'Object Repository/ADM/1Configuracion/1Distribucion geografica/3Regionales/0 btn_NuevaRegional' is clicked on

2024-05-21 15:43:52 - [TEST_STEP][PASSED] - delay(2): Delayed 2 second(s)

2024-05-21 15:43:54 - [MESSAGE][PASSED] - Delayed 2 second(s)

2024-05-21 15:43:54 - [TEST_STEP][PASSED] - setText(findTestObject("ADM/1Configuracion/1Distribucion geografica/3Regionales/0 btn_NuevaRegional(1)/input_Codigo Regional"), "11"): Text '11' is set on object 'Object Repository/ADM/1Configuracion/1Distribucion geografica/3Regionales/0 btn_NuevaRegional(1)/input_Codigo Regional'

2024-05-21 15:43:55 - [MESSAGE][PASSED] - Text '11' is set on object 'Object Repository/ADM/1Configuracion/1Distribucion geografica/3Regionales/0 btn_NuevaRegional(1)/input_Codigo Regional'

2024-05-21 15:43:55 - [TEST_STEP][PASSED] - setText(findTestObject("ADM/1Configuracion/1Distribucion geografica/3Regionales/0 btn_NuevaRegional(1)/input_Nombre Regional"), "Prueba2"): Text 'Prueba2' is set on object 'Object Repository/ADM/1Configuracion/1Distribucion geografica/3Regionales/0 btn_NuevaRegional(1)/input_Nombre Regional'

2024-05-21 15:43:55 - [MESSAGE][PASSED] - Text 'Prueba2' is set on object 'Object Repository/ADM/1Configuracion/1Distribucion geografica/3Regionales/0 btn_NuevaRegional(1)/input_Nombre Regional'

2024-05-21 15:43:55 - [TEST_STEP][PASSED] - click(findTestObject("ADM/1Configuracion/1Distribucion geografica/3Regionales/0 btn_NuevaRegional(1)/btn_Guardar Regional"), STOP_ON_FAILURE): Object: 'Object Repository/ADM/1Configuracion/1Distribucion geografica/3Regionales/0 btn_NuevaRegional(1)/btn_Guardar Regional' is clicked on

2024-05-21 15:43:56 - [MESSAGE][PASSED] - Object: 'Object Repository/ADM/1Configuracion/1Distribucion geografica/3Regionales/0 btn_NuevaRegional(1)/btn_Guardar Regional' is clicked on

2024-05-21 15:43:56 - [TEST_STEP][PASSED] - delay(2): Delayed 2 second(s)

2024-05-21 15:43:58 - [MESSAGE][PASSED] - Delayed 2 second(s)

2024-05-21 15:43:58 - [TEST_STEP][PASSED] - takeFullPageScreenshot(): Taking screenshot successfully

2024-05-21 15:43:58 - [MESSAGE][INFO] - 0 hidden object(s)

2024-05-21 15:43:58 - [MESSAGE][PASSED] - Taking screenshot successfully
[[ATTACHMENT|C:\\CIEL INGENIERIA\\Katalon\\AgendamientoADM\\Reports\\20240521_152353\\1 Configuracion\\1 Distribucion Geografica\\3 Regionales\\20240521_152358\\1716324238370.png]]

2024-05-21 15:43:58 - [TEST_STEP][PASSED] - Start listener action : sampleAfterTestCase: null]]></system-out>
         <system-err><![CDATA[]]></system-err>
      </testcase>
      <testcase name="Test Cases/Configuracion/1 Distribucion Geografica/3 Regionales/R37" time="24.331" classname="Test Cases/Configuracion/1 Distribucion Geografica/3 Regionales/R37" status="PASSED">
         <system-out><![CDATA[2024-05-21 15:43:58 - [TEST_CASE][PASSED] - Test Cases/Configuracion/1 Distribucion Geografica/3 Regionales/R37: Test Cases/Configuracion/1 Distribucion Geografica/3 Regionales/R37

2024-05-21 15:43:59 - [TEST_STEP][PASSED] - callTestCase(findTestCase("0InicioSesion"), [:], STOP_ON_FAILURE): Call Test Case 'Test Cases/0InicioSesion' successfully

2024-05-21 15:43:59 - [TEST_CASE][PASSED] - Test Cases/0InicioSesion: Test Cases/0InicioSesion

2024-05-21 15:43:59 - [TEST_STEP][PASSED] - openBrowser(Url): Browser is opened with url: 'https://pcpruebas101.ciel.cielingenieria.com:8815/'

2024-05-21 15:43:59 - [MESSAGE][WARNING] - A browser is already opened. Closing browser and opening a new one

2024-05-21 15:44:00 - [MESSAGE][INFO] - Starting 'Chrome' driver

2024-05-21 15:44:00 - [MESSAGE][INFO] - Action delay is set to 0 milliseconds

2024-05-21 15:44:02 - [MESSAGE][PASSED] - Browser is opened with url: 'https://pcpruebas101.ciel.cielingenieria.com:8815/'

2024-05-21 15:44:02 - [TEST_STEP][PASSED] - maximizeWindow(): Current window maximized

2024-05-21 15:44:02 - [MESSAGE][PASSED] - Current window maximized

2024-05-21 15:44:02 - [TEST_STEP][PASSED] - delay(2): Delayed 2 second(s)

2024-05-21 15:44:04 - [MESSAGE][PASSED] - Delayed 2 second(s)

2024-05-21 15:44:04 - [TEST_STEP][PASSED] - setText(findTestObject("ADM/0Inicio Sesion/input_Usuario"), Usuario): Text 'Ciel' is set on object 'Object Repository/ADM/0Inicio Sesion/input_Usuario'

2024-05-21 15:44:05 - [MESSAGE][PASSED] - Text 'Ciel' is set on object 'Object Repository/ADM/0Inicio Sesion/input_Usuario'

2024-05-21 15:44:05 - [TEST_STEP][PASSED] - delay(2): Delayed 2 second(s)

2024-05-21 15:44:07 - [MESSAGE][PASSED] - Delayed 2 second(s)

2024-05-21 15:44:07 - [TEST_STEP][PASSED] - setText(findTestObject("ADM/0Inicio Sesion/input_Clave"), Clave): Text 'Digiturno5.' is set on object 'Object Repository/ADM/0Inicio Sesion/input_Clave'

2024-05-21 15:44:08 - [MESSAGE][PASSED] - Text 'Digiturno5.' is set on object 'Object Repository/ADM/0Inicio Sesion/input_Clave'

2024-05-21 15:44:08 - [TEST_STEP][PASSED] - delay(2): Delayed 2 second(s)

2024-05-21 15:44:10 - [MESSAGE][PASSED] - Delayed 2 second(s)

2024-05-21 15:44:10 - [TEST_STEP][PASSED] - click(findTestObject("ADM/0Inicio Sesion/btn_IniciarSesion")): Object: 'Object Repository/ADM/0Inicio Sesion/btn_IniciarSesion' is clicked on

2024-05-21 15:44:10 - [MESSAGE][PASSED] - Object: 'Object Repository/ADM/0Inicio Sesion/btn_IniciarSesion' is clicked on

2024-05-21 15:44:10 - [TEST_STEP][PASSED] - delay(3): Delayed 3 second(s)

2024-05-21 15:44:13 - [MESSAGE][PASSED] - Delayed 3 second(s)

2024-05-21 15:44:13 - [MESSAGE][PASSED] - Call Test Case 'Test Cases/0InicioSesion' successfully

2024-05-21 15:44:13 - [TEST_STEP][PASSED] - click(findTestObject("ADM/0Principal/a_Configuracion")): Object: 'Object Repository/ADM/0Principal/a_Configuracion' is clicked on

2024-05-21 15:44:14 - [MESSAGE][PASSED] - Object: 'Object Repository/ADM/0Principal/a_Configuracion' is clicked on

2024-05-21 15:44:14 - [TEST_STEP][PASSED] - click(findTestObject("ADM/1Configuracion/0Principal/a_1 Distribucion geografica")): Object: 'Object Repository/ADM/1Configuracion/0Principal/a_1 Distribucion geografica' is clicked on

2024-05-21 15:44:15 - [MESSAGE][PASSED] - Object: 'Object Repository/ADM/1Configuracion/0Principal/a_1 Distribucion geografica' is clicked on

2024-05-21 15:44:15 - [TEST_STEP][PASSED] - click(findTestObject("ADM/1Configuracion/1Distribucion geografica/0Principal/a_3 Regionales")): Object: 'Object Repository/ADM/1Configuracion/1Distribucion geografica/0Principal/a_3 Regionales' is clicked on

2024-05-21 15:44:15 - [MESSAGE][PASSED] - Object: 'Object Repository/ADM/1Configuracion/1Distribucion geografica/0Principal/a_3 Regionales' is clicked on

2024-05-21 15:44:15 - [TEST_STEP][PASSED] - delay(2): Delayed 2 second(s)

2024-05-21 15:44:17 - [MESSAGE][PASSED] - Delayed 2 second(s)

2024-05-21 15:44:17 - [TEST_STEP][PASSED] - click(findTestObject("ADM/1Configuracion/1Distribucion geografica/3Regionales/0 btn_NuevaRegional")): Object: 'Object Repository/ADM/1Configuracion/1Distribucion geografica/3Regionales/0 btn_NuevaRegional' is clicked on

2024-05-21 15:44:18 - [MESSAGE][PASSED] - Object: 'Object Repository/ADM/1Configuracion/1Distribucion geografica/3Regionales/0 btn_NuevaRegional' is clicked on

2024-05-21 15:44:18 - [TEST_STEP][PASSED] - delay(2): Delayed 2 second(s)

2024-05-21 15:44:20 - [MESSAGE][PASSED] - Delayed 2 second(s)

2024-05-21 15:44:20 - [TEST_STEP][PASSED] - click(findTestObject("ADM/1Configuracion/1Distribucion geografica/3Regionales/0 btn_NuevaRegional(1)/btn_Volver"), STOP_ON_FAILURE): Object: 'Object Repository/ADM/1Configuracion/1Distribucion geografica/3Regionales/0 btn_NuevaRegional(1)/btn_Volver' is clicked on

2024-05-21 15:44:20 - [MESSAGE][PASSED] - Object: 'Object Repository/ADM/1Configuracion/1Distribucion geografica/3Regionales/0 btn_NuevaRegional(1)/btn_Volver' is clicked on

2024-05-21 15:44:20 - [TEST_STEP][PASSED] - delay(2): Delayed 2 second(s)

2024-05-21 15:44:22 - [MESSAGE][PASSED] - Delayed 2 second(s)

2024-05-21 15:44:22 - [TEST_STEP][PASSED] - takeFullPageScreenshot(): Taking screenshot successfully

2024-05-21 15:44:23 - [MESSAGE][INFO] - 0 hidden object(s)

2024-05-21 15:44:23 - [MESSAGE][PASSED] - Taking screenshot successfully
[[ATTACHMENT|C:\\CIEL INGENIERIA\\Katalon\\AgendamientoADM\\Reports\\20240521_152353\\1 Configuracion\\1 Distribucion Geografica\\3 Regionales\\20240521_152358\\1716324262758.png]]

2024-05-21 15:44:23 - [TEST_STEP][PASSED] - Start listener action : sampleAfterTestCase: null]]></system-out>
         <system-err><![CDATA[]]></system-err>
      </testcase>
      <testcase name="Test Cases/Configuracion/1 Distribucion Geografica/3 Regionales/R38" time="19.381" classname="Test Cases/Configuracion/1 Distribucion Geografica/3 Regionales/R38" status="PASSED">
         <system-out><![CDATA[2024-05-21 15:44:23 - [TEST_CASE][PASSED] - Test Cases/Configuracion/1 Distribucion Geografica/3 Regionales/R38: Test Cases/Configuracion/1 Distribucion Geografica/3 Regionales/R38

2024-05-21 15:44:23 - [TEST_STEP][PASSED] - callTestCase(findTestCase("0InicioSesion"), [:], STOP_ON_FAILURE): Call Test Case 'Test Cases/0InicioSesion' successfully

2024-05-21 15:44:23 - [TEST_CASE][PASSED] - Test Cases/0InicioSesion: Test Cases/0InicioSesion

2024-05-21 15:44:23 - [TEST_STEP][PASSED] - openBrowser(Url): Browser is opened with url: 'https://pcpruebas101.ciel.cielingenieria.com:8815/'

2024-05-21 15:44:23 - [MESSAGE][WARNING] - A browser is already opened. Closing browser and opening a new one

2024-05-21 15:44:24 - [MESSAGE][INFO] - Starting 'Chrome' driver

2024-05-21 15:44:24 - [MESSAGE][INFO] - Action delay is set to 0 milliseconds

2024-05-21 15:44:26 - [MESSAGE][PASSED] - Browser is opened with url: 'https://pcpruebas101.ciel.cielingenieria.com:8815/'

2024-05-21 15:44:26 - [TEST_STEP][PASSED] - maximizeWindow(): Current window maximized

2024-05-21 15:44:26 - [MESSAGE][PASSED] - Current window maximized

2024-05-21 15:44:26 - [TEST_STEP][PASSED] - delay(2): Delayed 2 second(s)

2024-05-21 15:44:28 - [MESSAGE][PASSED] - Delayed 2 second(s)

2024-05-21 15:44:28 - [TEST_STEP][PASSED] - setText(findTestObject("ADM/0Inicio Sesion/input_Usuario"), Usuario): Text 'Ciel' is set on object 'Object Repository/ADM/0Inicio Sesion/input_Usuario'

2024-05-21 15:44:29 - [MESSAGE][PASSED] - Text 'Ciel' is set on object 'Object Repository/ADM/0Inicio Sesion/input_Usuario'

2024-05-21 15:44:29 - [TEST_STEP][PASSED] - delay(2): Delayed 2 second(s)

2024-05-21 15:44:31 - [MESSAGE][PASSED] - Delayed 2 second(s)

2024-05-21 15:44:31 - [TEST_STEP][PASSED] - setText(findTestObject("ADM/0Inicio Sesion/input_Clave"), Clave): Text 'Digiturno5.' is set on object 'Object Repository/ADM/0Inicio Sesion/input_Clave'

2024-05-21 15:44:32 - [MESSAGE][PASSED] - Text 'Digiturno5.' is set on object 'Object Repository/ADM/0Inicio Sesion/input_Clave'

2024-05-21 15:44:32 - [TEST_STEP][PASSED] - delay(2): Delayed 2 second(s)

2024-05-21 15:44:34 - [MESSAGE][PASSED] - Delayed 2 second(s)

2024-05-21 15:44:34 - [TEST_STEP][PASSED] - click(findTestObject("ADM/0Inicio Sesion/btn_IniciarSesion")): Object: 'Object Repository/ADM/0Inicio Sesion/btn_IniciarSesion' is clicked on

2024-05-21 15:44:35 - [MESSAGE][PASSED] - Object: 'Object Repository/ADM/0Inicio Sesion/btn_IniciarSesion' is clicked on

2024-05-21 15:44:35 - [TEST_STEP][PASSED] - delay(3): Delayed 3 second(s)

2024-05-21 15:44:38 - [MESSAGE][PASSED] - Delayed 3 second(s)

2024-05-21 15:44:38 - [MESSAGE][PASSED] - Call Test Case 'Test Cases/0InicioSesion' successfully

2024-05-21 15:44:38 - [TEST_STEP][PASSED] - click(findTestObject("ADM/0Principal/a_Configuracion")): Object: 'Object Repository/ADM/0Principal/a_Configuracion' is clicked on

2024-05-21 15:44:38 - [MESSAGE][PASSED] - Object: 'Object Repository/ADM/0Principal/a_Configuracion' is clicked on

2024-05-21 15:44:38 - [TEST_STEP][PASSED] - click(findTestObject("ADM/1Configuracion/0Principal/a_1 Distribucion geografica")): Object: 'Object Repository/ADM/1Configuracion/0Principal/a_1 Distribucion geografica' is clicked on

2024-05-21 15:44:39 - [MESSAGE][PASSED] - Object: 'Object Repository/ADM/1Configuracion/0Principal/a_1 Distribucion geografica' is clicked on

2024-05-21 15:44:39 - [TEST_STEP][PASSED] - click(findTestObject("ADM/1Configuracion/1Distribucion geografica/0Principal/a_3 Regionales")): Object: 'Object Repository/ADM/1Configuracion/1Distribucion geografica/0Principal/a_3 Regionales' is clicked on

2024-05-21 15:44:40 - [MESSAGE][PASSED] - Object: 'Object Repository/ADM/1Configuracion/1Distribucion geografica/0Principal/a_3 Regionales' is clicked on

2024-05-21 15:44:40 - [TEST_STEP][PASSED] - delay(2): Delayed 2 second(s)

2024-05-21 15:44:42 - [MESSAGE][PASSED] - Delayed 2 second(s)

2024-05-21 15:44:42 - [TEST_STEP][PASSED] - takeFullPageScreenshot(): Taking screenshot successfully

2024-05-21 15:44:42 - [MESSAGE][INFO] - 0 hidden object(s)

2024-05-21 15:44:42 - [MESSAGE][PASSED] - Taking screenshot successfully
[[ATTACHMENT|C:\\CIEL INGENIERIA\\Katalon\\AgendamientoADM\\Reports\\20240521_152353\\1 Configuracion\\1 Distribucion Geografica\\3 Regionales\\20240521_152358\\1716324282136.png]]

2024-05-21 15:44:42 - [TEST_STEP][PASSED] - Start listener action : sampleAfterTestCase: null]]></system-out>
         <system-err><![CDATA[]]></system-err>
      </testcase>
      <testcase name="Test Cases/Configuracion/1 Distribucion Geografica/3 Regionales/R39" time="50.426" classname="Test Cases/Configuracion/1 Distribucion Geografica/3 Regionales/R39" status="FAILED">
         <failure type="FAILED" message="Test Cases/Configuracion/1 Distribucion Geografica/3 Regionales/R39 FAILED.
Reason:
com.kms.katalon.core.exception.StepFailedException: Unable to click on object 'Object Repository/ADM/1Configuracion/1Distribucion geografica/3Regionales/a_8 Prueba_Borrar'
	at com.kms.katalon.core.webui.keyword.internal.WebUIKeywordMain.stepFailed(WebUIKeywordMain.groovy:64)
	at com.kms.katalon.core.webui.keyword.internal.WebUIKeywordMain.runKeyword(WebUIKeywordMain.groovy:26)
	at com.kms.katalon.core.webui.keyword.builtin.ClickKeyword.click(ClickKeyword.groovy:74)
	at com.kms.katalon.core.webui.keyword.builtin.ClickKeyword.execute(ClickKeyword.groovy:40)
	at com.kms.katalon.core.keyword.internal.KeywordExecutor.executeKeywordForPlatform(KeywordExecutor.groovy:74)
	at com.kms.katalon.core.webui.keyword.WebUiBuiltInKeywords.click(WebUiBuiltInKeywords.groovy:620)
	at com.kms.katalon.core.webui.keyword.WebUiBuiltInKeywords$click$2.call(Unknown Source)
	at R39.run(R39:30)
	at com.kms.katalon.core.main.ScriptEngine.run(ScriptEngine.java:194)
	at com.kms.katalon.core.main.ScriptEngine.runScriptAsRawText(ScriptEngine.java:119)
	at com.kms.katalon.core.main.TestCaseExecutor.runScript(TestCaseExecutor.java:448)
	at com.kms.katalon.core.main.TestCaseExecutor.doExecute(TestCaseExecutor.java:439)
	at com.kms.katalon.core.main.TestCaseExecutor.processExecutionPhase(TestCaseExecutor.java:418)
	at com.kms.katalon.core.main.TestCaseExecutor.accessMainPhase(TestCaseExecutor.java:410)
	at com.kms.katalon.core.main.TestCaseExecutor.execute(TestCaseExecutor.java:285)
	at com.kms.katalon.core.common.CommonExecutor.accessTestCaseMainPhase(CommonExecutor.java:65)
	at com.kms.katalon.core.main.TestSuiteExecutor.accessTestSuiteMainPhase(TestSuiteExecutor.java:148)
	at com.kms.katalon.core.main.TestSuiteExecutor.execute(TestSuiteExecutor.java:106)
	at com.kms.katalon.core.main.TestCaseMain.startTestSuite(TestCaseMain.java:187)
	at com.kms.katalon.core.main.TestCaseMain$startTestSuite$0.call(Unknown Source)
	at TempTestSuite1716323038078.run(TempTestSuite1716323038078.groovy:35)
Caused by: com.kms.katalon.core.webui.exception.WebElementNotFoundException: Web element with id: 'Object Repository/ADM/1Configuracion/1Distribucion geografica/3Regionales/a_8 Prueba_Borrar' located by '//a[@id='ctl00_ContentPlaceHolder2_gvRegionales_ctl09_btnBorrar']' not found
	at com.kms.katalon.core.webui.common.WebUiCommonHelper.findWebElement(WebUiCommonHelper.java:1381)
	at com.kms.katalon.core.webui.keyword.internal.WebUIAbstractKeyword.findWebElement(WebUIAbstractKeyword.groovy:27)
	at com.kms.katalon.core.webui.keyword.builtin.ClickKeyword$_click_closure1.doCall(ClickKeyword.groovy:65)
	at com.kms.katalon.core.webui.keyword.builtin.ClickKeyword$_click_closure1.call(ClickKeyword.groovy)
	at com.kms.katalon.core.webui.keyword.internal.WebUIKeywordMain.runKeyword(WebUIKeywordMain.groovy:20)
	... 19 more
"/>
         <system-out><![CDATA[2024-05-21 15:44:42 - [TEST_CASE][FAILED] - Test Cases/Configuracion/1 Distribucion Geografica/3 Regionales/R39: Test Cases/Configuracion/1 Distribucion Geografica/3 Regionales/R39 FAILED.
Reason:
com.kms.katalon.core.exception.StepFailedException: Unable to click on object 'Object Repository/ADM/1Configuracion/1Distribucion geografica/3Regionales/a_8 Prueba_Borrar'
	at com.kms.katalon.core.webui.keyword.internal.WebUIKeywordMain.stepFailed(WebUIKeywordMain.groovy:64)
	at com.kms.katalon.core.webui.keyword.internal.WebUIKeywordMain.runKeyword(WebUIKeywordMain.groovy:26)
	at com.kms.katalon.core.webui.keyword.builtin.ClickKeyword.click(ClickKeyword.groovy:74)
	at com.kms.katalon.core.webui.keyword.builtin.ClickKeyword.execute(ClickKeyword.groovy:40)
	at com.kms.katalon.core.keyword.internal.KeywordExecutor.executeKeywordForPlatform(KeywordExecutor.groovy:74)
	at com.kms.katalon.core.webui.keyword.WebUiBuiltInKeywords.click(WebUiBuiltInKeywords.groovy:620)
	at com.kms.katalon.core.webui.keyword.WebUiBuiltInKeywords$click$2.call(Unknown Source)
	at R39.run(R39:30)
	at com.kms.katalon.core.main.ScriptEngine.run(ScriptEngine.java:194)
	at com.kms.katalon.core.main.ScriptEngine.runScriptAsRawText(ScriptEngine.java:119)
	at com.kms.katalon.core.main.TestCaseExecutor.runScript(TestCaseExecutor.java:448)
	at com.kms.katalon.core.main.TestCaseExecutor.doExecute(TestCaseExecutor.java:439)
	at com.kms.katalon.core.main.TestCaseExecutor.processExecutionPhase(TestCaseExecutor.java:418)
	at com.kms.katalon.core.main.TestCaseExecutor.accessMainPhase(TestCaseExecutor.java:410)
	at com.kms.katalon.core.main.TestCaseExecutor.execute(TestCaseExecutor.java:285)
	at com.kms.katalon.core.common.CommonExecutor.accessTestCaseMainPhase(CommonExecutor.java:65)
	at com.kms.katalon.core.main.TestSuiteExecutor.accessTestSuiteMainPhase(TestSuiteExecutor.java:148)
	at com.kms.katalon.core.main.TestSuiteExecutor.execute(TestSuiteExecutor.java:106)
	at com.kms.katalon.core.main.TestCaseMain.startTestSuite(TestCaseMain.java:187)
	at com.kms.katalon.core.main.TestCaseMain$startTestSuite$0.call(Unknown Source)
	at TempTestSuite1716323038078.run(TempTestSuite1716323038078.groovy:35)
Caused by: com.kms.katalon.core.webui.exception.WebElementNotFoundException: Web element with id: 'Object Repository/ADM/1Configuracion/1Distribucion geografica/3Regionales/a_8 Prueba_Borrar' located by '//a[@id='ctl00_ContentPlaceHolder2_gvRegionales_ctl09_btnBorrar']' not found
	at com.kms.katalon.core.webui.common.WebUiCommonHelper.findWebElement(WebUiCommonHelper.java:1381)
	at com.kms.katalon.core.webui.keyword.internal.WebUIAbstractKeyword.findWebElement(WebUIAbstractKeyword.groovy:27)
	at com.kms.katalon.core.webui.keyword.builtin.ClickKeyword$_click_closure1.doCall(ClickKeyword.groovy:65)
	at com.kms.katalon.core.webui.keyword.builtin.ClickKeyword$_click_closure1.call(ClickKeyword.groovy)
	at com.kms.katalon.core.webui.keyword.internal.WebUIKeywordMain.runKeyword(WebUIKeywordMain.groovy:20)
	... 19 more


2024-05-21 15:44:42 - [TEST_STEP][PASSED] - callTestCase(findTestCase("0InicioSesion"), [:], STOP_ON_FAILURE): Call Test Case 'Test Cases/0InicioSesion' successfully

2024-05-21 15:44:43 - [TEST_CASE][PASSED] - Test Cases/0InicioSesion: Test Cases/0InicioSesion

2024-05-21 15:44:43 - [TEST_STEP][PASSED] - openBrowser(Url): Browser is opened with url: 'https://pcpruebas101.ciel.cielingenieria.com:8815/'

2024-05-21 15:44:43 - [MESSAGE][WARNING] - A browser is already opened. Closing browser and opening a new one

2024-05-21 15:44:43 - [MESSAGE][INFO] - Starting 'Chrome' driver

2024-05-21 15:44:43 - [MESSAGE][INFO] - Action delay is set to 0 milliseconds

2024-05-21 15:44:46 - [MESSAGE][PASSED] - Browser is opened with url: 'https://pcpruebas101.ciel.cielingenieria.com:8815/'

2024-05-21 15:44:46 - [TEST_STEP][PASSED] - maximizeWindow(): Current window maximized

2024-05-21 15:44:46 - [MESSAGE][PASSED] - Current window maximized

2024-05-21 15:44:46 - [TEST_STEP][PASSED] - delay(2): Delayed 2 second(s)

2024-05-21 15:44:48 - [MESSAGE][PASSED] - Delayed 2 second(s)

2024-05-21 15:44:48 - [TEST_STEP][PASSED] - setText(findTestObject("ADM/0Inicio Sesion/input_Usuario"), Usuario): Text 'Ciel' is set on object 'Object Repository/ADM/0Inicio Sesion/input_Usuario'

2024-05-21 15:44:49 - [MESSAGE][PASSED] - Text 'Ciel' is set on object 'Object Repository/ADM/0Inicio Sesion/input_Usuario'

2024-05-21 15:44:49 - [TEST_STEP][PASSED] - delay(2): Delayed 2 second(s)

2024-05-21 15:44:51 - [MESSAGE][PASSED] - Delayed 2 second(s)

2024-05-21 15:44:51 - [TEST_STEP][PASSED] - setText(findTestObject("ADM/0Inicio Sesion/input_Clave"), Clave): Text 'Digiturno5.' is set on object 'Object Repository/ADM/0Inicio Sesion/input_Clave'

2024-05-21 15:44:52 - [MESSAGE][PASSED] - Text 'Digiturno5.' is set on object 'Object Repository/ADM/0Inicio Sesion/input_Clave'

2024-05-21 15:44:52 - [TEST_STEP][PASSED] - delay(2): Delayed 2 second(s)

2024-05-21 15:44:54 - [MESSAGE][PASSED] - Delayed 2 second(s)

2024-05-21 15:44:54 - [TEST_STEP][PASSED] - click(findTestObject("ADM/0Inicio Sesion/btn_IniciarSesion")): Object: 'Object Repository/ADM/0Inicio Sesion/btn_IniciarSesion' is clicked on

2024-05-21 15:44:54 - [MESSAGE][PASSED] - Object: 'Object Repository/ADM/0Inicio Sesion/btn_IniciarSesion' is clicked on

2024-05-21 15:44:54 - [TEST_STEP][PASSED] - delay(3): Delayed 3 second(s)

2024-05-21 15:44:57 - [MESSAGE][PASSED] - Delayed 3 second(s)

2024-05-21 15:44:57 - [MESSAGE][PASSED] - Call Test Case 'Test Cases/0InicioSesion' successfully

2024-05-21 15:44:57 - [TEST_STEP][PASSED] - click(findTestObject("ADM/0Principal/a_Configuracion")): Object: 'Object Repository/ADM/0Principal/a_Configuracion' is clicked on

2024-05-21 15:44:58 - [MESSAGE][PASSED] - Object: 'Object Repository/ADM/0Principal/a_Configuracion' is clicked on

2024-05-21 15:44:58 - [TEST_STEP][PASSED] - click(findTestObject("ADM/1Configuracion/0Principal/a_1 Distribucion geografica")): Object: 'Object Repository/ADM/1Configuracion/0Principal/a_1 Distribucion geografica' is clicked on

2024-05-21 15:44:58 - [MESSAGE][PASSED] - Object: 'Object Repository/ADM/1Configuracion/0Principal/a_1 Distribucion geografica' is clicked on

2024-05-21 15:44:58 - [TEST_STEP][PASSED] - click(findTestObject("ADM/1Configuracion/1Distribucion geografica/0Principal/a_3 Regionales")): Object: 'Object Repository/ADM/1Configuracion/1Distribucion geografica/0Principal/a_3 Regionales' is clicked on

2024-05-21 15:44:59 - [MESSAGE][PASSED] - Object: 'Object Repository/ADM/1Configuracion/1Distribucion geografica/0Principal/a_3 Regionales' is clicked on

2024-05-21 15:44:59 - [TEST_STEP][PASSED] - delay(2): Delayed 2 second(s)

2024-05-21 15:45:01 - [MESSAGE][PASSED] - Delayed 2 second(s)

2024-05-21 15:45:01 - [TEST_STEP][FAILED] - click(findTestObject("ADM/1Configuracion/1Distribucion geografica/3Regionales/a_8 Prueba_Borrar")): Unable to click on object 'Object Repository/ADM/1Configuracion/1Distribucion geografica/3Regionales/a_8 Prueba_Borrar' (Root cause: com.kms.katalon.core.exception.StepFailedException: Unable to click on object 'Object Repository/ADM/1Configuracion/1Distribucion geografica/3Regionales/a_8 Prueba_Borrar'
	at com.kms.katalon.core.webui.keyword.internal.WebUIKeywordMain.stepFailed(WebUIKeywordMain.groovy:64)
	at com.kms.katalon.core.webui.keyword.internal.WebUIKeywordMain.runKeyword(WebUIKeywordMain.groovy:26)
	at com.kms.katalon.core.webui.keyword.builtin.ClickKeyword.click(ClickKeyword.groovy:74)
	at com.kms.katalon.core.webui.keyword.builtin.ClickKeyword.execute(ClickKeyword.groovy:40)
	at com.kms.katalon.core.keyword.internal.KeywordExecutor.executeKeywordForPlatform(KeywordExecutor.groovy:74)
	at com.kms.katalon.core.webui.keyword.WebUiBuiltInKeywords.click(WebUiBuiltInKeywords.groovy:620)
	at com.kms.katalon.core.webui.keyword.WebUiBuiltInKeywords$click$2.call(Unknown Source)
	at R39.run(R39:30)
	at com.kms.katalon.core.main.ScriptEngine.run(ScriptEngine.java:194)
	at com.kms.katalon.core.main.ScriptEngine.runScriptAsRawText(ScriptEngine.java:119)
	at com.kms.katalon.core.main.TestCaseExecutor.runScript(TestCaseExecutor.java:448)
	at com.kms.katalon.core.main.TestCaseExecutor.doExecute(TestCaseExecutor.java:439)
	at com.kms.katalon.core.main.TestCaseExecutor.processExecutionPhase(TestCaseExecutor.java:418)
	at com.kms.katalon.core.main.TestCaseExecutor.accessMainPhase(TestCaseExecutor.java:410)
	at com.kms.katalon.core.main.TestCaseExecutor.execute(TestCaseExecutor.java:285)
	at com.kms.katalon.core.common.CommonExecutor.accessTestCaseMainPhase(CommonExecutor.java:65)
	at com.kms.katalon.core.main.TestSuiteExecutor.accessTestSuiteMainPhase(TestSuiteExecutor.java:148)
	at com.kms.katalon.core.main.TestSuiteExecutor.execute(TestSuiteExecutor.java:106)
	at com.kms.katalon.core.main.TestCaseMain.startTestSuite(TestCaseMain.java:187)
	at com.kms.katalon.core.main.TestCaseMain$startTestSuite$0.call(Unknown Source)
	at TempTestSuite1716323038078.run(TempTestSuite1716323038078.groovy:35)
Caused by: com.kms.katalon.core.webui.exception.WebElementNotFoundException: Web element with id: 'Object Repository/ADM/1Configuracion/1Distribucion geografica/3Regionales/a_8 Prueba_Borrar' located by '//a[@id='ctl00_ContentPlaceHolder2_gvRegionales_ctl09_btnBorrar']' not found
	at com.kms.katalon.core.webui.common.WebUiCommonHelper.findWebElement(WebUiCommonHelper.java:1381)
	at com.kms.katalon.core.webui.keyword.internal.WebUIAbstractKeyword.findWebElement(WebUIAbstractKeyword.groovy:27)
	at com.kms.katalon.core.webui.keyword.builtin.ClickKeyword$_click_closure1.doCall(ClickKeyword.groovy:65)
	at com.kms.katalon.core.webui.keyword.builtin.ClickKeyword$_click_closure1.call(ClickKeyword.groovy)
	at com.kms.katalon.core.webui.keyword.internal.WebUIKeywordMain.runKeyword(WebUIKeywordMain.groovy:20)
	at com.kms.katalon.core.webui.keyword.builtin.ClickKeyword.click(ClickKeyword.groovy:74)
	at com.kms.katalon.core.webui.keyword.builtin.ClickKeyword.execute(ClickKeyword.groovy:40)
	at com.kms.katalon.core.keyword.internal.KeywordExecutor.executeKeywordForPlatform(KeywordExecutor.groovy:74)
	at com.kms.katalon.core.webui.keyword.WebUiBuiltInKeywords.click(WebUiBuiltInKeywords.groovy:620)
	at com.kms.katalon.core.webui.keyword.WebUiBuiltInKeywords$click$2.call(Unknown Source)
	at Script1700253507750.run(Script1700253507750.groovy:30)
	... 13 more
)

2024-05-21 15:45:32 - [MESSAGE][INFO] - Unable to find the element located by 'By.xpath: //a[@id='ctl00_ContentPlaceHolder2_gvRegionales_ctl09_btnBorrar']'. Please recheck the objects properties to make sure the desired element is located. 

2024-05-21 15:45:33 - [MESSAGE][FAILED] - Unable to click on object 'Object Repository/ADM/1Configuracion/1Distribucion geografica/3Regionales/a_8 Prueba_Borrar' (Root cause: com.kms.katalon.core.exception.StepFailedException: Unable to click on object 'Object Repository/ADM/1Configuracion/1Distribucion geografica/3Regionales/a_8 Prueba_Borrar'
	at com.kms.katalon.core.webui.keyword.internal.WebUIKeywordMain.stepFailed(WebUIKeywordMain.groovy:64)
	at com.kms.katalon.core.webui.keyword.internal.WebUIKeywordMain.runKeyword(WebUIKeywordMain.groovy:26)
	at com.kms.katalon.core.webui.keyword.builtin.ClickKeyword.click(ClickKeyword.groovy:74)
	at com.kms.katalon.core.webui.keyword.builtin.ClickKeyword.execute(ClickKeyword.groovy:40)
	at com.kms.katalon.core.keyword.internal.KeywordExecutor.executeKeywordForPlatform(KeywordExecutor.groovy:74)
	at com.kms.katalon.core.webui.keyword.WebUiBuiltInKeywords.click(WebUiBuiltInKeywords.groovy:620)
	at com.kms.katalon.core.webui.keyword.WebUiBuiltInKeywords$click$2.call(Unknown Source)
	at R39.run(R39:30)
	at com.kms.katalon.core.main.ScriptEngine.run(ScriptEngine.java:194)
	at com.kms.katalon.core.main.ScriptEngine.runScriptAsRawText(ScriptEngine.java:119)
	at com.kms.katalon.core.main.TestCaseExecutor.runScript(TestCaseExecutor.java:448)
	at com.kms.katalon.core.main.TestCaseExecutor.doExecute(TestCaseExecutor.java:439)
	at com.kms.katalon.core.main.TestCaseExecutor.processExecutionPhase(TestCaseExecutor.java:418)
	at com.kms.katalon.core.main.TestCaseExecutor.accessMainPhase(TestCaseExecutor.java:410)
	at com.kms.katalon.core.main.TestCaseExecutor.execute(TestCaseExecutor.java:285)
	at com.kms.katalon.core.common.CommonExecutor.accessTestCaseMainPhase(CommonExecutor.java:65)
	at com.kms.katalon.core.main.TestSuiteExecutor.accessTestSuiteMainPhase(TestSuiteExecutor.java:148)
	at com.kms.katalon.core.main.TestSuiteExecutor.execute(TestSuiteExecutor.java:106)
	at com.kms.katalon.core.main.TestCaseMain.startTestSuite(TestCaseMain.java:187)
	at com.kms.katalon.core.main.TestCaseMain$startTestSuite$0.call(Unknown Source)
	at TempTestSuite1716323038078.run(TempTestSuite1716323038078.groovy:35)
Caused by: com.kms.katalon.core.webui.exception.WebElementNotFoundException: Web element with id: 'Object Repository/ADM/1Configuracion/1Distribucion geografica/3Regionales/a_8 Prueba_Borrar' located by '//a[@id='ctl00_ContentPlaceHolder2_gvRegionales_ctl09_btnBorrar']' not found
	at com.kms.katalon.core.webui.common.WebUiCommonHelper.findWebElement(WebUiCommonHelper.java:1381)
	at com.kms.katalon.core.webui.keyword.internal.WebUIAbstractKeyword.findWebElement(WebUIAbstractKeyword.groovy:27)
	at com.kms.katalon.core.webui.keyword.builtin.ClickKeyword$_click_closure1.doCall(ClickKeyword.groovy:65)
	at com.kms.katalon.core.webui.keyword.builtin.ClickKeyword$_click_closure1.call(ClickKeyword.groovy)
	at com.kms.katalon.core.webui.keyword.internal.WebUIKeywordMain.runKeyword(WebUIKeywordMain.groovy:20)
	at com.kms.katalon.core.webui.keyword.builtin.ClickKeyword.click(ClickKeyword.groovy:74)
	at com.kms.katalon.core.webui.keyword.builtin.ClickKeyword.execute(ClickKeyword.groovy:40)
	at com.kms.katalon.core.keyword.internal.KeywordExecutor.executeKeywordForPlatform(KeywordExecutor.groovy:74)
	at com.kms.katalon.core.webui.keyword.WebUiBuiltInKeywords.click(WebUiBuiltInKeywords.groovy:620)
	at com.kms.katalon.core.webui.keyword.WebUiBuiltInKeywords$click$2.call(Unknown Source)
	at Script1700253507750.run(Script1700253507750.groovy:30)
	... 13 more
)
[[ATTACHMENT|C:\\CIEL INGENIERIA\\Katalon\\AgendamientoADM\\Reports\\20240521_152353\\1 Configuracion\\1 Distribucion Geografica\\3 Regionales\\20240521_152358\\1716324332880.png]]

2024-05-21 15:45:33 - [TEST_STEP][PASSED] - Start listener action : sampleAfterTestCase: null]]></system-out>
         <system-err><![CDATA[2024-05-21 15:44:42 - [TEST_CASE][FAILED] - Test Cases/Configuracion/1 Distribucion Geografica/3 Regionales/R39: Test Cases/Configuracion/1 Distribucion Geografica/3 Regionales/R39 FAILED.
Reason:
com.kms.katalon.core.exception.StepFailedException: Unable to click on object 'Object Repository/ADM/1Configuracion/1Distribucion geografica/3Regionales/a_8 Prueba_Borrar'
	at com.kms.katalon.core.webui.keyword.internal.WebUIKeywordMain.stepFailed(WebUIKeywordMain.groovy:64)
	at com.kms.katalon.core.webui.keyword.internal.WebUIKeywordMain.runKeyword(WebUIKeywordMain.groovy:26)
	at com.kms.katalon.core.webui.keyword.builtin.ClickKeyword.click(ClickKeyword.groovy:74)
	at com.kms.katalon.core.webui.keyword.builtin.ClickKeyword.execute(ClickKeyword.groovy:40)
	at com.kms.katalon.core.keyword.internal.KeywordExecutor.executeKeywordForPlatform(KeywordExecutor.groovy:74)
	at com.kms.katalon.core.webui.keyword.WebUiBuiltInKeywords.click(WebUiBuiltInKeywords.groovy:620)
	at com.kms.katalon.core.webui.keyword.WebUiBuiltInKeywords$click$2.call(Unknown Source)
	at R39.run(R39:30)
	at com.kms.katalon.core.main.ScriptEngine.run(ScriptEngine.java:194)
	at com.kms.katalon.core.main.ScriptEngine.runScriptAsRawText(ScriptEngine.java:119)
	at com.kms.katalon.core.main.TestCaseExecutor.runScript(TestCaseExecutor.java:448)
	at com.kms.katalon.core.main.TestCaseExecutor.doExecute(TestCaseExecutor.java:439)
	at com.kms.katalon.core.main.TestCaseExecutor.processExecutionPhase(TestCaseExecutor.java:418)
	at com.kms.katalon.core.main.TestCaseExecutor.accessMainPhase(TestCaseExecutor.java:410)
	at com.kms.katalon.core.main.TestCaseExecutor.execute(TestCaseExecutor.java:285)
	at com.kms.katalon.core.common.CommonExecutor.accessTestCaseMainPhase(CommonExecutor.java:65)
	at com.kms.katalon.core.main.TestSuiteExecutor.accessTestSuiteMainPhase(TestSuiteExecutor.java:148)
	at com.kms.katalon.core.main.TestSuiteExecutor.execute(TestSuiteExecutor.java:106)
	at com.kms.katalon.core.main.TestCaseMain.startTestSuite(TestCaseMain.java:187)
	at com.kms.katalon.core.main.TestCaseMain$startTestSuite$0.call(Unknown Source)
	at TempTestSuite1716323038078.run(TempTestSuite1716323038078.groovy:35)
Caused by: com.kms.katalon.core.webui.exception.WebElementNotFoundException: Web element with id: 'Object Repository/ADM/1Configuracion/1Distribucion geografica/3Regionales/a_8 Prueba_Borrar' located by '//a[@id='ctl00_ContentPlaceHolder2_gvRegionales_ctl09_btnBorrar']' not found
	at com.kms.katalon.core.webui.common.WebUiCommonHelper.findWebElement(WebUiCommonHelper.java:1381)
	at com.kms.katalon.core.webui.keyword.internal.WebUIAbstractKeyword.findWebElement(WebUIAbstractKeyword.groovy:27)
	at com.kms.katalon.core.webui.keyword.builtin.ClickKeyword$_click_closure1.doCall(ClickKeyword.groovy:65)
	at com.kms.katalon.core.webui.keyword.builtin.ClickKeyword$_click_closure1.call(ClickKeyword.groovy)
	at com.kms.katalon.core.webui.keyword.internal.WebUIKeywordMain.runKeyword(WebUIKeywordMain.groovy:20)
	... 19 more]]></system-err>
      </testcase>
      <system-out><![CDATA[2024-05-21 15:40:47 - [TEST_SUITE][FAILED] - 3 Regionales: Test Cases/Configuracion/1 Distribucion Geografica/3 Regionales/R39 FAILED.
Reason:
com.kms.katalon.core.exception.StepFailedException: Unable to click on object 'Object Repository/ADM/1Configuracion/1Distribucion geografica/3Regionales/a_8 Prueba_Borrar'
	at com.kms.katalon.core.webui.keyword.internal.WebUIKeywordMain.stepFailed(WebUIKeywordMain.groovy:64)
	at com.kms.katalon.core.webui.keyword.internal.WebUIKeywordMain.runKeyword(WebUIKeywordMain.groovy:26)
	at com.kms.katalon.core.webui.keyword.builtin.ClickKeyword.click(ClickKeyword.groovy:74)
	at com.kms.katalon.core.webui.keyword.builtin.ClickKeyword.execute(ClickKeyword.groovy:40)
	at com.kms.katalon.core.keyword.internal.KeywordExecutor.executeKeywordForPlatform(KeywordExecutor.groovy:74)
	at com.kms.katalon.core.webui.keyword.WebUiBuiltInKeywords.click(WebUiBuiltInKeywords.groovy:620)
	at com.kms.katalon.core.webui.keyword.WebUiBuiltInKeywords$click$2.call(Unknown Source)
	at R39.run(R39:30)
	at com.kms.katalon.core.main.ScriptEngine.run(ScriptEngine.java:194)
	at com.kms.katalon.core.main.ScriptEngine.runScriptAsRawText(ScriptEngine.java:119)
	at com.kms.katalon.core.main.TestCaseExecutor.runScript(TestCaseExecutor.java:448)
	at com.kms.katalon.core.main.TestCaseExecutor.doExecute(TestCaseExecutor.java:439)
	at com.kms.katalon.core.main.TestCaseExecutor.processExecutionPhase(TestCaseExecutor.java:418)
	at com.kms.katalon.core.main.TestCaseExecutor.accessMainPhase(TestCaseExecutor.java:410)
	at com.kms.katalon.core.main.TestCaseExecutor.execute(TestCaseExecutor.java:285)
	at com.kms.katalon.core.common.CommonExecutor.accessTestCaseMainPhase(CommonExecutor.java:65)
	at com.kms.katalon.core.main.TestSuiteExecutor.accessTestSuiteMainPhase(TestSuiteExecutor.java:148)
	at com.kms.katalon.core.main.TestSuiteExecutor.execute(TestSuiteExecutor.java:106)
	at com.kms.katalon.core.main.TestCaseMain.startTestSuite(TestCaseMain.java:187)
	at com.kms.katalon.core.main.TestCaseMain$startTestSuite$0.call(Unknown Source)
	at TempTestSuite1716323038078.run(TempTestSuite1716323038078.groovy:35)
Caused by: com.kms.katalon.core.webui.exception.WebElementNotFoundException: Web element with id: 'Object Repository/ADM/1Configuracion/1Distribucion geografica/3Regionales/a_8 Prueba_Borrar' located by '//a[@id='ctl00_ContentPlaceHolder2_gvRegionales_ctl09_btnBorrar']' not found
	at com.kms.katalon.core.webui.common.WebUiCommonHelper.findWebElement(WebUiCommonHelper.java:1381)
	at com.kms.katalon.core.webui.keyword.internal.WebUIAbstractKeyword.findWebElement(WebUIAbstractKeyword.groovy:27)
	at com.kms.katalon.core.webui.keyword.builtin.ClickKeyword$_click_closure1.doCall(ClickKeyword.groovy:65)
	at com.kms.katalon.core.webui.keyword.builtin.ClickKeyword$_click_closure1.call(ClickKeyword.groovy)
	at com.kms.katalon.core.webui.keyword.internal.WebUIKeywordMain.runKeyword(WebUIKeywordMain.groovy:20)
	... 19 more]]></system-out>
      <system-err><![CDATA[2024-05-21 15:40:47 - [TEST_SUITE][FAILED] - 3 Regionales: Test Cases/Configuracion/1 Distribucion Geografica/3 Regionales/R39 FAILED.
Reason:
com.kms.katalon.core.exception.StepFailedException: Unable to click on object 'Object Repository/ADM/1Configuracion/1Distribucion geografica/3Regionales/a_8 Prueba_Borrar'
	at com.kms.katalon.core.webui.keyword.internal.WebUIKeywordMain.stepFailed(WebUIKeywordMain.groovy:64)
	at com.kms.katalon.core.webui.keyword.internal.WebUIKeywordMain.runKeyword(WebUIKeywordMain.groovy:26)
	at com.kms.katalon.core.webui.keyword.builtin.ClickKeyword.click(ClickKeyword.groovy:74)
	at com.kms.katalon.core.webui.keyword.builtin.ClickKeyword.execute(ClickKeyword.groovy:40)
	at com.kms.katalon.core.keyword.internal.KeywordExecutor.executeKeywordForPlatform(KeywordExecutor.groovy:74)
	at com.kms.katalon.core.webui.keyword.WebUiBuiltInKeywords.click(WebUiBuiltInKeywords.groovy:620)
	at com.kms.katalon.core.webui.keyword.WebUiBuiltInKeywords$click$2.call(Unknown Source)
	at R39.run(R39:30)
	at com.kms.katalon.core.main.ScriptEngine.run(ScriptEngine.java:194)
	at com.kms.katalon.core.main.ScriptEngine.runScriptAsRawText(ScriptEngine.java:119)
	at com.kms.katalon.core.main.TestCaseExecutor.runScript(TestCaseExecutor.java:448)
	at com.kms.katalon.core.main.TestCaseExecutor.doExecute(TestCaseExecutor.java:439)
	at com.kms.katalon.core.main.TestCaseExecutor.processExecutionPhase(TestCaseExecutor.java:418)
	at com.kms.katalon.core.main.TestCaseExecutor.accessMainPhase(TestCaseExecutor.java:410)
	at com.kms.katalon.core.main.TestCaseExecutor.execute(TestCaseExecutor.java:285)
	at com.kms.katalon.core.common.CommonExecutor.accessTestCaseMainPhase(CommonExecutor.java:65)
	at com.kms.katalon.core.main.TestSuiteExecutor.accessTestSuiteMainPhase(TestSuiteExecutor.java:148)
	at com.kms.katalon.core.main.TestSuiteExecutor.execute(TestSuiteExecutor.java:106)
	at com.kms.katalon.core.main.TestCaseMain.startTestSuite(TestCaseMain.java:187)
	at com.kms.katalon.core.main.TestCaseMain$startTestSuite$0.call(Unknown Source)
	at TempTestSuite1716323038078.run(TempTestSuite1716323038078.groovy:35)
Caused by: com.kms.katalon.core.webui.exception.WebElementNotFoundException: Web element with id: 'Object Repository/ADM/1Configuracion/1Distribucion geografica/3Regionales/a_8 Prueba_Borrar' located by '//a[@id='ctl00_ContentPlaceHolder2_gvRegionales_ctl09_btnBorrar']' not found
	at com.kms.katalon.core.webui.common.WebUiCommonHelper.findWebElement(WebUiCommonHelper.java:1381)
	at com.kms.katalon.core.webui.keyword.internal.WebUIAbstractKeyword.findWebElement(WebUIAbstractKeyword.groovy:27)
	at com.kms.katalon.core.webui.keyword.builtin.ClickKeyword$_click_closure1.doCall(ClickKeyword.groovy:65)
	at com.kms.katalon.core.webui.keyword.builtin.ClickKeyword$_click_closure1.call(ClickKeyword.groovy)
	at com.kms.katalon.core.webui.keyword.internal.WebUIKeywordMain.runKeyword(WebUIKeywordMain.groovy:20)
	... 19 more]]></system-err>
   </testsuite>
</testsuites>
