<?xml version="1.0" encoding="UTF-8"?>
<testsuites name="6 Modulos y Personalizaciones" time="50.614" tests="2" failures="0" errors="0">
   <testsuite name="6 Modulos y Personalizaciones" tests="2" failures="0" errors="0" time="50.614" skipped="0" timestamp="2024-05-21 16:36:26" hostname="jdavila - PCPruebas101.ciel.cielingenieria.com" id="Test Suites/1 Configuracion/4 Sistema/6 Modulos y Personalizaciones">
      <properties>
         <property name="deviceName" value=""/>
         <property name="devicePlatform" value=""/>
         <property name="logFolder" value="C:\\CIEL INGENIERIA\\Katalon\\AgendamientoADM\\Reports\\20240521_152353\\1 Configuracion\\4 Sistema\\6 Modulos y Personalizaciones\\20240521_152424"/>
         <property name="logFiles" value="C:\\CIEL INGENIERIA\\Katalon\\AgendamientoADM\\Reports\\20240521_152353\\1 Configuracion\\4 Sistema\\6 Modulos y Personalizaciones\\20240521_152424\\execution0.log"/>
         <property name="attachments" value="C:\\CIEL INGENIERIA\\Katalon\\AgendamientoADM\\Reports\\20240521_152353\\1 Configuracion\\4 Sistema\\6 Modulos y Personalizaciones\\20240521_152424\\1716327411273.png, C:\\CIEL INGENIERIA\\Katalon\\AgendamientoADM\\Reports\\20240521_152353\\1 Configuracion\\4 Sistema\\6 Modulos y Personalizaciones\\20240521_152424\\1716327437088.png"/>
         <property name="hostName" value="jdavila - PCPruebas101.ciel.cielingenieria.com"/>
         <property name="os" value="Windows 10 64bit"/>
         <property name="katalonVersion" value="8.6.9.208"/>
         <property name="browser" value="Chrome 124.0.0.0"/>
         <property name="hostAddress" value="192.168.91.13"/>
         <property name="sessionId" value="46d7e839e6c4892afe643ceeee25cf83"/>
         <property name="seleniumVersion" value="3.141.59"/>
         <property name="proxyInformation" value="ProxyInformation { proxyOption=NO_PROXY, proxyServerType=HTTP, username=, password=********, proxyServerAddress=, proxyServerPort=0, executionList=&quot;&quot;, isApplyToDesiredCapabilities=true }"/>
         <property name="platform" value="Windows 10"/>
      </properties>
      <testcase name="Test Cases/Configuracion/4 Sistema/6 Modulos y Personalizaciones/R171" time="24.704" classname="Test Cases/Configuracion/4 Sistema/6 Modulos y Personalizaciones/R171" status="PASSED">
         <system-out><![CDATA[2024-05-21 16:36:27 - [TEST_CASE][PASSED] - Test Cases/Configuracion/4 Sistema/6 Modulos y Personalizaciones/R171: Test Cases/Configuracion/4 Sistema/6 Modulos y Personalizaciones/R171

2024-05-21 16:36:27 - [TEST_STEP][PASSED] - callTestCase(findTestCase("0InicioSesion"), [:], STOP_ON_FAILURE): Call Test Case 'Test Cases/0InicioSesion' successfully

2024-05-21 16:36:27 - [TEST_CASE][PASSED] - Test Cases/0InicioSesion: Test Cases/0InicioSesion

2024-05-21 16:36:27 - [TEST_STEP][PASSED] - openBrowser(Url): Browser is opened with url: 'https://pcpruebas101.ciel.cielingenieria.com:8815/'

2024-05-21 16:36:28 - [MESSAGE][INFO] - Starting 'Chrome' driver

2024-05-21 16:36:28 - [MESSAGE][INFO] - Action delay is set to 0 milliseconds

2024-05-21 16:36:31 - [MESSAGE][PASSED] - Browser is opened with url: 'https://pcpruebas101.ciel.cielingenieria.com:8815/'

2024-05-21 16:36:31 - [TEST_STEP][PASSED] - maximizeWindow(): Current window maximized

2024-05-21 16:36:31 - [MESSAGE][PASSED] - Current window maximized

2024-05-21 16:36:31 - [TEST_STEP][PASSED] - delay(2): Delayed 2 second(s)

2024-05-21 16:36:33 - [MESSAGE][PASSED] - Delayed 2 second(s)

2024-05-21 16:36:33 - [TEST_STEP][PASSED] - setText(findTestObject("ADM/0Inicio Sesion/input_Usuario"), Usuario): Text 'Ciel' is set on object 'Object Repository/ADM/0Inicio Sesion/input_Usuario'

2024-05-21 16:36:34 - [MESSAGE][PASSED] - Text 'Ciel' is set on object 'Object Repository/ADM/0Inicio Sesion/input_Usuario'

2024-05-21 16:36:34 - [TEST_STEP][PASSED] - delay(2): Delayed 2 second(s)

2024-05-21 16:36:36 - [MESSAGE][PASSED] - Delayed 2 second(s)

2024-05-21 16:36:36 - [TEST_STEP][PASSED] - setText(findTestObject("ADM/0Inicio Sesion/input_Clave"), Clave): Text 'Digiturno5.' is set on object 'Object Repository/ADM/0Inicio Sesion/input_Clave'

2024-05-21 16:36:37 - [MESSAGE][PASSED] - Text 'Digiturno5.' is set on object 'Object Repository/ADM/0Inicio Sesion/input_Clave'

2024-05-21 16:36:37 - [TEST_STEP][PASSED] - delay(2): Delayed 2 second(s)

2024-05-21 16:36:39 - [MESSAGE][PASSED] - Delayed 2 second(s)

2024-05-21 16:36:39 - [TEST_STEP][PASSED] - click(findTestObject("ADM/0Inicio Sesion/btn_IniciarSesion")): Object: 'Object Repository/ADM/0Inicio Sesion/btn_IniciarSesion' is clicked on

2024-05-21 16:36:40 - [MESSAGE][PASSED] - Object: 'Object Repository/ADM/0Inicio Sesion/btn_IniciarSesion' is clicked on

2024-05-21 16:36:40 - [TEST_STEP][PASSED] - delay(3): Delayed 3 second(s)

2024-05-21 16:36:43 - [MESSAGE][PASSED] - Delayed 3 second(s)

2024-05-21 16:36:43 - [MESSAGE][PASSED] - Call Test Case 'Test Cases/0InicioSesion' successfully

2024-05-21 16:36:43 - [TEST_STEP][PASSED] - click(findTestObject("ADM/0Principal/a_Configuracion")): Object: 'Object Repository/ADM/0Principal/a_Configuracion' is clicked on

2024-05-21 16:36:43 - [MESSAGE][PASSED] - Object: 'Object Repository/ADM/0Principal/a_Configuracion' is clicked on

2024-05-21 16:36:43 - [TEST_STEP][PASSED] - delay(2): Delayed 2 second(s)

2024-05-21 16:36:45 - [MESSAGE][PASSED] - Delayed 2 second(s)

2024-05-21 16:36:45 - [TEST_STEP][PASSED] - click(findTestObject("ADM/1Configuracion/0Principal/a_4 Sistema")): Object: 'Object Repository/ADM/1Configuracion/0Principal/a_4 Sistema' is clicked on

2024-05-21 16:36:46 - [MESSAGE][PASSED] - Object: 'Object Repository/ADM/1Configuracion/0Principal/a_4 Sistema' is clicked on

2024-05-21 16:36:46 - [TEST_STEP][PASSED] - delay(2): Delayed 2 second(s)

2024-05-21 16:36:48 - [MESSAGE][PASSED] - Delayed 2 second(s)

2024-05-21 16:36:48 - [TEST_STEP][PASSED] - click(findTestObject("ADM/1Configuracion/4Sistema/0Principal/a_6 Modulos y personalizaciones")): Object: 'Object Repository/ADM/1Configuracion/4Sistema/0Principal/a_6 Modulos y personalizaciones' is clicked on

2024-05-21 16:36:48 - [MESSAGE][PASSED] - Object: 'Object Repository/ADM/1Configuracion/4Sistema/0Principal/a_6 Modulos y personalizaciones' is clicked on

2024-05-21 16:36:48 - [TEST_STEP][PASSED] - delay(2): Delayed 2 second(s)

2024-05-21 16:36:50 - [MESSAGE][PASSED] - Delayed 2 second(s)

2024-05-21 16:36:50 - [TEST_STEP][PASSED] - verifyElementPresent(findTestObject("ADM/1Configuracion/4Sistema/6Modulos y Personalizaciones/btn_Modulos y personalizaciones"), 2): Object 'Object Repository/ADM/1Configuracion/4Sistema/6Modulos y Personalizaciones/btn_Modulos y personalizaciones' is present

2024-05-21 16:36:51 - [MESSAGE][PASSED] - Object 'Object Repository/ADM/1Configuracion/4Sistema/6Modulos y Personalizaciones/btn_Modulos y personalizaciones' is present

2024-05-21 16:36:51 - [TEST_STEP][PASSED] - takeFullPageScreenshot(): Taking screenshot successfully

2024-05-21 16:36:51 - [MESSAGE][INFO] - 0 hidden object(s)

2024-05-21 16:36:51 - [MESSAGE][PASSED] - Taking screenshot successfully
[[ATTACHMENT|C:\\CIEL INGENIERIA\\Katalon\\AgendamientoADM\\Reports\\20240521_152353\\1 Configuracion\\4 Sistema\\6 Modulos y Personalizaciones\\20240521_152424\\1716327411273.png]]

2024-05-21 16:36:51 - [TEST_STEP][PASSED] - Start listener action : sampleAfterTestCase: null]]></system-out>
         <system-err><![CDATA[]]></system-err>
      </testcase>
      <testcase name="Test Cases/Configuracion/4 Sistema/6 Modulos y Personalizaciones/R172" time="25.662" classname="Test Cases/Configuracion/4 Sistema/6 Modulos y Personalizaciones/R172" status="PASSED">
         <system-out><![CDATA[2024-05-21 16:36:51 - [TEST_CASE][PASSED] - Test Cases/Configuracion/4 Sistema/6 Modulos y Personalizaciones/R172: Test Cases/Configuracion/4 Sistema/6 Modulos y Personalizaciones/R172

2024-05-21 16:36:52 - [TEST_STEP][PASSED] - callTestCase(findTestCase("0InicioSesion"), [:], STOP_ON_FAILURE): Call Test Case 'Test Cases/0InicioSesion' successfully

2024-05-21 16:36:52 - [TEST_CASE][PASSED] - Test Cases/0InicioSesion: Test Cases/0InicioSesion

2024-05-21 16:36:52 - [TEST_STEP][PASSED] - openBrowser(Url): Browser is opened with url: 'https://pcpruebas101.ciel.cielingenieria.com:8815/'

2024-05-21 16:36:52 - [MESSAGE][WARNING] - A browser is already opened. Closing browser and opening a new one

2024-05-21 16:36:53 - [MESSAGE][INFO] - Starting 'Chrome' driver

2024-05-21 16:36:53 - [MESSAGE][INFO] - Action delay is set to 0 milliseconds

2024-05-21 16:36:55 - [MESSAGE][PASSED] - Browser is opened with url: 'https://pcpruebas101.ciel.cielingenieria.com:8815/'

2024-05-21 16:36:55 - [TEST_STEP][PASSED] - maximizeWindow(): Current window maximized

2024-05-21 16:36:55 - [MESSAGE][PASSED] - Current window maximized

2024-05-21 16:36:55 - [TEST_STEP][PASSED] - delay(2): Delayed 2 second(s)

2024-05-21 16:36:57 - [MESSAGE][PASSED] - Delayed 2 second(s)

2024-05-21 16:36:57 - [TEST_STEP][PASSED] - setText(findTestObject("ADM/0Inicio Sesion/input_Usuario"), Usuario): Text 'Ciel' is set on object 'Object Repository/ADM/0Inicio Sesion/input_Usuario'

2024-05-21 16:36:58 - [MESSAGE][PASSED] - Text 'Ciel' is set on object 'Object Repository/ADM/0Inicio Sesion/input_Usuario'

2024-05-21 16:36:58 - [TEST_STEP][PASSED] - delay(2): Delayed 2 second(s)

2024-05-21 16:37:00 - [MESSAGE][PASSED] - Delayed 2 second(s)

2024-05-21 16:37:00 - [TEST_STEP][PASSED] - setText(findTestObject("ADM/0Inicio Sesion/input_Clave"), Clave): Text 'Digiturno5.' is set on object 'Object Repository/ADM/0Inicio Sesion/input_Clave'

2024-05-21 16:37:01 - [MESSAGE][PASSED] - Text 'Digiturno5.' is set on object 'Object Repository/ADM/0Inicio Sesion/input_Clave'

2024-05-21 16:37:01 - [TEST_STEP][PASSED] - delay(2): Delayed 2 second(s)

2024-05-21 16:37:03 - [MESSAGE][PASSED] - Delayed 2 second(s)

2024-05-21 16:37:03 - [TEST_STEP][PASSED] - click(findTestObject("ADM/0Inicio Sesion/btn_IniciarSesion")): Object: 'Object Repository/ADM/0Inicio Sesion/btn_IniciarSesion' is clicked on

2024-05-21 16:37:03 - [MESSAGE][PASSED] - Object: 'Object Repository/ADM/0Inicio Sesion/btn_IniciarSesion' is clicked on

2024-05-21 16:37:03 - [TEST_STEP][PASSED] - delay(3): Delayed 3 second(s)

2024-05-21 16:37:06 - [MESSAGE][PASSED] - Delayed 3 second(s)

2024-05-21 16:37:06 - [MESSAGE][PASSED] - Call Test Case 'Test Cases/0InicioSesion' successfully

2024-05-21 16:37:06 - [TEST_STEP][PASSED] - click(findTestObject("ADM/0Principal/a_Configuracion")): Object: 'Object Repository/ADM/0Principal/a_Configuracion' is clicked on

2024-05-21 16:37:07 - [MESSAGE][PASSED] - Object: 'Object Repository/ADM/0Principal/a_Configuracion' is clicked on

2024-05-21 16:37:07 - [TEST_STEP][PASSED] - delay(2): Delayed 2 second(s)

2024-05-21 16:37:09 - [MESSAGE][PASSED] - Delayed 2 second(s)

2024-05-21 16:37:09 - [TEST_STEP][PASSED] - click(findTestObject("ADM/1Configuracion/0Principal/a_4 Sistema")): Object: 'Object Repository/ADM/1Configuracion/0Principal/a_4 Sistema' is clicked on

2024-05-21 16:37:10 - [MESSAGE][PASSED] - Object: 'Object Repository/ADM/1Configuracion/0Principal/a_4 Sistema' is clicked on

2024-05-21 16:37:10 - [TEST_STEP][PASSED] - delay(2): Delayed 2 second(s)

2024-05-21 16:37:12 - [MESSAGE][PASSED] - Delayed 2 second(s)

2024-05-21 16:37:12 - [TEST_STEP][PASSED] - click(findTestObject("ADM/1Configuracion/4Sistema/0Principal/a_6 Modulos y personalizaciones")): Object: 'Object Repository/ADM/1Configuracion/4Sistema/0Principal/a_6 Modulos y personalizaciones' is clicked on

2024-05-21 16:37:12 - [MESSAGE][PASSED] - Object: 'Object Repository/ADM/1Configuracion/4Sistema/0Principal/a_6 Modulos y personalizaciones' is clicked on

2024-05-21 16:37:12 - [TEST_STEP][PASSED] - delay(2): Delayed 2 second(s)

2024-05-21 16:37:14 - [MESSAGE][PASSED] - Delayed 2 second(s)

2024-05-21 16:37:14 - [TEST_STEP][PASSED] - click(findTestObject("ADM/1Configuracion/4Sistema/6Modulos y Personalizaciones/btn_Modulos y personalizaciones"), STOP_ON_FAILURE): Object: 'Object Repository/ADM/1Configuracion/4Sistema/6Modulos y Personalizaciones/btn_Modulos y personalizaciones' is clicked on

2024-05-21 16:37:15 - [MESSAGE][PASSED] - Object: 'Object Repository/ADM/1Configuracion/4Sistema/6Modulos y Personalizaciones/btn_Modulos y personalizaciones' is clicked on

2024-05-21 16:37:15 - [TEST_STEP][PASSED] - delay(2): Delayed 2 second(s)

2024-05-21 16:37:17 - [MESSAGE][PASSED] - Delayed 2 second(s)

2024-05-21 16:37:17 - [TEST_STEP][PASSED] - takeFullPageScreenshot(): Taking screenshot successfully

2024-05-21 16:37:17 - [MESSAGE][INFO] - 0 hidden object(s)

2024-05-21 16:37:17 - [MESSAGE][PASSED] - Taking screenshot successfully
[[ATTACHMENT|C:\\CIEL INGENIERIA\\Katalon\\AgendamientoADM\\Reports\\20240521_152353\\1 Configuracion\\4 Sistema\\6 Modulos y Personalizaciones\\20240521_152424\\1716327437088.png]]

2024-05-21 16:37:17 - [TEST_STEP][PASSED] - Start listener action : sampleAfterTestCase: null]]></system-out>
         <system-err><![CDATA[]]></system-err>
      </testcase>
      <system-out><![CDATA[2024-05-21 16:36:26 - [TEST_SUITE][PASSED] - 6 Modulos y Personalizaciones: Test Cases/Configuracion/4 Sistema/6 Modulos y Personalizaciones/R172]]></system-out>
      <system-err><![CDATA[]]></system-err>
   </testsuite>
</testsuites>
