<?xml version="1.0" encoding="UTF-8"?>
<testsuites name="4 Ciudades" time="253.447" tests="9" failures="1" errors="0">
   <testsuite name="4 Ciudades" tests="9" failures="1" errors="0" time="253.447" skipped="0" timestamp="2024-05-21 15:45:42" hostname="jdavila - PCPruebas101.ciel.cielingenieria.com" id="Test Suites/1 Configuracion/1 Distribucion Geografica/4 Ciudades">
      <properties>
         <property name="deviceName" value=""/>
         <property name="devicePlatform" value=""/>
         <property name="logFolder" value="C:\\CIEL INGENIERIA\\Katalon\\AgendamientoADM\\Reports\\20240521_152353\\1 Configuracion\\1 Distribucion Geografica\\4 Ciudades\\20240521_152400"/>
         <property name="logFiles" value="C:\\CIEL INGENIERIA\\Katalon\\AgendamientoADM\\Reports\\20240521_152353\\1 Configuracion\\1 Distribucion Geografica\\4 Ciudades\\20240521_152400\\execution0.log"/>
         <property name="attachments" value="C:\\CIEL INGENIERIA\\Katalon\\AgendamientoADM\\Reports\\20240521_152353\\1 Configuracion\\1 Distribucion Geografica\\4 Ciudades\\20240521_152400\\1716324362957.png, C:\\CIEL INGENIERIA\\Katalon\\AgendamientoADM\\Reports\\20240521_152353\\1 Configuracion\\1 Distribucion Geografica\\4 Ciudades\\20240521_152400\\1716324385764.png, C:\\CIEL INGENIERIA\\Katalon\\AgendamientoADM\\Reports\\20240521_152353\\1 Configuracion\\1 Distribucion Geografica\\4 Ciudades\\20240521_152400\\1716324396949.png, C:\\CIEL INGENIERIA\\Katalon\\AgendamientoADM\\Reports\\20240521_152353\\1 Configuracion\\1 Distribucion Geografica\\4 Ciudades\\20240521_152400\\1716324420205.png, C:\\CIEL INGENIERIA\\Katalon\\AgendamientoADM\\Reports\\20240521_152353\\1 Configuracion\\1 Distribucion Geografica\\4 Ciudades\\20240521_152400\\1716324423198.png, C:\\CIEL INGENIERIA\\Katalon\\AgendamientoADM\\Reports\\20240521_152353\\1 Configuracion\\1 Distribucion Geografica\\4 Ciudades\\20240521_152400\\1716324446768.png, C:\\CIEL INGENIERIA\\Katalon\\AgendamientoADM\\Reports\\20240521_152353\\1 Configuracion\\1 Distribucion Geografica\\4 Ciudades\\20240521_152400\\1716324472824.png, C:\\CIEL INGENIERIA\\Katalon\\AgendamientoADM\\Reports\\20240521_152353\\1 Configuracion\\1 Distribucion Geografica\\4 Ciudades\\20240521_152400\\1716324498787.png, C:\\CIEL INGENIERIA\\Katalon\\AgendamientoADM\\Reports\\20240521_152353\\1 Configuracion\\1 Distribucion Geografica\\4 Ciudades\\20240521_152400\\1716324520833.png, C:\\CIEL INGENIERIA\\Katalon\\AgendamientoADM\\Reports\\20240521_152353\\1 Configuracion\\1 Distribucion Geografica\\4 Ciudades\\20240521_152400\\1716324525851.png, C:\\CIEL INGENIERIA\\Katalon\\AgendamientoADM\\Reports\\20240521_152353\\1 Configuracion\\1 Distribucion Geografica\\4 Ciudades\\20240521_152400\\1716324545252.png, C:\\CIEL INGENIERIA\\Katalon\\AgendamientoADM\\Reports\\20240521_152353\\1 Configuracion\\1 Distribucion Geografica\\4 Ciudades\\20240521_152400\\1716324595820.png"/>
         <property name="hostName" value="jdavila - PCPruebas101.ciel.cielingenieria.com"/>
         <property name="os" value="Windows 10 64bit"/>
         <property name="katalonVersion" value="8.6.9.208"/>
         <property name="browser" value="Chrome 124.0.0.0"/>
         <property name="hostAddress" value="192.168.91.13"/>
         <property name="sessionId" value="7d172e996add490a4ce7883863ce1986"/>
         <property name="seleniumVersion" value="3.141.59"/>
         <property name="proxyInformation" value="ProxyInformation { proxyOption=NO_PROXY, proxyServerType=HTTP, username=, password=********, proxyServerAddress=, proxyServerPort=0, executionList=&quot;&quot;, isApplyToDesiredCapabilities=true }"/>
         <property name="platform" value="Windows 10"/>
      </properties>
      <testcase name="Test Cases/Configuracion/1 Distribucion Geografica/4 Ciudades/R43" time="20.827" classname="Test Cases/Configuracion/1 Distribucion Geografica/4 Ciudades/R43" status="PASSED">
         <system-out><![CDATA[2024-05-21 15:45:42 - [TEST_CASE][PASSED] - Test Cases/Configuracion/1 Distribucion Geografica/4 Ciudades/R43: Test Cases/Configuracion/1 Distribucion Geografica/4 Ciudades/R43

2024-05-21 15:45:43 - [TEST_STEP][PASSED] - callTestCase(findTestCase("0InicioSesion"), [:], STOP_ON_FAILURE): Call Test Case 'Test Cases/0InicioSesion' successfully

2024-05-21 15:45:43 - [TEST_CASE][PASSED] - Test Cases/0InicioSesion: Test Cases/0InicioSesion

2024-05-21 15:45:43 - [TEST_STEP][PASSED] - openBrowser(Url): Browser is opened with url: 'https://pcpruebas101.ciel.cielingenieria.com:8815/'

2024-05-21 15:45:44 - [MESSAGE][INFO] - Starting 'Chrome' driver

2024-05-21 15:45:44 - [MESSAGE][INFO] - Action delay is set to 0 milliseconds

2024-05-21 15:45:47 - [MESSAGE][PASSED] - Browser is opened with url: 'https://pcpruebas101.ciel.cielingenieria.com:8815/'

2024-05-21 15:45:47 - [TEST_STEP][PASSED] - maximizeWindow(): Current window maximized

2024-05-21 15:45:47 - [MESSAGE][PASSED] - Current window maximized

2024-05-21 15:45:47 - [TEST_STEP][PASSED] - delay(2): Delayed 2 second(s)

2024-05-21 15:45:49 - [MESSAGE][PASSED] - Delayed 2 second(s)

2024-05-21 15:45:49 - [TEST_STEP][PASSED] - setText(findTestObject("ADM/0Inicio Sesion/input_Usuario"), Usuario): Text 'Ciel' is set on object 'Object Repository/ADM/0Inicio Sesion/input_Usuario'

2024-05-21 15:45:50 - [MESSAGE][PASSED] - Text 'Ciel' is set on object 'Object Repository/ADM/0Inicio Sesion/input_Usuario'

2024-05-21 15:45:50 - [TEST_STEP][PASSED] - delay(2): Delayed 2 second(s)

2024-05-21 15:45:52 - [MESSAGE][PASSED] - Delayed 2 second(s)

2024-05-21 15:45:52 - [TEST_STEP][PASSED] - setText(findTestObject("ADM/0Inicio Sesion/input_Clave"), Clave): Text 'Digiturno5.' is set on object 'Object Repository/ADM/0Inicio Sesion/input_Clave'

2024-05-21 15:45:53 - [MESSAGE][PASSED] - Text 'Digiturno5.' is set on object 'Object Repository/ADM/0Inicio Sesion/input_Clave'

2024-05-21 15:45:53 - [TEST_STEP][PASSED] - delay(2): Delayed 2 second(s)

2024-05-21 15:45:55 - [MESSAGE][PASSED] - Delayed 2 second(s)

2024-05-21 15:45:55 - [TEST_STEP][PASSED] - click(findTestObject("ADM/0Inicio Sesion/btn_IniciarSesion")): Object: 'Object Repository/ADM/0Inicio Sesion/btn_IniciarSesion' is clicked on

2024-05-21 15:45:55 - [MESSAGE][PASSED] - Object: 'Object Repository/ADM/0Inicio Sesion/btn_IniciarSesion' is clicked on

2024-05-21 15:45:55 - [TEST_STEP][PASSED] - delay(3): Delayed 3 second(s)

2024-05-21 15:45:58 - [MESSAGE][PASSED] - Delayed 3 second(s)

2024-05-21 15:45:58 - [MESSAGE][PASSED] - Call Test Case 'Test Cases/0InicioSesion' successfully

2024-05-21 15:45:58 - [TEST_STEP][PASSED] - click(findTestObject("ADM/0Principal/a_Configuracion")): Object: 'Object Repository/ADM/0Principal/a_Configuracion' is clicked on

2024-05-21 15:45:59 - [MESSAGE][PASSED] - Object: 'Object Repository/ADM/0Principal/a_Configuracion' is clicked on

2024-05-21 15:45:59 - [TEST_STEP][PASSED] - click(findTestObject("ADM/1Configuracion/0Principal/a_1 Distribucion geografica")): Object: 'Object Repository/ADM/1Configuracion/0Principal/a_1 Distribucion geografica' is clicked on

2024-05-21 15:46:00 - [MESSAGE][PASSED] - Object: 'Object Repository/ADM/1Configuracion/0Principal/a_1 Distribucion geografica' is clicked on

2024-05-21 15:46:00 - [TEST_STEP][PASSED] - click(findTestObject("ADM/1Configuracion/1Distribucion geografica/0Principal/a_4 Ciudades")): Object: 'Object Repository/ADM/1Configuracion/1Distribucion geografica/0Principal/a_4 Ciudades' is clicked on

2024-05-21 15:46:00 - [MESSAGE][PASSED] - Object: 'Object Repository/ADM/1Configuracion/1Distribucion geografica/0Principal/a_4 Ciudades' is clicked on

2024-05-21 15:46:00 - [TEST_STEP][PASSED] - delay(2): Delayed 2 second(s)

2024-05-21 15:46:02 - [MESSAGE][PASSED] - Delayed 2 second(s)

2024-05-21 15:46:02 - [TEST_STEP][PASSED] - takeFullPageScreenshot(): Taking screenshot successfully

2024-05-21 15:46:03 - [MESSAGE][INFO] - 0 hidden object(s)

2024-05-21 15:46:03 - [MESSAGE][PASSED] - Taking screenshot successfully
[[ATTACHMENT|C:\\CIEL INGENIERIA\\Katalon\\AgendamientoADM\\Reports\\20240521_152353\\1 Configuracion\\1 Distribucion Geografica\\4 Ciudades\\20240521_152400\\1716324362957.png]]

2024-05-21 15:46:03 - [TEST_STEP][PASSED] - Start listener action : sampleAfterTestCase: null]]></system-out>
         <system-err><![CDATA[]]></system-err>
      </testcase>
      <testcase name="Test Cases/Configuracion/1 Distribucion Geografica/4 Ciudades/R45" time="33.859" classname="Test Cases/Configuracion/1 Distribucion Geografica/4 Ciudades/R45" status="PASSED">
         <system-out><![CDATA[2024-05-21 15:46:03 - [TEST_CASE][PASSED] - Test Cases/Configuracion/1 Distribucion Geografica/4 Ciudades/R45: Test Cases/Configuracion/1 Distribucion Geografica/4 Ciudades/R45

2024-05-21 15:46:03 - [TEST_STEP][PASSED] - callTestCase(findTestCase("0InicioSesion"), [:], STOP_ON_FAILURE): Call Test Case 'Test Cases/0InicioSesion' successfully

2024-05-21 15:46:03 - [TEST_CASE][PASSED] - Test Cases/0InicioSesion: Test Cases/0InicioSesion

2024-05-21 15:46:03 - [TEST_STEP][PASSED] - openBrowser(Url): Browser is opened with url: 'https://pcpruebas101.ciel.cielingenieria.com:8815/'

2024-05-21 15:46:04 - [MESSAGE][WARNING] - A browser is already opened. Closing browser and opening a new one

2024-05-21 15:46:04 - [MESSAGE][INFO] - Starting 'Chrome' driver

2024-05-21 15:46:04 - [MESSAGE][INFO] - Action delay is set to 0 milliseconds

2024-05-21 15:46:07 - [MESSAGE][PASSED] - Browser is opened with url: 'https://pcpruebas101.ciel.cielingenieria.com:8815/'

2024-05-21 15:46:07 - [TEST_STEP][PASSED] - maximizeWindow(): Current window maximized

2024-05-21 15:46:07 - [MESSAGE][PASSED] - Current window maximized

2024-05-21 15:46:07 - [TEST_STEP][PASSED] - delay(2): Delayed 2 second(s)

2024-05-21 15:46:09 - [MESSAGE][PASSED] - Delayed 2 second(s)

2024-05-21 15:46:09 - [TEST_STEP][PASSED] - setText(findTestObject("ADM/0Inicio Sesion/input_Usuario"), Usuario): Text 'Ciel' is set on object 'Object Repository/ADM/0Inicio Sesion/input_Usuario'

2024-05-21 15:46:10 - [MESSAGE][PASSED] - Text 'Ciel' is set on object 'Object Repository/ADM/0Inicio Sesion/input_Usuario'

2024-05-21 15:46:10 - [TEST_STEP][PASSED] - delay(2): Delayed 2 second(s)

2024-05-21 15:46:12 - [MESSAGE][PASSED] - Delayed 2 second(s)

2024-05-21 15:46:12 - [TEST_STEP][PASSED] - setText(findTestObject("ADM/0Inicio Sesion/input_Clave"), Clave): Text 'Digiturno5.' is set on object 'Object Repository/ADM/0Inicio Sesion/input_Clave'

2024-05-21 15:46:13 - [MESSAGE][PASSED] - Text 'Digiturno5.' is set on object 'Object Repository/ADM/0Inicio Sesion/input_Clave'

2024-05-21 15:46:13 - [TEST_STEP][PASSED] - delay(2): Delayed 2 second(s)

2024-05-21 15:46:15 - [MESSAGE][PASSED] - Delayed 2 second(s)

2024-05-21 15:46:15 - [TEST_STEP][PASSED] - click(findTestObject("ADM/0Inicio Sesion/btn_IniciarSesion")): Object: 'Object Repository/ADM/0Inicio Sesion/btn_IniciarSesion' is clicked on

2024-05-21 15:46:15 - [MESSAGE][PASSED] - Object: 'Object Repository/ADM/0Inicio Sesion/btn_IniciarSesion' is clicked on

2024-05-21 15:46:15 - [TEST_STEP][PASSED] - delay(3): Delayed 3 second(s)

2024-05-21 15:46:18 - [MESSAGE][PASSED] - Delayed 3 second(s)

2024-05-21 15:46:18 - [MESSAGE][PASSED] - Call Test Case 'Test Cases/0InicioSesion' successfully

2024-05-21 15:46:18 - [TEST_STEP][PASSED] - click(findTestObject("ADM/0Principal/a_Configuracion")): Object: 'Object Repository/ADM/0Principal/a_Configuracion' is clicked on

2024-05-21 15:46:19 - [MESSAGE][PASSED] - Object: 'Object Repository/ADM/0Principal/a_Configuracion' is clicked on

2024-05-21 15:46:19 - [TEST_STEP][PASSED] - click(findTestObject("ADM/1Configuracion/0Principal/a_1 Distribucion geografica")): Object: 'Object Repository/ADM/1Configuracion/0Principal/a_1 Distribucion geografica' is clicked on

2024-05-21 15:46:19 - [MESSAGE][PASSED] - Object: 'Object Repository/ADM/1Configuracion/0Principal/a_1 Distribucion geografica' is clicked on

2024-05-21 15:46:19 - [TEST_STEP][PASSED] - click(findTestObject("ADM/1Configuracion/1Distribucion geografica/0Principal/a_4 Ciudades")): Object: 'Object Repository/ADM/1Configuracion/1Distribucion geografica/0Principal/a_4 Ciudades' is clicked on

2024-05-21 15:46:20 - [MESSAGE][PASSED] - Object: 'Object Repository/ADM/1Configuracion/1Distribucion geografica/0Principal/a_4 Ciudades' is clicked on

2024-05-21 15:46:20 - [TEST_STEP][PASSED] - delay(2): Delayed 2 second(s)

2024-05-21 15:46:22 - [MESSAGE][PASSED] - Delayed 2 second(s)

2024-05-21 15:46:22 - [TEST_STEP][PASSED] - setText(findTestObject("ADM/1Configuracion/1Distribucion geografica/4Ciudades/input_CodigoCiudad"), "2"): Text '2' is set on object 'Object Repository/ADM/1Configuracion/1Distribucion geografica/4Ciudades/input_CodigoCiudad'

2024-05-21 15:46:23 - [MESSAGE][PASSED] - Text '2' is set on object 'Object Repository/ADM/1Configuracion/1Distribucion geografica/4Ciudades/input_CodigoCiudad'

2024-05-21 15:46:23 - [TEST_STEP][PASSED] - delay(2): Delayed 2 second(s)

2024-05-21 15:46:25 - [MESSAGE][PASSED] - Delayed 2 second(s)

2024-05-21 15:46:25 - [TEST_STEP][PASSED] - click(findTestObject("ADM/1Configuracion/1Distribucion geografica/4Ciudades/btn_Buscar")): Object: 'Object Repository/ADM/1Configuracion/1Distribucion geografica/4Ciudades/btn_Buscar' is clicked on

2024-05-21 15:46:25 - [MESSAGE][PASSED] - Object: 'Object Repository/ADM/1Configuracion/1Distribucion geografica/4Ciudades/btn_Buscar' is clicked on

2024-05-21 15:46:25 - [TEST_STEP][PASSED] - takeFullPageScreenshot(): Taking screenshot successfully

2024-05-21 15:46:26 - [MESSAGE][INFO] - 0 hidden object(s)

2024-05-21 15:46:26 - [MESSAGE][PASSED] - Taking screenshot successfully
[[ATTACHMENT|C:\\CIEL INGENIERIA\\Katalon\\AgendamientoADM\\Reports\\20240521_152353\\1 Configuracion\\1 Distribucion Geografica\\4 Ciudades\\20240521_152400\\1716324385764.png]]

2024-05-21 15:46:26 - [TEST_STEP][PASSED] - delay(7): Delayed 7 second(s)

2024-05-21 15:46:33 - [MESSAGE][PASSED] - Delayed 7 second(s)

2024-05-21 15:46:33 - [TEST_STEP][PASSED] - clearText(findTestObject("ADM/1Configuracion/1Distribucion geografica/4Ciudades/input_CodigoCiudad")): Text of object 'Object Repository/ADM/1Configuracion/1Distribucion geografica/4Ciudades/input_CodigoCiudad' is cleared

2024-05-21 15:46:33 - [MESSAGE][PASSED] - Text of object 'Object Repository/ADM/1Configuracion/1Distribucion geografica/4Ciudades/input_CodigoCiudad' is cleared

2024-05-21 15:46:33 - [TEST_STEP][PASSED] - setText(findTestObject("ADM/1Configuracion/1Distribucion geografica/4Ciudades/input_NombreCiudad"), "Bogota"): Text 'Bogota' is set on object 'Object Repository/ADM/1Configuracion/1Distribucion geografica/4Ciudades/input_NombreCiudad'

2024-05-21 15:46:34 - [MESSAGE][PASSED] - Text 'Bogota' is set on object 'Object Repository/ADM/1Configuracion/1Distribucion geografica/4Ciudades/input_NombreCiudad'

2024-05-21 15:46:34 - [TEST_STEP][PASSED] - delay(2): Delayed 2 second(s)

2024-05-21 15:46:36 - [MESSAGE][PASSED] - Delayed 2 second(s)

2024-05-21 15:46:36 - [TEST_STEP][PASSED] - click(findTestObject("ADM/1Configuracion/1Distribucion geografica/4Ciudades/btn_Buscar")): Object: 'Object Repository/ADM/1Configuracion/1Distribucion geografica/4Ciudades/btn_Buscar' is clicked on

2024-05-21 15:46:36 - [MESSAGE][PASSED] - Object: 'Object Repository/ADM/1Configuracion/1Distribucion geografica/4Ciudades/btn_Buscar' is clicked on

2024-05-21 15:46:36 - [TEST_STEP][PASSED] - takeFullPageScreenshot(): Taking screenshot successfully

2024-05-21 15:46:37 - [MESSAGE][INFO] - 0 hidden object(s)

2024-05-21 15:46:37 - [MESSAGE][PASSED] - Taking screenshot successfully
[[ATTACHMENT|C:\\CIEL INGENIERIA\\Katalon\\AgendamientoADM\\Reports\\20240521_152353\\1 Configuracion\\1 Distribucion Geografica\\4 Ciudades\\20240521_152400\\1716324396949.png]]

2024-05-21 15:46:37 - [TEST_STEP][PASSED] - Start listener action : sampleAfterTestCase: null]]></system-out>
         <system-err><![CDATA[]]></system-err>
      </testcase>
      <testcase name="Test Cases/Configuracion/1 Distribucion Geografica/4 Ciudades/R46" time="26.3" classname="Test Cases/Configuracion/1 Distribucion Geografica/4 Ciudades/R46" status="PASSED">
         <system-out><![CDATA[2024-05-21 15:46:37 - [TEST_CASE][PASSED] - Test Cases/Configuracion/1 Distribucion Geografica/4 Ciudades/R46: Test Cases/Configuracion/1 Distribucion Geografica/4 Ciudades/R46

2024-05-21 15:46:37 - [TEST_STEP][PASSED] - callTestCase(findTestCase("0InicioSesion"), [:], STOP_ON_FAILURE): Call Test Case 'Test Cases/0InicioSesion' successfully

2024-05-21 15:46:37 - [TEST_CASE][PASSED] - Test Cases/0InicioSesion: Test Cases/0InicioSesion

2024-05-21 15:46:37 - [TEST_STEP][PASSED] - openBrowser(Url): Browser is opened with url: 'https://pcpruebas101.ciel.cielingenieria.com:8815/'

2024-05-21 15:46:37 - [MESSAGE][WARNING] - A browser is already opened. Closing browser and opening a new one

2024-05-21 15:46:38 - [MESSAGE][INFO] - Starting 'Chrome' driver

2024-05-21 15:46:38 - [MESSAGE][INFO] - Action delay is set to 0 milliseconds

2024-05-21 15:46:40 - [MESSAGE][PASSED] - Browser is opened with url: 'https://pcpruebas101.ciel.cielingenieria.com:8815/'

2024-05-21 15:46:40 - [TEST_STEP][PASSED] - maximizeWindow(): Current window maximized

2024-05-21 15:46:41 - [MESSAGE][PASSED] - Current window maximized

2024-05-21 15:46:41 - [TEST_STEP][PASSED] - delay(2): Delayed 2 second(s)

2024-05-21 15:46:43 - [MESSAGE][PASSED] - Delayed 2 second(s)

2024-05-21 15:46:43 - [TEST_STEP][PASSED] - setText(findTestObject("ADM/0Inicio Sesion/input_Usuario"), Usuario): Text 'Ciel' is set on object 'Object Repository/ADM/0Inicio Sesion/input_Usuario'

2024-05-21 15:46:44 - [MESSAGE][PASSED] - Text 'Ciel' is set on object 'Object Repository/ADM/0Inicio Sesion/input_Usuario'

2024-05-21 15:46:44 - [TEST_STEP][PASSED] - delay(2): Delayed 2 second(s)

2024-05-21 15:46:46 - [MESSAGE][PASSED] - Delayed 2 second(s)

2024-05-21 15:46:46 - [TEST_STEP][PASSED] - setText(findTestObject("ADM/0Inicio Sesion/input_Clave"), Clave): Text 'Digiturno5.' is set on object 'Object Repository/ADM/0Inicio Sesion/input_Clave'

2024-05-21 15:46:47 - [MESSAGE][PASSED] - Text 'Digiturno5.' is set on object 'Object Repository/ADM/0Inicio Sesion/input_Clave'

2024-05-21 15:46:47 - [TEST_STEP][PASSED] - delay(2): Delayed 2 second(s)

2024-05-21 15:46:49 - [MESSAGE][PASSED] - Delayed 2 second(s)

2024-05-21 15:46:49 - [TEST_STEP][PASSED] - click(findTestObject("ADM/0Inicio Sesion/btn_IniciarSesion")): Object: 'Object Repository/ADM/0Inicio Sesion/btn_IniciarSesion' is clicked on

2024-05-21 15:46:49 - [MESSAGE][PASSED] - Object: 'Object Repository/ADM/0Inicio Sesion/btn_IniciarSesion' is clicked on

2024-05-21 15:46:49 - [TEST_STEP][PASSED] - delay(3): Delayed 3 second(s)

2024-05-21 15:46:52 - [MESSAGE][PASSED] - Delayed 3 second(s)

2024-05-21 15:46:52 - [MESSAGE][PASSED] - Call Test Case 'Test Cases/0InicioSesion' successfully

2024-05-21 15:46:52 - [TEST_STEP][PASSED] - click(findTestObject("ADM/0Principal/a_Configuracion")): Object: 'Object Repository/ADM/0Principal/a_Configuracion' is clicked on

2024-05-21 15:46:53 - [MESSAGE][PASSED] - Object: 'Object Repository/ADM/0Principal/a_Configuracion' is clicked on

2024-05-21 15:46:53 - [TEST_STEP][PASSED] - click(findTestObject("ADM/1Configuracion/0Principal/a_1 Distribucion geografica")): Object: 'Object Repository/ADM/1Configuracion/0Principal/a_1 Distribucion geografica' is clicked on

2024-05-21 15:46:53 - [MESSAGE][PASSED] - Object: 'Object Repository/ADM/1Configuracion/0Principal/a_1 Distribucion geografica' is clicked on

2024-05-21 15:46:53 - [TEST_STEP][PASSED] - click(findTestObject("ADM/1Configuracion/1Distribucion geografica/0Principal/a_4 Ciudades")): Object: 'Object Repository/ADM/1Configuracion/1Distribucion geografica/0Principal/a_4 Ciudades' is clicked on

2024-05-21 15:46:54 - [MESSAGE][PASSED] - Object: 'Object Repository/ADM/1Configuracion/1Distribucion geografica/0Principal/a_4 Ciudades' is clicked on

2024-05-21 15:46:54 - [TEST_STEP][PASSED] - delay(2): Delayed 2 second(s)

2024-05-21 15:46:56 - [MESSAGE][PASSED] - Delayed 2 second(s)

2024-05-21 15:46:56 - [TEST_STEP][PASSED] - setText(findTestObject("ADM/1Configuracion/1Distribucion geografica/4Ciudades/input_CodigoCiudad"), "2"): Text '2' is set on object 'Object Repository/ADM/1Configuracion/1Distribucion geografica/4Ciudades/input_CodigoCiudad'

2024-05-21 15:46:57 - [MESSAGE][PASSED] - Text '2' is set on object 'Object Repository/ADM/1Configuracion/1Distribucion geografica/4Ciudades/input_CodigoCiudad'

2024-05-21 15:46:57 - [TEST_STEP][PASSED] - delay(2): Delayed 2 second(s)

2024-05-21 15:46:59 - [MESSAGE][PASSED] - Delayed 2 second(s)

2024-05-21 15:46:59 - [TEST_STEP][PASSED] - setText(findTestObject("ADM/1Configuracion/1Distribucion geografica/4Ciudades/input_NombreCiudad"), "Bogota"): Text 'Bogota' is set on object 'Object Repository/ADM/1Configuracion/1Distribucion geografica/4Ciudades/input_NombreCiudad'

2024-05-21 15:47:00 - [MESSAGE][PASSED] - Text 'Bogota' is set on object 'Object Repository/ADM/1Configuracion/1Distribucion geografica/4Ciudades/input_NombreCiudad'

2024-05-21 15:47:00 - [TEST_STEP][PASSED] - takeFullPageScreenshot(): Taking screenshot successfully

2024-05-21 15:47:00 - [MESSAGE][INFO] - 0 hidden object(s)

2024-05-21 15:47:00 - [MESSAGE][PASSED] - Taking screenshot successfully
[[ATTACHMENT|C:\\CIEL INGENIERIA\\Katalon\\AgendamientoADM\\Reports\\20240521_152353\\1 Configuracion\\1 Distribucion Geografica\\4 Ciudades\\20240521_152400\\1716324420205.png]]

2024-05-21 15:47:00 - [TEST_STEP][PASSED] - click(findTestObject("ADM/1Configuracion/1Distribucion geografica/4Ciudades/btn_Limpiar")): Object: 'Object Repository/ADM/1Configuracion/1Distribucion geografica/4Ciudades/btn_Limpiar' is clicked on

2024-05-21 15:47:01 - [MESSAGE][PASSED] - Object: 'Object Repository/ADM/1Configuracion/1Distribucion geografica/4Ciudades/btn_Limpiar' is clicked on

2024-05-21 15:47:01 - [TEST_STEP][PASSED] - delay(2): Delayed 2 second(s)

2024-05-21 15:47:03 - [MESSAGE][PASSED] - Delayed 2 second(s)

2024-05-21 15:47:03 - [TEST_STEP][PASSED] - takeFullPageScreenshot(): Taking screenshot successfully

2024-05-21 15:47:03 - [MESSAGE][INFO] - 0 hidden object(s)

2024-05-21 15:47:03 - [MESSAGE][PASSED] - Taking screenshot successfully
[[ATTACHMENT|C:\\CIEL INGENIERIA\\Katalon\\AgendamientoADM\\Reports\\20240521_152353\\1 Configuracion\\1 Distribucion Geografica\\4 Ciudades\\20240521_152400\\1716324423198.png]]

2024-05-21 15:47:03 - [TEST_STEP][PASSED] - Start listener action : sampleAfterTestCase: null]]></system-out>
         <system-err><![CDATA[]]></system-err>
      </testcase>
      <testcase name="Test Cases/Configuracion/1 Distribucion Geografica/4 Ciudades/R47" time="23.517" classname="Test Cases/Configuracion/1 Distribucion Geografica/4 Ciudades/R47" status="PASSED">
         <system-out><![CDATA[2024-05-21 15:47:03 - [TEST_CASE][PASSED] - Test Cases/Configuracion/1 Distribucion Geografica/4 Ciudades/R47: Test Cases/Configuracion/1 Distribucion Geografica/4 Ciudades/R47

2024-05-21 15:47:04 - [TEST_STEP][PASSED] - callTestCase(findTestCase("0InicioSesion"), [:], STOP_ON_FAILURE): Call Test Case 'Test Cases/0InicioSesion' successfully

2024-05-21 15:47:04 - [TEST_CASE][PASSED] - Test Cases/0InicioSesion: Test Cases/0InicioSesion

2024-05-21 15:47:04 - [TEST_STEP][PASSED] - openBrowser(Url): Browser is opened with url: 'https://pcpruebas101.ciel.cielingenieria.com:8815/'

2024-05-21 15:47:04 - [MESSAGE][WARNING] - A browser is already opened. Closing browser and opening a new one

2024-05-21 15:47:04 - [MESSAGE][INFO] - Starting 'Chrome' driver

2024-05-21 15:47:04 - [MESSAGE][INFO] - Action delay is set to 0 milliseconds

2024-05-21 15:47:07 - [MESSAGE][PASSED] - Browser is opened with url: 'https://pcpruebas101.ciel.cielingenieria.com:8815/'

2024-05-21 15:47:07 - [TEST_STEP][PASSED] - maximizeWindow(): Current window maximized

2024-05-21 15:47:07 - [MESSAGE][PASSED] - Current window maximized

2024-05-21 15:47:07 - [TEST_STEP][PASSED] - delay(2): Delayed 2 second(s)

2024-05-21 15:47:09 - [MESSAGE][PASSED] - Delayed 2 second(s)

2024-05-21 15:47:09 - [TEST_STEP][PASSED] - setText(findTestObject("ADM/0Inicio Sesion/input_Usuario"), Usuario): Text 'Ciel' is set on object 'Object Repository/ADM/0Inicio Sesion/input_Usuario'

2024-05-21 15:47:10 - [MESSAGE][PASSED] - Text 'Ciel' is set on object 'Object Repository/ADM/0Inicio Sesion/input_Usuario'

2024-05-21 15:47:10 - [TEST_STEP][PASSED] - delay(2): Delayed 2 second(s)

2024-05-21 15:47:12 - [MESSAGE][PASSED] - Delayed 2 second(s)

2024-05-21 15:47:12 - [TEST_STEP][PASSED] - setText(findTestObject("ADM/0Inicio Sesion/input_Clave"), Clave): Text 'Digiturno5.' is set on object 'Object Repository/ADM/0Inicio Sesion/input_Clave'

2024-05-21 15:47:13 - [MESSAGE][PASSED] - Text 'Digiturno5.' is set on object 'Object Repository/ADM/0Inicio Sesion/input_Clave'

2024-05-21 15:47:13 - [TEST_STEP][PASSED] - delay(2): Delayed 2 second(s)

2024-05-21 15:47:15 - [MESSAGE][PASSED] - Delayed 2 second(s)

2024-05-21 15:47:15 - [TEST_STEP][PASSED] - click(findTestObject("ADM/0Inicio Sesion/btn_IniciarSesion")): Object: 'Object Repository/ADM/0Inicio Sesion/btn_IniciarSesion' is clicked on

2024-05-21 15:47:15 - [MESSAGE][PASSED] - Object: 'Object Repository/ADM/0Inicio Sesion/btn_IniciarSesion' is clicked on

2024-05-21 15:47:15 - [TEST_STEP][PASSED] - delay(3): Delayed 3 second(s)

2024-05-21 15:47:18 - [MESSAGE][PASSED] - Delayed 3 second(s)

2024-05-21 15:47:18 - [MESSAGE][PASSED] - Call Test Case 'Test Cases/0InicioSesion' successfully

2024-05-21 15:47:18 - [TEST_STEP][PASSED] - click(findTestObject("ADM/0Principal/a_Configuracion")): Object: 'Object Repository/ADM/0Principal/a_Configuracion' is clicked on

2024-05-21 15:47:19 - [MESSAGE][PASSED] - Object: 'Object Repository/ADM/0Principal/a_Configuracion' is clicked on

2024-05-21 15:47:19 - [TEST_STEP][PASSED] - click(findTestObject("ADM/1Configuracion/0Principal/a_1 Distribucion geografica")): Object: 'Object Repository/ADM/1Configuracion/0Principal/a_1 Distribucion geografica' is clicked on

2024-05-21 15:47:20 - [MESSAGE][PASSED] - Object: 'Object Repository/ADM/1Configuracion/0Principal/a_1 Distribucion geografica' is clicked on

2024-05-21 15:47:20 - [TEST_STEP][PASSED] - click(findTestObject("ADM/1Configuracion/1Distribucion geografica/0Principal/a_4 Ciudades")): Object: 'Object Repository/ADM/1Configuracion/1Distribucion geografica/0Principal/a_4 Ciudades' is clicked on

2024-05-21 15:47:20 - [MESSAGE][PASSED] - Object: 'Object Repository/ADM/1Configuracion/1Distribucion geografica/0Principal/a_4 Ciudades' is clicked on

2024-05-21 15:47:20 - [TEST_STEP][PASSED] - delay(2): Delayed 2 second(s)

2024-05-21 15:47:22 - [MESSAGE][PASSED] - Delayed 2 second(s)

2024-05-21 15:47:22 - [TEST_STEP][PASSED] - click(findTestObject("ADM/1Configuracion/1Distribucion geografica/4Ciudades/0 btn_NuevaCiudad"), STOP_ON_FAILURE): Object: 'Object Repository/ADM/1Configuracion/1Distribucion geografica/4Ciudades/0 btn_NuevaCiudad' is clicked on

2024-05-21 15:47:23 - [MESSAGE][PASSED] - Object: 'Object Repository/ADM/1Configuracion/1Distribucion geografica/4Ciudades/0 btn_NuevaCiudad' is clicked on

2024-05-21 15:47:23 - [TEST_STEP][PASSED] - delay(2): Delayed 2 second(s)

2024-05-21 15:47:25 - [MESSAGE][PASSED] - Delayed 2 second(s)

2024-05-21 15:47:25 - [TEST_STEP][PASSED] - verifyElementPresent(findTestObject("ADM/1Configuracion/1Distribucion geografica/4Ciudades/0 btn_NuevaCiudad(1)/input_Codigo Ciudad"), 2): Object 'Object Repository/ADM/1Configuracion/1Distribucion geografica/4Ciudades/0 btn_NuevaCiudad(1)/input_Codigo Ciudad' is present

2024-05-21 15:47:25 - [MESSAGE][PASSED] - Object 'Object Repository/ADM/1Configuracion/1Distribucion geografica/4Ciudades/0 btn_NuevaCiudad(1)/input_Codigo Ciudad' is present

2024-05-21 15:47:25 - [TEST_STEP][PASSED] - verifyElementPresent(findTestObject("ADM/1Configuracion/1Distribucion geografica/4Ciudades/0 btn_NuevaCiudad(1)/input_Nombre Ciudad"), 2): Object 'Object Repository/ADM/1Configuracion/1Distribucion geografica/4Ciudades/0 btn_NuevaCiudad(1)/input_Nombre Ciudad' is present

2024-05-21 15:47:26 - [MESSAGE][PASSED] - Object 'Object Repository/ADM/1Configuracion/1Distribucion geografica/4Ciudades/0 btn_NuevaCiudad(1)/input_Nombre Ciudad' is present

2024-05-21 15:47:26 - [TEST_STEP][PASSED] - verifyElementPresent(findTestObject("ADM/1Configuracion/1Distribucion geografica/4Ciudades/0 btn_NuevaCiudad(1)/btn_Volver"), 2): Object 'Object Repository/ADM/1Configuracion/1Distribucion geografica/4Ciudades/0 btn_NuevaCiudad(1)/btn_Volver' is present

2024-05-21 15:47:26 - [MESSAGE][PASSED] - Object 'Object Repository/ADM/1Configuracion/1Distribucion geografica/4Ciudades/0 btn_NuevaCiudad(1)/btn_Volver' is present

2024-05-21 15:47:26 - [TEST_STEP][PASSED] - verifyElementPresent(findTestObject("ADM/1Configuracion/1Distribucion geografica/4Ciudades/0 btn_NuevaCiudad(1)/btn_Guardar Ciudad"), 2): Object 'Object Repository/ADM/1Configuracion/1Distribucion geografica/4Ciudades/0 btn_NuevaCiudad(1)/btn_Guardar Ciudad' is present

2024-05-21 15:47:26 - [MESSAGE][PASSED] - Object 'Object Repository/ADM/1Configuracion/1Distribucion geografica/4Ciudades/0 btn_NuevaCiudad(1)/btn_Guardar Ciudad' is present

2024-05-21 15:47:26 - [TEST_STEP][PASSED] - takeFullPageScreenshot(): Taking screenshot successfully

2024-05-21 15:47:27 - [MESSAGE][INFO] - 0 hidden object(s)

2024-05-21 15:47:27 - [MESSAGE][PASSED] - Taking screenshot successfully
[[ATTACHMENT|C:\\CIEL INGENIERIA\\Katalon\\AgendamientoADM\\Reports\\20240521_152353\\1 Configuracion\\1 Distribucion Geografica\\4 Ciudades\\20240521_152400\\1716324446768.png]]

2024-05-21 15:47:27 - [TEST_STEP][PASSED] - Start listener action : sampleAfterTestCase: null]]></system-out>
         <system-err><![CDATA[]]></system-err>
      </testcase>
      <testcase name="Test Cases/Configuracion/1 Distribucion Geografica/4 Ciudades/R48" time="26.01" classname="Test Cases/Configuracion/1 Distribucion Geografica/4 Ciudades/R48" status="PASSED">
         <system-out><![CDATA[2024-05-21 15:47:27 - [TEST_CASE][PASSED] - Test Cases/Configuracion/1 Distribucion Geografica/4 Ciudades/R48: Test Cases/Configuracion/1 Distribucion Geografica/4 Ciudades/R48

2024-05-21 15:47:27 - [TEST_STEP][PASSED] - callTestCase(findTestCase("0InicioSesion"), [:], STOP_ON_FAILURE): Call Test Case 'Test Cases/0InicioSesion' successfully

2024-05-21 15:47:27 - [TEST_CASE][PASSED] - Test Cases/0InicioSesion: Test Cases/0InicioSesion

2024-05-21 15:47:27 - [TEST_STEP][PASSED] - openBrowser(Url): Browser is opened with url: 'https://pcpruebas101.ciel.cielingenieria.com:8815/'

2024-05-21 15:47:27 - [MESSAGE][WARNING] - A browser is already opened. Closing browser and opening a new one

2024-05-21 15:47:28 - [MESSAGE][INFO] - Starting 'Chrome' driver

2024-05-21 15:47:28 - [MESSAGE][INFO] - Action delay is set to 0 milliseconds

2024-05-21 15:47:30 - [MESSAGE][PASSED] - Browser is opened with url: 'https://pcpruebas101.ciel.cielingenieria.com:8815/'

2024-05-21 15:47:30 - [TEST_STEP][PASSED] - maximizeWindow(): Current window maximized

2024-05-21 15:47:30 - [MESSAGE][PASSED] - Current window maximized

2024-05-21 15:47:30 - [TEST_STEP][PASSED] - delay(2): Delayed 2 second(s)

2024-05-21 15:47:32 - [MESSAGE][PASSED] - Delayed 2 second(s)

2024-05-21 15:47:32 - [TEST_STEP][PASSED] - setText(findTestObject("ADM/0Inicio Sesion/input_Usuario"), Usuario): Text 'Ciel' is set on object 'Object Repository/ADM/0Inicio Sesion/input_Usuario'

2024-05-21 15:47:34 - [MESSAGE][PASSED] - Text 'Ciel' is set on object 'Object Repository/ADM/0Inicio Sesion/input_Usuario'

2024-05-21 15:47:34 - [TEST_STEP][PASSED] - delay(2): Delayed 2 second(s)

2024-05-21 15:47:36 - [MESSAGE][PASSED] - Delayed 2 second(s)

2024-05-21 15:47:36 - [TEST_STEP][PASSED] - setText(findTestObject("ADM/0Inicio Sesion/input_Clave"), Clave): Text 'Digiturno5.' is set on object 'Object Repository/ADM/0Inicio Sesion/input_Clave'

2024-05-21 15:47:36 - [MESSAGE][PASSED] - Text 'Digiturno5.' is set on object 'Object Repository/ADM/0Inicio Sesion/input_Clave'

2024-05-21 15:47:36 - [TEST_STEP][PASSED] - delay(2): Delayed 2 second(s)

2024-05-21 15:47:38 - [MESSAGE][PASSED] - Delayed 2 second(s)

2024-05-21 15:47:38 - [TEST_STEP][PASSED] - click(findTestObject("ADM/0Inicio Sesion/btn_IniciarSesion")): Object: 'Object Repository/ADM/0Inicio Sesion/btn_IniciarSesion' is clicked on

2024-05-21 15:47:39 - [MESSAGE][PASSED] - Object: 'Object Repository/ADM/0Inicio Sesion/btn_IniciarSesion' is clicked on

2024-05-21 15:47:39 - [TEST_STEP][PASSED] - delay(3): Delayed 3 second(s)

2024-05-21 15:47:42 - [MESSAGE][PASSED] - Delayed 3 second(s)

2024-05-21 15:47:42 - [MESSAGE][PASSED] - Call Test Case 'Test Cases/0InicioSesion' successfully

2024-05-21 15:47:42 - [TEST_STEP][PASSED] - click(findTestObject("ADM/0Principal/a_Configuracion")): Object: 'Object Repository/ADM/0Principal/a_Configuracion' is clicked on

2024-05-21 15:47:42 - [MESSAGE][PASSED] - Object: 'Object Repository/ADM/0Principal/a_Configuracion' is clicked on

2024-05-21 15:47:42 - [TEST_STEP][PASSED] - click(findTestObject("ADM/1Configuracion/0Principal/a_1 Distribucion geografica")): Object: 'Object Repository/ADM/1Configuracion/0Principal/a_1 Distribucion geografica' is clicked on

2024-05-21 15:47:43 - [MESSAGE][PASSED] - Object: 'Object Repository/ADM/1Configuracion/0Principal/a_1 Distribucion geografica' is clicked on

2024-05-21 15:47:43 - [TEST_STEP][PASSED] - click(findTestObject("ADM/1Configuracion/1Distribucion geografica/0Principal/a_4 Ciudades")): Object: 'Object Repository/ADM/1Configuracion/1Distribucion geografica/0Principal/a_4 Ciudades' is clicked on

2024-05-21 15:47:44 - [MESSAGE][PASSED] - Object: 'Object Repository/ADM/1Configuracion/1Distribucion geografica/0Principal/a_4 Ciudades' is clicked on

2024-05-21 15:47:44 - [TEST_STEP][PASSED] - delay(2): Delayed 2 second(s)

2024-05-21 15:47:46 - [MESSAGE][PASSED] - Delayed 2 second(s)

2024-05-21 15:47:46 - [TEST_STEP][PASSED] - click(findTestObject("ADM/1Configuracion/1Distribucion geografica/4Ciudades/0 btn_NuevaCiudad"), STOP_ON_FAILURE): Object: 'Object Repository/ADM/1Configuracion/1Distribucion geografica/4Ciudades/0 btn_NuevaCiudad' is clicked on

2024-05-21 15:47:46 - [MESSAGE][PASSED] - Object: 'Object Repository/ADM/1Configuracion/1Distribucion geografica/4Ciudades/0 btn_NuevaCiudad' is clicked on

2024-05-21 15:47:46 - [TEST_STEP][PASSED] - delay(2): Delayed 2 second(s)

2024-05-21 15:47:48 - [MESSAGE][PASSED] - Delayed 2 second(s)

2024-05-21 15:47:48 - [TEST_STEP][PASSED] - setText(findTestObject("ADM/1Configuracion/1Distribucion geografica/4Ciudades/0 btn_NuevaCiudad(1)/input_Codigo Ciudad"), "frht4756"): Text 'frht4756' is set on object 'Object Repository/ADM/1Configuracion/1Distribucion geografica/4Ciudades/0 btn_NuevaCiudad(1)/input_Codigo Ciudad'

2024-05-21 15:47:49 - [MESSAGE][PASSED] - Text 'frht4756' is set on object 'Object Repository/ADM/1Configuracion/1Distribucion geografica/4Ciudades/0 btn_NuevaCiudad(1)/input_Codigo Ciudad'

2024-05-21 15:47:49 - [TEST_STEP][PASSED] - setText(findTestObject("ADM/1Configuracion/1Distribucion geografica/4Ciudades/0 btn_NuevaCiudad(1)/input_Nombre Ciudad"), "Prueba"): Text 'Prueba' is set on object 'Object Repository/ADM/1Configuracion/1Distribucion geografica/4Ciudades/0 btn_NuevaCiudad(1)/input_Nombre Ciudad'

2024-05-21 15:47:50 - [MESSAGE][PASSED] - Text 'Prueba' is set on object 'Object Repository/ADM/1Configuracion/1Distribucion geografica/4Ciudades/0 btn_NuevaCiudad(1)/input_Nombre Ciudad'

2024-05-21 15:47:50 - [TEST_STEP][PASSED] - click(findTestObject("ADM/1Configuracion/1Distribucion geografica/4Ciudades/0 btn_NuevaCiudad(1)/btn_Guardar Ciudad"), STOP_ON_FAILURE): Object: 'Object Repository/ADM/1Configuracion/1Distribucion geografica/4Ciudades/0 btn_NuevaCiudad(1)/btn_Guardar Ciudad' is clicked on

2024-05-21 15:47:50 - [MESSAGE][PASSED] - Object: 'Object Repository/ADM/1Configuracion/1Distribucion geografica/4Ciudades/0 btn_NuevaCiudad(1)/btn_Guardar Ciudad' is clicked on

2024-05-21 15:47:50 - [TEST_STEP][PASSED] - delay(2): Delayed 2 second(s)

2024-05-21 15:47:52 - [MESSAGE][PASSED] - Delayed 2 second(s)

2024-05-21 15:47:52 - [TEST_STEP][PASSED] - takeFullPageScreenshot(): Taking screenshot successfully

2024-05-21 15:47:53 - [MESSAGE][INFO] - 0 hidden object(s)

2024-05-21 15:47:53 - [MESSAGE][PASSED] - Taking screenshot successfully
[[ATTACHMENT|C:\\CIEL INGENIERIA\\Katalon\\AgendamientoADM\\Reports\\20240521_152353\\1 Configuracion\\1 Distribucion Geografica\\4 Ciudades\\20240521_152400\\1716324472824.png]]

2024-05-21 15:47:53 - [TEST_STEP][PASSED] - Start listener action : sampleAfterTestCase: null]]></system-out>
         <system-err><![CDATA[]]></system-err>
      </testcase>
      <testcase name="Test Cases/Configuracion/1 Distribucion Geografica/4 Ciudades/R49" time="26.042" classname="Test Cases/Configuracion/1 Distribucion Geografica/4 Ciudades/R49" status="PASSED">
         <system-out><![CDATA[2024-05-21 15:47:53 - [TEST_CASE][PASSED] - Test Cases/Configuracion/1 Distribucion Geografica/4 Ciudades/R49: Test Cases/Configuracion/1 Distribucion Geografica/4 Ciudades/R49

2024-05-21 15:47:53 - [TEST_STEP][PASSED] - callTestCase(findTestCase("0InicioSesion"), [:], STOP_ON_FAILURE): Call Test Case 'Test Cases/0InicioSesion' successfully

2024-05-21 15:47:53 - [TEST_CASE][PASSED] - Test Cases/0InicioSesion: Test Cases/0InicioSesion

2024-05-21 15:47:53 - [TEST_STEP][PASSED] - openBrowser(Url): Browser is opened with url: 'https://pcpruebas101.ciel.cielingenieria.com:8815/'

2024-05-21 15:47:53 - [MESSAGE][WARNING] - A browser is already opened. Closing browser and opening a new one

2024-05-21 15:47:54 - [MESSAGE][INFO] - Starting 'Chrome' driver

2024-05-21 15:47:54 - [MESSAGE][INFO] - Action delay is set to 0 milliseconds

2024-05-21 15:47:56 - [MESSAGE][PASSED] - Browser is opened with url: 'https://pcpruebas101.ciel.cielingenieria.com:8815/'

2024-05-21 15:47:56 - [TEST_STEP][PASSED] - maximizeWindow(): Current window maximized

2024-05-21 15:47:56 - [MESSAGE][PASSED] - Current window maximized

2024-05-21 15:47:56 - [TEST_STEP][PASSED] - delay(2): Delayed 2 second(s)

2024-05-21 15:47:58 - [MESSAGE][PASSED] - Delayed 2 second(s)

2024-05-21 15:47:58 - [TEST_STEP][PASSED] - setText(findTestObject("ADM/0Inicio Sesion/input_Usuario"), Usuario): Text 'Ciel' is set on object 'Object Repository/ADM/0Inicio Sesion/input_Usuario'

2024-05-21 15:47:59 - [MESSAGE][PASSED] - Text 'Ciel' is set on object 'Object Repository/ADM/0Inicio Sesion/input_Usuario'

2024-05-21 15:47:59 - [TEST_STEP][PASSED] - delay(2): Delayed 2 second(s)

2024-05-21 15:48:02 - [MESSAGE][PASSED] - Delayed 2 second(s)

2024-05-21 15:48:02 - [TEST_STEP][PASSED] - setText(findTestObject("ADM/0Inicio Sesion/input_Clave"), Clave): Text 'Digiturno5.' is set on object 'Object Repository/ADM/0Inicio Sesion/input_Clave'

2024-05-21 15:48:02 - [MESSAGE][PASSED] - Text 'Digiturno5.' is set on object 'Object Repository/ADM/0Inicio Sesion/input_Clave'

2024-05-21 15:48:02 - [TEST_STEP][PASSED] - delay(2): Delayed 2 second(s)

2024-05-21 15:48:04 - [MESSAGE][PASSED] - Delayed 2 second(s)

2024-05-21 15:48:04 - [TEST_STEP][PASSED] - click(findTestObject("ADM/0Inicio Sesion/btn_IniciarSesion")): Object: 'Object Repository/ADM/0Inicio Sesion/btn_IniciarSesion' is clicked on

2024-05-21 15:48:05 - [MESSAGE][PASSED] - Object: 'Object Repository/ADM/0Inicio Sesion/btn_IniciarSesion' is clicked on

2024-05-21 15:48:05 - [TEST_STEP][PASSED] - delay(3): Delayed 3 second(s)

2024-05-21 15:48:08 - [MESSAGE][PASSED] - Delayed 3 second(s)

2024-05-21 15:48:08 - [MESSAGE][PASSED] - Call Test Case 'Test Cases/0InicioSesion' successfully

2024-05-21 15:48:08 - [TEST_STEP][PASSED] - click(findTestObject("ADM/0Principal/a_Configuracion")): Object: 'Object Repository/ADM/0Principal/a_Configuracion' is clicked on

2024-05-21 15:48:08 - [MESSAGE][PASSED] - Object: 'Object Repository/ADM/0Principal/a_Configuracion' is clicked on

2024-05-21 15:48:08 - [TEST_STEP][PASSED] - click(findTestObject("ADM/1Configuracion/0Principal/a_1 Distribucion geografica")): Object: 'Object Repository/ADM/1Configuracion/0Principal/a_1 Distribucion geografica' is clicked on

2024-05-21 15:48:09 - [MESSAGE][PASSED] - Object: 'Object Repository/ADM/1Configuracion/0Principal/a_1 Distribucion geografica' is clicked on

2024-05-21 15:48:09 - [TEST_STEP][PASSED] - click(findTestObject("ADM/1Configuracion/1Distribucion geografica/0Principal/a_4 Ciudades")): Object: 'Object Repository/ADM/1Configuracion/1Distribucion geografica/0Principal/a_4 Ciudades' is clicked on

2024-05-21 15:48:10 - [MESSAGE][PASSED] - Object: 'Object Repository/ADM/1Configuracion/1Distribucion geografica/0Principal/a_4 Ciudades' is clicked on

2024-05-21 15:48:10 - [TEST_STEP][PASSED] - delay(2): Delayed 2 second(s)

2024-05-21 15:48:12 - [MESSAGE][PASSED] - Delayed 2 second(s)

2024-05-21 15:48:12 - [TEST_STEP][PASSED] - click(findTestObject("ADM/1Configuracion/1Distribucion geografica/4Ciudades/0 btn_NuevaCiudad"), STOP_ON_FAILURE): Object: 'Object Repository/ADM/1Configuracion/1Distribucion geografica/4Ciudades/0 btn_NuevaCiudad' is clicked on

2024-05-21 15:48:12 - [MESSAGE][PASSED] - Object: 'Object Repository/ADM/1Configuracion/1Distribucion geografica/4Ciudades/0 btn_NuevaCiudad' is clicked on

2024-05-21 15:48:12 - [TEST_STEP][PASSED] - delay(2): Delayed 2 second(s)

2024-05-21 15:48:14 - [MESSAGE][PASSED] - Delayed 2 second(s)

2024-05-21 15:48:14 - [TEST_STEP][PASSED] - setText(findTestObject("ADM/1Configuracion/1Distribucion geografica/4Ciudades/0 btn_NuevaCiudad(1)/input_Codigo Ciudad"), "8"): Text '8' is set on object 'Object Repository/ADM/1Configuracion/1Distribucion geografica/4Ciudades/0 btn_NuevaCiudad(1)/input_Codigo Ciudad'

2024-05-21 15:48:15 - [MESSAGE][PASSED] - Text '8' is set on object 'Object Repository/ADM/1Configuracion/1Distribucion geografica/4Ciudades/0 btn_NuevaCiudad(1)/input_Codigo Ciudad'

2024-05-21 15:48:15 - [TEST_STEP][PASSED] - setText(findTestObject("ADM/1Configuracion/1Distribucion geografica/4Ciudades/0 btn_NuevaCiudad(1)/input_Nombre Ciudad"), "98(Prueba)"): Text '98(Prueba)' is set on object 'Object Repository/ADM/1Configuracion/1Distribucion geografica/4Ciudades/0 btn_NuevaCiudad(1)/input_Nombre Ciudad'

2024-05-21 15:48:16 - [MESSAGE][PASSED] - Text '98(Prueba)' is set on object 'Object Repository/ADM/1Configuracion/1Distribucion geografica/4Ciudades/0 btn_NuevaCiudad(1)/input_Nombre Ciudad'

2024-05-21 15:48:16 - [TEST_STEP][PASSED] - click(findTestObject("ADM/1Configuracion/1Distribucion geografica/4Ciudades/0 btn_NuevaCiudad(1)/btn_Guardar Ciudad"), STOP_ON_FAILURE): Object: 'Object Repository/ADM/1Configuracion/1Distribucion geografica/4Ciudades/0 btn_NuevaCiudad(1)/btn_Guardar Ciudad' is clicked on

2024-05-21 15:48:16 - [MESSAGE][PASSED] - Object: 'Object Repository/ADM/1Configuracion/1Distribucion geografica/4Ciudades/0 btn_NuevaCiudad(1)/btn_Guardar Ciudad' is clicked on

2024-05-21 15:48:16 - [TEST_STEP][PASSED] - delay(2): Delayed 2 second(s)

2024-05-21 15:48:18 - [MESSAGE][PASSED] - Delayed 2 second(s)

2024-05-21 15:48:18 - [TEST_STEP][PASSED] - takeFullPageScreenshot(): Taking screenshot successfully

2024-05-21 15:48:19 - [MESSAGE][INFO] - 0 hidden object(s)

2024-05-21 15:48:19 - [MESSAGE][PASSED] - Taking screenshot successfully
[[ATTACHMENT|C:\\CIEL INGENIERIA\\Katalon\\AgendamientoADM\\Reports\\20240521_152353\\1 Configuracion\\1 Distribucion Geografica\\4 Ciudades\\20240521_152400\\1716324498787.png]]

2024-05-21 15:48:19 - [TEST_STEP][PASSED] - Start listener action : sampleAfterTestCase: null]]></system-out>
         <system-err><![CDATA[]]></system-err>
      </testcase>
      <testcase name="Test Cases/Configuracion/1 Distribucion Geografica/4 Ciudades/R50" time="26.918" classname="Test Cases/Configuracion/1 Distribucion Geografica/4 Ciudades/R50" status="PASSED">
         <system-out><![CDATA[2024-05-21 15:48:19 - [TEST_CASE][PASSED] - Test Cases/Configuracion/1 Distribucion Geografica/4 Ciudades/R50: Test Cases/Configuracion/1 Distribucion Geografica/4 Ciudades/R50

2024-05-21 15:48:19 - [TEST_STEP][PASSED] - callTestCase(findTestCase("0InicioSesion"), [:], STOP_ON_FAILURE): Call Test Case 'Test Cases/0InicioSesion' successfully

2024-05-21 15:48:19 - [TEST_CASE][PASSED] - Test Cases/0InicioSesion: Test Cases/0InicioSesion

2024-05-21 15:48:19 - [TEST_STEP][PASSED] - openBrowser(Url): Browser is opened with url: 'https://pcpruebas101.ciel.cielingenieria.com:8815/'

2024-05-21 15:48:19 - [MESSAGE][WARNING] - A browser is already opened. Closing browser and opening a new one

2024-05-21 15:48:20 - [MESSAGE][INFO] - Starting 'Chrome' driver

2024-05-21 15:48:20 - [MESSAGE][INFO] - Action delay is set to 0 milliseconds

2024-05-21 15:48:22 - [MESSAGE][PASSED] - Browser is opened with url: 'https://pcpruebas101.ciel.cielingenieria.com:8815/'

2024-05-21 15:48:22 - [TEST_STEP][PASSED] - maximizeWindow(): Current window maximized

2024-05-21 15:48:22 - [MESSAGE][PASSED] - Current window maximized

2024-05-21 15:48:22 - [TEST_STEP][PASSED] - delay(2): Delayed 2 second(s)

2024-05-21 15:48:24 - [MESSAGE][PASSED] - Delayed 2 second(s)

2024-05-21 15:48:24 - [TEST_STEP][PASSED] - setText(findTestObject("ADM/0Inicio Sesion/input_Usuario"), Usuario): Text 'Ciel' is set on object 'Object Repository/ADM/0Inicio Sesion/input_Usuario'

2024-05-21 15:48:26 - [MESSAGE][PASSED] - Text 'Ciel' is set on object 'Object Repository/ADM/0Inicio Sesion/input_Usuario'

2024-05-21 15:48:26 - [TEST_STEP][PASSED] - delay(2): Delayed 2 second(s)

2024-05-21 15:48:28 - [MESSAGE][PASSED] - Delayed 2 second(s)

2024-05-21 15:48:28 - [TEST_STEP][PASSED] - setText(findTestObject("ADM/0Inicio Sesion/input_Clave"), Clave): Text 'Digiturno5.' is set on object 'Object Repository/ADM/0Inicio Sesion/input_Clave'

2024-05-21 15:48:28 - [MESSAGE][PASSED] - Text 'Digiturno5.' is set on object 'Object Repository/ADM/0Inicio Sesion/input_Clave'

2024-05-21 15:48:28 - [TEST_STEP][PASSED] - delay(2): Delayed 2 second(s)

2024-05-21 15:48:30 - [MESSAGE][PASSED] - Delayed 2 second(s)

2024-05-21 15:48:30 - [TEST_STEP][PASSED] - click(findTestObject("ADM/0Inicio Sesion/btn_IniciarSesion")): Object: 'Object Repository/ADM/0Inicio Sesion/btn_IniciarSesion' is clicked on

2024-05-21 15:48:31 - [MESSAGE][PASSED] - Object: 'Object Repository/ADM/0Inicio Sesion/btn_IniciarSesion' is clicked on

2024-05-21 15:48:31 - [TEST_STEP][PASSED] - delay(3): Delayed 3 second(s)

2024-05-21 15:48:34 - [MESSAGE][PASSED] - Delayed 3 second(s)

2024-05-21 15:48:34 - [MESSAGE][PASSED] - Call Test Case 'Test Cases/0InicioSesion' successfully

2024-05-21 15:48:34 - [TEST_STEP][PASSED] - click(findTestObject("ADM/0Principal/a_Configuracion")): Object: 'Object Repository/ADM/0Principal/a_Configuracion' is clicked on

2024-05-21 15:48:35 - [MESSAGE][PASSED] - Object: 'Object Repository/ADM/0Principal/a_Configuracion' is clicked on

2024-05-21 15:48:35 - [TEST_STEP][PASSED] - click(findTestObject("ADM/1Configuracion/0Principal/a_1 Distribucion geografica")): Object: 'Object Repository/ADM/1Configuracion/0Principal/a_1 Distribucion geografica' is clicked on

2024-05-21 15:48:35 - [MESSAGE][PASSED] - Object: 'Object Repository/ADM/1Configuracion/0Principal/a_1 Distribucion geografica' is clicked on

2024-05-21 15:48:35 - [TEST_STEP][PASSED] - click(findTestObject("ADM/1Configuracion/1Distribucion geografica/0Principal/a_4 Ciudades")): Object: 'Object Repository/ADM/1Configuracion/1Distribucion geografica/0Principal/a_4 Ciudades' is clicked on

2024-05-21 15:48:36 - [MESSAGE][PASSED] - Object: 'Object Repository/ADM/1Configuracion/1Distribucion geografica/0Principal/a_4 Ciudades' is clicked on

2024-05-21 15:48:36 - [TEST_STEP][PASSED] - delay(2): Delayed 2 second(s)

2024-05-21 15:48:38 - [MESSAGE][PASSED] - Delayed 2 second(s)

2024-05-21 15:48:38 - [TEST_STEP][PASSED] - click(findTestObject("ADM/1Configuracion/1Distribucion geografica/4Ciudades/0 btn_NuevaCiudad"), STOP_ON_FAILURE): Object: 'Object Repository/ADM/1Configuracion/1Distribucion geografica/4Ciudades/0 btn_NuevaCiudad' is clicked on

2024-05-21 15:48:38 - [MESSAGE][PASSED] - Object: 'Object Repository/ADM/1Configuracion/1Distribucion geografica/4Ciudades/0 btn_NuevaCiudad' is clicked on

2024-05-21 15:48:38 - [TEST_STEP][PASSED] - delay(2): Delayed 2 second(s)

2024-05-21 15:48:40 - [MESSAGE][PASSED] - Delayed 2 second(s)

2024-05-21 15:48:40 - [TEST_STEP][PASSED] - takeFullPageScreenshot(): Taking screenshot successfully

2024-05-21 15:48:41 - [MESSAGE][INFO] - 0 hidden object(s)

2024-05-21 15:48:41 - [MESSAGE][PASSED] - Taking screenshot successfully
[[ATTACHMENT|C:\\CIEL INGENIERIA\\Katalon\\AgendamientoADM\\Reports\\20240521_152353\\1 Configuracion\\1 Distribucion Geografica\\4 Ciudades\\20240521_152400\\1716324520833.png]]

2024-05-21 15:48:41 - [TEST_STEP][PASSED] - delay(2): Delayed 2 second(s)

2024-05-21 15:48:43 - [MESSAGE][PASSED] - Delayed 2 second(s)

2024-05-21 15:48:43 - [TEST_STEP][PASSED] - click(findTestObject("ADM/1Configuracion/1Distribucion geografica/4Ciudades/0 btn_NuevaCiudad(1)/btn_Volver"), STOP_ON_FAILURE): Object: 'Object Repository/ADM/1Configuracion/1Distribucion geografica/4Ciudades/0 btn_NuevaCiudad(1)/btn_Volver' is clicked on

2024-05-21 15:48:43 - [MESSAGE][PASSED] - Object: 'Object Repository/ADM/1Configuracion/1Distribucion geografica/4Ciudades/0 btn_NuevaCiudad(1)/btn_Volver' is clicked on

2024-05-21 15:48:43 - [TEST_STEP][PASSED] - delay(2): Delayed 2 second(s)

2024-05-21 15:48:45 - [MESSAGE][PASSED] - Delayed 2 second(s)

2024-05-21 15:48:45 - [TEST_STEP][PASSED] - takeFullPageScreenshot(): Taking screenshot successfully

2024-05-21 15:48:46 - [MESSAGE][INFO] - 0 hidden object(s)

2024-05-21 15:48:46 - [MESSAGE][PASSED] - Taking screenshot successfully
[[ATTACHMENT|C:\\CIEL INGENIERIA\\Katalon\\AgendamientoADM\\Reports\\20240521_152353\\1 Configuracion\\1 Distribucion Geografica\\4 Ciudades\\20240521_152400\\1716324525851.png]]

2024-05-21 15:48:46 - [TEST_STEP][PASSED] - Start listener action : sampleAfterTestCase: null]]></system-out>
         <system-err><![CDATA[]]></system-err>
      </testcase>
      <testcase name="Test Cases/Configuracion/1 Distribucion Geografica/4 Ciudades/R51" time="19.476" classname="Test Cases/Configuracion/1 Distribucion Geografica/4 Ciudades/R51" status="PASSED">
         <system-out><![CDATA[2024-05-21 15:48:46 - [TEST_CASE][PASSED] - Test Cases/Configuracion/1 Distribucion Geografica/4 Ciudades/R51: Test Cases/Configuracion/1 Distribucion Geografica/4 Ciudades/R51

2024-05-21 15:48:46 - [TEST_STEP][PASSED] - callTestCase(findTestCase("0InicioSesion"), [:], STOP_ON_FAILURE): Call Test Case 'Test Cases/0InicioSesion' successfully

2024-05-21 15:48:46 - [TEST_CASE][PASSED] - Test Cases/0InicioSesion: Test Cases/0InicioSesion

2024-05-21 15:48:46 - [TEST_STEP][PASSED] - openBrowser(Url): Browser is opened with url: 'https://pcpruebas101.ciel.cielingenieria.com:8815/'

2024-05-21 15:48:46 - [MESSAGE][WARNING] - A browser is already opened. Closing browser and opening a new one

2024-05-21 15:48:47 - [MESSAGE][INFO] - Starting 'Chrome' driver

2024-05-21 15:48:47 - [MESSAGE][INFO] - Action delay is set to 0 milliseconds

2024-05-21 15:48:49 - [MESSAGE][PASSED] - Browser is opened with url: 'https://pcpruebas101.ciel.cielingenieria.com:8815/'

2024-05-21 15:48:49 - [TEST_STEP][PASSED] - maximizeWindow(): Current window maximized

2024-05-21 15:48:49 - [MESSAGE][PASSED] - Current window maximized

2024-05-21 15:48:49 - [TEST_STEP][PASSED] - delay(2): Delayed 2 second(s)

2024-05-21 15:48:51 - [MESSAGE][PASSED] - Delayed 2 second(s)

2024-05-21 15:48:51 - [TEST_STEP][PASSED] - setText(findTestObject("ADM/0Inicio Sesion/input_Usuario"), Usuario): Text 'Ciel' is set on object 'Object Repository/ADM/0Inicio Sesion/input_Usuario'

2024-05-21 15:48:53 - [MESSAGE][PASSED] - Text 'Ciel' is set on object 'Object Repository/ADM/0Inicio Sesion/input_Usuario'

2024-05-21 15:48:53 - [TEST_STEP][PASSED] - delay(2): Delayed 2 second(s)

2024-05-21 15:48:55 - [MESSAGE][PASSED] - Delayed 2 second(s)

2024-05-21 15:48:55 - [TEST_STEP][PASSED] - setText(findTestObject("ADM/0Inicio Sesion/input_Clave"), Clave): Text 'Digiturno5.' is set on object 'Object Repository/ADM/0Inicio Sesion/input_Clave'

2024-05-21 15:48:55 - [MESSAGE][PASSED] - Text 'Digiturno5.' is set on object 'Object Repository/ADM/0Inicio Sesion/input_Clave'

2024-05-21 15:48:55 - [TEST_STEP][PASSED] - delay(2): Delayed 2 second(s)

2024-05-21 15:48:57 - [MESSAGE][PASSED] - Delayed 2 second(s)

2024-05-21 15:48:57 - [TEST_STEP][PASSED] - click(findTestObject("ADM/0Inicio Sesion/btn_IniciarSesion")): Object: 'Object Repository/ADM/0Inicio Sesion/btn_IniciarSesion' is clicked on

2024-05-21 15:48:58 - [MESSAGE][PASSED] - Object: 'Object Repository/ADM/0Inicio Sesion/btn_IniciarSesion' is clicked on

2024-05-21 15:48:58 - [TEST_STEP][PASSED] - delay(3): Delayed 3 second(s)

2024-05-21 15:49:01 - [MESSAGE][PASSED] - Delayed 3 second(s)

2024-05-21 15:49:01 - [MESSAGE][PASSED] - Call Test Case 'Test Cases/0InicioSesion' successfully

2024-05-21 15:49:01 - [TEST_STEP][PASSED] - click(findTestObject("ADM/0Principal/a_Configuracion")): Object: 'Object Repository/ADM/0Principal/a_Configuracion' is clicked on

2024-05-21 15:49:01 - [MESSAGE][PASSED] - Object: 'Object Repository/ADM/0Principal/a_Configuracion' is clicked on

2024-05-21 15:49:01 - [TEST_STEP][PASSED] - click(findTestObject("ADM/1Configuracion/0Principal/a_1 Distribucion geografica")): Object: 'Object Repository/ADM/1Configuracion/0Principal/a_1 Distribucion geografica' is clicked on

2024-05-21 15:49:02 - [MESSAGE][PASSED] - Object: 'Object Repository/ADM/1Configuracion/0Principal/a_1 Distribucion geografica' is clicked on

2024-05-21 15:49:02 - [TEST_STEP][PASSED] - click(findTestObject("ADM/1Configuracion/1Distribucion geografica/0Principal/a_4 Ciudades")): Object: 'Object Repository/ADM/1Configuracion/1Distribucion geografica/0Principal/a_4 Ciudades' is clicked on

2024-05-21 15:49:03 - [MESSAGE][PASSED] - Object: 'Object Repository/ADM/1Configuracion/1Distribucion geografica/0Principal/a_4 Ciudades' is clicked on

2024-05-21 15:49:03 - [TEST_STEP][PASSED] - delay(2): Delayed 2 second(s)

2024-05-21 15:49:05 - [MESSAGE][PASSED] - Delayed 2 second(s)

2024-05-21 15:49:05 - [TEST_STEP][PASSED] - takeFullPageScreenshot(): Taking screenshot successfully

2024-05-21 15:49:05 - [MESSAGE][INFO] - 0 hidden object(s)

2024-05-21 15:49:05 - [MESSAGE][PASSED] - Taking screenshot successfully
[[ATTACHMENT|C:\\CIEL INGENIERIA\\Katalon\\AgendamientoADM\\Reports\\20240521_152353\\1 Configuracion\\1 Distribucion Geografica\\4 Ciudades\\20240521_152400\\1716324545252.png]]

2024-05-21 15:49:05 - [TEST_STEP][PASSED] - Start listener action : sampleAfterTestCase: null]]></system-out>
         <system-err><![CDATA[]]></system-err>
      </testcase>
      <testcase name="Test Cases/Configuracion/1 Distribucion Geografica/4 Ciudades/R52" time="50.164" classname="Test Cases/Configuracion/1 Distribucion Geografica/4 Ciudades/R52" status="FAILED">
         <failure type="FAILED" message="Test Cases/Configuracion/1 Distribucion Geografica/4 Ciudades/R52 FAILED.
Reason:
com.kms.katalon.core.exception.StepFailedException: Unable to click on object 'Object Repository/ADM/1Configuracion/1Distribucion geografica/4Ciudades/a_td8Borrar (prueba)'
	at com.kms.katalon.core.webui.keyword.internal.WebUIKeywordMain.stepFailed(WebUIKeywordMain.groovy:64)
	at com.kms.katalon.core.webui.keyword.internal.WebUIKeywordMain.runKeyword(WebUIKeywordMain.groovy:26)
	at com.kms.katalon.core.webui.keyword.builtin.ClickKeyword.click(ClickKeyword.groovy:74)
	at com.kms.katalon.core.webui.keyword.builtin.ClickKeyword.execute(ClickKeyword.groovy:40)
	at com.kms.katalon.core.keyword.internal.KeywordExecutor.executeKeywordForPlatform(KeywordExecutor.groovy:74)
	at com.kms.katalon.core.webui.keyword.WebUiBuiltInKeywords.click(WebUiBuiltInKeywords.groovy:608)
	at com.kms.katalon.core.webui.keyword.WebUiBuiltInKeywords$click$5.call(Unknown Source)
	at R52.run(R52:30)
	at com.kms.katalon.core.main.ScriptEngine.run(ScriptEngine.java:194)
	at com.kms.katalon.core.main.ScriptEngine.runScriptAsRawText(ScriptEngine.java:119)
	at com.kms.katalon.core.main.TestCaseExecutor.runScript(TestCaseExecutor.java:448)
	at com.kms.katalon.core.main.TestCaseExecutor.doExecute(TestCaseExecutor.java:439)
	at com.kms.katalon.core.main.TestCaseExecutor.processExecutionPhase(TestCaseExecutor.java:418)
	at com.kms.katalon.core.main.TestCaseExecutor.accessMainPhase(TestCaseExecutor.java:410)
	at com.kms.katalon.core.main.TestCaseExecutor.execute(TestCaseExecutor.java:285)
	at com.kms.katalon.core.common.CommonExecutor.accessTestCaseMainPhase(CommonExecutor.java:65)
	at com.kms.katalon.core.main.TestSuiteExecutor.accessTestSuiteMainPhase(TestSuiteExecutor.java:148)
	at com.kms.katalon.core.main.TestSuiteExecutor.execute(TestSuiteExecutor.java:106)
	at com.kms.katalon.core.main.TestCaseMain.startTestSuite(TestCaseMain.java:187)
	at com.kms.katalon.core.main.TestCaseMain$startTestSuite$0.call(Unknown Source)
	at TempTestSuite1716323040498.run(TempTestSuite1716323040498.groovy:35)
Caused by: com.kms.katalon.core.webui.exception.WebElementNotFoundException: Web element with id: 'Object Repository/ADM/1Configuracion/1Distribucion geografica/4Ciudades/a_td8Borrar (prueba)' located by '//a[@id='ctl00_ContentPlaceHolder2_gvCiudades_ctl08_btnBorrar']' not found
	at com.kms.katalon.core.webui.common.WebUiCommonHelper.findWebElement(WebUiCommonHelper.java:1381)
	at com.kms.katalon.core.webui.keyword.internal.WebUIAbstractKeyword.findWebElement(WebUIAbstractKeyword.groovy:27)
	at com.kms.katalon.core.webui.keyword.builtin.ClickKeyword$_click_closure1.doCall(ClickKeyword.groovy:65)
	at com.kms.katalon.core.webui.keyword.builtin.ClickKeyword$_click_closure1.call(ClickKeyword.groovy)
	at com.kms.katalon.core.webui.keyword.internal.WebUIKeywordMain.runKeyword(WebUIKeywordMain.groovy:20)
	... 19 more
"/>
         <system-out><![CDATA[2024-05-21 15:49:05 - [TEST_CASE][FAILED] - Test Cases/Configuracion/1 Distribucion Geografica/4 Ciudades/R52: Test Cases/Configuracion/1 Distribucion Geografica/4 Ciudades/R52 FAILED.
Reason:
com.kms.katalon.core.exception.StepFailedException: Unable to click on object 'Object Repository/ADM/1Configuracion/1Distribucion geografica/4Ciudades/a_td8Borrar (prueba)'
	at com.kms.katalon.core.webui.keyword.internal.WebUIKeywordMain.stepFailed(WebUIKeywordMain.groovy:64)
	at com.kms.katalon.core.webui.keyword.internal.WebUIKeywordMain.runKeyword(WebUIKeywordMain.groovy:26)
	at com.kms.katalon.core.webui.keyword.builtin.ClickKeyword.click(ClickKeyword.groovy:74)
	at com.kms.katalon.core.webui.keyword.builtin.ClickKeyword.execute(ClickKeyword.groovy:40)
	at com.kms.katalon.core.keyword.internal.KeywordExecutor.executeKeywordForPlatform(KeywordExecutor.groovy:74)
	at com.kms.katalon.core.webui.keyword.WebUiBuiltInKeywords.click(WebUiBuiltInKeywords.groovy:608)
	at com.kms.katalon.core.webui.keyword.WebUiBuiltInKeywords$click$5.call(Unknown Source)
	at R52.run(R52:30)
	at com.kms.katalon.core.main.ScriptEngine.run(ScriptEngine.java:194)
	at com.kms.katalon.core.main.ScriptEngine.runScriptAsRawText(ScriptEngine.java:119)
	at com.kms.katalon.core.main.TestCaseExecutor.runScript(TestCaseExecutor.java:448)
	at com.kms.katalon.core.main.TestCaseExecutor.doExecute(TestCaseExecutor.java:439)
	at com.kms.katalon.core.main.TestCaseExecutor.processExecutionPhase(TestCaseExecutor.java:418)
	at com.kms.katalon.core.main.TestCaseExecutor.accessMainPhase(TestCaseExecutor.java:410)
	at com.kms.katalon.core.main.TestCaseExecutor.execute(TestCaseExecutor.java:285)
	at com.kms.katalon.core.common.CommonExecutor.accessTestCaseMainPhase(CommonExecutor.java:65)
	at com.kms.katalon.core.main.TestSuiteExecutor.accessTestSuiteMainPhase(TestSuiteExecutor.java:148)
	at com.kms.katalon.core.main.TestSuiteExecutor.execute(TestSuiteExecutor.java:106)
	at com.kms.katalon.core.main.TestCaseMain.startTestSuite(TestCaseMain.java:187)
	at com.kms.katalon.core.main.TestCaseMain$startTestSuite$0.call(Unknown Source)
	at TempTestSuite1716323040498.run(TempTestSuite1716323040498.groovy:35)
Caused by: com.kms.katalon.core.webui.exception.WebElementNotFoundException: Web element with id: 'Object Repository/ADM/1Configuracion/1Distribucion geografica/4Ciudades/a_td8Borrar (prueba)' located by '//a[@id='ctl00_ContentPlaceHolder2_gvCiudades_ctl08_btnBorrar']' not found
	at com.kms.katalon.core.webui.common.WebUiCommonHelper.findWebElement(WebUiCommonHelper.java:1381)
	at com.kms.katalon.core.webui.keyword.internal.WebUIAbstractKeyword.findWebElement(WebUIAbstractKeyword.groovy:27)
	at com.kms.katalon.core.webui.keyword.builtin.ClickKeyword$_click_closure1.doCall(ClickKeyword.groovy:65)
	at com.kms.katalon.core.webui.keyword.builtin.ClickKeyword$_click_closure1.call(ClickKeyword.groovy)
	at com.kms.katalon.core.webui.keyword.internal.WebUIKeywordMain.runKeyword(WebUIKeywordMain.groovy:20)
	... 19 more


2024-05-21 15:49:06 - [TEST_STEP][PASSED] - callTestCase(findTestCase("0InicioSesion"), [:], STOP_ON_FAILURE): Call Test Case 'Test Cases/0InicioSesion' successfully

2024-05-21 15:49:06 - [TEST_CASE][PASSED] - Test Cases/0InicioSesion: Test Cases/0InicioSesion

2024-05-21 15:49:06 - [TEST_STEP][PASSED] - openBrowser(Url): Browser is opened with url: 'https://pcpruebas101.ciel.cielingenieria.com:8815/'

2024-05-21 15:49:06 - [MESSAGE][WARNING] - A browser is already opened. Closing browser and opening a new one

2024-05-21 15:49:06 - [MESSAGE][INFO] - Starting 'Chrome' driver

2024-05-21 15:49:06 - [MESSAGE][INFO] - Action delay is set to 0 milliseconds

2024-05-21 15:49:09 - [MESSAGE][PASSED] - Browser is opened with url: 'https://pcpruebas101.ciel.cielingenieria.com:8815/'

2024-05-21 15:49:09 - [TEST_STEP][PASSED] - maximizeWindow(): Current window maximized

2024-05-21 15:49:09 - [MESSAGE][PASSED] - Current window maximized

2024-05-21 15:49:09 - [TEST_STEP][PASSED] - delay(2): Delayed 2 second(s)

2024-05-21 15:49:11 - [MESSAGE][PASSED] - Delayed 2 second(s)

2024-05-21 15:49:11 - [TEST_STEP][PASSED] - setText(findTestObject("ADM/0Inicio Sesion/input_Usuario"), Usuario): Text 'Ciel' is set on object 'Object Repository/ADM/0Inicio Sesion/input_Usuario'

2024-05-21 15:49:12 - [MESSAGE][PASSED] - Text 'Ciel' is set on object 'Object Repository/ADM/0Inicio Sesion/input_Usuario'

2024-05-21 15:49:12 - [TEST_STEP][PASSED] - delay(2): Delayed 2 second(s)

2024-05-21 15:49:14 - [MESSAGE][PASSED] - Delayed 2 second(s)

2024-05-21 15:49:14 - [TEST_STEP][PASSED] - setText(findTestObject("ADM/0Inicio Sesion/input_Clave"), Clave): Text 'Digiturno5.' is set on object 'Object Repository/ADM/0Inicio Sesion/input_Clave'

2024-05-21 15:49:15 - [MESSAGE][PASSED] - Text 'Digiturno5.' is set on object 'Object Repository/ADM/0Inicio Sesion/input_Clave'

2024-05-21 15:49:15 - [TEST_STEP][PASSED] - delay(2): Delayed 2 second(s)

2024-05-21 15:49:17 - [MESSAGE][PASSED] - Delayed 2 second(s)

2024-05-21 15:49:17 - [TEST_STEP][PASSED] - click(findTestObject("ADM/0Inicio Sesion/btn_IniciarSesion")): Object: 'Object Repository/ADM/0Inicio Sesion/btn_IniciarSesion' is clicked on

2024-05-21 15:49:17 - [MESSAGE][PASSED] - Object: 'Object Repository/ADM/0Inicio Sesion/btn_IniciarSesion' is clicked on

2024-05-21 15:49:17 - [TEST_STEP][PASSED] - delay(3): Delayed 3 second(s)

2024-05-21 15:49:20 - [MESSAGE][PASSED] - Delayed 3 second(s)

2024-05-21 15:49:20 - [MESSAGE][PASSED] - Call Test Case 'Test Cases/0InicioSesion' successfully

2024-05-21 15:49:20 - [TEST_STEP][PASSED] - click(findTestObject("ADM/0Principal/a_Configuracion")): Object: 'Object Repository/ADM/0Principal/a_Configuracion' is clicked on

2024-05-21 15:49:21 - [MESSAGE][PASSED] - Object: 'Object Repository/ADM/0Principal/a_Configuracion' is clicked on

2024-05-21 15:49:21 - [TEST_STEP][PASSED] - click(findTestObject("ADM/1Configuracion/0Principal/a_1 Distribucion geografica")): Object: 'Object Repository/ADM/1Configuracion/0Principal/a_1 Distribucion geografica' is clicked on

2024-05-21 15:49:21 - [MESSAGE][PASSED] - Object: 'Object Repository/ADM/1Configuracion/0Principal/a_1 Distribucion geografica' is clicked on

2024-05-21 15:49:21 - [TEST_STEP][PASSED] - click(findTestObject("ADM/1Configuracion/1Distribucion geografica/0Principal/a_4 Ciudades")): Object: 'Object Repository/ADM/1Configuracion/1Distribucion geografica/0Principal/a_4 Ciudades' is clicked on

2024-05-21 15:49:22 - [MESSAGE][PASSED] - Object: 'Object Repository/ADM/1Configuracion/1Distribucion geografica/0Principal/a_4 Ciudades' is clicked on

2024-05-21 15:49:22 - [TEST_STEP][PASSED] - delay(2): Delayed 2 second(s)

2024-05-21 15:49:24 - [MESSAGE][PASSED] - Delayed 2 second(s)

2024-05-21 15:49:24 - [TEST_STEP][FAILED] - click(findTestObject("ADM/1Configuracion/1Distribucion geografica/4Ciudades/a_td8Borrar (prueba)"), STOP_ON_FAILURE): Unable to click on object 'Object Repository/ADM/1Configuracion/1Distribucion geografica/4Ciudades/a_td8Borrar (prueba)' (Root cause: com.kms.katalon.core.exception.StepFailedException: Unable to click on object 'Object Repository/ADM/1Configuracion/1Distribucion geografica/4Ciudades/a_td8Borrar (prueba)'
	at com.kms.katalon.core.webui.keyword.internal.WebUIKeywordMain.stepFailed(WebUIKeywordMain.groovy:64)
	at com.kms.katalon.core.webui.keyword.internal.WebUIKeywordMain.runKeyword(WebUIKeywordMain.groovy:26)
	at com.kms.katalon.core.webui.keyword.builtin.ClickKeyword.click(ClickKeyword.groovy:74)
	at com.kms.katalon.core.webui.keyword.builtin.ClickKeyword.execute(ClickKeyword.groovy:40)
	at com.kms.katalon.core.keyword.internal.KeywordExecutor.executeKeywordForPlatform(KeywordExecutor.groovy:74)
	at com.kms.katalon.core.webui.keyword.WebUiBuiltInKeywords.click(WebUiBuiltInKeywords.groovy:608)
	at com.kms.katalon.core.webui.keyword.WebUiBuiltInKeywords$click$5.call(Unknown Source)
	at R52.run(R52:30)
	at com.kms.katalon.core.main.ScriptEngine.run(ScriptEngine.java:194)
	at com.kms.katalon.core.main.ScriptEngine.runScriptAsRawText(ScriptEngine.java:119)
	at com.kms.katalon.core.main.TestCaseExecutor.runScript(TestCaseExecutor.java:448)
	at com.kms.katalon.core.main.TestCaseExecutor.doExecute(TestCaseExecutor.java:439)
	at com.kms.katalon.core.main.TestCaseExecutor.processExecutionPhase(TestCaseExecutor.java:418)
	at com.kms.katalon.core.main.TestCaseExecutor.accessMainPhase(TestCaseExecutor.java:410)
	at com.kms.katalon.core.main.TestCaseExecutor.execute(TestCaseExecutor.java:285)
	at com.kms.katalon.core.common.CommonExecutor.accessTestCaseMainPhase(CommonExecutor.java:65)
	at com.kms.katalon.core.main.TestSuiteExecutor.accessTestSuiteMainPhase(TestSuiteExecutor.java:148)
	at com.kms.katalon.core.main.TestSuiteExecutor.execute(TestSuiteExecutor.java:106)
	at com.kms.katalon.core.main.TestCaseMain.startTestSuite(TestCaseMain.java:187)
	at com.kms.katalon.core.main.TestCaseMain$startTestSuite$0.call(Unknown Source)
	at TempTestSuite1716323040498.run(TempTestSuite1716323040498.groovy:35)
Caused by: com.kms.katalon.core.webui.exception.WebElementNotFoundException: Web element with id: 'Object Repository/ADM/1Configuracion/1Distribucion geografica/4Ciudades/a_td8Borrar (prueba)' located by '//a[@id='ctl00_ContentPlaceHolder2_gvCiudades_ctl08_btnBorrar']' not found
	at com.kms.katalon.core.webui.common.WebUiCommonHelper.findWebElement(WebUiCommonHelper.java:1381)
	at com.kms.katalon.core.webui.keyword.internal.WebUIAbstractKeyword.findWebElement(WebUIAbstractKeyword.groovy:27)
	at com.kms.katalon.core.webui.keyword.builtin.ClickKeyword$_click_closure1.doCall(ClickKeyword.groovy:65)
	at com.kms.katalon.core.webui.keyword.builtin.ClickKeyword$_click_closure1.call(ClickKeyword.groovy)
	at com.kms.katalon.core.webui.keyword.internal.WebUIKeywordMain.runKeyword(WebUIKeywordMain.groovy:20)
	at com.kms.katalon.core.webui.keyword.builtin.ClickKeyword.click(ClickKeyword.groovy:74)
	at com.kms.katalon.core.webui.keyword.builtin.ClickKeyword.execute(ClickKeyword.groovy:40)
	at com.kms.katalon.core.keyword.internal.KeywordExecutor.executeKeywordForPlatform(KeywordExecutor.groovy:74)
	at com.kms.katalon.core.webui.keyword.WebUiBuiltInKeywords.click(WebUiBuiltInKeywords.groovy:608)
	at com.kms.katalon.core.webui.keyword.WebUiBuiltInKeywords$click$5.call(Unknown Source)
	at Script1700487683590.run(Script1700487683590.groovy:30)
	... 13 more
)

2024-05-21 15:49:55 - [MESSAGE][INFO] - Unable to find the element located by 'By.xpath: //a[@id='ctl00_ContentPlaceHolder2_gvCiudades_ctl08_btnBorrar']'. Please recheck the objects properties to make sure the desired element is located. 

2024-05-21 15:49:55 - [MESSAGE][FAILED] - Unable to click on object 'Object Repository/ADM/1Configuracion/1Distribucion geografica/4Ciudades/a_td8Borrar (prueba)' (Root cause: com.kms.katalon.core.exception.StepFailedException: Unable to click on object 'Object Repository/ADM/1Configuracion/1Distribucion geografica/4Ciudades/a_td8Borrar (prueba)'
	at com.kms.katalon.core.webui.keyword.internal.WebUIKeywordMain.stepFailed(WebUIKeywordMain.groovy:64)
	at com.kms.katalon.core.webui.keyword.internal.WebUIKeywordMain.runKeyword(WebUIKeywordMain.groovy:26)
	at com.kms.katalon.core.webui.keyword.builtin.ClickKeyword.click(ClickKeyword.groovy:74)
	at com.kms.katalon.core.webui.keyword.builtin.ClickKeyword.execute(ClickKeyword.groovy:40)
	at com.kms.katalon.core.keyword.internal.KeywordExecutor.executeKeywordForPlatform(KeywordExecutor.groovy:74)
	at com.kms.katalon.core.webui.keyword.WebUiBuiltInKeywords.click(WebUiBuiltInKeywords.groovy:608)
	at com.kms.katalon.core.webui.keyword.WebUiBuiltInKeywords$click$5.call(Unknown Source)
	at R52.run(R52:30)
	at com.kms.katalon.core.main.ScriptEngine.run(ScriptEngine.java:194)
	at com.kms.katalon.core.main.ScriptEngine.runScriptAsRawText(ScriptEngine.java:119)
	at com.kms.katalon.core.main.TestCaseExecutor.runScript(TestCaseExecutor.java:448)
	at com.kms.katalon.core.main.TestCaseExecutor.doExecute(TestCaseExecutor.java:439)
	at com.kms.katalon.core.main.TestCaseExecutor.processExecutionPhase(TestCaseExecutor.java:418)
	at com.kms.katalon.core.main.TestCaseExecutor.accessMainPhase(TestCaseExecutor.java:410)
	at com.kms.katalon.core.main.TestCaseExecutor.execute(TestCaseExecutor.java:285)
	at com.kms.katalon.core.common.CommonExecutor.accessTestCaseMainPhase(CommonExecutor.java:65)
	at com.kms.katalon.core.main.TestSuiteExecutor.accessTestSuiteMainPhase(TestSuiteExecutor.java:148)
	at com.kms.katalon.core.main.TestSuiteExecutor.execute(TestSuiteExecutor.java:106)
	at com.kms.katalon.core.main.TestCaseMain.startTestSuite(TestCaseMain.java:187)
	at com.kms.katalon.core.main.TestCaseMain$startTestSuite$0.call(Unknown Source)
	at TempTestSuite1716323040498.run(TempTestSuite1716323040498.groovy:35)
Caused by: com.kms.katalon.core.webui.exception.WebElementNotFoundException: Web element with id: 'Object Repository/ADM/1Configuracion/1Distribucion geografica/4Ciudades/a_td8Borrar (prueba)' located by '//a[@id='ctl00_ContentPlaceHolder2_gvCiudades_ctl08_btnBorrar']' not found
	at com.kms.katalon.core.webui.common.WebUiCommonHelper.findWebElement(WebUiCommonHelper.java:1381)
	at com.kms.katalon.core.webui.keyword.internal.WebUIAbstractKeyword.findWebElement(WebUIAbstractKeyword.groovy:27)
	at com.kms.katalon.core.webui.keyword.builtin.ClickKeyword$_click_closure1.doCall(ClickKeyword.groovy:65)
	at com.kms.katalon.core.webui.keyword.builtin.ClickKeyword$_click_closure1.call(ClickKeyword.groovy)
	at com.kms.katalon.core.webui.keyword.internal.WebUIKeywordMain.runKeyword(WebUIKeywordMain.groovy:20)
	at com.kms.katalon.core.webui.keyword.builtin.ClickKeyword.click(ClickKeyword.groovy:74)
	at com.kms.katalon.core.webui.keyword.builtin.ClickKeyword.execute(ClickKeyword.groovy:40)
	at com.kms.katalon.core.keyword.internal.KeywordExecutor.executeKeywordForPlatform(KeywordExecutor.groovy:74)
	at com.kms.katalon.core.webui.keyword.WebUiBuiltInKeywords.click(WebUiBuiltInKeywords.groovy:608)
	at com.kms.katalon.core.webui.keyword.WebUiBuiltInKeywords$click$5.call(Unknown Source)
	at Script1700487683590.run(Script1700487683590.groovy:30)
	... 13 more
)
[[ATTACHMENT|C:\\CIEL INGENIERIA\\Katalon\\AgendamientoADM\\Reports\\20240521_152353\\1 Configuracion\\1 Distribucion Geografica\\4 Ciudades\\20240521_152400\\1716324595820.png]]

2024-05-21 15:49:55 - [TEST_STEP][PASSED] - Start listener action : sampleAfterTestCase: null]]></system-out>
         <system-err><![CDATA[2024-05-21 15:49:05 - [TEST_CASE][FAILED] - Test Cases/Configuracion/1 Distribucion Geografica/4 Ciudades/R52: Test Cases/Configuracion/1 Distribucion Geografica/4 Ciudades/R52 FAILED.
Reason:
com.kms.katalon.core.exception.StepFailedException: Unable to click on object 'Object Repository/ADM/1Configuracion/1Distribucion geografica/4Ciudades/a_td8Borrar (prueba)'
	at com.kms.katalon.core.webui.keyword.internal.WebUIKeywordMain.stepFailed(WebUIKeywordMain.groovy:64)
	at com.kms.katalon.core.webui.keyword.internal.WebUIKeywordMain.runKeyword(WebUIKeywordMain.groovy:26)
	at com.kms.katalon.core.webui.keyword.builtin.ClickKeyword.click(ClickKeyword.groovy:74)
	at com.kms.katalon.core.webui.keyword.builtin.ClickKeyword.execute(ClickKeyword.groovy:40)
	at com.kms.katalon.core.keyword.internal.KeywordExecutor.executeKeywordForPlatform(KeywordExecutor.groovy:74)
	at com.kms.katalon.core.webui.keyword.WebUiBuiltInKeywords.click(WebUiBuiltInKeywords.groovy:608)
	at com.kms.katalon.core.webui.keyword.WebUiBuiltInKeywords$click$5.call(Unknown Source)
	at R52.run(R52:30)
	at com.kms.katalon.core.main.ScriptEngine.run(ScriptEngine.java:194)
	at com.kms.katalon.core.main.ScriptEngine.runScriptAsRawText(ScriptEngine.java:119)
	at com.kms.katalon.core.main.TestCaseExecutor.runScript(TestCaseExecutor.java:448)
	at com.kms.katalon.core.main.TestCaseExecutor.doExecute(TestCaseExecutor.java:439)
	at com.kms.katalon.core.main.TestCaseExecutor.processExecutionPhase(TestCaseExecutor.java:418)
	at com.kms.katalon.core.main.TestCaseExecutor.accessMainPhase(TestCaseExecutor.java:410)
	at com.kms.katalon.core.main.TestCaseExecutor.execute(TestCaseExecutor.java:285)
	at com.kms.katalon.core.common.CommonExecutor.accessTestCaseMainPhase(CommonExecutor.java:65)
	at com.kms.katalon.core.main.TestSuiteExecutor.accessTestSuiteMainPhase(TestSuiteExecutor.java:148)
	at com.kms.katalon.core.main.TestSuiteExecutor.execute(TestSuiteExecutor.java:106)
	at com.kms.katalon.core.main.TestCaseMain.startTestSuite(TestCaseMain.java:187)
	at com.kms.katalon.core.main.TestCaseMain$startTestSuite$0.call(Unknown Source)
	at TempTestSuite1716323040498.run(TempTestSuite1716323040498.groovy:35)
Caused by: com.kms.katalon.core.webui.exception.WebElementNotFoundException: Web element with id: 'Object Repository/ADM/1Configuracion/1Distribucion geografica/4Ciudades/a_td8Borrar (prueba)' located by '//a[@id='ctl00_ContentPlaceHolder2_gvCiudades_ctl08_btnBorrar']' not found
	at com.kms.katalon.core.webui.common.WebUiCommonHelper.findWebElement(WebUiCommonHelper.java:1381)
	at com.kms.katalon.core.webui.keyword.internal.WebUIAbstractKeyword.findWebElement(WebUIAbstractKeyword.groovy:27)
	at com.kms.katalon.core.webui.keyword.builtin.ClickKeyword$_click_closure1.doCall(ClickKeyword.groovy:65)
	at com.kms.katalon.core.webui.keyword.builtin.ClickKeyword$_click_closure1.call(ClickKeyword.groovy)
	at com.kms.katalon.core.webui.keyword.internal.WebUIKeywordMain.runKeyword(WebUIKeywordMain.groovy:20)
	... 19 more]]></system-err>
      </testcase>
      <system-out><![CDATA[2024-05-21 15:45:42 - [TEST_SUITE][FAILED] - 4 Ciudades: Test Cases/Configuracion/1 Distribucion Geografica/4 Ciudades/R52 FAILED.
Reason:
com.kms.katalon.core.exception.StepFailedException: Unable to click on object 'Object Repository/ADM/1Configuracion/1Distribucion geografica/4Ciudades/a_td8Borrar (prueba)'
	at com.kms.katalon.core.webui.keyword.internal.WebUIKeywordMain.stepFailed(WebUIKeywordMain.groovy:64)
	at com.kms.katalon.core.webui.keyword.internal.WebUIKeywordMain.runKeyword(WebUIKeywordMain.groovy:26)
	at com.kms.katalon.core.webui.keyword.builtin.ClickKeyword.click(ClickKeyword.groovy:74)
	at com.kms.katalon.core.webui.keyword.builtin.ClickKeyword.execute(ClickKeyword.groovy:40)
	at com.kms.katalon.core.keyword.internal.KeywordExecutor.executeKeywordForPlatform(KeywordExecutor.groovy:74)
	at com.kms.katalon.core.webui.keyword.WebUiBuiltInKeywords.click(WebUiBuiltInKeywords.groovy:608)
	at com.kms.katalon.core.webui.keyword.WebUiBuiltInKeywords$click$5.call(Unknown Source)
	at R52.run(R52:30)
	at com.kms.katalon.core.main.ScriptEngine.run(ScriptEngine.java:194)
	at com.kms.katalon.core.main.ScriptEngine.runScriptAsRawText(ScriptEngine.java:119)
	at com.kms.katalon.core.main.TestCaseExecutor.runScript(TestCaseExecutor.java:448)
	at com.kms.katalon.core.main.TestCaseExecutor.doExecute(TestCaseExecutor.java:439)
	at com.kms.katalon.core.main.TestCaseExecutor.processExecutionPhase(TestCaseExecutor.java:418)
	at com.kms.katalon.core.main.TestCaseExecutor.accessMainPhase(TestCaseExecutor.java:410)
	at com.kms.katalon.core.main.TestCaseExecutor.execute(TestCaseExecutor.java:285)
	at com.kms.katalon.core.common.CommonExecutor.accessTestCaseMainPhase(CommonExecutor.java:65)
	at com.kms.katalon.core.main.TestSuiteExecutor.accessTestSuiteMainPhase(TestSuiteExecutor.java:148)
	at com.kms.katalon.core.main.TestSuiteExecutor.execute(TestSuiteExecutor.java:106)
	at com.kms.katalon.core.main.TestCaseMain.startTestSuite(TestCaseMain.java:187)
	at com.kms.katalon.core.main.TestCaseMain$startTestSuite$0.call(Unknown Source)
	at TempTestSuite1716323040498.run(TempTestSuite1716323040498.groovy:35)
Caused by: com.kms.katalon.core.webui.exception.WebElementNotFoundException: Web element with id: 'Object Repository/ADM/1Configuracion/1Distribucion geografica/4Ciudades/a_td8Borrar (prueba)' located by '//a[@id='ctl00_ContentPlaceHolder2_gvCiudades_ctl08_btnBorrar']' not found
	at com.kms.katalon.core.webui.common.WebUiCommonHelper.findWebElement(WebUiCommonHelper.java:1381)
	at com.kms.katalon.core.webui.keyword.internal.WebUIAbstractKeyword.findWebElement(WebUIAbstractKeyword.groovy:27)
	at com.kms.katalon.core.webui.keyword.builtin.ClickKeyword$_click_closure1.doCall(ClickKeyword.groovy:65)
	at com.kms.katalon.core.webui.keyword.builtin.ClickKeyword$_click_closure1.call(ClickKeyword.groovy)
	at com.kms.katalon.core.webui.keyword.internal.WebUIKeywordMain.runKeyword(WebUIKeywordMain.groovy:20)
	... 19 more]]></system-out>
      <system-err><![CDATA[2024-05-21 15:45:42 - [TEST_SUITE][FAILED] - 4 Ciudades: Test Cases/Configuracion/1 Distribucion Geografica/4 Ciudades/R52 FAILED.
Reason:
com.kms.katalon.core.exception.StepFailedException: Unable to click on object 'Object Repository/ADM/1Configuracion/1Distribucion geografica/4Ciudades/a_td8Borrar (prueba)'
	at com.kms.katalon.core.webui.keyword.internal.WebUIKeywordMain.stepFailed(WebUIKeywordMain.groovy:64)
	at com.kms.katalon.core.webui.keyword.internal.WebUIKeywordMain.runKeyword(WebUIKeywordMain.groovy:26)
	at com.kms.katalon.core.webui.keyword.builtin.ClickKeyword.click(ClickKeyword.groovy:74)
	at com.kms.katalon.core.webui.keyword.builtin.ClickKeyword.execute(ClickKeyword.groovy:40)
	at com.kms.katalon.core.keyword.internal.KeywordExecutor.executeKeywordForPlatform(KeywordExecutor.groovy:74)
	at com.kms.katalon.core.webui.keyword.WebUiBuiltInKeywords.click(WebUiBuiltInKeywords.groovy:608)
	at com.kms.katalon.core.webui.keyword.WebUiBuiltInKeywords$click$5.call(Unknown Source)
	at R52.run(R52:30)
	at com.kms.katalon.core.main.ScriptEngine.run(ScriptEngine.java:194)
	at com.kms.katalon.core.main.ScriptEngine.runScriptAsRawText(ScriptEngine.java:119)
	at com.kms.katalon.core.main.TestCaseExecutor.runScript(TestCaseExecutor.java:448)
	at com.kms.katalon.core.main.TestCaseExecutor.doExecute(TestCaseExecutor.java:439)
	at com.kms.katalon.core.main.TestCaseExecutor.processExecutionPhase(TestCaseExecutor.java:418)
	at com.kms.katalon.core.main.TestCaseExecutor.accessMainPhase(TestCaseExecutor.java:410)
	at com.kms.katalon.core.main.TestCaseExecutor.execute(TestCaseExecutor.java:285)
	at com.kms.katalon.core.common.CommonExecutor.accessTestCaseMainPhase(CommonExecutor.java:65)
	at com.kms.katalon.core.main.TestSuiteExecutor.accessTestSuiteMainPhase(TestSuiteExecutor.java:148)
	at com.kms.katalon.core.main.TestSuiteExecutor.execute(TestSuiteExecutor.java:106)
	at com.kms.katalon.core.main.TestCaseMain.startTestSuite(TestCaseMain.java:187)
	at com.kms.katalon.core.main.TestCaseMain$startTestSuite$0.call(Unknown Source)
	at TempTestSuite1716323040498.run(TempTestSuite1716323040498.groovy:35)
Caused by: com.kms.katalon.core.webui.exception.WebElementNotFoundException: Web element with id: 'Object Repository/ADM/1Configuracion/1Distribucion geografica/4Ciudades/a_td8Borrar (prueba)' located by '//a[@id='ctl00_ContentPlaceHolder2_gvCiudades_ctl08_btnBorrar']' not found
	at com.kms.katalon.core.webui.common.WebUiCommonHelper.findWebElement(WebUiCommonHelper.java:1381)
	at com.kms.katalon.core.webui.keyword.internal.WebUIAbstractKeyword.findWebElement(WebUIAbstractKeyword.groovy:27)
	at com.kms.katalon.core.webui.keyword.builtin.ClickKeyword$_click_closure1.doCall(ClickKeyword.groovy:65)
	at com.kms.katalon.core.webui.keyword.builtin.ClickKeyword$_click_closure1.call(ClickKeyword.groovy)
	at com.kms.katalon.core.webui.keyword.internal.WebUIKeywordMain.runKeyword(WebUIKeywordMain.groovy:20)
	... 19 more]]></system-err>
   </testsuite>
</testsuites>
