<?xml version="1.0" encoding="UTF-8"?>
<testsuites name="1 Maestro Clientes" time="467.519" tests="16" failures="10" errors="0">
   <testsuite name="1 Maestro Clientes" tests="16" failures="10" errors="0" time="467.519" skipped="0" timestamp="2024-05-21 16:43:34" hostname="jdavila - PCPruebas101.ciel.cielingenieria.com" id="Test Suites/1 Configuracion/5 Clientes/1 Maestro Clientes">
      <properties>
         <property name="deviceName" value=""/>
         <property name="devicePlatform" value=""/>
         <property name="logFolder" value="C:\\CIEL INGENIERIA\\Katalon\\AgendamientoADM\\Reports\\20240521_152353\\1 Configuracion\\5 Clientes\\1 Maestro Clientes\\20240521_152430"/>
         <property name="logFiles" value="C:\\CIEL INGENIERIA\\Katalon\\AgendamientoADM\\Reports\\20240521_152353\\1 Configuracion\\5 Clientes\\1 Maestro Clientes\\20240521_152430\\execution0.log"/>
         <property name="attachments" value="C:\\CIEL INGENIERIA\\Katalon\\AgendamientoADM\\Reports\\20240521_152353\\1 Configuracion\\5 Clientes\\1 Maestro Clientes\\20240521_152430\\1716327843118.png, C:\\CIEL INGENIERIA\\Katalon\\AgendamientoADM\\Reports\\20240521_152353\\1 Configuracion\\5 Clientes\\1 Maestro Clientes\\20240521_152430\\1716327867036.png, C:\\CIEL INGENIERIA\\Katalon\\AgendamientoADM\\Reports\\20240521_152353\\1 Configuracion\\5 Clientes\\1 Maestro Clientes\\20240521_152430\\1716327897097.png, C:\\CIEL INGENIERIA\\Katalon\\AgendamientoADM\\Reports\\20240521_152353\\1 Configuracion\\5 Clientes\\1 Maestro Clientes\\20240521_152430\\1716327927359.png, C:\\CIEL INGENIERIA\\Katalon\\AgendamientoADM\\Reports\\20240521_152353\\1 Configuracion\\5 Clientes\\1 Maestro Clientes\\20240521_152430\\1716327932526.png, C:\\CIEL INGENIERIA\\Katalon\\AgendamientoADM\\Reports\\20240521_152353\\1 Configuracion\\5 Clientes\\1 Maestro Clientes\\20240521_152430\\1716327955803.png, C:\\CIEL INGENIERIA\\Katalon\\AgendamientoADM\\Reports\\20240521_152353\\1 Configuracion\\5 Clientes\\1 Maestro Clientes\\20240521_152430\\1716327959860.png, C:\\CIEL INGENIERIA\\Katalon\\AgendamientoADM\\Reports\\20240521_152353\\1 Configuracion\\5 Clientes\\1 Maestro Clientes\\20240521_152430\\1716327983265.png, C:\\CIEL INGENIERIA\\Katalon\\AgendamientoADM\\Reports\\20240521_152353\\1 Configuracion\\5 Clientes\\1 Maestro Clientes\\20240521_152430\\1716327987267.png, C:\\CIEL INGENIERIA\\Katalon\\AgendamientoADM\\Reports\\20240521_152353\\1 Configuracion\\5 Clientes\\1 Maestro Clientes\\20240521_152430\\1716328010543.png, C:\\CIEL INGENIERIA\\Katalon\\AgendamientoADM\\Reports\\20240521_152353\\1 Configuracion\\5 Clientes\\1 Maestro Clientes\\20240521_152430\\1716328014459.png, C:\\CIEL INGENIERIA\\Katalon\\AgendamientoADM\\Reports\\20240521_152353\\1 Configuracion\\5 Clientes\\1 Maestro Clientes\\20240521_152430\\1716328037879.png, C:\\CIEL INGENIERIA\\Katalon\\AgendamientoADM\\Reports\\20240521_152353\\1 Configuracion\\5 Clientes\\1 Maestro Clientes\\20240521_152430\\1716328041860.png, C:\\CIEL INGENIERIA\\Katalon\\AgendamientoADM\\Reports\\20240521_152353\\1 Configuracion\\5 Clientes\\1 Maestro Clientes\\20240521_152430\\1716328065300.png, C:\\CIEL INGENIERIA\\Katalon\\AgendamientoADM\\Reports\\20240521_152353\\1 Configuracion\\5 Clientes\\1 Maestro Clientes\\20240521_152430\\1716328069230.png, C:\\CIEL INGENIERIA\\Katalon\\AgendamientoADM\\Reports\\20240521_152353\\1 Configuracion\\5 Clientes\\1 Maestro Clientes\\20240521_152430\\1716328092848.png, C:\\CIEL INGENIERIA\\Katalon\\AgendamientoADM\\Reports\\20240521_152353\\1 Configuracion\\5 Clientes\\1 Maestro Clientes\\20240521_152430\\1716328127385.png, C:\\CIEL INGENIERIA\\Katalon\\AgendamientoADM\\Reports\\20240521_152353\\1 Configuracion\\5 Clientes\\1 Maestro Clientes\\20240521_152430\\1716328131354.png, C:\\CIEL INGENIERIA\\Katalon\\AgendamientoADM\\Reports\\20240521_152353\\1 Configuracion\\5 Clientes\\1 Maestro Clientes\\20240521_152430\\1716328154733.png, C:\\CIEL INGENIERIA\\Katalon\\AgendamientoADM\\Reports\\20240521_152353\\1 Configuracion\\5 Clientes\\1 Maestro Clientes\\20240521_152430\\1716328158705.png, C:\\CIEL INGENIERIA\\Katalon\\AgendamientoADM\\Reports\\20240521_152353\\1 Configuracion\\5 Clientes\\1 Maestro Clientes\\20240521_152430\\1716328181493.png, C:\\CIEL INGENIERIA\\Katalon\\AgendamientoADM\\Reports\\20240521_152353\\1 Configuracion\\5 Clientes\\1 Maestro Clientes\\20240521_152430\\1716328187929.png, C:\\CIEL INGENIERIA\\Katalon\\AgendamientoADM\\Reports\\20240521_152353\\1 Configuracion\\5 Clientes\\1 Maestro Clientes\\20240521_152430\\1716328190852.png, C:\\CIEL INGENIERIA\\Katalon\\AgendamientoADM\\Reports\\20240521_152353\\1 Configuracion\\5 Clientes\\1 Maestro Clientes\\20240521_152430\\1716328221765.png, C:\\CIEL INGENIERIA\\Katalon\\AgendamientoADM\\Reports\\20240521_152353\\1 Configuracion\\5 Clientes\\1 Maestro Clientes\\20240521_152430\\1716328245094.png, C:\\CIEL INGENIERIA\\Katalon\\AgendamientoADM\\Reports\\20240521_152353\\1 Configuracion\\5 Clientes\\1 Maestro Clientes\\20240521_152430\\1716328251412.png, C:\\CIEL INGENIERIA\\Katalon\\AgendamientoADM\\Reports\\20240521_152353\\1 Configuracion\\5 Clientes\\1 Maestro Clientes\\20240521_152430\\1716328252262.png, C:\\CIEL INGENIERIA\\Katalon\\AgendamientoADM\\Reports\\20240521_152353\\1 Configuracion\\5 Clientes\\1 Maestro Clientes\\20240521_152430\\1716328275088.png, C:\\CIEL INGENIERIA\\Katalon\\AgendamientoADM\\Reports\\20240521_152353\\1 Configuracion\\5 Clientes\\1 Maestro Clientes\\20240521_152430\\1716328281445.png, C:\\CIEL INGENIERIA\\Katalon\\AgendamientoADM\\Reports\\20240521_152353\\1 Configuracion\\5 Clientes\\1 Maestro Clientes\\20240521_152430\\1716328282398.png"/>
         <property name="hostName" value="jdavila - PCPruebas101.ciel.cielingenieria.com"/>
         <property name="os" value="Windows 10 64bit"/>
         <property name="katalonVersion" value="8.6.9.208"/>
         <property name="browser" value="Chrome 124.0.0.0"/>
         <property name="hostAddress" value="192.168.91.13"/>
         <property name="sessionId" value="d7ad68dbec09227a9b718dc60111bc91"/>
         <property name="seleniumVersion" value="3.141.59"/>
         <property name="proxyInformation" value="ProxyInformation { proxyOption=NO_PROXY, proxyServerType=HTTP, username=, password=********, proxyServerAddress=, proxyServerPort=0, executionList=&quot;&quot;, isApplyToDesiredCapabilities=true }"/>
         <property name="platform" value="Windows 10"/>
      </properties>
      <testcase name="Test Cases/Configuracion/5 Clientes/1 Maestro Clientes/R191" time="28.53" classname="Test Cases/Configuracion/5 Clientes/1 Maestro Clientes/R191" status="PASSED">
         <system-out><![CDATA[2024-05-21 16:43:35 - [TEST_CASE][PASSED] - Test Cases/Configuracion/5 Clientes/1 Maestro Clientes/R191: Test Cases/Configuracion/5 Clientes/1 Maestro Clientes/R191

2024-05-21 16:43:35 - [TEST_STEP][PASSED] - callTestCase(findTestCase("0InicioSesion"), [:], STOP_ON_FAILURE): Call Test Case 'Test Cases/0InicioSesion' successfully

2024-05-21 16:43:35 - [TEST_CASE][PASSED] - Test Cases/0InicioSesion: Test Cases/0InicioSesion

2024-05-21 16:43:35 - [TEST_STEP][PASSED] - openBrowser(Url): Browser is opened with url: 'https://pcpruebas101.ciel.cielingenieria.com:8815/'

2024-05-21 16:43:36 - [MESSAGE][INFO] - Starting 'Chrome' driver

2024-05-21 16:43:36 - [MESSAGE][INFO] - Action delay is set to 0 milliseconds

2024-05-21 16:43:39 - [MESSAGE][PASSED] - Browser is opened with url: 'https://pcpruebas101.ciel.cielingenieria.com:8815/'

2024-05-21 16:43:39 - [TEST_STEP][PASSED] - maximizeWindow(): Current window maximized

2024-05-21 16:43:39 - [MESSAGE][PASSED] - Current window maximized

2024-05-21 16:43:39 - [TEST_STEP][PASSED] - delay(2): Delayed 2 second(s)

2024-05-21 16:43:41 - [MESSAGE][PASSED] - Delayed 2 second(s)

2024-05-21 16:43:41 - [TEST_STEP][PASSED] - setText(findTestObject("ADM/0Inicio Sesion/input_Usuario"), Usuario): Text 'Ciel' is set on object 'Object Repository/ADM/0Inicio Sesion/input_Usuario'

2024-05-21 16:43:42 - [MESSAGE][PASSED] - Text 'Ciel' is set on object 'Object Repository/ADM/0Inicio Sesion/input_Usuario'

2024-05-21 16:43:42 - [TEST_STEP][PASSED] - delay(2): Delayed 2 second(s)

2024-05-21 16:43:44 - [MESSAGE][PASSED] - Delayed 2 second(s)

2024-05-21 16:43:44 - [TEST_STEP][PASSED] - setText(findTestObject("ADM/0Inicio Sesion/input_Clave"), Clave): Text 'Digiturno5.' is set on object 'Object Repository/ADM/0Inicio Sesion/input_Clave'

2024-05-21 16:43:45 - [MESSAGE][PASSED] - Text 'Digiturno5.' is set on object 'Object Repository/ADM/0Inicio Sesion/input_Clave'

2024-05-21 16:43:45 - [TEST_STEP][PASSED] - delay(2): Delayed 2 second(s)

2024-05-21 16:43:47 - [MESSAGE][PASSED] - Delayed 2 second(s)

2024-05-21 16:43:47 - [TEST_STEP][PASSED] - click(findTestObject("ADM/0Inicio Sesion/btn_IniciarSesion")): Object: 'Object Repository/ADM/0Inicio Sesion/btn_IniciarSesion' is clicked on

2024-05-21 16:43:48 - [MESSAGE][PASSED] - Object: 'Object Repository/ADM/0Inicio Sesion/btn_IniciarSesion' is clicked on

2024-05-21 16:43:48 - [TEST_STEP][PASSED] - delay(3): Delayed 3 second(s)

2024-05-21 16:43:51 - [MESSAGE][PASSED] - Delayed 3 second(s)

2024-05-21 16:43:51 - [MESSAGE][PASSED] - Call Test Case 'Test Cases/0InicioSesion' successfully

2024-05-21 16:43:51 - [TEST_STEP][PASSED] - click(findTestObject("ADM/0Principal/a_Configuracion")): Object: 'Object Repository/ADM/0Principal/a_Configuracion' is clicked on

2024-05-21 16:43:51 - [MESSAGE][PASSED] - Object: 'Object Repository/ADM/0Principal/a_Configuracion' is clicked on

2024-05-21 16:43:51 - [TEST_STEP][PASSED] - delay(2): Delayed 2 second(s)

2024-05-21 16:43:53 - [MESSAGE][PASSED] - Delayed 2 second(s)

2024-05-21 16:43:53 - [TEST_STEP][PASSED] - click(findTestObject("ADM/1Configuracion/0Principal/a_5 Clientes")): Object: 'Object Repository/ADM/1Configuracion/0Principal/a_5 Clientes' is clicked on

2024-05-21 16:43:55 - [MESSAGE][PASSED] - Object: 'Object Repository/ADM/1Configuracion/0Principal/a_5 Clientes' is clicked on

2024-05-21 16:43:55 - [TEST_STEP][PASSED] - delay(2): Delayed 2 second(s)

2024-05-21 16:43:57 - [MESSAGE][PASSED] - Delayed 2 second(s)

2024-05-21 16:43:57 - [TEST_STEP][PASSED] - click(findTestObject("ADM/1Configuracion/5Clientes/0Principal/a_1 Maestro de clientes")): Object: 'Object Repository/ADM/1Configuracion/5Clientes/0Principal/a_1 Maestro de clientes' is clicked on

2024-05-21 16:43:57 - [MESSAGE][PASSED] - Object: 'Object Repository/ADM/1Configuracion/5Clientes/0Principal/a_1 Maestro de clientes' is clicked on

2024-05-21 16:43:57 - [TEST_STEP][PASSED] - delay(2): Delayed 2 second(s)

2024-05-21 16:43:59 - [MESSAGE][PASSED] - Delayed 2 second(s)

2024-05-21 16:43:59 - [TEST_STEP][PASSED] - verifyElementPresent(findTestObject("ADM/1Configuracion/5Clientes/1Maestro de Clientes/0 btn_Nuevo Cliente"), 2): Object 'Object Repository/ADM/1Configuracion/5Clientes/1Maestro de Clientes/0 btn_Nuevo Cliente' is present

2024-05-21 16:44:00 - [MESSAGE][PASSED] - Object 'Object Repository/ADM/1Configuracion/5Clientes/1Maestro de Clientes/0 btn_Nuevo Cliente' is present

2024-05-21 16:44:00 - [TEST_STEP][PASSED] - verifyElementPresent(findTestObject("ADM/1Configuracion/5Clientes/1Maestro de Clientes/Mantenimiento de Clientes/input_Nombre Usuario"), 2): Object 'Object Repository/ADM/1Configuracion/5Clientes/1Maestro de Clientes/Mantenimiento de Clientes/input_Nombre Usuario' is present

2024-05-21 16:44:00 - [MESSAGE][PASSED] - Object 'Object Repository/ADM/1Configuracion/5Clientes/1Maestro de Clientes/Mantenimiento de Clientes/input_Nombre Usuario' is present

2024-05-21 16:44:00 - [TEST_STEP][PASSED] - verifyElementPresent(findTestObject("ADM/1Configuracion/5Clientes/1Maestro de Clientes/Mantenimiento de Clientes/input_Nombres"), 2): Object 'Object Repository/ADM/1Configuracion/5Clientes/1Maestro de Clientes/Mantenimiento de Clientes/input_Nombres' is present

2024-05-21 16:44:01 - [MESSAGE][PASSED] - Object 'Object Repository/ADM/1Configuracion/5Clientes/1Maestro de Clientes/Mantenimiento de Clientes/input_Nombres' is present

2024-05-21 16:44:01 - [TEST_STEP][PASSED] - verifyElementPresent(findTestObject("ADM/1Configuracion/5Clientes/1Maestro de Clientes/Mantenimiento de Clientes/input_Apellidos"), 2): Object 'Object Repository/ADM/1Configuracion/5Clientes/1Maestro de Clientes/Mantenimiento de Clientes/input_Apellidos' is present

2024-05-21 16:44:01 - [MESSAGE][PASSED] - Object 'Object Repository/ADM/1Configuracion/5Clientes/1Maestro de Clientes/Mantenimiento de Clientes/input_Apellidos' is present

2024-05-21 16:44:01 - [TEST_STEP][PASSED] - verifyElementPresent(findTestObject("ADM/1Configuracion/5Clientes/1Maestro de Clientes/Mantenimiento de Clientes/input_Identificacion"), 2): Object 'Object Repository/ADM/1Configuracion/5Clientes/1Maestro de Clientes/Mantenimiento de Clientes/input_Identificacion' is present

2024-05-21 16:44:01 - [MESSAGE][PASSED] - Object 'Object Repository/ADM/1Configuracion/5Clientes/1Maestro de Clientes/Mantenimiento de Clientes/input_Identificacion' is present

2024-05-21 16:44:01 - [TEST_STEP][PASSED] - verifyElementPresent(findTestObject("ADM/1Configuracion/5Clientes/1Maestro de Clientes/Mantenimiento de Clientes/input_Telefono"), 2): Object 'Object Repository/ADM/1Configuracion/5Clientes/1Maestro de Clientes/Mantenimiento de Clientes/input_Telefono' is present

2024-05-21 16:44:02 - [MESSAGE][PASSED] - Object 'Object Repository/ADM/1Configuracion/5Clientes/1Maestro de Clientes/Mantenimiento de Clientes/input_Telefono' is present

2024-05-21 16:44:02 - [TEST_STEP][PASSED] - verifyElementPresent(findTestObject("ADM/1Configuracion/5Clientes/1Maestro de Clientes/Mantenimiento de Clientes/input_Celular"), 2): Object 'Object Repository/ADM/1Configuracion/5Clientes/1Maestro de Clientes/Mantenimiento de Clientes/input_Celular' is present

2024-05-21 16:44:02 - [MESSAGE][PASSED] - Object 'Object Repository/ADM/1Configuracion/5Clientes/1Maestro de Clientes/Mantenimiento de Clientes/input_Celular' is present

2024-05-21 16:44:02 - [TEST_STEP][PASSED] - verifyElementPresent(findTestObject("ADM/1Configuracion/5Clientes/1Maestro de Clientes/Mantenimiento de Clientes/input_Fecha penalizacion (ddmmaaaa)"), 2): Object 'Object Repository/ADM/1Configuracion/5Clientes/1Maestro de Clientes/Mantenimiento de Clientes/input_Fecha penalizacion (ddmmaaaa)' is present

2024-05-21 16:44:03 - [MESSAGE][PASSED] - Object 'Object Repository/ADM/1Configuracion/5Clientes/1Maestro de Clientes/Mantenimiento de Clientes/input_Fecha penalizacion (ddmmaaaa)' is present

2024-05-21 16:44:03 - [TEST_STEP][PASSED] - takeFullPageScreenshot(): Taking screenshot successfully

2024-05-21 16:44:03 - [MESSAGE][INFO] - 0 hidden object(s)

2024-05-21 16:44:03 - [MESSAGE][PASSED] - Taking screenshot successfully
[[ATTACHMENT|C:\\CIEL INGENIERIA\\Katalon\\AgendamientoADM\\Reports\\20240521_152353\\1 Configuracion\\5 Clientes\\1 Maestro Clientes\\20240521_152430\\1716327843118.png]]

2024-05-21 16:44:03 - [TEST_STEP][PASSED] - Start listener action : sampleAfterTestCase: null]]></system-out>
         <system-err><![CDATA[]]></system-err>
      </testcase>
      <testcase name="Test Cases/Configuracion/5 Clientes/1 Maestro Clientes/R192" time="30.213" classname="Test Cases/Configuracion/5 Clientes/1 Maestro Clientes/R192" status="PASSED">
         <system-out><![CDATA[2024-05-21 16:44:03 - [TEST_CASE][PASSED] - Test Cases/Configuracion/5 Clientes/1 Maestro Clientes/R192: Test Cases/Configuracion/5 Clientes/1 Maestro Clientes/R192

2024-05-21 16:44:04 - [TEST_STEP][PASSED] - callTestCase(findTestCase("0InicioSesion"), [:], STOP_ON_FAILURE): Call Test Case 'Test Cases/0InicioSesion' successfully

2024-05-21 16:44:04 - [TEST_CASE][PASSED] - Test Cases/0InicioSesion: Test Cases/0InicioSesion

2024-05-21 16:44:04 - [TEST_STEP][PASSED] - openBrowser(Url): Browser is opened with url: 'https://pcpruebas101.ciel.cielingenieria.com:8815/'

2024-05-21 16:44:04 - [MESSAGE][WARNING] - A browser is already opened. Closing browser and opening a new one

2024-05-21 16:44:04 - [MESSAGE][INFO] - Starting 'Chrome' driver

2024-05-21 16:44:04 - [MESSAGE][INFO] - Action delay is set to 0 milliseconds

2024-05-21 16:44:07 - [MESSAGE][PASSED] - Browser is opened with url: 'https://pcpruebas101.ciel.cielingenieria.com:8815/'

2024-05-21 16:44:07 - [TEST_STEP][PASSED] - maximizeWindow(): Current window maximized

2024-05-21 16:44:07 - [MESSAGE][PASSED] - Current window maximized

2024-05-21 16:44:07 - [TEST_STEP][PASSED] - delay(2): Delayed 2 second(s)

2024-05-21 16:44:09 - [MESSAGE][PASSED] - Delayed 2 second(s)

2024-05-21 16:44:09 - [TEST_STEP][PASSED] - setText(findTestObject("ADM/0Inicio Sesion/input_Usuario"), Usuario): Text 'Ciel' is set on object 'Object Repository/ADM/0Inicio Sesion/input_Usuario'

2024-05-21 16:44:10 - [MESSAGE][PASSED] - Text 'Ciel' is set on object 'Object Repository/ADM/0Inicio Sesion/input_Usuario'

2024-05-21 16:44:10 - [TEST_STEP][PASSED] - delay(2): Delayed 2 second(s)

2024-05-21 16:44:12 - [MESSAGE][PASSED] - Delayed 2 second(s)

2024-05-21 16:44:12 - [TEST_STEP][PASSED] - setText(findTestObject("ADM/0Inicio Sesion/input_Clave"), Clave): Text 'Digiturno5.' is set on object 'Object Repository/ADM/0Inicio Sesion/input_Clave'

2024-05-21 16:44:13 - [MESSAGE][PASSED] - Text 'Digiturno5.' is set on object 'Object Repository/ADM/0Inicio Sesion/input_Clave'

2024-05-21 16:44:13 - [TEST_STEP][PASSED] - delay(2): Delayed 2 second(s)

2024-05-21 16:44:15 - [MESSAGE][PASSED] - Delayed 2 second(s)

2024-05-21 16:44:15 - [TEST_STEP][PASSED] - click(findTestObject("ADM/0Inicio Sesion/btn_IniciarSesion")): Object: 'Object Repository/ADM/0Inicio Sesion/btn_IniciarSesion' is clicked on

2024-05-21 16:44:15 - [MESSAGE][PASSED] - Object: 'Object Repository/ADM/0Inicio Sesion/btn_IniciarSesion' is clicked on

2024-05-21 16:44:15 - [TEST_STEP][PASSED] - delay(3): Delayed 3 second(s)

2024-05-21 16:44:18 - [MESSAGE][PASSED] - Delayed 3 second(s)

2024-05-21 16:44:18 - [MESSAGE][PASSED] - Call Test Case 'Test Cases/0InicioSesion' successfully

2024-05-21 16:44:18 - [TEST_STEP][PASSED] - click(findTestObject("ADM/0Principal/a_Configuracion")): Object: 'Object Repository/ADM/0Principal/a_Configuracion' is clicked on

2024-05-21 16:44:19 - [MESSAGE][PASSED] - Object: 'Object Repository/ADM/0Principal/a_Configuracion' is clicked on

2024-05-21 16:44:19 - [TEST_STEP][PASSED] - delay(2): Delayed 2 second(s)

2024-05-21 16:44:21 - [MESSAGE][PASSED] - Delayed 2 second(s)

2024-05-21 16:44:21 - [TEST_STEP][PASSED] - click(findTestObject("ADM/1Configuracion/0Principal/a_5 Clientes")): Object: 'Object Repository/ADM/1Configuracion/0Principal/a_5 Clientes' is clicked on

2024-05-21 16:44:21 - [MESSAGE][PASSED] - Object: 'Object Repository/ADM/1Configuracion/0Principal/a_5 Clientes' is clicked on

2024-05-21 16:44:21 - [TEST_STEP][PASSED] - delay(2): Delayed 2 second(s)

2024-05-21 16:44:23 - [MESSAGE][PASSED] - Delayed 2 second(s)

2024-05-21 16:44:23 - [TEST_STEP][PASSED] - click(findTestObject("ADM/1Configuracion/5Clientes/0Principal/a_1 Maestro de clientes")): Object: 'Object Repository/ADM/1Configuracion/5Clientes/0Principal/a_1 Maestro de clientes' is clicked on

2024-05-21 16:44:24 - [MESSAGE][PASSED] - Object: 'Object Repository/ADM/1Configuracion/5Clientes/0Principal/a_1 Maestro de clientes' is clicked on

2024-05-21 16:44:24 - [TEST_STEP][PASSED] - delay(2): Delayed 2 second(s)

2024-05-21 16:44:26 - [MESSAGE][PASSED] - Delayed 2 second(s)

2024-05-21 16:44:26 - [TEST_STEP][PASSED] - click(findTestObject("ADM/1Configuracion/5Clientes/1Maestro de Clientes/0 btn_Nuevo Cliente"), STOP_ON_FAILURE): Object: 'Object Repository/ADM/1Configuracion/5Clientes/1Maestro de Clientes/0 btn_Nuevo Cliente' is clicked on

2024-05-21 16:44:27 - [MESSAGE][PASSED] - Object: 'Object Repository/ADM/1Configuracion/5Clientes/1Maestro de Clientes/0 btn_Nuevo Cliente' is clicked on

2024-05-21 16:44:27 - [TEST_STEP][PASSED] - takeFullPageScreenshot(): Taking screenshot successfully

2024-05-21 16:44:27 - [MESSAGE][INFO] - 0 hidden object(s)

2024-05-21 16:44:27 - [MESSAGE][PASSED] - Taking screenshot successfully
[[ATTACHMENT|C:\\CIEL INGENIERIA\\Katalon\\AgendamientoADM\\Reports\\20240521_152353\\1 Configuracion\\5 Clientes\\1 Maestro Clientes\\20240521_152430\\1716327867036.png]]

2024-05-21 16:44:27 - [TEST_STEP][PASSED] - delay(2): Delayed 2 second(s)

2024-05-21 16:44:29 - [MESSAGE][PASSED] - Delayed 2 second(s)

2024-05-21 16:44:29 - [TEST_STEP][PASSED] - verifyElementPresent(findTestObject("ADM/1Configuracion/5Clientes/1Maestro de Clientes/Datos Cliente/select_Tipo Identificacion"), 2): Object 'Object Repository/ADM/1Configuracion/5Clientes/1Maestro de Clientes/Datos Cliente/select_Tipo Identificacion' is present

2024-05-21 16:44:30 - [MESSAGE][PASSED] - Object 'Object Repository/ADM/1Configuracion/5Clientes/1Maestro de Clientes/Datos Cliente/select_Tipo Identificacion' is present

2024-05-21 16:44:30 - [TEST_STEP][PASSED] - verifyElementPresent(findTestObject("ADM/1Configuracion/5Clientes/1Maestro de Clientes/Datos Cliente/input_Nombres"), 2): Object 'Object Repository/ADM/1Configuracion/5Clientes/1Maestro de Clientes/Datos Cliente/input_Nombres' is present

2024-05-21 16:44:30 - [MESSAGE][PASSED] - Object 'Object Repository/ADM/1Configuracion/5Clientes/1Maestro de Clientes/Datos Cliente/input_Nombres' is present

2024-05-21 16:44:30 - [TEST_STEP][PASSED] - verifyElementPresent(findTestObject("ADM/1Configuracion/5Clientes/1Maestro de Clientes/Datos Cliente/input_Apellidos"), 2): Object 'Object Repository/ADM/1Configuracion/5Clientes/1Maestro de Clientes/Datos Cliente/input_Apellidos' is present

2024-05-21 16:44:31 - [MESSAGE][PASSED] - Object 'Object Repository/ADM/1Configuracion/5Clientes/1Maestro de Clientes/Datos Cliente/input_Apellidos' is present

2024-05-21 16:44:31 - [TEST_STEP][PASSED] - verifyElementPresent(findTestObject("ADM/1Configuracion/5Clientes/1Maestro de Clientes/Datos Cliente/input_Fecha Nacimiento (ddmmaaaa)"), 2): Object 'Object Repository/ADM/1Configuracion/5Clientes/1Maestro de Clientes/Datos Cliente/input_Fecha Nacimiento (ddmmaaaa)' is present

2024-05-21 16:44:31 - [MESSAGE][PASSED] - Object 'Object Repository/ADM/1Configuracion/5Clientes/1Maestro de Clientes/Datos Cliente/input_Fecha Nacimiento (ddmmaaaa)' is present

2024-05-21 16:44:31 - [TEST_STEP][PASSED] - verifyElementPresent(findTestObject("ADM/1Configuracion/5Clientes/1Maestro de Clientes/Datos Cliente/select_Genero"), 2): Object 'Object Repository/ADM/1Configuracion/5Clientes/1Maestro de Clientes/Datos Cliente/select_Genero' is present

2024-05-21 16:44:31 - [MESSAGE][PASSED] - Object 'Object Repository/ADM/1Configuracion/5Clientes/1Maestro de Clientes/Datos Cliente/select_Genero' is present

2024-05-21 16:44:31 - [TEST_STEP][PASSED] - verifyElementPresent(findTestObject("ADM/1Configuracion/5Clientes/1Maestro de Clientes/Datos Cliente/select_Pais"), 2): Object 'Object Repository/ADM/1Configuracion/5Clientes/1Maestro de Clientes/Datos Cliente/select_Pais' is present

2024-05-21 16:44:32 - [MESSAGE][PASSED] - Object 'Object Repository/ADM/1Configuracion/5Clientes/1Maestro de Clientes/Datos Cliente/select_Pais' is present

2024-05-21 16:44:32 - [TEST_STEP][PASSED] - verifyElementPresent(findTestObject("ADM/1Configuracion/5Clientes/1Maestro de Clientes/Datos Cliente/select_Departamento"), 2): Object 'Object Repository/ADM/1Configuracion/5Clientes/1Maestro de Clientes/Datos Cliente/select_Departamento' is present

2024-05-21 16:44:32 - [MESSAGE][PASSED] - Object 'Object Repository/ADM/1Configuracion/5Clientes/1Maestro de Clientes/Datos Cliente/select_Departamento' is present

2024-05-21 16:44:32 - [TEST_STEP][PASSED] - verifyElementPresent(findTestObject("ADM/1Configuracion/5Clientes/1Maestro de Clientes/Datos Cliente/select_Tipo Cliente"), 2): Object 'Object Repository/ADM/1Configuracion/5Clientes/1Maestro de Clientes/Datos Cliente/select_Tipo Cliente' is present

2024-05-21 16:44:32 - [MESSAGE][PASSED] - Object 'Object Repository/ADM/1Configuracion/5Clientes/1Maestro de Clientes/Datos Cliente/select_Tipo Cliente' is present

2024-05-21 16:44:32 - [TEST_STEP][PASSED] - verifyElementPresent(findTestObject("ADM/1Configuracion/5Clientes/1Maestro de Clientes/Datos Cliente/select_Tipo Usuario"), 2): Object 'Object Repository/ADM/1Configuracion/5Clientes/1Maestro de Clientes/Datos Cliente/select_Tipo Usuario' is present

2024-05-21 16:44:33 - [MESSAGE][PASSED] - Object 'Object Repository/ADM/1Configuracion/5Clientes/1Maestro de Clientes/Datos Cliente/select_Tipo Usuario' is present

2024-05-21 16:44:33 - [TEST_STEP][PASSED] - verifyElementPresent(findTestObject("ADM/1Configuracion/5Clientes/1Maestro de Clientes/Datos Cliente/input_Celular"), 2): Object 'Object Repository/ADM/1Configuracion/5Clientes/1Maestro de Clientes/Datos Cliente/input_Celular' is present

2024-05-21 16:44:33 - [MESSAGE][PASSED] - Object 'Object Repository/ADM/1Configuracion/5Clientes/1Maestro de Clientes/Datos Cliente/input_Celular' is present

2024-05-21 16:44:33 - [TEST_STEP][PASSED] - verifyElementPresent(findTestObject("ADM/1Configuracion/5Clientes/1Maestro de Clientes/Datos Cliente/input_Correo Electronico"), 2): Object 'Object Repository/ADM/1Configuracion/5Clientes/1Maestro de Clientes/Datos Cliente/input_Correo Electronico' is present

2024-05-21 16:44:33 - [MESSAGE][PASSED] - Object 'Object Repository/ADM/1Configuracion/5Clientes/1Maestro de Clientes/Datos Cliente/input_Correo Electronico' is present

2024-05-21 16:44:33 - [TEST_STEP][PASSED] - Start listener action : sampleAfterTestCase: null]]></system-out>
         <system-err><![CDATA[]]></system-err>
      </testcase>
      <testcase name="Test Cases/Configuracion/5 Clientes/1 Maestro Clientes/R193" time="30.242" classname="Test Cases/Configuracion/5 Clientes/1 Maestro Clientes/R193" status="PASSED">
         <system-out><![CDATA[2024-05-21 16:44:33 - [TEST_CASE][PASSED] - Test Cases/Configuracion/5 Clientes/1 Maestro Clientes/R193: Test Cases/Configuracion/5 Clientes/1 Maestro Clientes/R193

2024-05-21 16:44:34 - [TEST_STEP][PASSED] - callTestCase(findTestCase("0InicioSesion"), [:], STOP_ON_FAILURE): Call Test Case 'Test Cases/0InicioSesion' successfully

2024-05-21 16:44:34 - [TEST_CASE][PASSED] - Test Cases/0InicioSesion: Test Cases/0InicioSesion

2024-05-21 16:44:34 - [TEST_STEP][PASSED] - openBrowser(Url): Browser is opened with url: 'https://pcpruebas101.ciel.cielingenieria.com:8815/'

2024-05-21 16:44:34 - [MESSAGE][WARNING] - A browser is already opened. Closing browser and opening a new one

2024-05-21 16:44:35 - [MESSAGE][INFO] - Starting 'Chrome' driver

2024-05-21 16:44:35 - [MESSAGE][INFO] - Action delay is set to 0 milliseconds

2024-05-21 16:44:37 - [MESSAGE][PASSED] - Browser is opened with url: 'https://pcpruebas101.ciel.cielingenieria.com:8815/'

2024-05-21 16:44:37 - [TEST_STEP][PASSED] - maximizeWindow(): Current window maximized

2024-05-21 16:44:37 - [MESSAGE][PASSED] - Current window maximized

2024-05-21 16:44:37 - [TEST_STEP][PASSED] - delay(2): Delayed 2 second(s)

2024-05-21 16:44:39 - [MESSAGE][PASSED] - Delayed 2 second(s)

2024-05-21 16:44:39 - [TEST_STEP][PASSED] - setText(findTestObject("ADM/0Inicio Sesion/input_Usuario"), Usuario): Text 'Ciel' is set on object 'Object Repository/ADM/0Inicio Sesion/input_Usuario'

2024-05-21 16:44:40 - [MESSAGE][PASSED] - Text 'Ciel' is set on object 'Object Repository/ADM/0Inicio Sesion/input_Usuario'

2024-05-21 16:44:40 - [TEST_STEP][PASSED] - delay(2): Delayed 2 second(s)

2024-05-21 16:44:42 - [MESSAGE][PASSED] - Delayed 2 second(s)

2024-05-21 16:44:42 - [TEST_STEP][PASSED] - setText(findTestObject("ADM/0Inicio Sesion/input_Clave"), Clave): Text 'Digiturno5.' is set on object 'Object Repository/ADM/0Inicio Sesion/input_Clave'

2024-05-21 16:44:43 - [MESSAGE][PASSED] - Text 'Digiturno5.' is set on object 'Object Repository/ADM/0Inicio Sesion/input_Clave'

2024-05-21 16:44:43 - [TEST_STEP][PASSED] - delay(2): Delayed 2 second(s)

2024-05-21 16:44:45 - [MESSAGE][PASSED] - Delayed 2 second(s)

2024-05-21 16:44:45 - [TEST_STEP][PASSED] - click(findTestObject("ADM/0Inicio Sesion/btn_IniciarSesion")): Object: 'Object Repository/ADM/0Inicio Sesion/btn_IniciarSesion' is clicked on

2024-05-21 16:44:45 - [MESSAGE][PASSED] - Object: 'Object Repository/ADM/0Inicio Sesion/btn_IniciarSesion' is clicked on

2024-05-21 16:44:45 - [TEST_STEP][PASSED] - delay(3): Delayed 3 second(s)

2024-05-21 16:44:48 - [MESSAGE][PASSED] - Delayed 3 second(s)

2024-05-21 16:44:48 - [MESSAGE][PASSED] - Call Test Case 'Test Cases/0InicioSesion' successfully

2024-05-21 16:44:48 - [TEST_STEP][PASSED] - click(findTestObject("ADM/0Principal/a_Configuracion")): Object: 'Object Repository/ADM/0Principal/a_Configuracion' is clicked on

2024-05-21 16:44:49 - [MESSAGE][PASSED] - Object: 'Object Repository/ADM/0Principal/a_Configuracion' is clicked on

2024-05-21 16:44:49 - [TEST_STEP][PASSED] - delay(2): Delayed 2 second(s)

2024-05-21 16:44:51 - [MESSAGE][PASSED] - Delayed 2 second(s)

2024-05-21 16:44:51 - [TEST_STEP][PASSED] - click(findTestObject("ADM/1Configuracion/0Principal/a_5 Clientes")): Object: 'Object Repository/ADM/1Configuracion/0Principal/a_5 Clientes' is clicked on

2024-05-21 16:44:51 - [MESSAGE][PASSED] - Object: 'Object Repository/ADM/1Configuracion/0Principal/a_5 Clientes' is clicked on

2024-05-21 16:44:51 - [TEST_STEP][PASSED] - delay(2): Delayed 2 second(s)

2024-05-21 16:44:53 - [MESSAGE][PASSED] - Delayed 2 second(s)

2024-05-21 16:44:53 - [TEST_STEP][PASSED] - click(findTestObject("ADM/1Configuracion/5Clientes/0Principal/a_1 Maestro de clientes")): Object: 'Object Repository/ADM/1Configuracion/5Clientes/0Principal/a_1 Maestro de clientes' is clicked on

2024-05-21 16:44:54 - [MESSAGE][PASSED] - Object: 'Object Repository/ADM/1Configuracion/5Clientes/0Principal/a_1 Maestro de clientes' is clicked on

2024-05-21 16:44:54 - [TEST_STEP][PASSED] - delay(2): Delayed 2 second(s)

2024-05-21 16:44:56 - [MESSAGE][PASSED] - Delayed 2 second(s)

2024-05-21 16:44:56 - [TEST_STEP][PASSED] - click(findTestObject("ADM/1Configuracion/5Clientes/1Maestro de Clientes/0 btn_Nuevo Cliente"), STOP_ON_FAILURE): Object: 'Object Repository/ADM/1Configuracion/5Clientes/1Maestro de Clientes/0 btn_Nuevo Cliente' is clicked on

2024-05-21 16:44:57 - [MESSAGE][PASSED] - Object: 'Object Repository/ADM/1Configuracion/5Clientes/1Maestro de Clientes/0 btn_Nuevo Cliente' is clicked on

2024-05-21 16:44:57 - [TEST_STEP][PASSED] - takeFullPageScreenshot(): Taking screenshot successfully

2024-05-21 16:44:57 - [MESSAGE][INFO] - 0 hidden object(s)

2024-05-21 16:44:57 - [MESSAGE][PASSED] - Taking screenshot successfully
[[ATTACHMENT|C:\\CIEL INGENIERIA\\Katalon\\AgendamientoADM\\Reports\\20240521_152353\\1 Configuracion\\5 Clientes\\1 Maestro Clientes\\20240521_152430\\1716327897097.png]]

2024-05-21 16:44:57 - [TEST_STEP][PASSED] - delay(2): Delayed 2 second(s)

2024-05-21 16:44:59 - [MESSAGE][PASSED] - Delayed 2 second(s)

2024-05-21 16:44:59 - [TEST_STEP][PASSED] - verifyElementPresent(findTestObject("ADM/1Configuracion/5Clientes/1Maestro de Clientes/Datos Cliente/select_Tipo Identificacion"), 2): Object 'Object Repository/ADM/1Configuracion/5Clientes/1Maestro de Clientes/Datos Cliente/select_Tipo Identificacion' is present

2024-05-21 16:45:00 - [MESSAGE][PASSED] - Object 'Object Repository/ADM/1Configuracion/5Clientes/1Maestro de Clientes/Datos Cliente/select_Tipo Identificacion' is present

2024-05-21 16:45:00 - [TEST_STEP][PASSED] - verifyElementPresent(findTestObject("ADM/1Configuracion/5Clientes/1Maestro de Clientes/Datos Cliente/input_Nombres"), 2): Object 'Object Repository/ADM/1Configuracion/5Clientes/1Maestro de Clientes/Datos Cliente/input_Nombres' is present

2024-05-21 16:45:00 - [MESSAGE][PASSED] - Object 'Object Repository/ADM/1Configuracion/5Clientes/1Maestro de Clientes/Datos Cliente/input_Nombres' is present

2024-05-21 16:45:00 - [TEST_STEP][PASSED] - verifyElementPresent(findTestObject("ADM/1Configuracion/5Clientes/1Maestro de Clientes/Datos Cliente/input_Apellidos"), 2): Object 'Object Repository/ADM/1Configuracion/5Clientes/1Maestro de Clientes/Datos Cliente/input_Apellidos' is present

2024-05-21 16:45:01 - [MESSAGE][PASSED] - Object 'Object Repository/ADM/1Configuracion/5Clientes/1Maestro de Clientes/Datos Cliente/input_Apellidos' is present

2024-05-21 16:45:01 - [TEST_STEP][PASSED] - verifyElementPresent(findTestObject("ADM/1Configuracion/5Clientes/1Maestro de Clientes/Datos Cliente/input_Fecha Nacimiento (ddmmaaaa)"), 2): Object 'Object Repository/ADM/1Configuracion/5Clientes/1Maestro de Clientes/Datos Cliente/input_Fecha Nacimiento (ddmmaaaa)' is present

2024-05-21 16:45:01 - [MESSAGE][PASSED] - Object 'Object Repository/ADM/1Configuracion/5Clientes/1Maestro de Clientes/Datos Cliente/input_Fecha Nacimiento (ddmmaaaa)' is present

2024-05-21 16:45:01 - [TEST_STEP][PASSED] - verifyElementPresent(findTestObject("ADM/1Configuracion/5Clientes/1Maestro de Clientes/Datos Cliente/select_Genero"), 2): Object 'Object Repository/ADM/1Configuracion/5Clientes/1Maestro de Clientes/Datos Cliente/select_Genero' is present

2024-05-21 16:45:01 - [MESSAGE][PASSED] - Object 'Object Repository/ADM/1Configuracion/5Clientes/1Maestro de Clientes/Datos Cliente/select_Genero' is present

2024-05-21 16:45:01 - [TEST_STEP][PASSED] - verifyElementPresent(findTestObject("ADM/1Configuracion/5Clientes/1Maestro de Clientes/Datos Cliente/select_Pais"), 2): Object 'Object Repository/ADM/1Configuracion/5Clientes/1Maestro de Clientes/Datos Cliente/select_Pais' is present

2024-05-21 16:45:02 - [MESSAGE][PASSED] - Object 'Object Repository/ADM/1Configuracion/5Clientes/1Maestro de Clientes/Datos Cliente/select_Pais' is present

2024-05-21 16:45:02 - [TEST_STEP][PASSED] - verifyElementPresent(findTestObject("ADM/1Configuracion/5Clientes/1Maestro de Clientes/Datos Cliente/select_Departamento"), 2): Object 'Object Repository/ADM/1Configuracion/5Clientes/1Maestro de Clientes/Datos Cliente/select_Departamento' is present

2024-05-21 16:45:02 - [MESSAGE][PASSED] - Object 'Object Repository/ADM/1Configuracion/5Clientes/1Maestro de Clientes/Datos Cliente/select_Departamento' is present

2024-05-21 16:45:02 - [TEST_STEP][PASSED] - verifyElementPresent(findTestObject("ADM/1Configuracion/5Clientes/1Maestro de Clientes/Datos Cliente/select_Tipo Cliente"), 2): Object 'Object Repository/ADM/1Configuracion/5Clientes/1Maestro de Clientes/Datos Cliente/select_Tipo Cliente' is present

2024-05-21 16:45:02 - [MESSAGE][PASSED] - Object 'Object Repository/ADM/1Configuracion/5Clientes/1Maestro de Clientes/Datos Cliente/select_Tipo Cliente' is present

2024-05-21 16:45:02 - [TEST_STEP][PASSED] - verifyElementPresent(findTestObject("ADM/1Configuracion/5Clientes/1Maestro de Clientes/Datos Cliente/select_Tipo Usuario"), 2): Object 'Object Repository/ADM/1Configuracion/5Clientes/1Maestro de Clientes/Datos Cliente/select_Tipo Usuario' is present

2024-05-21 16:45:03 - [MESSAGE][PASSED] - Object 'Object Repository/ADM/1Configuracion/5Clientes/1Maestro de Clientes/Datos Cliente/select_Tipo Usuario' is present

2024-05-21 16:45:03 - [TEST_STEP][PASSED] - verifyElementPresent(findTestObject("ADM/1Configuracion/5Clientes/1Maestro de Clientes/Datos Cliente/input_Celular"), 2): Object 'Object Repository/ADM/1Configuracion/5Clientes/1Maestro de Clientes/Datos Cliente/input_Celular' is present

2024-05-21 16:45:03 - [MESSAGE][PASSED] - Object 'Object Repository/ADM/1Configuracion/5Clientes/1Maestro de Clientes/Datos Cliente/input_Celular' is present

2024-05-21 16:45:03 - [TEST_STEP][PASSED] - verifyElementPresent(findTestObject("ADM/1Configuracion/5Clientes/1Maestro de Clientes/Datos Cliente/input_Correo Electronico"), 2): Object 'Object Repository/ADM/1Configuracion/5Clientes/1Maestro de Clientes/Datos Cliente/input_Correo Electronico' is present

2024-05-21 16:45:04 - [MESSAGE][PASSED] - Object 'Object Repository/ADM/1Configuracion/5Clientes/1Maestro de Clientes/Datos Cliente/input_Correo Electronico' is present

2024-05-21 16:45:04 - [TEST_STEP][PASSED] - Start listener action : sampleAfterTestCase: null]]></system-out>
         <system-err><![CDATA[]]></system-err>
      </testcase>
      <testcase name="Test Cases/Configuracion/5 Clientes/1 Maestro Clientes/R194 b" time="28.423" classname="Test Cases/Configuracion/5 Clientes/1 Maestro Clientes/R194 b" status="FAILED">
         <failure type="FAILED" message="Test Cases/Configuracion/5 Clientes/1 Maestro Clientes/R194 b FAILED.
Reason:
com.kms.katalon.core.exception.StepFailedException: Unable to select option by label 'Cédula de Ciudadanía' of object 'Object Repository/ADM/1Configuracion/5Clientes/1Maestro de Clientes/Datos Cliente/select_Tipo Identificacion' 
	at com.kms.katalon.core.webui.keyword.internal.WebUIKeywordMain.stepFailed(WebUIKeywordMain.groovy:64)
	at com.kms.katalon.core.webui.keyword.internal.WebUIKeywordMain.runKeyword(WebUIKeywordMain.groovy:26)
	at com.kms.katalon.core.webui.keyword.builtin.SelectOptionByLabelKeyword.selectOptionByLabel(SelectOptionByLabelKeyword.groovy:98)
	at com.kms.katalon.core.webui.keyword.builtin.SelectOptionByLabelKeyword.execute(SelectOptionByLabelKeyword.groovy:71)
	at com.kms.katalon.core.keyword.internal.KeywordExecutor.executeKeywordForPlatform(KeywordExecutor.groovy:74)
	at com.kms.katalon.core.webui.keyword.WebUiBuiltInKeywords.selectOptionByLabel(WebUiBuiltInKeywords.groovy:1230)
	at com.kms.katalon.core.webui.keyword.WebUiBuiltInKeywords$selectOptionByLabel$6.call(Unknown Source)
	at R194 b.run(R194 b:43)
	at com.kms.katalon.core.main.ScriptEngine.run(ScriptEngine.java:194)
	at com.kms.katalon.core.main.ScriptEngine.runScriptAsRawText(ScriptEngine.java:119)
	at com.kms.katalon.core.main.TestCaseExecutor.runScript(TestCaseExecutor.java:448)
	at com.kms.katalon.core.main.TestCaseExecutor.doExecute(TestCaseExecutor.java:439)
	at com.kms.katalon.core.main.TestCaseExecutor.processExecutionPhase(TestCaseExecutor.java:418)
	at com.kms.katalon.core.main.TestCaseExecutor.accessMainPhase(TestCaseExecutor.java:410)
	at com.kms.katalon.core.main.TestCaseExecutor.execute(TestCaseExecutor.java:285)
	at com.kms.katalon.core.common.CommonExecutor.accessTestCaseMainPhase(CommonExecutor.java:65)
	at com.kms.katalon.core.main.TestSuiteExecutor.accessTestSuiteMainPhase(TestSuiteExecutor.java:148)
	at com.kms.katalon.core.main.TestSuiteExecutor.execute(TestSuiteExecutor.java:106)
	at com.kms.katalon.core.main.TestCaseMain.startTestSuite(TestCaseMain.java:187)
	at com.kms.katalon.core.main.TestCaseMain$startTestSuite$0.call(Unknown Source)
	at TempTestSuite1716323070945.run(TempTestSuite1716323070945.groovy:35)
Caused by: org.openqa.selenium.NoSuchElementException: Cannot locate element with text: Cédula de Ciudadanía
For documentation on this error, please visit: https://www.seleniumhq.org/exceptions/no_such_element.html
Build info: version: '3.141.59', revision: 'e82be7d358', time: '2018-11-14T08:25:53'
System info: host: 'PCPRUEBAS101', ip: '192.168.91.13', os.name: 'Windows 10', os.arch: 'amd64', os.version: '10.0', java.version: '1.8.0_282'
Driver info: driver.version: unknown
	at org.openqa.selenium.support.ui.Select.selectByVisibleText(Select.java:147)
	at com.kms.katalon.core.webui.common.WebUiCommonHelper.selectOrDeselectOptionsByLabel(WebUiCommonHelper.java:310)
	at com.kms.katalon.core.webui.keyword.builtin.SelectOptionByLabelKeyword$_selectOptionByLabel_closure1.doCall(SelectOptionByLabelKeyword.groovy:87)
	at com.kms.katalon.core.webui.keyword.builtin.SelectOptionByLabelKeyword$_selectOptionByLabel_closure1.call(SelectOptionByLabelKeyword.groovy)
	at com.kms.katalon.core.webui.keyword.internal.WebUIKeywordMain.runKeyword(WebUIKeywordMain.groovy:20)
	... 19 more
"/>
         <system-out><![CDATA[2024-05-21 16:45:04 - [TEST_CASE][FAILED] - Test Cases/Configuracion/5 Clientes/1 Maestro Clientes/R194 b: Test Cases/Configuracion/5 Clientes/1 Maestro Clientes/R194 b FAILED.
Reason:
com.kms.katalon.core.exception.StepFailedException: Unable to select option by label 'Cédula de Ciudadanía' of object 'Object Repository/ADM/1Configuracion/5Clientes/1Maestro de Clientes/Datos Cliente/select_Tipo Identificacion' 
	at com.kms.katalon.core.webui.keyword.internal.WebUIKeywordMain.stepFailed(WebUIKeywordMain.groovy:64)
	at com.kms.katalon.core.webui.keyword.internal.WebUIKeywordMain.runKeyword(WebUIKeywordMain.groovy:26)
	at com.kms.katalon.core.webui.keyword.builtin.SelectOptionByLabelKeyword.selectOptionByLabel(SelectOptionByLabelKeyword.groovy:98)
	at com.kms.katalon.core.webui.keyword.builtin.SelectOptionByLabelKeyword.execute(SelectOptionByLabelKeyword.groovy:71)
	at com.kms.katalon.core.keyword.internal.KeywordExecutor.executeKeywordForPlatform(KeywordExecutor.groovy:74)
	at com.kms.katalon.core.webui.keyword.WebUiBuiltInKeywords.selectOptionByLabel(WebUiBuiltInKeywords.groovy:1230)
	at com.kms.katalon.core.webui.keyword.WebUiBuiltInKeywords$selectOptionByLabel$6.call(Unknown Source)
	at R194 b.run(R194 b:43)
	at com.kms.katalon.core.main.ScriptEngine.run(ScriptEngine.java:194)
	at com.kms.katalon.core.main.ScriptEngine.runScriptAsRawText(ScriptEngine.java:119)
	at com.kms.katalon.core.main.TestCaseExecutor.runScript(TestCaseExecutor.java:448)
	at com.kms.katalon.core.main.TestCaseExecutor.doExecute(TestCaseExecutor.java:439)
	at com.kms.katalon.core.main.TestCaseExecutor.processExecutionPhase(TestCaseExecutor.java:418)
	at com.kms.katalon.core.main.TestCaseExecutor.accessMainPhase(TestCaseExecutor.java:410)
	at com.kms.katalon.core.main.TestCaseExecutor.execute(TestCaseExecutor.java:285)
	at com.kms.katalon.core.common.CommonExecutor.accessTestCaseMainPhase(CommonExecutor.java:65)
	at com.kms.katalon.core.main.TestSuiteExecutor.accessTestSuiteMainPhase(TestSuiteExecutor.java:148)
	at com.kms.katalon.core.main.TestSuiteExecutor.execute(TestSuiteExecutor.java:106)
	at com.kms.katalon.core.main.TestCaseMain.startTestSuite(TestCaseMain.java:187)
	at com.kms.katalon.core.main.TestCaseMain$startTestSuite$0.call(Unknown Source)
	at TempTestSuite1716323070945.run(TempTestSuite1716323070945.groovy:35)
Caused by: org.openqa.selenium.NoSuchElementException: Cannot locate element with text: Cédula de Ciudadanía
For documentation on this error, please visit: https://www.seleniumhq.org/exceptions/no_such_element.html
Build info: version: '3.141.59', revision: 'e82be7d358', time: '2018-11-14T08:25:53'
System info: host: 'PCPRUEBAS101', ip: '192.168.91.13', os.name: 'Windows 10', os.arch: 'amd64', os.version: '10.0', java.version: '1.8.0_282'
Driver info: driver.version: unknown
	at org.openqa.selenium.support.ui.Select.selectByVisibleText(Select.java:147)
	at com.kms.katalon.core.webui.common.WebUiCommonHelper.selectOrDeselectOptionsByLabel(WebUiCommonHelper.java:310)
	at com.kms.katalon.core.webui.keyword.builtin.SelectOptionByLabelKeyword$_selectOptionByLabel_closure1.doCall(SelectOptionByLabelKeyword.groovy:87)
	at com.kms.katalon.core.webui.keyword.builtin.SelectOptionByLabelKeyword$_selectOptionByLabel_closure1.call(SelectOptionByLabelKeyword.groovy)
	at com.kms.katalon.core.webui.keyword.internal.WebUIKeywordMain.runKeyword(WebUIKeywordMain.groovy:20)
	... 19 more


2024-05-21 16:45:04 - [TEST_STEP][PASSED] - callTestCase(findTestCase("0InicioSesion"), [:], STOP_ON_FAILURE): Call Test Case 'Test Cases/0InicioSesion' successfully

2024-05-21 16:45:04 - [TEST_CASE][PASSED] - Test Cases/0InicioSesion: Test Cases/0InicioSesion

2024-05-21 16:45:04 - [TEST_STEP][PASSED] - openBrowser(Url): Browser is opened with url: 'https://pcpruebas101.ciel.cielingenieria.com:8815/'

2024-05-21 16:45:04 - [MESSAGE][WARNING] - A browser is already opened. Closing browser and opening a new one

2024-05-21 16:45:05 - [MESSAGE][INFO] - Starting 'Chrome' driver

2024-05-21 16:45:05 - [MESSAGE][INFO] - Action delay is set to 0 milliseconds

2024-05-21 16:45:07 - [MESSAGE][PASSED] - Browser is opened with url: 'https://pcpruebas101.ciel.cielingenieria.com:8815/'

2024-05-21 16:45:07 - [TEST_STEP][PASSED] - maximizeWindow(): Current window maximized

2024-05-21 16:45:07 - [MESSAGE][PASSED] - Current window maximized

2024-05-21 16:45:07 - [TEST_STEP][PASSED] - delay(2): Delayed 2 second(s)

2024-05-21 16:45:09 - [MESSAGE][PASSED] - Delayed 2 second(s)

2024-05-21 16:45:09 - [TEST_STEP][PASSED] - setText(findTestObject("ADM/0Inicio Sesion/input_Usuario"), Usuario): Text 'Ciel' is set on object 'Object Repository/ADM/0Inicio Sesion/input_Usuario'

2024-05-21 16:45:10 - [MESSAGE][PASSED] - Text 'Ciel' is set on object 'Object Repository/ADM/0Inicio Sesion/input_Usuario'

2024-05-21 16:45:10 - [TEST_STEP][PASSED] - delay(2): Delayed 2 second(s)

2024-05-21 16:45:12 - [MESSAGE][PASSED] - Delayed 2 second(s)

2024-05-21 16:45:12 - [TEST_STEP][PASSED] - setText(findTestObject("ADM/0Inicio Sesion/input_Clave"), Clave): Text 'Digiturno5.' is set on object 'Object Repository/ADM/0Inicio Sesion/input_Clave'

2024-05-21 16:45:13 - [MESSAGE][PASSED] - Text 'Digiturno5.' is set on object 'Object Repository/ADM/0Inicio Sesion/input_Clave'

2024-05-21 16:45:13 - [TEST_STEP][PASSED] - delay(2): Delayed 2 second(s)

2024-05-21 16:45:15 - [MESSAGE][PASSED] - Delayed 2 second(s)

2024-05-21 16:45:15 - [TEST_STEP][PASSED] - click(findTestObject("ADM/0Inicio Sesion/btn_IniciarSesion")): Object: 'Object Repository/ADM/0Inicio Sesion/btn_IniciarSesion' is clicked on

2024-05-21 16:45:16 - [MESSAGE][PASSED] - Object: 'Object Repository/ADM/0Inicio Sesion/btn_IniciarSesion' is clicked on

2024-05-21 16:45:16 - [TEST_STEP][PASSED] - delay(3): Delayed 3 second(s)

2024-05-21 16:45:19 - [MESSAGE][PASSED] - Delayed 3 second(s)

2024-05-21 16:45:19 - [MESSAGE][PASSED] - Call Test Case 'Test Cases/0InicioSesion' successfully

2024-05-21 16:45:19 - [TEST_STEP][PASSED] - click(findTestObject("ADM/0Principal/a_Configuracion")): Object: 'Object Repository/ADM/0Principal/a_Configuracion' is clicked on

2024-05-21 16:45:19 - [MESSAGE][PASSED] - Object: 'Object Repository/ADM/0Principal/a_Configuracion' is clicked on

2024-05-21 16:45:19 - [TEST_STEP][PASSED] - delay(2): Delayed 2 second(s)

2024-05-21 16:45:21 - [MESSAGE][PASSED] - Delayed 2 second(s)

2024-05-21 16:45:21 - [TEST_STEP][PASSED] - click(findTestObject("ADM/1Configuracion/0Principal/a_5 Clientes")): Object: 'Object Repository/ADM/1Configuracion/0Principal/a_5 Clientes' is clicked on

2024-05-21 16:45:22 - [MESSAGE][PASSED] - Object: 'Object Repository/ADM/1Configuracion/0Principal/a_5 Clientes' is clicked on

2024-05-21 16:45:22 - [TEST_STEP][PASSED] - delay(2): Delayed 2 second(s)

2024-05-21 16:45:24 - [MESSAGE][PASSED] - Delayed 2 second(s)

2024-05-21 16:45:24 - [TEST_STEP][PASSED] - click(findTestObject("ADM/1Configuracion/5Clientes/0Principal/a_1 Maestro de clientes")): Object: 'Object Repository/ADM/1Configuracion/5Clientes/0Principal/a_1 Maestro de clientes' is clicked on

2024-05-21 16:45:24 - [MESSAGE][PASSED] - Object: 'Object Repository/ADM/1Configuracion/5Clientes/0Principal/a_1 Maestro de clientes' is clicked on

2024-05-21 16:45:24 - [TEST_STEP][PASSED] - delay(2): Delayed 2 second(s)

2024-05-21 16:45:26 - [MESSAGE][PASSED] - Delayed 2 second(s)

2024-05-21 16:45:26 - [TEST_STEP][PASSED] - click(findTestObject("ADM/1Configuracion/5Clientes/1Maestro de Clientes/0 btn_Nuevo Cliente"), STOP_ON_FAILURE): Object: 'Object Repository/ADM/1Configuracion/5Clientes/1Maestro de Clientes/0 btn_Nuevo Cliente' is clicked on

2024-05-21 16:45:27 - [MESSAGE][PASSED] - Object: 'Object Repository/ADM/1Configuracion/5Clientes/1Maestro de Clientes/0 btn_Nuevo Cliente' is clicked on

2024-05-21 16:45:27 - [TEST_STEP][PASSED] - comment("Verificar numero identificacion"): Verificar numero identificacion

2024-05-21 16:45:27 - [MESSAGE][INFO] - Verificar numero identificacion

2024-05-21 16:45:27 - [TEST_STEP][PASSED] - takeFullPageScreenshot(): Taking screenshot successfully

2024-05-21 16:45:28 - [MESSAGE][INFO] - 0 hidden object(s)

2024-05-21 16:45:28 - [MESSAGE][PASSED] - Taking screenshot successfully
[[ATTACHMENT|C:\\CIEL INGENIERIA\\Katalon\\AgendamientoADM\\Reports\\20240521_152353\\1 Configuracion\\5 Clientes\\1 Maestro Clientes\\20240521_152430\\1716327927359.png]]

2024-05-21 16:45:28 - [TEST_STEP][PASSED] - delay(2): Delayed 2 second(s)

2024-05-21 16:45:30 - [MESSAGE][PASSED] - Delayed 2 second(s)

2024-05-21 16:45:30 - [TEST_STEP][FAILED] - selectOptionByLabel(findTestObject("ADM/1Configuracion/5Clientes/1Maestro de Clientes/Datos Cliente/select_Tipo Identificacion"), findTestData("5Clientes").getValue("Tipo Identificacion", 1), false): Unable to select option by label 'Cédula de Ciudadanía' of object 'Object Repository/ADM/1Configuracion/5Clientes/1Maestro de Clientes/Datos Cliente/select_Tipo Identificacion'  (Root cause: com.kms.katalon.core.exception.StepFailedException: Unable to select option by label 'Cédula de Ciudadanía' of object 'Object Repository/ADM/1Configuracion/5Clientes/1Maestro de Clientes/Datos Cliente/select_Tipo Identificacion' 
	at com.kms.katalon.core.webui.keyword.internal.WebUIKeywordMain.stepFailed(WebUIKeywordMain.groovy:64)
	at com.kms.katalon.core.webui.keyword.internal.WebUIKeywordMain.runKeyword(WebUIKeywordMain.groovy:26)
	at com.kms.katalon.core.webui.keyword.builtin.SelectOptionByLabelKeyword.selectOptionByLabel(SelectOptionByLabelKeyword.groovy:98)
	at com.kms.katalon.core.webui.keyword.builtin.SelectOptionByLabelKeyword.execute(SelectOptionByLabelKeyword.groovy:71)
	at com.kms.katalon.core.keyword.internal.KeywordExecutor.executeKeywordForPlatform(KeywordExecutor.groovy:74)
	at com.kms.katalon.core.webui.keyword.WebUiBuiltInKeywords.selectOptionByLabel(WebUiBuiltInKeywords.groovy:1230)
	at com.kms.katalon.core.webui.keyword.WebUiBuiltInKeywords$selectOptionByLabel$6.call(Unknown Source)
	at R194 b.run(R194 b:43)
	at com.kms.katalon.core.main.ScriptEngine.run(ScriptEngine.java:194)
	at com.kms.katalon.core.main.ScriptEngine.runScriptAsRawText(ScriptEngine.java:119)
	at com.kms.katalon.core.main.TestCaseExecutor.runScript(TestCaseExecutor.java:448)
	at com.kms.katalon.core.main.TestCaseExecutor.doExecute(TestCaseExecutor.java:439)
	at com.kms.katalon.core.main.TestCaseExecutor.processExecutionPhase(TestCaseExecutor.java:418)
	at com.kms.katalon.core.main.TestCaseExecutor.accessMainPhase(TestCaseExecutor.java:410)
	at com.kms.katalon.core.main.TestCaseExecutor.execute(TestCaseExecutor.java:285)
	at com.kms.katalon.core.common.CommonExecutor.accessTestCaseMainPhase(CommonExecutor.java:65)
	at com.kms.katalon.core.main.TestSuiteExecutor.accessTestSuiteMainPhase(TestSuiteExecutor.java:148)
	at com.kms.katalon.core.main.TestSuiteExecutor.execute(TestSuiteExecutor.java:106)
	at com.kms.katalon.core.main.TestCaseMain.startTestSuite(TestCaseMain.java:187)
	at com.kms.katalon.core.main.TestCaseMain$startTestSuite$0.call(Unknown Source)
	at TempTestSuite1716323070945.run(TempTestSuite1716323070945.groovy:35)
Caused by: org.openqa.selenium.NoSuchElementException: Cannot locate element with text: Cédula de Ciudadanía
For documentation on this error, please visit: https://www.seleniumhq.org/exceptions/no_such_element.html
Build info: version: '3.141.59', revision: 'e82be7d358', time: '2018-11-14T08:25:53'
System info: host: 'PCPRUEBAS101', ip: '192.168.91.13', os.name: 'Windows 10', os.arch: 'amd64', os.version: '10.0', java.version: '1.8.0_282'
Driver info: driver.version: unknown
	at org.openqa.selenium.support.ui.Select.selectByVisibleText(Select.java:147)
	at com.kms.katalon.core.webui.common.WebUiCommonHelper.selectOrDeselectOptionsByLabel(WebUiCommonHelper.java:310)
	at com.kms.katalon.core.webui.keyword.builtin.SelectOptionByLabelKeyword$_selectOptionByLabel_closure1.doCall(SelectOptionByLabelKeyword.groovy:87)
	at com.kms.katalon.core.webui.keyword.builtin.SelectOptionByLabelKeyword$_selectOptionByLabel_closure1.call(SelectOptionByLabelKeyword.groovy)
	at com.kms.katalon.core.webui.keyword.internal.WebUIKeywordMain.runKeyword(WebUIKeywordMain.groovy:20)
	at com.kms.katalon.core.webui.keyword.builtin.SelectOptionByLabelKeyword.selectOptionByLabel(SelectOptionByLabelKeyword.groovy:98)
	at com.kms.katalon.core.webui.keyword.builtin.SelectOptionByLabelKeyword.execute(SelectOptionByLabelKeyword.groovy:71)
	at com.kms.katalon.core.keyword.internal.KeywordExecutor.executeKeywordForPlatform(KeywordExecutor.groovy:74)
	at com.kms.katalon.core.webui.keyword.WebUiBuiltInKeywords.selectOptionByLabel(WebUiBuiltInKeywords.groovy:1230)
	at com.kms.katalon.core.webui.keyword.WebUiBuiltInKeywords$selectOptionByLabel$6.call(Unknown Source)
	at Script1705005844941.run(Script1705005844941.groovy:43)
	... 13 more
)

2024-05-21 16:45:32 - [MESSAGE][FAILED] - Unable to select option by label 'Cédula de Ciudadanía' of object 'Object Repository/ADM/1Configuracion/5Clientes/1Maestro de Clientes/Datos Cliente/select_Tipo Identificacion'  (Root cause: com.kms.katalon.core.exception.StepFailedException: Unable to select option by label 'Cédula de Ciudadanía' of object 'Object Repository/ADM/1Configuracion/5Clientes/1Maestro de Clientes/Datos Cliente/select_Tipo Identificacion' 
	at com.kms.katalon.core.webui.keyword.internal.WebUIKeywordMain.stepFailed(WebUIKeywordMain.groovy:64)
	at com.kms.katalon.core.webui.keyword.internal.WebUIKeywordMain.runKeyword(WebUIKeywordMain.groovy:26)
	at com.kms.katalon.core.webui.keyword.builtin.SelectOptionByLabelKeyword.selectOptionByLabel(SelectOptionByLabelKeyword.groovy:98)
	at com.kms.katalon.core.webui.keyword.builtin.SelectOptionByLabelKeyword.execute(SelectOptionByLabelKeyword.groovy:71)
	at com.kms.katalon.core.keyword.internal.KeywordExecutor.executeKeywordForPlatform(KeywordExecutor.groovy:74)
	at com.kms.katalon.core.webui.keyword.WebUiBuiltInKeywords.selectOptionByLabel(WebUiBuiltInKeywords.groovy:1230)
	at com.kms.katalon.core.webui.keyword.WebUiBuiltInKeywords$selectOptionByLabel$6.call(Unknown Source)
	at R194 b.run(R194 b:43)
	at com.kms.katalon.core.main.ScriptEngine.run(ScriptEngine.java:194)
	at com.kms.katalon.core.main.ScriptEngine.runScriptAsRawText(ScriptEngine.java:119)
	at com.kms.katalon.core.main.TestCaseExecutor.runScript(TestCaseExecutor.java:448)
	at com.kms.katalon.core.main.TestCaseExecutor.doExecute(TestCaseExecutor.java:439)
	at com.kms.katalon.core.main.TestCaseExecutor.processExecutionPhase(TestCaseExecutor.java:418)
	at com.kms.katalon.core.main.TestCaseExecutor.accessMainPhase(TestCaseExecutor.java:410)
	at com.kms.katalon.core.main.TestCaseExecutor.execute(TestCaseExecutor.java:285)
	at com.kms.katalon.core.common.CommonExecutor.accessTestCaseMainPhase(CommonExecutor.java:65)
	at com.kms.katalon.core.main.TestSuiteExecutor.accessTestSuiteMainPhase(TestSuiteExecutor.java:148)
	at com.kms.katalon.core.main.TestSuiteExecutor.execute(TestSuiteExecutor.java:106)
	at com.kms.katalon.core.main.TestCaseMain.startTestSuite(TestCaseMain.java:187)
	at com.kms.katalon.core.main.TestCaseMain$startTestSuite$0.call(Unknown Source)
	at TempTestSuite1716323070945.run(TempTestSuite1716323070945.groovy:35)
Caused by: org.openqa.selenium.NoSuchElementException: Cannot locate element with text: Cédula de Ciudadanía
For documentation on this error, please visit: https://www.seleniumhq.org/exceptions/no_such_element.html
Build info: version: '3.141.59', revision: 'e82be7d358', time: '2018-11-14T08:25:53'
System info: host: 'PCPRUEBAS101', ip: '192.168.91.13', os.name: 'Windows 10', os.arch: 'amd64', os.version: '10.0', java.version: '1.8.0_282'
Driver info: driver.version: unknown
	at org.openqa.selenium.support.ui.Select.selectByVisibleText(Select.java:147)
	at com.kms.katalon.core.webui.common.WebUiCommonHelper.selectOrDeselectOptionsByLabel(WebUiCommonHelper.java:310)
	at com.kms.katalon.core.webui.keyword.builtin.SelectOptionByLabelKeyword$_selectOptionByLabel_closure1.doCall(SelectOptionByLabelKeyword.groovy:87)
	at com.kms.katalon.core.webui.keyword.builtin.SelectOptionByLabelKeyword$_selectOptionByLabel_closure1.call(SelectOptionByLabelKeyword.groovy)
	at com.kms.katalon.core.webui.keyword.internal.WebUIKeywordMain.runKeyword(WebUIKeywordMain.groovy:20)
	at com.kms.katalon.core.webui.keyword.builtin.SelectOptionByLabelKeyword.selectOptionByLabel(SelectOptionByLabelKeyword.groovy:98)
	at com.kms.katalon.core.webui.keyword.builtin.SelectOptionByLabelKeyword.execute(SelectOptionByLabelKeyword.groovy:71)
	at com.kms.katalon.core.keyword.internal.KeywordExecutor.executeKeywordForPlatform(KeywordExecutor.groovy:74)
	at com.kms.katalon.core.webui.keyword.WebUiBuiltInKeywords.selectOptionByLabel(WebUiBuiltInKeywords.groovy:1230)
	at com.kms.katalon.core.webui.keyword.WebUiBuiltInKeywords$selectOptionByLabel$6.call(Unknown Source)
	at Script1705005844941.run(Script1705005844941.groovy:43)
	... 13 more
)
[[ATTACHMENT|C:\\CIEL INGENIERIA\\Katalon\\AgendamientoADM\\Reports\\20240521_152353\\1 Configuracion\\5 Clientes\\1 Maestro Clientes\\20240521_152430\\1716327932526.png]]

2024-05-21 16:45:32 - [TEST_STEP][PASSED] - Start listener action : sampleAfterTestCase: null]]></system-out>
         <system-err><![CDATA[2024-05-21 16:45:04 - [TEST_CASE][FAILED] - Test Cases/Configuracion/5 Clientes/1 Maestro Clientes/R194 b: Test Cases/Configuracion/5 Clientes/1 Maestro Clientes/R194 b FAILED.
Reason:
com.kms.katalon.core.exception.StepFailedException: Unable to select option by label 'Cédula de Ciudadanía' of object 'Object Repository/ADM/1Configuracion/5Clientes/1Maestro de Clientes/Datos Cliente/select_Tipo Identificacion' 
	at com.kms.katalon.core.webui.keyword.internal.WebUIKeywordMain.stepFailed(WebUIKeywordMain.groovy:64)
	at com.kms.katalon.core.webui.keyword.internal.WebUIKeywordMain.runKeyword(WebUIKeywordMain.groovy:26)
	at com.kms.katalon.core.webui.keyword.builtin.SelectOptionByLabelKeyword.selectOptionByLabel(SelectOptionByLabelKeyword.groovy:98)
	at com.kms.katalon.core.webui.keyword.builtin.SelectOptionByLabelKeyword.execute(SelectOptionByLabelKeyword.groovy:71)
	at com.kms.katalon.core.keyword.internal.KeywordExecutor.executeKeywordForPlatform(KeywordExecutor.groovy:74)
	at com.kms.katalon.core.webui.keyword.WebUiBuiltInKeywords.selectOptionByLabel(WebUiBuiltInKeywords.groovy:1230)
	at com.kms.katalon.core.webui.keyword.WebUiBuiltInKeywords$selectOptionByLabel$6.call(Unknown Source)
	at R194 b.run(R194 b:43)
	at com.kms.katalon.core.main.ScriptEngine.run(ScriptEngine.java:194)
	at com.kms.katalon.core.main.ScriptEngine.runScriptAsRawText(ScriptEngine.java:119)
	at com.kms.katalon.core.main.TestCaseExecutor.runScript(TestCaseExecutor.java:448)
	at com.kms.katalon.core.main.TestCaseExecutor.doExecute(TestCaseExecutor.java:439)
	at com.kms.katalon.core.main.TestCaseExecutor.processExecutionPhase(TestCaseExecutor.java:418)
	at com.kms.katalon.core.main.TestCaseExecutor.accessMainPhase(TestCaseExecutor.java:410)
	at com.kms.katalon.core.main.TestCaseExecutor.execute(TestCaseExecutor.java:285)
	at com.kms.katalon.core.common.CommonExecutor.accessTestCaseMainPhase(CommonExecutor.java:65)
	at com.kms.katalon.core.main.TestSuiteExecutor.accessTestSuiteMainPhase(TestSuiteExecutor.java:148)
	at com.kms.katalon.core.main.TestSuiteExecutor.execute(TestSuiteExecutor.java:106)
	at com.kms.katalon.core.main.TestCaseMain.startTestSuite(TestCaseMain.java:187)
	at com.kms.katalon.core.main.TestCaseMain$startTestSuite$0.call(Unknown Source)
	at TempTestSuite1716323070945.run(TempTestSuite1716323070945.groovy:35)
Caused by: org.openqa.selenium.NoSuchElementException: Cannot locate element with text: Cédula de Ciudadanía
For documentation on this error, please visit: https://www.seleniumhq.org/exceptions/no_such_element.html
Build info: version: '3.141.59', revision: 'e82be7d358', time: '2018-11-14T08:25:53'
System info: host: 'PCPRUEBAS101', ip: '192.168.91.13', os.name: 'Windows 10', os.arch: 'amd64', os.version: '10.0', java.version: '1.8.0_282'
Driver info: driver.version: unknown
	at org.openqa.selenium.support.ui.Select.selectByVisibleText(Select.java:147)
	at com.kms.katalon.core.webui.common.WebUiCommonHelper.selectOrDeselectOptionsByLabel(WebUiCommonHelper.java:310)
	at com.kms.katalon.core.webui.keyword.builtin.SelectOptionByLabelKeyword$_selectOptionByLabel_closure1.doCall(SelectOptionByLabelKeyword.groovy:87)
	at com.kms.katalon.core.webui.keyword.builtin.SelectOptionByLabelKeyword$_selectOptionByLabel_closure1.call(SelectOptionByLabelKeyword.groovy)
	at com.kms.katalon.core.webui.keyword.internal.WebUIKeywordMain.runKeyword(WebUIKeywordMain.groovy:20)
	... 19 more]]></system-err>
      </testcase>
      <testcase name="Test Cases/Configuracion/5 Clientes/1 Maestro Clientes/R194 c" time="27.3" classname="Test Cases/Configuracion/5 Clientes/1 Maestro Clientes/R194 c" status="FAILED">
         <failure type="FAILED" message="Test Cases/Configuracion/5 Clientes/1 Maestro Clientes/R194 c FAILED.
Reason:
com.kms.katalon.core.exception.StepFailedException: Unable to select option by label 'Cédula de Ciudadanía' of object 'Object Repository/ADM/1Configuracion/5Clientes/1Maestro de Clientes/Datos Cliente/select_Tipo Identificacion' 
	at com.kms.katalon.core.webui.keyword.internal.WebUIKeywordMain.stepFailed(WebUIKeywordMain.groovy:64)
	at com.kms.katalon.core.webui.keyword.internal.WebUIKeywordMain.runKeyword(WebUIKeywordMain.groovy:26)
	at com.kms.katalon.core.webui.keyword.builtin.SelectOptionByLabelKeyword.selectOptionByLabel(SelectOptionByLabelKeyword.groovy:98)
	at com.kms.katalon.core.webui.keyword.builtin.SelectOptionByLabelKeyword.execute(SelectOptionByLabelKeyword.groovy:71)
	at com.kms.katalon.core.keyword.internal.KeywordExecutor.executeKeywordForPlatform(KeywordExecutor.groovy:74)
	at com.kms.katalon.core.webui.keyword.WebUiBuiltInKeywords.selectOptionByLabel(WebUiBuiltInKeywords.groovy:1230)
	at com.kms.katalon.core.webui.keyword.WebUiBuiltInKeywords$selectOptionByLabel$6.call(Unknown Source)
	at R194 c.run(R194 c:43)
	at com.kms.katalon.core.main.ScriptEngine.run(ScriptEngine.java:194)
	at com.kms.katalon.core.main.ScriptEngine.runScriptAsRawText(ScriptEngine.java:119)
	at com.kms.katalon.core.main.TestCaseExecutor.runScript(TestCaseExecutor.java:448)
	at com.kms.katalon.core.main.TestCaseExecutor.doExecute(TestCaseExecutor.java:439)
	at com.kms.katalon.core.main.TestCaseExecutor.processExecutionPhase(TestCaseExecutor.java:418)
	at com.kms.katalon.core.main.TestCaseExecutor.accessMainPhase(TestCaseExecutor.java:410)
	at com.kms.katalon.core.main.TestCaseExecutor.execute(TestCaseExecutor.java:285)
	at com.kms.katalon.core.common.CommonExecutor.accessTestCaseMainPhase(CommonExecutor.java:65)
	at com.kms.katalon.core.main.TestSuiteExecutor.accessTestSuiteMainPhase(TestSuiteExecutor.java:148)
	at com.kms.katalon.core.main.TestSuiteExecutor.execute(TestSuiteExecutor.java:106)
	at com.kms.katalon.core.main.TestCaseMain.startTestSuite(TestCaseMain.java:187)
	at com.kms.katalon.core.main.TestCaseMain$startTestSuite$0.call(Unknown Source)
	at TempTestSuite1716323070945.run(TempTestSuite1716323070945.groovy:35)
Caused by: org.openqa.selenium.NoSuchElementException: Cannot locate element with text: Cédula de Ciudadanía
For documentation on this error, please visit: https://www.seleniumhq.org/exceptions/no_such_element.html
Build info: version: '3.141.59', revision: 'e82be7d358', time: '2018-11-14T08:25:53'
System info: host: 'PCPRUEBAS101', ip: '192.168.91.13', os.name: 'Windows 10', os.arch: 'amd64', os.version: '10.0', java.version: '1.8.0_282'
Driver info: driver.version: unknown
	at org.openqa.selenium.support.ui.Select.selectByVisibleText(Select.java:147)
	at com.kms.katalon.core.webui.common.WebUiCommonHelper.selectOrDeselectOptionsByLabel(WebUiCommonHelper.java:310)
	at com.kms.katalon.core.webui.keyword.builtin.SelectOptionByLabelKeyword$_selectOptionByLabel_closure1.doCall(SelectOptionByLabelKeyword.groovy:87)
	at com.kms.katalon.core.webui.keyword.builtin.SelectOptionByLabelKeyword$_selectOptionByLabel_closure1.call(SelectOptionByLabelKeyword.groovy)
	at com.kms.katalon.core.webui.keyword.internal.WebUIKeywordMain.runKeyword(WebUIKeywordMain.groovy:20)
	... 19 more
"/>
         <system-out><![CDATA[2024-05-21 16:45:32 - [TEST_CASE][FAILED] - Test Cases/Configuracion/5 Clientes/1 Maestro Clientes/R194 c: Test Cases/Configuracion/5 Clientes/1 Maestro Clientes/R194 c FAILED.
Reason:
com.kms.katalon.core.exception.StepFailedException: Unable to select option by label 'Cédula de Ciudadanía' of object 'Object Repository/ADM/1Configuracion/5Clientes/1Maestro de Clientes/Datos Cliente/select_Tipo Identificacion' 
	at com.kms.katalon.core.webui.keyword.internal.WebUIKeywordMain.stepFailed(WebUIKeywordMain.groovy:64)
	at com.kms.katalon.core.webui.keyword.internal.WebUIKeywordMain.runKeyword(WebUIKeywordMain.groovy:26)
	at com.kms.katalon.core.webui.keyword.builtin.SelectOptionByLabelKeyword.selectOptionByLabel(SelectOptionByLabelKeyword.groovy:98)
	at com.kms.katalon.core.webui.keyword.builtin.SelectOptionByLabelKeyword.execute(SelectOptionByLabelKeyword.groovy:71)
	at com.kms.katalon.core.keyword.internal.KeywordExecutor.executeKeywordForPlatform(KeywordExecutor.groovy:74)
	at com.kms.katalon.core.webui.keyword.WebUiBuiltInKeywords.selectOptionByLabel(WebUiBuiltInKeywords.groovy:1230)
	at com.kms.katalon.core.webui.keyword.WebUiBuiltInKeywords$selectOptionByLabel$6.call(Unknown Source)
	at R194 c.run(R194 c:43)
	at com.kms.katalon.core.main.ScriptEngine.run(ScriptEngine.java:194)
	at com.kms.katalon.core.main.ScriptEngine.runScriptAsRawText(ScriptEngine.java:119)
	at com.kms.katalon.core.main.TestCaseExecutor.runScript(TestCaseExecutor.java:448)
	at com.kms.katalon.core.main.TestCaseExecutor.doExecute(TestCaseExecutor.java:439)
	at com.kms.katalon.core.main.TestCaseExecutor.processExecutionPhase(TestCaseExecutor.java:418)
	at com.kms.katalon.core.main.TestCaseExecutor.accessMainPhase(TestCaseExecutor.java:410)
	at com.kms.katalon.core.main.TestCaseExecutor.execute(TestCaseExecutor.java:285)
	at com.kms.katalon.core.common.CommonExecutor.accessTestCaseMainPhase(CommonExecutor.java:65)
	at com.kms.katalon.core.main.TestSuiteExecutor.accessTestSuiteMainPhase(TestSuiteExecutor.java:148)
	at com.kms.katalon.core.main.TestSuiteExecutor.execute(TestSuiteExecutor.java:106)
	at com.kms.katalon.core.main.TestCaseMain.startTestSuite(TestCaseMain.java:187)
	at com.kms.katalon.core.main.TestCaseMain$startTestSuite$0.call(Unknown Source)
	at TempTestSuite1716323070945.run(TempTestSuite1716323070945.groovy:35)
Caused by: org.openqa.selenium.NoSuchElementException: Cannot locate element with text: Cédula de Ciudadanía
For documentation on this error, please visit: https://www.seleniumhq.org/exceptions/no_such_element.html
Build info: version: '3.141.59', revision: 'e82be7d358', time: '2018-11-14T08:25:53'
System info: host: 'PCPRUEBAS101', ip: '192.168.91.13', os.name: 'Windows 10', os.arch: 'amd64', os.version: '10.0', java.version: '1.8.0_282'
Driver info: driver.version: unknown
	at org.openqa.selenium.support.ui.Select.selectByVisibleText(Select.java:147)
	at com.kms.katalon.core.webui.common.WebUiCommonHelper.selectOrDeselectOptionsByLabel(WebUiCommonHelper.java:310)
	at com.kms.katalon.core.webui.keyword.builtin.SelectOptionByLabelKeyword$_selectOptionByLabel_closure1.doCall(SelectOptionByLabelKeyword.groovy:87)
	at com.kms.katalon.core.webui.keyword.builtin.SelectOptionByLabelKeyword$_selectOptionByLabel_closure1.call(SelectOptionByLabelKeyword.groovy)
	at com.kms.katalon.core.webui.keyword.internal.WebUIKeywordMain.runKeyword(WebUIKeywordMain.groovy:20)
	... 19 more


2024-05-21 16:45:33 - [TEST_STEP][PASSED] - callTestCase(findTestCase("0InicioSesion"), [:], STOP_ON_FAILURE): Call Test Case 'Test Cases/0InicioSesion' successfully

2024-05-21 16:45:33 - [TEST_CASE][PASSED] - Test Cases/0InicioSesion: Test Cases/0InicioSesion

2024-05-21 16:45:33 - [TEST_STEP][PASSED] - openBrowser(Url): Browser is opened with url: 'https://pcpruebas101.ciel.cielingenieria.com:8815/'

2024-05-21 16:45:33 - [MESSAGE][WARNING] - A browser is already opened. Closing browser and opening a new one

2024-05-21 16:45:33 - [MESSAGE][INFO] - Starting 'Chrome' driver

2024-05-21 16:45:33 - [MESSAGE][INFO] - Action delay is set to 0 milliseconds

2024-05-21 16:45:36 - [MESSAGE][PASSED] - Browser is opened with url: 'https://pcpruebas101.ciel.cielingenieria.com:8815/'

2024-05-21 16:45:36 - [TEST_STEP][PASSED] - maximizeWindow(): Current window maximized

2024-05-21 16:45:36 - [MESSAGE][PASSED] - Current window maximized

2024-05-21 16:45:36 - [TEST_STEP][PASSED] - delay(2): Delayed 2 second(s)

2024-05-21 16:45:38 - [MESSAGE][PASSED] - Delayed 2 second(s)

2024-05-21 16:45:38 - [TEST_STEP][PASSED] - setText(findTestObject("ADM/0Inicio Sesion/input_Usuario"), Usuario): Text 'Ciel' is set on object 'Object Repository/ADM/0Inicio Sesion/input_Usuario'

2024-05-21 16:45:39 - [MESSAGE][PASSED] - Text 'Ciel' is set on object 'Object Repository/ADM/0Inicio Sesion/input_Usuario'

2024-05-21 16:45:39 - [TEST_STEP][PASSED] - delay(2): Delayed 2 second(s)

2024-05-21 16:45:41 - [MESSAGE][PASSED] - Delayed 2 second(s)

2024-05-21 16:45:41 - [TEST_STEP][PASSED] - setText(findTestObject("ADM/0Inicio Sesion/input_Clave"), Clave): Text 'Digiturno5.' is set on object 'Object Repository/ADM/0Inicio Sesion/input_Clave'

2024-05-21 16:45:42 - [MESSAGE][PASSED] - Text 'Digiturno5.' is set on object 'Object Repository/ADM/0Inicio Sesion/input_Clave'

2024-05-21 16:45:42 - [TEST_STEP][PASSED] - delay(2): Delayed 2 second(s)

2024-05-21 16:45:44 - [MESSAGE][PASSED] - Delayed 2 second(s)

2024-05-21 16:45:44 - [TEST_STEP][PASSED] - click(findTestObject("ADM/0Inicio Sesion/btn_IniciarSesion")): Object: 'Object Repository/ADM/0Inicio Sesion/btn_IniciarSesion' is clicked on

2024-05-21 16:45:44 - [MESSAGE][PASSED] - Object: 'Object Repository/ADM/0Inicio Sesion/btn_IniciarSesion' is clicked on

2024-05-21 16:45:44 - [TEST_STEP][PASSED] - delay(3): Delayed 3 second(s)

2024-05-21 16:45:47 - [MESSAGE][PASSED] - Delayed 3 second(s)

2024-05-21 16:45:47 - [MESSAGE][PASSED] - Call Test Case 'Test Cases/0InicioSesion' successfully

2024-05-21 16:45:47 - [TEST_STEP][PASSED] - click(findTestObject("ADM/0Principal/a_Configuracion")): Object: 'Object Repository/ADM/0Principal/a_Configuracion' is clicked on

2024-05-21 16:45:48 - [MESSAGE][PASSED] - Object: 'Object Repository/ADM/0Principal/a_Configuracion' is clicked on

2024-05-21 16:45:48 - [TEST_STEP][PASSED] - delay(2): Delayed 2 second(s)

2024-05-21 16:45:50 - [MESSAGE][PASSED] - Delayed 2 second(s)

2024-05-21 16:45:50 - [TEST_STEP][PASSED] - click(findTestObject("ADM/1Configuracion/0Principal/a_5 Clientes")): Object: 'Object Repository/ADM/1Configuracion/0Principal/a_5 Clientes' is clicked on

2024-05-21 16:45:50 - [MESSAGE][PASSED] - Object: 'Object Repository/ADM/1Configuracion/0Principal/a_5 Clientes' is clicked on

2024-05-21 16:45:50 - [TEST_STEP][PASSED] - delay(2): Delayed 2 second(s)

2024-05-21 16:45:52 - [MESSAGE][PASSED] - Delayed 2 second(s)

2024-05-21 16:45:52 - [TEST_STEP][PASSED] - click(findTestObject("ADM/1Configuracion/5Clientes/0Principal/a_1 Maestro de clientes")): Object: 'Object Repository/ADM/1Configuracion/5Clientes/0Principal/a_1 Maestro de clientes' is clicked on

2024-05-21 16:45:53 - [MESSAGE][PASSED] - Object: 'Object Repository/ADM/1Configuracion/5Clientes/0Principal/a_1 Maestro de clientes' is clicked on

2024-05-21 16:45:53 - [TEST_STEP][PASSED] - delay(2): Delayed 2 second(s)

2024-05-21 16:45:55 - [MESSAGE][PASSED] - Delayed 2 second(s)

2024-05-21 16:45:55 - [TEST_STEP][PASSED] - click(findTestObject("ADM/1Configuracion/5Clientes/1Maestro de Clientes/0 btn_Nuevo Cliente"), STOP_ON_FAILURE): Object: 'Object Repository/ADM/1Configuracion/5Clientes/1Maestro de Clientes/0 btn_Nuevo Cliente' is clicked on

2024-05-21 16:45:55 - [MESSAGE][PASSED] - Object: 'Object Repository/ADM/1Configuracion/5Clientes/1Maestro de Clientes/0 btn_Nuevo Cliente' is clicked on

2024-05-21 16:45:55 - [TEST_STEP][PASSED] - comment("Verificar nombre y apellido"): Verificar nombre y apellido

2024-05-21 16:45:55 - [MESSAGE][INFO] - Verificar nombre y apellido

2024-05-21 16:45:55 - [TEST_STEP][PASSED] - takeFullPageScreenshot(): Taking screenshot successfully

2024-05-21 16:45:56 - [MESSAGE][INFO] - 0 hidden object(s)

2024-05-21 16:45:56 - [MESSAGE][PASSED] - Taking screenshot successfully
[[ATTACHMENT|C:\\CIEL INGENIERIA\\Katalon\\AgendamientoADM\\Reports\\20240521_152353\\1 Configuracion\\5 Clientes\\1 Maestro Clientes\\20240521_152430\\1716327955803.png]]

2024-05-21 16:45:56 - [TEST_STEP][PASSED] - delay(2): Delayed 2 second(s)

2024-05-21 16:45:58 - [MESSAGE][PASSED] - Delayed 2 second(s)

2024-05-21 16:45:58 - [TEST_STEP][FAILED] - selectOptionByLabel(findTestObject("ADM/1Configuracion/5Clientes/1Maestro de Clientes/Datos Cliente/select_Tipo Identificacion"), findTestData("5Clientes").getValue("Tipo Identificacion", 1), false): Unable to select option by label 'Cédula de Ciudadanía' of object 'Object Repository/ADM/1Configuracion/5Clientes/1Maestro de Clientes/Datos Cliente/select_Tipo Identificacion'  (Root cause: com.kms.katalon.core.exception.StepFailedException: Unable to select option by label 'Cédula de Ciudadanía' of object 'Object Repository/ADM/1Configuracion/5Clientes/1Maestro de Clientes/Datos Cliente/select_Tipo Identificacion' 
	at com.kms.katalon.core.webui.keyword.internal.WebUIKeywordMain.stepFailed(WebUIKeywordMain.groovy:64)
	at com.kms.katalon.core.webui.keyword.internal.WebUIKeywordMain.runKeyword(WebUIKeywordMain.groovy:26)
	at com.kms.katalon.core.webui.keyword.builtin.SelectOptionByLabelKeyword.selectOptionByLabel(SelectOptionByLabelKeyword.groovy:98)
	at com.kms.katalon.core.webui.keyword.builtin.SelectOptionByLabelKeyword.execute(SelectOptionByLabelKeyword.groovy:71)
	at com.kms.katalon.core.keyword.internal.KeywordExecutor.executeKeywordForPlatform(KeywordExecutor.groovy:74)
	at com.kms.katalon.core.webui.keyword.WebUiBuiltInKeywords.selectOptionByLabel(WebUiBuiltInKeywords.groovy:1230)
	at com.kms.katalon.core.webui.keyword.WebUiBuiltInKeywords$selectOptionByLabel$6.call(Unknown Source)
	at R194 c.run(R194 c:43)
	at com.kms.katalon.core.main.ScriptEngine.run(ScriptEngine.java:194)
	at com.kms.katalon.core.main.ScriptEngine.runScriptAsRawText(ScriptEngine.java:119)
	at com.kms.katalon.core.main.TestCaseExecutor.runScript(TestCaseExecutor.java:448)
	at com.kms.katalon.core.main.TestCaseExecutor.doExecute(TestCaseExecutor.java:439)
	at com.kms.katalon.core.main.TestCaseExecutor.processExecutionPhase(TestCaseExecutor.java:418)
	at com.kms.katalon.core.main.TestCaseExecutor.accessMainPhase(TestCaseExecutor.java:410)
	at com.kms.katalon.core.main.TestCaseExecutor.execute(TestCaseExecutor.java:285)
	at com.kms.katalon.core.common.CommonExecutor.accessTestCaseMainPhase(CommonExecutor.java:65)
	at com.kms.katalon.core.main.TestSuiteExecutor.accessTestSuiteMainPhase(TestSuiteExecutor.java:148)
	at com.kms.katalon.core.main.TestSuiteExecutor.execute(TestSuiteExecutor.java:106)
	at com.kms.katalon.core.main.TestCaseMain.startTestSuite(TestCaseMain.java:187)
	at com.kms.katalon.core.main.TestCaseMain$startTestSuite$0.call(Unknown Source)
	at TempTestSuite1716323070945.run(TempTestSuite1716323070945.groovy:35)
Caused by: org.openqa.selenium.NoSuchElementException: Cannot locate element with text: Cédula de Ciudadanía
For documentation on this error, please visit: https://www.seleniumhq.org/exceptions/no_such_element.html
Build info: version: '3.141.59', revision: 'e82be7d358', time: '2018-11-14T08:25:53'
System info: host: 'PCPRUEBAS101', ip: '192.168.91.13', os.name: 'Windows 10', os.arch: 'amd64', os.version: '10.0', java.version: '1.8.0_282'
Driver info: driver.version: unknown
	at org.openqa.selenium.support.ui.Select.selectByVisibleText(Select.java:147)
	at com.kms.katalon.core.webui.common.WebUiCommonHelper.selectOrDeselectOptionsByLabel(WebUiCommonHelper.java:310)
	at com.kms.katalon.core.webui.keyword.builtin.SelectOptionByLabelKeyword$_selectOptionByLabel_closure1.doCall(SelectOptionByLabelKeyword.groovy:87)
	at com.kms.katalon.core.webui.keyword.builtin.SelectOptionByLabelKeyword$_selectOptionByLabel_closure1.call(SelectOptionByLabelKeyword.groovy)
	at com.kms.katalon.core.webui.keyword.internal.WebUIKeywordMain.runKeyword(WebUIKeywordMain.groovy:20)
	at com.kms.katalon.core.webui.keyword.builtin.SelectOptionByLabelKeyword.selectOptionByLabel(SelectOptionByLabelKeyword.groovy:98)
	at com.kms.katalon.core.webui.keyword.builtin.SelectOptionByLabelKeyword.execute(SelectOptionByLabelKeyword.groovy:71)
	at com.kms.katalon.core.keyword.internal.KeywordExecutor.executeKeywordForPlatform(KeywordExecutor.groovy:74)
	at com.kms.katalon.core.webui.keyword.WebUiBuiltInKeywords.selectOptionByLabel(WebUiBuiltInKeywords.groovy:1230)
	at com.kms.katalon.core.webui.keyword.WebUiBuiltInKeywords$selectOptionByLabel$6.call(Unknown Source)
	at Script1705499913636.run(Script1705499913636.groovy:43)
	... 13 more
)

2024-05-21 16:45:59 - [MESSAGE][FAILED] - Unable to select option by label 'Cédula de Ciudadanía' of object 'Object Repository/ADM/1Configuracion/5Clientes/1Maestro de Clientes/Datos Cliente/select_Tipo Identificacion'  (Root cause: com.kms.katalon.core.exception.StepFailedException: Unable to select option by label 'Cédula de Ciudadanía' of object 'Object Repository/ADM/1Configuracion/5Clientes/1Maestro de Clientes/Datos Cliente/select_Tipo Identificacion' 
	at com.kms.katalon.core.webui.keyword.internal.WebUIKeywordMain.stepFailed(WebUIKeywordMain.groovy:64)
	at com.kms.katalon.core.webui.keyword.internal.WebUIKeywordMain.runKeyword(WebUIKeywordMain.groovy:26)
	at com.kms.katalon.core.webui.keyword.builtin.SelectOptionByLabelKeyword.selectOptionByLabel(SelectOptionByLabelKeyword.groovy:98)
	at com.kms.katalon.core.webui.keyword.builtin.SelectOptionByLabelKeyword.execute(SelectOptionByLabelKeyword.groovy:71)
	at com.kms.katalon.core.keyword.internal.KeywordExecutor.executeKeywordForPlatform(KeywordExecutor.groovy:74)
	at com.kms.katalon.core.webui.keyword.WebUiBuiltInKeywords.selectOptionByLabel(WebUiBuiltInKeywords.groovy:1230)
	at com.kms.katalon.core.webui.keyword.WebUiBuiltInKeywords$selectOptionByLabel$6.call(Unknown Source)
	at R194 c.run(R194 c:43)
	at com.kms.katalon.core.main.ScriptEngine.run(ScriptEngine.java:194)
	at com.kms.katalon.core.main.ScriptEngine.runScriptAsRawText(ScriptEngine.java:119)
	at com.kms.katalon.core.main.TestCaseExecutor.runScript(TestCaseExecutor.java:448)
	at com.kms.katalon.core.main.TestCaseExecutor.doExecute(TestCaseExecutor.java:439)
	at com.kms.katalon.core.main.TestCaseExecutor.processExecutionPhase(TestCaseExecutor.java:418)
	at com.kms.katalon.core.main.TestCaseExecutor.accessMainPhase(TestCaseExecutor.java:410)
	at com.kms.katalon.core.main.TestCaseExecutor.execute(TestCaseExecutor.java:285)
	at com.kms.katalon.core.common.CommonExecutor.accessTestCaseMainPhase(CommonExecutor.java:65)
	at com.kms.katalon.core.main.TestSuiteExecutor.accessTestSuiteMainPhase(TestSuiteExecutor.java:148)
	at com.kms.katalon.core.main.TestSuiteExecutor.execute(TestSuiteExecutor.java:106)
	at com.kms.katalon.core.main.TestCaseMain.startTestSuite(TestCaseMain.java:187)
	at com.kms.katalon.core.main.TestCaseMain$startTestSuite$0.call(Unknown Source)
	at TempTestSuite1716323070945.run(TempTestSuite1716323070945.groovy:35)
Caused by: org.openqa.selenium.NoSuchElementException: Cannot locate element with text: Cédula de Ciudadanía
For documentation on this error, please visit: https://www.seleniumhq.org/exceptions/no_such_element.html
Build info: version: '3.141.59', revision: 'e82be7d358', time: '2018-11-14T08:25:53'
System info: host: 'PCPRUEBAS101', ip: '192.168.91.13', os.name: 'Windows 10', os.arch: 'amd64', os.version: '10.0', java.version: '1.8.0_282'
Driver info: driver.version: unknown
	at org.openqa.selenium.support.ui.Select.selectByVisibleText(Select.java:147)
	at com.kms.katalon.core.webui.common.WebUiCommonHelper.selectOrDeselectOptionsByLabel(WebUiCommonHelper.java:310)
	at com.kms.katalon.core.webui.keyword.builtin.SelectOptionByLabelKeyword$_selectOptionByLabel_closure1.doCall(SelectOptionByLabelKeyword.groovy:87)
	at com.kms.katalon.core.webui.keyword.builtin.SelectOptionByLabelKeyword$_selectOptionByLabel_closure1.call(SelectOptionByLabelKeyword.groovy)
	at com.kms.katalon.core.webui.keyword.internal.WebUIKeywordMain.runKeyword(WebUIKeywordMain.groovy:20)
	at com.kms.katalon.core.webui.keyword.builtin.SelectOptionByLabelKeyword.selectOptionByLabel(SelectOptionByLabelKeyword.groovy:98)
	at com.kms.katalon.core.webui.keyword.builtin.SelectOptionByLabelKeyword.execute(SelectOptionByLabelKeyword.groovy:71)
	at com.kms.katalon.core.keyword.internal.KeywordExecutor.executeKeywordForPlatform(KeywordExecutor.groovy:74)
	at com.kms.katalon.core.webui.keyword.WebUiBuiltInKeywords.selectOptionByLabel(WebUiBuiltInKeywords.groovy:1230)
	at com.kms.katalon.core.webui.keyword.WebUiBuiltInKeywords$selectOptionByLabel$6.call(Unknown Source)
	at Script1705499913636.run(Script1705499913636.groovy:43)
	... 13 more
)
[[ATTACHMENT|C:\\CIEL INGENIERIA\\Katalon\\AgendamientoADM\\Reports\\20240521_152353\\1 Configuracion\\5 Clientes\\1 Maestro Clientes\\20240521_152430\\1716327959860.png]]

2024-05-21 16:45:59 - [TEST_STEP][PASSED] - Start listener action : sampleAfterTestCase: null]]></system-out>
         <system-err><![CDATA[2024-05-21 16:45:32 - [TEST_CASE][FAILED] - Test Cases/Configuracion/5 Clientes/1 Maestro Clientes/R194 c: Test Cases/Configuracion/5 Clientes/1 Maestro Clientes/R194 c FAILED.
Reason:
com.kms.katalon.core.exception.StepFailedException: Unable to select option by label 'Cédula de Ciudadanía' of object 'Object Repository/ADM/1Configuracion/5Clientes/1Maestro de Clientes/Datos Cliente/select_Tipo Identificacion' 
	at com.kms.katalon.core.webui.keyword.internal.WebUIKeywordMain.stepFailed(WebUIKeywordMain.groovy:64)
	at com.kms.katalon.core.webui.keyword.internal.WebUIKeywordMain.runKeyword(WebUIKeywordMain.groovy:26)
	at com.kms.katalon.core.webui.keyword.builtin.SelectOptionByLabelKeyword.selectOptionByLabel(SelectOptionByLabelKeyword.groovy:98)
	at com.kms.katalon.core.webui.keyword.builtin.SelectOptionByLabelKeyword.execute(SelectOptionByLabelKeyword.groovy:71)
	at com.kms.katalon.core.keyword.internal.KeywordExecutor.executeKeywordForPlatform(KeywordExecutor.groovy:74)
	at com.kms.katalon.core.webui.keyword.WebUiBuiltInKeywords.selectOptionByLabel(WebUiBuiltInKeywords.groovy:1230)
	at com.kms.katalon.core.webui.keyword.WebUiBuiltInKeywords$selectOptionByLabel$6.call(Unknown Source)
	at R194 c.run(R194 c:43)
	at com.kms.katalon.core.main.ScriptEngine.run(ScriptEngine.java:194)
	at com.kms.katalon.core.main.ScriptEngine.runScriptAsRawText(ScriptEngine.java:119)
	at com.kms.katalon.core.main.TestCaseExecutor.runScript(TestCaseExecutor.java:448)
	at com.kms.katalon.core.main.TestCaseExecutor.doExecute(TestCaseExecutor.java:439)
	at com.kms.katalon.core.main.TestCaseExecutor.processExecutionPhase(TestCaseExecutor.java:418)
	at com.kms.katalon.core.main.TestCaseExecutor.accessMainPhase(TestCaseExecutor.java:410)
	at com.kms.katalon.core.main.TestCaseExecutor.execute(TestCaseExecutor.java:285)
	at com.kms.katalon.core.common.CommonExecutor.accessTestCaseMainPhase(CommonExecutor.java:65)
	at com.kms.katalon.core.main.TestSuiteExecutor.accessTestSuiteMainPhase(TestSuiteExecutor.java:148)
	at com.kms.katalon.core.main.TestSuiteExecutor.execute(TestSuiteExecutor.java:106)
	at com.kms.katalon.core.main.TestCaseMain.startTestSuite(TestCaseMain.java:187)
	at com.kms.katalon.core.main.TestCaseMain$startTestSuite$0.call(Unknown Source)
	at TempTestSuite1716323070945.run(TempTestSuite1716323070945.groovy:35)
Caused by: org.openqa.selenium.NoSuchElementException: Cannot locate element with text: Cédula de Ciudadanía
For documentation on this error, please visit: https://www.seleniumhq.org/exceptions/no_such_element.html
Build info: version: '3.141.59', revision: 'e82be7d358', time: '2018-11-14T08:25:53'
System info: host: 'PCPRUEBAS101', ip: '192.168.91.13', os.name: 'Windows 10', os.arch: 'amd64', os.version: '10.0', java.version: '1.8.0_282'
Driver info: driver.version: unknown
	at org.openqa.selenium.support.ui.Select.selectByVisibleText(Select.java:147)
	at com.kms.katalon.core.webui.common.WebUiCommonHelper.selectOrDeselectOptionsByLabel(WebUiCommonHelper.java:310)
	at com.kms.katalon.core.webui.keyword.builtin.SelectOptionByLabelKeyword$_selectOptionByLabel_closure1.doCall(SelectOptionByLabelKeyword.groovy:87)
	at com.kms.katalon.core.webui.keyword.builtin.SelectOptionByLabelKeyword$_selectOptionByLabel_closure1.call(SelectOptionByLabelKeyword.groovy)
	at com.kms.katalon.core.webui.keyword.internal.WebUIKeywordMain.runKeyword(WebUIKeywordMain.groovy:20)
	... 19 more]]></system-err>
      </testcase>
      <testcase name="Test Cases/Configuracion/5 Clientes/1 Maestro Clientes/R194 e" time="27.397" classname="Test Cases/Configuracion/5 Clientes/1 Maestro Clientes/R194 e" status="FAILED">
         <failure type="FAILED" message="Test Cases/Configuracion/5 Clientes/1 Maestro Clientes/R194 e FAILED.
Reason:
com.kms.katalon.core.exception.StepFailedException: Unable to select option by label 'Cédula de Ciudadanía' of object 'Object Repository/ADM/1Configuracion/5Clientes/1Maestro de Clientes/Datos Cliente/select_Tipo Identificacion' 
	at com.kms.katalon.core.webui.keyword.internal.WebUIKeywordMain.stepFailed(WebUIKeywordMain.groovy:64)
	at com.kms.katalon.core.webui.keyword.internal.WebUIKeywordMain.runKeyword(WebUIKeywordMain.groovy:26)
	at com.kms.katalon.core.webui.keyword.builtin.SelectOptionByLabelKeyword.selectOptionByLabel(SelectOptionByLabelKeyword.groovy:98)
	at com.kms.katalon.core.webui.keyword.builtin.SelectOptionByLabelKeyword.execute(SelectOptionByLabelKeyword.groovy:71)
	at com.kms.katalon.core.keyword.internal.KeywordExecutor.executeKeywordForPlatform(KeywordExecutor.groovy:74)
	at com.kms.katalon.core.webui.keyword.WebUiBuiltInKeywords.selectOptionByLabel(WebUiBuiltInKeywords.groovy:1230)
	at com.kms.katalon.core.webui.keyword.WebUiBuiltInKeywords$selectOptionByLabel$6.call(Unknown Source)
	at R194 e.run(R194 e:43)
	at com.kms.katalon.core.main.ScriptEngine.run(ScriptEngine.java:194)
	at com.kms.katalon.core.main.ScriptEngine.runScriptAsRawText(ScriptEngine.java:119)
	at com.kms.katalon.core.main.TestCaseExecutor.runScript(TestCaseExecutor.java:448)
	at com.kms.katalon.core.main.TestCaseExecutor.doExecute(TestCaseExecutor.java:439)
	at com.kms.katalon.core.main.TestCaseExecutor.processExecutionPhase(TestCaseExecutor.java:418)
	at com.kms.katalon.core.main.TestCaseExecutor.accessMainPhase(TestCaseExecutor.java:410)
	at com.kms.katalon.core.main.TestCaseExecutor.execute(TestCaseExecutor.java:285)
	at com.kms.katalon.core.common.CommonExecutor.accessTestCaseMainPhase(CommonExecutor.java:65)
	at com.kms.katalon.core.main.TestSuiteExecutor.accessTestSuiteMainPhase(TestSuiteExecutor.java:148)
	at com.kms.katalon.core.main.TestSuiteExecutor.execute(TestSuiteExecutor.java:106)
	at com.kms.katalon.core.main.TestCaseMain.startTestSuite(TestCaseMain.java:187)
	at com.kms.katalon.core.main.TestCaseMain$startTestSuite$0.call(Unknown Source)
	at TempTestSuite1716323070945.run(TempTestSuite1716323070945.groovy:35)
Caused by: org.openqa.selenium.NoSuchElementException: Cannot locate element with text: Cédula de Ciudadanía
For documentation on this error, please visit: https://www.seleniumhq.org/exceptions/no_such_element.html
Build info: version: '3.141.59', revision: 'e82be7d358', time: '2018-11-14T08:25:53'
System info: host: 'PCPRUEBAS101', ip: '192.168.91.13', os.name: 'Windows 10', os.arch: 'amd64', os.version: '10.0', java.version: '1.8.0_282'
Driver info: driver.version: unknown
	at org.openqa.selenium.support.ui.Select.selectByVisibleText(Select.java:147)
	at com.kms.katalon.core.webui.common.WebUiCommonHelper.selectOrDeselectOptionsByLabel(WebUiCommonHelper.java:310)
	at com.kms.katalon.core.webui.keyword.builtin.SelectOptionByLabelKeyword$_selectOptionByLabel_closure1.doCall(SelectOptionByLabelKeyword.groovy:87)
	at com.kms.katalon.core.webui.keyword.builtin.SelectOptionByLabelKeyword$_selectOptionByLabel_closure1.call(SelectOptionByLabelKeyword.groovy)
	at com.kms.katalon.core.webui.keyword.internal.WebUIKeywordMain.runKeyword(WebUIKeywordMain.groovy:20)
	... 19 more
"/>
         <system-out><![CDATA[2024-05-21 16:45:59 - [TEST_CASE][FAILED] - Test Cases/Configuracion/5 Clientes/1 Maestro Clientes/R194 e: Test Cases/Configuracion/5 Clientes/1 Maestro Clientes/R194 e FAILED.
Reason:
com.kms.katalon.core.exception.StepFailedException: Unable to select option by label 'Cédula de Ciudadanía' of object 'Object Repository/ADM/1Configuracion/5Clientes/1Maestro de Clientes/Datos Cliente/select_Tipo Identificacion' 
	at com.kms.katalon.core.webui.keyword.internal.WebUIKeywordMain.stepFailed(WebUIKeywordMain.groovy:64)
	at com.kms.katalon.core.webui.keyword.internal.WebUIKeywordMain.runKeyword(WebUIKeywordMain.groovy:26)
	at com.kms.katalon.core.webui.keyword.builtin.SelectOptionByLabelKeyword.selectOptionByLabel(SelectOptionByLabelKeyword.groovy:98)
	at com.kms.katalon.core.webui.keyword.builtin.SelectOptionByLabelKeyword.execute(SelectOptionByLabelKeyword.groovy:71)
	at com.kms.katalon.core.keyword.internal.KeywordExecutor.executeKeywordForPlatform(KeywordExecutor.groovy:74)
	at com.kms.katalon.core.webui.keyword.WebUiBuiltInKeywords.selectOptionByLabel(WebUiBuiltInKeywords.groovy:1230)
	at com.kms.katalon.core.webui.keyword.WebUiBuiltInKeywords$selectOptionByLabel$6.call(Unknown Source)
	at R194 e.run(R194 e:43)
	at com.kms.katalon.core.main.ScriptEngine.run(ScriptEngine.java:194)
	at com.kms.katalon.core.main.ScriptEngine.runScriptAsRawText(ScriptEngine.java:119)
	at com.kms.katalon.core.main.TestCaseExecutor.runScript(TestCaseExecutor.java:448)
	at com.kms.katalon.core.main.TestCaseExecutor.doExecute(TestCaseExecutor.java:439)
	at com.kms.katalon.core.main.TestCaseExecutor.processExecutionPhase(TestCaseExecutor.java:418)
	at com.kms.katalon.core.main.TestCaseExecutor.accessMainPhase(TestCaseExecutor.java:410)
	at com.kms.katalon.core.main.TestCaseExecutor.execute(TestCaseExecutor.java:285)
	at com.kms.katalon.core.common.CommonExecutor.accessTestCaseMainPhase(CommonExecutor.java:65)
	at com.kms.katalon.core.main.TestSuiteExecutor.accessTestSuiteMainPhase(TestSuiteExecutor.java:148)
	at com.kms.katalon.core.main.TestSuiteExecutor.execute(TestSuiteExecutor.java:106)
	at com.kms.katalon.core.main.TestCaseMain.startTestSuite(TestCaseMain.java:187)
	at com.kms.katalon.core.main.TestCaseMain$startTestSuite$0.call(Unknown Source)
	at TempTestSuite1716323070945.run(TempTestSuite1716323070945.groovy:35)
Caused by: org.openqa.selenium.NoSuchElementException: Cannot locate element with text: Cédula de Ciudadanía
For documentation on this error, please visit: https://www.seleniumhq.org/exceptions/no_such_element.html
Build info: version: '3.141.59', revision: 'e82be7d358', time: '2018-11-14T08:25:53'
System info: host: 'PCPRUEBAS101', ip: '192.168.91.13', os.name: 'Windows 10', os.arch: 'amd64', os.version: '10.0', java.version: '1.8.0_282'
Driver info: driver.version: unknown
	at org.openqa.selenium.support.ui.Select.selectByVisibleText(Select.java:147)
	at com.kms.katalon.core.webui.common.WebUiCommonHelper.selectOrDeselectOptionsByLabel(WebUiCommonHelper.java:310)
	at com.kms.katalon.core.webui.keyword.builtin.SelectOptionByLabelKeyword$_selectOptionByLabel_closure1.doCall(SelectOptionByLabelKeyword.groovy:87)
	at com.kms.katalon.core.webui.keyword.builtin.SelectOptionByLabelKeyword$_selectOptionByLabel_closure1.call(SelectOptionByLabelKeyword.groovy)
	at com.kms.katalon.core.webui.keyword.internal.WebUIKeywordMain.runKeyword(WebUIKeywordMain.groovy:20)
	... 19 more


2024-05-21 16:46:00 - [TEST_STEP][PASSED] - callTestCase(findTestCase("0InicioSesion"), [:], STOP_ON_FAILURE): Call Test Case 'Test Cases/0InicioSesion' successfully

2024-05-21 16:46:00 - [TEST_CASE][PASSED] - Test Cases/0InicioSesion: Test Cases/0InicioSesion

2024-05-21 16:46:00 - [TEST_STEP][PASSED] - openBrowser(Url): Browser is opened with url: 'https://pcpruebas101.ciel.cielingenieria.com:8815/'

2024-05-21 16:46:00 - [MESSAGE][WARNING] - A browser is already opened. Closing browser and opening a new one

2024-05-21 16:46:01 - [MESSAGE][INFO] - Starting 'Chrome' driver

2024-05-21 16:46:01 - [MESSAGE][INFO] - Action delay is set to 0 milliseconds

2024-05-21 16:46:03 - [MESSAGE][PASSED] - Browser is opened with url: 'https://pcpruebas101.ciel.cielingenieria.com:8815/'

2024-05-21 16:46:03 - [TEST_STEP][PASSED] - maximizeWindow(): Current window maximized

2024-05-21 16:46:03 - [MESSAGE][PASSED] - Current window maximized

2024-05-21 16:46:03 - [TEST_STEP][PASSED] - delay(2): Delayed 2 second(s)

2024-05-21 16:46:05 - [MESSAGE][PASSED] - Delayed 2 second(s)

2024-05-21 16:46:05 - [TEST_STEP][PASSED] - setText(findTestObject("ADM/0Inicio Sesion/input_Usuario"), Usuario): Text 'Ciel' is set on object 'Object Repository/ADM/0Inicio Sesion/input_Usuario'

2024-05-21 16:46:06 - [MESSAGE][PASSED] - Text 'Ciel' is set on object 'Object Repository/ADM/0Inicio Sesion/input_Usuario'

2024-05-21 16:46:06 - [TEST_STEP][PASSED] - delay(2): Delayed 2 second(s)

2024-05-21 16:46:08 - [MESSAGE][PASSED] - Delayed 2 second(s)

2024-05-21 16:46:08 - [TEST_STEP][PASSED] - setText(findTestObject("ADM/0Inicio Sesion/input_Clave"), Clave): Text 'Digiturno5.' is set on object 'Object Repository/ADM/0Inicio Sesion/input_Clave'

2024-05-21 16:46:09 - [MESSAGE][PASSED] - Text 'Digiturno5.' is set on object 'Object Repository/ADM/0Inicio Sesion/input_Clave'

2024-05-21 16:46:09 - [TEST_STEP][PASSED] - delay(2): Delayed 2 second(s)

2024-05-21 16:46:11 - [MESSAGE][PASSED] - Delayed 2 second(s)

2024-05-21 16:46:11 - [TEST_STEP][PASSED] - click(findTestObject("ADM/0Inicio Sesion/btn_IniciarSesion")): Object: 'Object Repository/ADM/0Inicio Sesion/btn_IniciarSesion' is clicked on

2024-05-21 16:46:12 - [MESSAGE][PASSED] - Object: 'Object Repository/ADM/0Inicio Sesion/btn_IniciarSesion' is clicked on

2024-05-21 16:46:12 - [TEST_STEP][PASSED] - delay(3): Delayed 3 second(s)

2024-05-21 16:46:15 - [MESSAGE][PASSED] - Delayed 3 second(s)

2024-05-21 16:46:15 - [MESSAGE][PASSED] - Call Test Case 'Test Cases/0InicioSesion' successfully

2024-05-21 16:46:15 - [TEST_STEP][PASSED] - click(findTestObject("ADM/0Principal/a_Configuracion")): Object: 'Object Repository/ADM/0Principal/a_Configuracion' is clicked on

2024-05-21 16:46:15 - [MESSAGE][PASSED] - Object: 'Object Repository/ADM/0Principal/a_Configuracion' is clicked on

2024-05-21 16:46:15 - [TEST_STEP][PASSED] - delay(2): Delayed 2 second(s)

2024-05-21 16:46:17 - [MESSAGE][PASSED] - Delayed 2 second(s)

2024-05-21 16:46:17 - [TEST_STEP][PASSED] - click(findTestObject("ADM/1Configuracion/0Principal/a_5 Clientes")): Object: 'Object Repository/ADM/1Configuracion/0Principal/a_5 Clientes' is clicked on

2024-05-21 16:46:18 - [MESSAGE][PASSED] - Object: 'Object Repository/ADM/1Configuracion/0Principal/a_5 Clientes' is clicked on

2024-05-21 16:46:18 - [TEST_STEP][PASSED] - delay(2): Delayed 2 second(s)

2024-05-21 16:46:20 - [MESSAGE][PASSED] - Delayed 2 second(s)

2024-05-21 16:46:20 - [TEST_STEP][PASSED] - click(findTestObject("ADM/1Configuracion/5Clientes/0Principal/a_1 Maestro de clientes")): Object: 'Object Repository/ADM/1Configuracion/5Clientes/0Principal/a_1 Maestro de clientes' is clicked on

2024-05-21 16:46:20 - [MESSAGE][PASSED] - Object: 'Object Repository/ADM/1Configuracion/5Clientes/0Principal/a_1 Maestro de clientes' is clicked on

2024-05-21 16:46:20 - [TEST_STEP][PASSED] - delay(2): Delayed 2 second(s)

2024-05-21 16:46:22 - [MESSAGE][PASSED] - Delayed 2 second(s)

2024-05-21 16:46:22 - [TEST_STEP][PASSED] - click(findTestObject("ADM/1Configuracion/5Clientes/1Maestro de Clientes/0 btn_Nuevo Cliente"), STOP_ON_FAILURE): Object: 'Object Repository/ADM/1Configuracion/5Clientes/1Maestro de Clientes/0 btn_Nuevo Cliente' is clicked on

2024-05-21 16:46:23 - [MESSAGE][PASSED] - Object: 'Object Repository/ADM/1Configuracion/5Clientes/1Maestro de Clientes/0 btn_Nuevo Cliente' is clicked on

2024-05-21 16:46:23 - [TEST_STEP][PASSED] - comment("Verificar numero fijo"): Verificar numero fijo

2024-05-21 16:46:23 - [MESSAGE][INFO] - Verificar numero fijo

2024-05-21 16:46:23 - [TEST_STEP][PASSED] - takeFullPageScreenshot(): Taking screenshot successfully

2024-05-21 16:46:23 - [MESSAGE][INFO] - 0 hidden object(s)

2024-05-21 16:46:24 - [MESSAGE][PASSED] - Taking screenshot successfully
[[ATTACHMENT|C:\\CIEL INGENIERIA\\Katalon\\AgendamientoADM\\Reports\\20240521_152353\\1 Configuracion\\5 Clientes\\1 Maestro Clientes\\20240521_152430\\1716327983265.png]]

2024-05-21 16:46:24 - [TEST_STEP][PASSED] - delay(2): Delayed 2 second(s)

2024-05-21 16:46:26 - [MESSAGE][PASSED] - Delayed 2 second(s)

2024-05-21 16:46:26 - [TEST_STEP][FAILED] - selectOptionByLabel(findTestObject("ADM/1Configuracion/5Clientes/1Maestro de Clientes/Datos Cliente/select_Tipo Identificacion"), findTestData("5Clientes").getValue("Tipo Identificacion", 1), false): Unable to select option by label 'Cédula de Ciudadanía' of object 'Object Repository/ADM/1Configuracion/5Clientes/1Maestro de Clientes/Datos Cliente/select_Tipo Identificacion'  (Root cause: com.kms.katalon.core.exception.StepFailedException: Unable to select option by label 'Cédula de Ciudadanía' of object 'Object Repository/ADM/1Configuracion/5Clientes/1Maestro de Clientes/Datos Cliente/select_Tipo Identificacion' 
	at com.kms.katalon.core.webui.keyword.internal.WebUIKeywordMain.stepFailed(WebUIKeywordMain.groovy:64)
	at com.kms.katalon.core.webui.keyword.internal.WebUIKeywordMain.runKeyword(WebUIKeywordMain.groovy:26)
	at com.kms.katalon.core.webui.keyword.builtin.SelectOptionByLabelKeyword.selectOptionByLabel(SelectOptionByLabelKeyword.groovy:98)
	at com.kms.katalon.core.webui.keyword.builtin.SelectOptionByLabelKeyword.execute(SelectOptionByLabelKeyword.groovy:71)
	at com.kms.katalon.core.keyword.internal.KeywordExecutor.executeKeywordForPlatform(KeywordExecutor.groovy:74)
	at com.kms.katalon.core.webui.keyword.WebUiBuiltInKeywords.selectOptionByLabel(WebUiBuiltInKeywords.groovy:1230)
	at com.kms.katalon.core.webui.keyword.WebUiBuiltInKeywords$selectOptionByLabel$6.call(Unknown Source)
	at R194 e.run(R194 e:43)
	at com.kms.katalon.core.main.ScriptEngine.run(ScriptEngine.java:194)
	at com.kms.katalon.core.main.ScriptEngine.runScriptAsRawText(ScriptEngine.java:119)
	at com.kms.katalon.core.main.TestCaseExecutor.runScript(TestCaseExecutor.java:448)
	at com.kms.katalon.core.main.TestCaseExecutor.doExecute(TestCaseExecutor.java:439)
	at com.kms.katalon.core.main.TestCaseExecutor.processExecutionPhase(TestCaseExecutor.java:418)
	at com.kms.katalon.core.main.TestCaseExecutor.accessMainPhase(TestCaseExecutor.java:410)
	at com.kms.katalon.core.main.TestCaseExecutor.execute(TestCaseExecutor.java:285)
	at com.kms.katalon.core.common.CommonExecutor.accessTestCaseMainPhase(CommonExecutor.java:65)
	at com.kms.katalon.core.main.TestSuiteExecutor.accessTestSuiteMainPhase(TestSuiteExecutor.java:148)
	at com.kms.katalon.core.main.TestSuiteExecutor.execute(TestSuiteExecutor.java:106)
	at com.kms.katalon.core.main.TestCaseMain.startTestSuite(TestCaseMain.java:187)
	at com.kms.katalon.core.main.TestCaseMain$startTestSuite$0.call(Unknown Source)
	at TempTestSuite1716323070945.run(TempTestSuite1716323070945.groovy:35)
Caused by: org.openqa.selenium.NoSuchElementException: Cannot locate element with text: Cédula de Ciudadanía
For documentation on this error, please visit: https://www.seleniumhq.org/exceptions/no_such_element.html
Build info: version: '3.141.59', revision: 'e82be7d358', time: '2018-11-14T08:25:53'
System info: host: 'PCPRUEBAS101', ip: '192.168.91.13', os.name: 'Windows 10', os.arch: 'amd64', os.version: '10.0', java.version: '1.8.0_282'
Driver info: driver.version: unknown
	at org.openqa.selenium.support.ui.Select.selectByVisibleText(Select.java:147)
	at com.kms.katalon.core.webui.common.WebUiCommonHelper.selectOrDeselectOptionsByLabel(WebUiCommonHelper.java:310)
	at com.kms.katalon.core.webui.keyword.builtin.SelectOptionByLabelKeyword$_selectOptionByLabel_closure1.doCall(SelectOptionByLabelKeyword.groovy:87)
	at com.kms.katalon.core.webui.keyword.builtin.SelectOptionByLabelKeyword$_selectOptionByLabel_closure1.call(SelectOptionByLabelKeyword.groovy)
	at com.kms.katalon.core.webui.keyword.internal.WebUIKeywordMain.runKeyword(WebUIKeywordMain.groovy:20)
	at com.kms.katalon.core.webui.keyword.builtin.SelectOptionByLabelKeyword.selectOptionByLabel(SelectOptionByLabelKeyword.groovy:98)
	at com.kms.katalon.core.webui.keyword.builtin.SelectOptionByLabelKeyword.execute(SelectOptionByLabelKeyword.groovy:71)
	at com.kms.katalon.core.keyword.internal.KeywordExecutor.executeKeywordForPlatform(KeywordExecutor.groovy:74)
	at com.kms.katalon.core.webui.keyword.WebUiBuiltInKeywords.selectOptionByLabel(WebUiBuiltInKeywords.groovy:1230)
	at com.kms.katalon.core.webui.keyword.WebUiBuiltInKeywords$selectOptionByLabel$6.call(Unknown Source)
	at Script1705520228888.run(Script1705520228888.groovy:43)
	... 13 more
)

2024-05-21 16:46:27 - [MESSAGE][FAILED] - Unable to select option by label 'Cédula de Ciudadanía' of object 'Object Repository/ADM/1Configuracion/5Clientes/1Maestro de Clientes/Datos Cliente/select_Tipo Identificacion'  (Root cause: com.kms.katalon.core.exception.StepFailedException: Unable to select option by label 'Cédula de Ciudadanía' of object 'Object Repository/ADM/1Configuracion/5Clientes/1Maestro de Clientes/Datos Cliente/select_Tipo Identificacion' 
	at com.kms.katalon.core.webui.keyword.internal.WebUIKeywordMain.stepFailed(WebUIKeywordMain.groovy:64)
	at com.kms.katalon.core.webui.keyword.internal.WebUIKeywordMain.runKeyword(WebUIKeywordMain.groovy:26)
	at com.kms.katalon.core.webui.keyword.builtin.SelectOptionByLabelKeyword.selectOptionByLabel(SelectOptionByLabelKeyword.groovy:98)
	at com.kms.katalon.core.webui.keyword.builtin.SelectOptionByLabelKeyword.execute(SelectOptionByLabelKeyword.groovy:71)
	at com.kms.katalon.core.keyword.internal.KeywordExecutor.executeKeywordForPlatform(KeywordExecutor.groovy:74)
	at com.kms.katalon.core.webui.keyword.WebUiBuiltInKeywords.selectOptionByLabel(WebUiBuiltInKeywords.groovy:1230)
	at com.kms.katalon.core.webui.keyword.WebUiBuiltInKeywords$selectOptionByLabel$6.call(Unknown Source)
	at R194 e.run(R194 e:43)
	at com.kms.katalon.core.main.ScriptEngine.run(ScriptEngine.java:194)
	at com.kms.katalon.core.main.ScriptEngine.runScriptAsRawText(ScriptEngine.java:119)
	at com.kms.katalon.core.main.TestCaseExecutor.runScript(TestCaseExecutor.java:448)
	at com.kms.katalon.core.main.TestCaseExecutor.doExecute(TestCaseExecutor.java:439)
	at com.kms.katalon.core.main.TestCaseExecutor.processExecutionPhase(TestCaseExecutor.java:418)
	at com.kms.katalon.core.main.TestCaseExecutor.accessMainPhase(TestCaseExecutor.java:410)
	at com.kms.katalon.core.main.TestCaseExecutor.execute(TestCaseExecutor.java:285)
	at com.kms.katalon.core.common.CommonExecutor.accessTestCaseMainPhase(CommonExecutor.java:65)
	at com.kms.katalon.core.main.TestSuiteExecutor.accessTestSuiteMainPhase(TestSuiteExecutor.java:148)
	at com.kms.katalon.core.main.TestSuiteExecutor.execute(TestSuiteExecutor.java:106)
	at com.kms.katalon.core.main.TestCaseMain.startTestSuite(TestCaseMain.java:187)
	at com.kms.katalon.core.main.TestCaseMain$startTestSuite$0.call(Unknown Source)
	at TempTestSuite1716323070945.run(TempTestSuite1716323070945.groovy:35)
Caused by: org.openqa.selenium.NoSuchElementException: Cannot locate element with text: Cédula de Ciudadanía
For documentation on this error, please visit: https://www.seleniumhq.org/exceptions/no_such_element.html
Build info: version: '3.141.59', revision: 'e82be7d358', time: '2018-11-14T08:25:53'
System info: host: 'PCPRUEBAS101', ip: '192.168.91.13', os.name: 'Windows 10', os.arch: 'amd64', os.version: '10.0', java.version: '1.8.0_282'
Driver info: driver.version: unknown
	at org.openqa.selenium.support.ui.Select.selectByVisibleText(Select.java:147)
	at com.kms.katalon.core.webui.common.WebUiCommonHelper.selectOrDeselectOptionsByLabel(WebUiCommonHelper.java:310)
	at com.kms.katalon.core.webui.keyword.builtin.SelectOptionByLabelKeyword$_selectOptionByLabel_closure1.doCall(SelectOptionByLabelKeyword.groovy:87)
	at com.kms.katalon.core.webui.keyword.builtin.SelectOptionByLabelKeyword$_selectOptionByLabel_closure1.call(SelectOptionByLabelKeyword.groovy)
	at com.kms.katalon.core.webui.keyword.internal.WebUIKeywordMain.runKeyword(WebUIKeywordMain.groovy:20)
	at com.kms.katalon.core.webui.keyword.builtin.SelectOptionByLabelKeyword.selectOptionByLabel(SelectOptionByLabelKeyword.groovy:98)
	at com.kms.katalon.core.webui.keyword.builtin.SelectOptionByLabelKeyword.execute(SelectOptionByLabelKeyword.groovy:71)
	at com.kms.katalon.core.keyword.internal.KeywordExecutor.executeKeywordForPlatform(KeywordExecutor.groovy:74)
	at com.kms.katalon.core.webui.keyword.WebUiBuiltInKeywords.selectOptionByLabel(WebUiBuiltInKeywords.groovy:1230)
	at com.kms.katalon.core.webui.keyword.WebUiBuiltInKeywords$selectOptionByLabel$6.call(Unknown Source)
	at Script1705520228888.run(Script1705520228888.groovy:43)
	... 13 more
)
[[ATTACHMENT|C:\\CIEL INGENIERIA\\Katalon\\AgendamientoADM\\Reports\\20240521_152353\\1 Configuracion\\5 Clientes\\1 Maestro Clientes\\20240521_152430\\1716327987267.png]]

2024-05-21 16:46:27 - [TEST_STEP][PASSED] - Start listener action : sampleAfterTestCase: null]]></system-out>
         <system-err><![CDATA[2024-05-21 16:45:59 - [TEST_CASE][FAILED] - Test Cases/Configuracion/5 Clientes/1 Maestro Clientes/R194 e: Test Cases/Configuracion/5 Clientes/1 Maestro Clientes/R194 e FAILED.
Reason:
com.kms.katalon.core.exception.StepFailedException: Unable to select option by label 'Cédula de Ciudadanía' of object 'Object Repository/ADM/1Configuracion/5Clientes/1Maestro de Clientes/Datos Cliente/select_Tipo Identificacion' 
	at com.kms.katalon.core.webui.keyword.internal.WebUIKeywordMain.stepFailed(WebUIKeywordMain.groovy:64)
	at com.kms.katalon.core.webui.keyword.internal.WebUIKeywordMain.runKeyword(WebUIKeywordMain.groovy:26)
	at com.kms.katalon.core.webui.keyword.builtin.SelectOptionByLabelKeyword.selectOptionByLabel(SelectOptionByLabelKeyword.groovy:98)
	at com.kms.katalon.core.webui.keyword.builtin.SelectOptionByLabelKeyword.execute(SelectOptionByLabelKeyword.groovy:71)
	at com.kms.katalon.core.keyword.internal.KeywordExecutor.executeKeywordForPlatform(KeywordExecutor.groovy:74)
	at com.kms.katalon.core.webui.keyword.WebUiBuiltInKeywords.selectOptionByLabel(WebUiBuiltInKeywords.groovy:1230)
	at com.kms.katalon.core.webui.keyword.WebUiBuiltInKeywords$selectOptionByLabel$6.call(Unknown Source)
	at R194 e.run(R194 e:43)
	at com.kms.katalon.core.main.ScriptEngine.run(ScriptEngine.java:194)
	at com.kms.katalon.core.main.ScriptEngine.runScriptAsRawText(ScriptEngine.java:119)
	at com.kms.katalon.core.main.TestCaseExecutor.runScript(TestCaseExecutor.java:448)
	at com.kms.katalon.core.main.TestCaseExecutor.doExecute(TestCaseExecutor.java:439)
	at com.kms.katalon.core.main.TestCaseExecutor.processExecutionPhase(TestCaseExecutor.java:418)
	at com.kms.katalon.core.main.TestCaseExecutor.accessMainPhase(TestCaseExecutor.java:410)
	at com.kms.katalon.core.main.TestCaseExecutor.execute(TestCaseExecutor.java:285)
	at com.kms.katalon.core.common.CommonExecutor.accessTestCaseMainPhase(CommonExecutor.java:65)
	at com.kms.katalon.core.main.TestSuiteExecutor.accessTestSuiteMainPhase(TestSuiteExecutor.java:148)
	at com.kms.katalon.core.main.TestSuiteExecutor.execute(TestSuiteExecutor.java:106)
	at com.kms.katalon.core.main.TestCaseMain.startTestSuite(TestCaseMain.java:187)
	at com.kms.katalon.core.main.TestCaseMain$startTestSuite$0.call(Unknown Source)
	at TempTestSuite1716323070945.run(TempTestSuite1716323070945.groovy:35)
Caused by: org.openqa.selenium.NoSuchElementException: Cannot locate element with text: Cédula de Ciudadanía
For documentation on this error, please visit: https://www.seleniumhq.org/exceptions/no_such_element.html
Build info: version: '3.141.59', revision: 'e82be7d358', time: '2018-11-14T08:25:53'
System info: host: 'PCPRUEBAS101', ip: '192.168.91.13', os.name: 'Windows 10', os.arch: 'amd64', os.version: '10.0', java.version: '1.8.0_282'
Driver info: driver.version: unknown
	at org.openqa.selenium.support.ui.Select.selectByVisibleText(Select.java:147)
	at com.kms.katalon.core.webui.common.WebUiCommonHelper.selectOrDeselectOptionsByLabel(WebUiCommonHelper.java:310)
	at com.kms.katalon.core.webui.keyword.builtin.SelectOptionByLabelKeyword$_selectOptionByLabel_closure1.doCall(SelectOptionByLabelKeyword.groovy:87)
	at com.kms.katalon.core.webui.keyword.builtin.SelectOptionByLabelKeyword$_selectOptionByLabel_closure1.call(SelectOptionByLabelKeyword.groovy)
	at com.kms.katalon.core.webui.keyword.internal.WebUIKeywordMain.runKeyword(WebUIKeywordMain.groovy:20)
	... 19 more]]></system-err>
      </testcase>
      <testcase name="Test Cases/Configuracion/5 Clientes/1 Maestro Clientes/R194 f" time="27.197" classname="Test Cases/Configuracion/5 Clientes/1 Maestro Clientes/R194 f" status="FAILED">
         <failure type="FAILED" message="Test Cases/Configuracion/5 Clientes/1 Maestro Clientes/R194 f FAILED.
Reason:
com.kms.katalon.core.exception.StepFailedException: Unable to select option by label 'Cédula de Ciudadanía' of object 'Object Repository/ADM/1Configuracion/5Clientes/1Maestro de Clientes/Datos Cliente/select_Tipo Identificacion' 
	at com.kms.katalon.core.webui.keyword.internal.WebUIKeywordMain.stepFailed(WebUIKeywordMain.groovy:64)
	at com.kms.katalon.core.webui.keyword.internal.WebUIKeywordMain.runKeyword(WebUIKeywordMain.groovy:26)
	at com.kms.katalon.core.webui.keyword.builtin.SelectOptionByLabelKeyword.selectOptionByLabel(SelectOptionByLabelKeyword.groovy:98)
	at com.kms.katalon.core.webui.keyword.builtin.SelectOptionByLabelKeyword.execute(SelectOptionByLabelKeyword.groovy:71)
	at com.kms.katalon.core.keyword.internal.KeywordExecutor.executeKeywordForPlatform(KeywordExecutor.groovy:74)
	at com.kms.katalon.core.webui.keyword.WebUiBuiltInKeywords.selectOptionByLabel(WebUiBuiltInKeywords.groovy:1230)
	at com.kms.katalon.core.webui.keyword.WebUiBuiltInKeywords$selectOptionByLabel$6.call(Unknown Source)
	at R194 f.run(R194 f:43)
	at com.kms.katalon.core.main.ScriptEngine.run(ScriptEngine.java:194)
	at com.kms.katalon.core.main.ScriptEngine.runScriptAsRawText(ScriptEngine.java:119)
	at com.kms.katalon.core.main.TestCaseExecutor.runScript(TestCaseExecutor.java:448)
	at com.kms.katalon.core.main.TestCaseExecutor.doExecute(TestCaseExecutor.java:439)
	at com.kms.katalon.core.main.TestCaseExecutor.processExecutionPhase(TestCaseExecutor.java:418)
	at com.kms.katalon.core.main.TestCaseExecutor.accessMainPhase(TestCaseExecutor.java:410)
	at com.kms.katalon.core.main.TestCaseExecutor.execute(TestCaseExecutor.java:285)
	at com.kms.katalon.core.common.CommonExecutor.accessTestCaseMainPhase(CommonExecutor.java:65)
	at com.kms.katalon.core.main.TestSuiteExecutor.accessTestSuiteMainPhase(TestSuiteExecutor.java:148)
	at com.kms.katalon.core.main.TestSuiteExecutor.execute(TestSuiteExecutor.java:106)
	at com.kms.katalon.core.main.TestCaseMain.startTestSuite(TestCaseMain.java:187)
	at com.kms.katalon.core.main.TestCaseMain$startTestSuite$0.call(Unknown Source)
	at TempTestSuite1716323070945.run(TempTestSuite1716323070945.groovy:35)
Caused by: org.openqa.selenium.NoSuchElementException: Cannot locate element with text: Cédula de Ciudadanía
For documentation on this error, please visit: https://www.seleniumhq.org/exceptions/no_such_element.html
Build info: version: '3.141.59', revision: 'e82be7d358', time: '2018-11-14T08:25:53'
System info: host: 'PCPRUEBAS101', ip: '192.168.91.13', os.name: 'Windows 10', os.arch: 'amd64', os.version: '10.0', java.version: '1.8.0_282'
Driver info: driver.version: unknown
	at org.openqa.selenium.support.ui.Select.selectByVisibleText(Select.java:147)
	at com.kms.katalon.core.webui.common.WebUiCommonHelper.selectOrDeselectOptionsByLabel(WebUiCommonHelper.java:310)
	at com.kms.katalon.core.webui.keyword.builtin.SelectOptionByLabelKeyword$_selectOptionByLabel_closure1.doCall(SelectOptionByLabelKeyword.groovy:87)
	at com.kms.katalon.core.webui.keyword.builtin.SelectOptionByLabelKeyword$_selectOptionByLabel_closure1.call(SelectOptionByLabelKeyword.groovy)
	at com.kms.katalon.core.webui.keyword.internal.WebUIKeywordMain.runKeyword(WebUIKeywordMain.groovy:20)
	... 19 more
"/>
         <system-out><![CDATA[2024-05-21 16:46:27 - [TEST_CASE][FAILED] - Test Cases/Configuracion/5 Clientes/1 Maestro Clientes/R194 f: Test Cases/Configuracion/5 Clientes/1 Maestro Clientes/R194 f FAILED.
Reason:
com.kms.katalon.core.exception.StepFailedException: Unable to select option by label 'Cédula de Ciudadanía' of object 'Object Repository/ADM/1Configuracion/5Clientes/1Maestro de Clientes/Datos Cliente/select_Tipo Identificacion' 
	at com.kms.katalon.core.webui.keyword.internal.WebUIKeywordMain.stepFailed(WebUIKeywordMain.groovy:64)
	at com.kms.katalon.core.webui.keyword.internal.WebUIKeywordMain.runKeyword(WebUIKeywordMain.groovy:26)
	at com.kms.katalon.core.webui.keyword.builtin.SelectOptionByLabelKeyword.selectOptionByLabel(SelectOptionByLabelKeyword.groovy:98)
	at com.kms.katalon.core.webui.keyword.builtin.SelectOptionByLabelKeyword.execute(SelectOptionByLabelKeyword.groovy:71)
	at com.kms.katalon.core.keyword.internal.KeywordExecutor.executeKeywordForPlatform(KeywordExecutor.groovy:74)
	at com.kms.katalon.core.webui.keyword.WebUiBuiltInKeywords.selectOptionByLabel(WebUiBuiltInKeywords.groovy:1230)
	at com.kms.katalon.core.webui.keyword.WebUiBuiltInKeywords$selectOptionByLabel$6.call(Unknown Source)
	at R194 f.run(R194 f:43)
	at com.kms.katalon.core.main.ScriptEngine.run(ScriptEngine.java:194)
	at com.kms.katalon.core.main.ScriptEngine.runScriptAsRawText(ScriptEngine.java:119)
	at com.kms.katalon.core.main.TestCaseExecutor.runScript(TestCaseExecutor.java:448)
	at com.kms.katalon.core.main.TestCaseExecutor.doExecute(TestCaseExecutor.java:439)
	at com.kms.katalon.core.main.TestCaseExecutor.processExecutionPhase(TestCaseExecutor.java:418)
	at com.kms.katalon.core.main.TestCaseExecutor.accessMainPhase(TestCaseExecutor.java:410)
	at com.kms.katalon.core.main.TestCaseExecutor.execute(TestCaseExecutor.java:285)
	at com.kms.katalon.core.common.CommonExecutor.accessTestCaseMainPhase(CommonExecutor.java:65)
	at com.kms.katalon.core.main.TestSuiteExecutor.accessTestSuiteMainPhase(TestSuiteExecutor.java:148)
	at com.kms.katalon.core.main.TestSuiteExecutor.execute(TestSuiteExecutor.java:106)
	at com.kms.katalon.core.main.TestCaseMain.startTestSuite(TestCaseMain.java:187)
	at com.kms.katalon.core.main.TestCaseMain$startTestSuite$0.call(Unknown Source)
	at TempTestSuite1716323070945.run(TempTestSuite1716323070945.groovy:35)
Caused by: org.openqa.selenium.NoSuchElementException: Cannot locate element with text: Cédula de Ciudadanía
For documentation on this error, please visit: https://www.seleniumhq.org/exceptions/no_such_element.html
Build info: version: '3.141.59', revision: 'e82be7d358', time: '2018-11-14T08:25:53'
System info: host: 'PCPRUEBAS101', ip: '192.168.91.13', os.name: 'Windows 10', os.arch: 'amd64', os.version: '10.0', java.version: '1.8.0_282'
Driver info: driver.version: unknown
	at org.openqa.selenium.support.ui.Select.selectByVisibleText(Select.java:147)
	at com.kms.katalon.core.webui.common.WebUiCommonHelper.selectOrDeselectOptionsByLabel(WebUiCommonHelper.java:310)
	at com.kms.katalon.core.webui.keyword.builtin.SelectOptionByLabelKeyword$_selectOptionByLabel_closure1.doCall(SelectOptionByLabelKeyword.groovy:87)
	at com.kms.katalon.core.webui.keyword.builtin.SelectOptionByLabelKeyword$_selectOptionByLabel_closure1.call(SelectOptionByLabelKeyword.groovy)
	at com.kms.katalon.core.webui.keyword.internal.WebUIKeywordMain.runKeyword(WebUIKeywordMain.groovy:20)
	... 19 more


2024-05-21 16:46:27 - [TEST_STEP][PASSED] - callTestCase(findTestCase("0InicioSesion"), [:], STOP_ON_FAILURE): Call Test Case 'Test Cases/0InicioSesion' successfully

2024-05-21 16:46:27 - [TEST_CASE][PASSED] - Test Cases/0InicioSesion: Test Cases/0InicioSesion

2024-05-21 16:46:27 - [TEST_STEP][PASSED] - openBrowser(Url): Browser is opened with url: 'https://pcpruebas101.ciel.cielingenieria.com:8815/'

2024-05-21 16:46:27 - [MESSAGE][WARNING] - A browser is already opened. Closing browser and opening a new one

2024-05-21 16:46:28 - [MESSAGE][INFO] - Starting 'Chrome' driver

2024-05-21 16:46:28 - [MESSAGE][INFO] - Action delay is set to 0 milliseconds

2024-05-21 16:46:30 - [MESSAGE][PASSED] - Browser is opened with url: 'https://pcpruebas101.ciel.cielingenieria.com:8815/'

2024-05-21 16:46:30 - [TEST_STEP][PASSED] - maximizeWindow(): Current window maximized

2024-05-21 16:46:30 - [MESSAGE][PASSED] - Current window maximized

2024-05-21 16:46:30 - [TEST_STEP][PASSED] - delay(2): Delayed 2 second(s)

2024-05-21 16:46:32 - [MESSAGE][PASSED] - Delayed 2 second(s)

2024-05-21 16:46:32 - [TEST_STEP][PASSED] - setText(findTestObject("ADM/0Inicio Sesion/input_Usuario"), Usuario): Text 'Ciel' is set on object 'Object Repository/ADM/0Inicio Sesion/input_Usuario'

2024-05-21 16:46:34 - [MESSAGE][PASSED] - Text 'Ciel' is set on object 'Object Repository/ADM/0Inicio Sesion/input_Usuario'

2024-05-21 16:46:34 - [TEST_STEP][PASSED] - delay(2): Delayed 2 second(s)

2024-05-21 16:46:36 - [MESSAGE][PASSED] - Delayed 2 second(s)

2024-05-21 16:46:36 - [TEST_STEP][PASSED] - setText(findTestObject("ADM/0Inicio Sesion/input_Clave"), Clave): Text 'Digiturno5.' is set on object 'Object Repository/ADM/0Inicio Sesion/input_Clave'

2024-05-21 16:46:36 - [MESSAGE][PASSED] - Text 'Digiturno5.' is set on object 'Object Repository/ADM/0Inicio Sesion/input_Clave'

2024-05-21 16:46:36 - [TEST_STEP][PASSED] - delay(2): Delayed 2 second(s)

2024-05-21 16:46:38 - [MESSAGE][PASSED] - Delayed 2 second(s)

2024-05-21 16:46:38 - [TEST_STEP][PASSED] - click(findTestObject("ADM/0Inicio Sesion/btn_IniciarSesion")): Object: 'Object Repository/ADM/0Inicio Sesion/btn_IniciarSesion' is clicked on

2024-05-21 16:46:39 - [MESSAGE][PASSED] - Object: 'Object Repository/ADM/0Inicio Sesion/btn_IniciarSesion' is clicked on

2024-05-21 16:46:39 - [TEST_STEP][PASSED] - delay(3): Delayed 3 second(s)

2024-05-21 16:46:42 - [MESSAGE][PASSED] - Delayed 3 second(s)

2024-05-21 16:46:42 - [MESSAGE][PASSED] - Call Test Case 'Test Cases/0InicioSesion' successfully

2024-05-21 16:46:42 - [TEST_STEP][PASSED] - click(findTestObject("ADM/0Principal/a_Configuracion")): Object: 'Object Repository/ADM/0Principal/a_Configuracion' is clicked on

2024-05-21 16:46:42 - [MESSAGE][PASSED] - Object: 'Object Repository/ADM/0Principal/a_Configuracion' is clicked on

2024-05-21 16:46:42 - [TEST_STEP][PASSED] - delay(2): Delayed 2 second(s)

2024-05-21 16:46:44 - [MESSAGE][PASSED] - Delayed 2 second(s)

2024-05-21 16:46:44 - [TEST_STEP][PASSED] - click(findTestObject("ADM/1Configuracion/0Principal/a_5 Clientes")): Object: 'Object Repository/ADM/1Configuracion/0Principal/a_5 Clientes' is clicked on

2024-05-21 16:46:45 - [MESSAGE][PASSED] - Object: 'Object Repository/ADM/1Configuracion/0Principal/a_5 Clientes' is clicked on

2024-05-21 16:46:45 - [TEST_STEP][PASSED] - delay(2): Delayed 2 second(s)

2024-05-21 16:46:47 - [MESSAGE][PASSED] - Delayed 2 second(s)

2024-05-21 16:46:47 - [TEST_STEP][PASSED] - click(findTestObject("ADM/1Configuracion/5Clientes/0Principal/a_1 Maestro de clientes")): Object: 'Object Repository/ADM/1Configuracion/5Clientes/0Principal/a_1 Maestro de clientes' is clicked on

2024-05-21 16:46:48 - [MESSAGE][PASSED] - Object: 'Object Repository/ADM/1Configuracion/5Clientes/0Principal/a_1 Maestro de clientes' is clicked on

2024-05-21 16:46:48 - [TEST_STEP][PASSED] - delay(2): Delayed 2 second(s)

2024-05-21 16:46:50 - [MESSAGE][PASSED] - Delayed 2 second(s)

2024-05-21 16:46:50 - [TEST_STEP][PASSED] - click(findTestObject("ADM/1Configuracion/5Clientes/1Maestro de Clientes/0 btn_Nuevo Cliente"), STOP_ON_FAILURE): Object: 'Object Repository/ADM/1Configuracion/5Clientes/1Maestro de Clientes/0 btn_Nuevo Cliente' is clicked on

2024-05-21 16:46:50 - [MESSAGE][PASSED] - Object: 'Object Repository/ADM/1Configuracion/5Clientes/1Maestro de Clientes/0 btn_Nuevo Cliente' is clicked on

2024-05-21 16:46:50 - [TEST_STEP][PASSED] - comment("Verificar numero celular"): Verificar numero celular

2024-05-21 16:46:50 - [MESSAGE][INFO] - Verificar numero celular

2024-05-21 16:46:50 - [TEST_STEP][PASSED] - takeFullPageScreenshot(): Taking screenshot successfully

2024-05-21 16:46:51 - [MESSAGE][INFO] - 0 hidden object(s)

2024-05-21 16:46:51 - [MESSAGE][PASSED] - Taking screenshot successfully
[[ATTACHMENT|C:\\CIEL INGENIERIA\\Katalon\\AgendamientoADM\\Reports\\20240521_152353\\1 Configuracion\\5 Clientes\\1 Maestro Clientes\\20240521_152430\\1716328010543.png]]

2024-05-21 16:46:51 - [TEST_STEP][PASSED] - delay(2): Delayed 2 second(s)

2024-05-21 16:46:53 - [MESSAGE][PASSED] - Delayed 2 second(s)

2024-05-21 16:46:53 - [TEST_STEP][FAILED] - selectOptionByLabel(findTestObject("ADM/1Configuracion/5Clientes/1Maestro de Clientes/Datos Cliente/select_Tipo Identificacion"), findTestData("5Clientes").getValue("Tipo Identificacion", 1), false): Unable to select option by label 'Cédula de Ciudadanía' of object 'Object Repository/ADM/1Configuracion/5Clientes/1Maestro de Clientes/Datos Cliente/select_Tipo Identificacion'  (Root cause: com.kms.katalon.core.exception.StepFailedException: Unable to select option by label 'Cédula de Ciudadanía' of object 'Object Repository/ADM/1Configuracion/5Clientes/1Maestro de Clientes/Datos Cliente/select_Tipo Identificacion' 
	at com.kms.katalon.core.webui.keyword.internal.WebUIKeywordMain.stepFailed(WebUIKeywordMain.groovy:64)
	at com.kms.katalon.core.webui.keyword.internal.WebUIKeywordMain.runKeyword(WebUIKeywordMain.groovy:26)
	at com.kms.katalon.core.webui.keyword.builtin.SelectOptionByLabelKeyword.selectOptionByLabel(SelectOptionByLabelKeyword.groovy:98)
	at com.kms.katalon.core.webui.keyword.builtin.SelectOptionByLabelKeyword.execute(SelectOptionByLabelKeyword.groovy:71)
	at com.kms.katalon.core.keyword.internal.KeywordExecutor.executeKeywordForPlatform(KeywordExecutor.groovy:74)
	at com.kms.katalon.core.webui.keyword.WebUiBuiltInKeywords.selectOptionByLabel(WebUiBuiltInKeywords.groovy:1230)
	at com.kms.katalon.core.webui.keyword.WebUiBuiltInKeywords$selectOptionByLabel$6.call(Unknown Source)
	at R194 f.run(R194 f:43)
	at com.kms.katalon.core.main.ScriptEngine.run(ScriptEngine.java:194)
	at com.kms.katalon.core.main.ScriptEngine.runScriptAsRawText(ScriptEngine.java:119)
	at com.kms.katalon.core.main.TestCaseExecutor.runScript(TestCaseExecutor.java:448)
	at com.kms.katalon.core.main.TestCaseExecutor.doExecute(TestCaseExecutor.java:439)
	at com.kms.katalon.core.main.TestCaseExecutor.processExecutionPhase(TestCaseExecutor.java:418)
	at com.kms.katalon.core.main.TestCaseExecutor.accessMainPhase(TestCaseExecutor.java:410)
	at com.kms.katalon.core.main.TestCaseExecutor.execute(TestCaseExecutor.java:285)
	at com.kms.katalon.core.common.CommonExecutor.accessTestCaseMainPhase(CommonExecutor.java:65)
	at com.kms.katalon.core.main.TestSuiteExecutor.accessTestSuiteMainPhase(TestSuiteExecutor.java:148)
	at com.kms.katalon.core.main.TestSuiteExecutor.execute(TestSuiteExecutor.java:106)
	at com.kms.katalon.core.main.TestCaseMain.startTestSuite(TestCaseMain.java:187)
	at com.kms.katalon.core.main.TestCaseMain$startTestSuite$0.call(Unknown Source)
	at TempTestSuite1716323070945.run(TempTestSuite1716323070945.groovy:35)
Caused by: org.openqa.selenium.NoSuchElementException: Cannot locate element with text: Cédula de Ciudadanía
For documentation on this error, please visit: https://www.seleniumhq.org/exceptions/no_such_element.html
Build info: version: '3.141.59', revision: 'e82be7d358', time: '2018-11-14T08:25:53'
System info: host: 'PCPRUEBAS101', ip: '192.168.91.13', os.name: 'Windows 10', os.arch: 'amd64', os.version: '10.0', java.version: '1.8.0_282'
Driver info: driver.version: unknown
	at org.openqa.selenium.support.ui.Select.selectByVisibleText(Select.java:147)
	at com.kms.katalon.core.webui.common.WebUiCommonHelper.selectOrDeselectOptionsByLabel(WebUiCommonHelper.java:310)
	at com.kms.katalon.core.webui.keyword.builtin.SelectOptionByLabelKeyword$_selectOptionByLabel_closure1.doCall(SelectOptionByLabelKeyword.groovy:87)
	at com.kms.katalon.core.webui.keyword.builtin.SelectOptionByLabelKeyword$_selectOptionByLabel_closure1.call(SelectOptionByLabelKeyword.groovy)
	at com.kms.katalon.core.webui.keyword.internal.WebUIKeywordMain.runKeyword(WebUIKeywordMain.groovy:20)
	at com.kms.katalon.core.webui.keyword.builtin.SelectOptionByLabelKeyword.selectOptionByLabel(SelectOptionByLabelKeyword.groovy:98)
	at com.kms.katalon.core.webui.keyword.builtin.SelectOptionByLabelKeyword.execute(SelectOptionByLabelKeyword.groovy:71)
	at com.kms.katalon.core.keyword.internal.KeywordExecutor.executeKeywordForPlatform(KeywordExecutor.groovy:74)
	at com.kms.katalon.core.webui.keyword.WebUiBuiltInKeywords.selectOptionByLabel(WebUiBuiltInKeywords.groovy:1230)
	at com.kms.katalon.core.webui.keyword.WebUiBuiltInKeywords$selectOptionByLabel$6.call(Unknown Source)
	at Script1705520576019.run(Script1705520576019.groovy:43)
	... 13 more
)

2024-05-21 16:46:54 - [MESSAGE][FAILED] - Unable to select option by label 'Cédula de Ciudadanía' of object 'Object Repository/ADM/1Configuracion/5Clientes/1Maestro de Clientes/Datos Cliente/select_Tipo Identificacion'  (Root cause: com.kms.katalon.core.exception.StepFailedException: Unable to select option by label 'Cédula de Ciudadanía' of object 'Object Repository/ADM/1Configuracion/5Clientes/1Maestro de Clientes/Datos Cliente/select_Tipo Identificacion' 
	at com.kms.katalon.core.webui.keyword.internal.WebUIKeywordMain.stepFailed(WebUIKeywordMain.groovy:64)
	at com.kms.katalon.core.webui.keyword.internal.WebUIKeywordMain.runKeyword(WebUIKeywordMain.groovy:26)
	at com.kms.katalon.core.webui.keyword.builtin.SelectOptionByLabelKeyword.selectOptionByLabel(SelectOptionByLabelKeyword.groovy:98)
	at com.kms.katalon.core.webui.keyword.builtin.SelectOptionByLabelKeyword.execute(SelectOptionByLabelKeyword.groovy:71)
	at com.kms.katalon.core.keyword.internal.KeywordExecutor.executeKeywordForPlatform(KeywordExecutor.groovy:74)
	at com.kms.katalon.core.webui.keyword.WebUiBuiltInKeywords.selectOptionByLabel(WebUiBuiltInKeywords.groovy:1230)
	at com.kms.katalon.core.webui.keyword.WebUiBuiltInKeywords$selectOptionByLabel$6.call(Unknown Source)
	at R194 f.run(R194 f:43)
	at com.kms.katalon.core.main.ScriptEngine.run(ScriptEngine.java:194)
	at com.kms.katalon.core.main.ScriptEngine.runScriptAsRawText(ScriptEngine.java:119)
	at com.kms.katalon.core.main.TestCaseExecutor.runScript(TestCaseExecutor.java:448)
	at com.kms.katalon.core.main.TestCaseExecutor.doExecute(TestCaseExecutor.java:439)
	at com.kms.katalon.core.main.TestCaseExecutor.processExecutionPhase(TestCaseExecutor.java:418)
	at com.kms.katalon.core.main.TestCaseExecutor.accessMainPhase(TestCaseExecutor.java:410)
	at com.kms.katalon.core.main.TestCaseExecutor.execute(TestCaseExecutor.java:285)
	at com.kms.katalon.core.common.CommonExecutor.accessTestCaseMainPhase(CommonExecutor.java:65)
	at com.kms.katalon.core.main.TestSuiteExecutor.accessTestSuiteMainPhase(TestSuiteExecutor.java:148)
	at com.kms.katalon.core.main.TestSuiteExecutor.execute(TestSuiteExecutor.java:106)
	at com.kms.katalon.core.main.TestCaseMain.startTestSuite(TestCaseMain.java:187)
	at com.kms.katalon.core.main.TestCaseMain$startTestSuite$0.call(Unknown Source)
	at TempTestSuite1716323070945.run(TempTestSuite1716323070945.groovy:35)
Caused by: org.openqa.selenium.NoSuchElementException: Cannot locate element with text: Cédula de Ciudadanía
For documentation on this error, please visit: https://www.seleniumhq.org/exceptions/no_such_element.html
Build info: version: '3.141.59', revision: 'e82be7d358', time: '2018-11-14T08:25:53'
System info: host: 'PCPRUEBAS101', ip: '192.168.91.13', os.name: 'Windows 10', os.arch: 'amd64', os.version: '10.0', java.version: '1.8.0_282'
Driver info: driver.version: unknown
	at org.openqa.selenium.support.ui.Select.selectByVisibleText(Select.java:147)
	at com.kms.katalon.core.webui.common.WebUiCommonHelper.selectOrDeselectOptionsByLabel(WebUiCommonHelper.java:310)
	at com.kms.katalon.core.webui.keyword.builtin.SelectOptionByLabelKeyword$_selectOptionByLabel_closure1.doCall(SelectOptionByLabelKeyword.groovy:87)
	at com.kms.katalon.core.webui.keyword.builtin.SelectOptionByLabelKeyword$_selectOptionByLabel_closure1.call(SelectOptionByLabelKeyword.groovy)
	at com.kms.katalon.core.webui.keyword.internal.WebUIKeywordMain.runKeyword(WebUIKeywordMain.groovy:20)
	at com.kms.katalon.core.webui.keyword.builtin.SelectOptionByLabelKeyword.selectOptionByLabel(SelectOptionByLabelKeyword.groovy:98)
	at com.kms.katalon.core.webui.keyword.builtin.SelectOptionByLabelKeyword.execute(SelectOptionByLabelKeyword.groovy:71)
	at com.kms.katalon.core.keyword.internal.KeywordExecutor.executeKeywordForPlatform(KeywordExecutor.groovy:74)
	at com.kms.katalon.core.webui.keyword.WebUiBuiltInKeywords.selectOptionByLabel(WebUiBuiltInKeywords.groovy:1230)
	at com.kms.katalon.core.webui.keyword.WebUiBuiltInKeywords$selectOptionByLabel$6.call(Unknown Source)
	at Script1705520576019.run(Script1705520576019.groovy:43)
	... 13 more
)
[[ATTACHMENT|C:\\CIEL INGENIERIA\\Katalon\\AgendamientoADM\\Reports\\20240521_152353\\1 Configuracion\\5 Clientes\\1 Maestro Clientes\\20240521_152430\\1716328014459.png]]

2024-05-21 16:46:54 - [TEST_STEP][PASSED] - Start listener action : sampleAfterTestCase: null]]></system-out>
         <system-err><![CDATA[2024-05-21 16:46:27 - [TEST_CASE][FAILED] - Test Cases/Configuracion/5 Clientes/1 Maestro Clientes/R194 f: Test Cases/Configuracion/5 Clientes/1 Maestro Clientes/R194 f FAILED.
Reason:
com.kms.katalon.core.exception.StepFailedException: Unable to select option by label 'Cédula de Ciudadanía' of object 'Object Repository/ADM/1Configuracion/5Clientes/1Maestro de Clientes/Datos Cliente/select_Tipo Identificacion' 
	at com.kms.katalon.core.webui.keyword.internal.WebUIKeywordMain.stepFailed(WebUIKeywordMain.groovy:64)
	at com.kms.katalon.core.webui.keyword.internal.WebUIKeywordMain.runKeyword(WebUIKeywordMain.groovy:26)
	at com.kms.katalon.core.webui.keyword.builtin.SelectOptionByLabelKeyword.selectOptionByLabel(SelectOptionByLabelKeyword.groovy:98)
	at com.kms.katalon.core.webui.keyword.builtin.SelectOptionByLabelKeyword.execute(SelectOptionByLabelKeyword.groovy:71)
	at com.kms.katalon.core.keyword.internal.KeywordExecutor.executeKeywordForPlatform(KeywordExecutor.groovy:74)
	at com.kms.katalon.core.webui.keyword.WebUiBuiltInKeywords.selectOptionByLabel(WebUiBuiltInKeywords.groovy:1230)
	at com.kms.katalon.core.webui.keyword.WebUiBuiltInKeywords$selectOptionByLabel$6.call(Unknown Source)
	at R194 f.run(R194 f:43)
	at com.kms.katalon.core.main.ScriptEngine.run(ScriptEngine.java:194)
	at com.kms.katalon.core.main.ScriptEngine.runScriptAsRawText(ScriptEngine.java:119)
	at com.kms.katalon.core.main.TestCaseExecutor.runScript(TestCaseExecutor.java:448)
	at com.kms.katalon.core.main.TestCaseExecutor.doExecute(TestCaseExecutor.java:439)
	at com.kms.katalon.core.main.TestCaseExecutor.processExecutionPhase(TestCaseExecutor.java:418)
	at com.kms.katalon.core.main.TestCaseExecutor.accessMainPhase(TestCaseExecutor.java:410)
	at com.kms.katalon.core.main.TestCaseExecutor.execute(TestCaseExecutor.java:285)
	at com.kms.katalon.core.common.CommonExecutor.accessTestCaseMainPhase(CommonExecutor.java:65)
	at com.kms.katalon.core.main.TestSuiteExecutor.accessTestSuiteMainPhase(TestSuiteExecutor.java:148)
	at com.kms.katalon.core.main.TestSuiteExecutor.execute(TestSuiteExecutor.java:106)
	at com.kms.katalon.core.main.TestCaseMain.startTestSuite(TestCaseMain.java:187)
	at com.kms.katalon.core.main.TestCaseMain$startTestSuite$0.call(Unknown Source)
	at TempTestSuite1716323070945.run(TempTestSuite1716323070945.groovy:35)
Caused by: org.openqa.selenium.NoSuchElementException: Cannot locate element with text: Cédula de Ciudadanía
For documentation on this error, please visit: https://www.seleniumhq.org/exceptions/no_such_element.html
Build info: version: '3.141.59', revision: 'e82be7d358', time: '2018-11-14T08:25:53'
System info: host: 'PCPRUEBAS101', ip: '192.168.91.13', os.name: 'Windows 10', os.arch: 'amd64', os.version: '10.0', java.version: '1.8.0_282'
Driver info: driver.version: unknown
	at org.openqa.selenium.support.ui.Select.selectByVisibleText(Select.java:147)
	at com.kms.katalon.core.webui.common.WebUiCommonHelper.selectOrDeselectOptionsByLabel(WebUiCommonHelper.java:310)
	at com.kms.katalon.core.webui.keyword.builtin.SelectOptionByLabelKeyword$_selectOptionByLabel_closure1.doCall(SelectOptionByLabelKeyword.groovy:87)
	at com.kms.katalon.core.webui.keyword.builtin.SelectOptionByLabelKeyword$_selectOptionByLabel_closure1.call(SelectOptionByLabelKeyword.groovy)
	at com.kms.katalon.core.webui.keyword.internal.WebUIKeywordMain.runKeyword(WebUIKeywordMain.groovy:20)
	... 19 more]]></system-err>
      </testcase>
      <testcase name="Test Cases/Configuracion/5 Clientes/1 Maestro Clientes/R194 g" time="27.395" classname="Test Cases/Configuracion/5 Clientes/1 Maestro Clientes/R194 g" status="FAILED">
         <failure type="FAILED" message="Test Cases/Configuracion/5 Clientes/1 Maestro Clientes/R194 g FAILED.
Reason:
com.kms.katalon.core.exception.StepFailedException: Unable to select option by label 'Cédula de Ciudadanía' of object 'Object Repository/ADM/1Configuracion/5Clientes/1Maestro de Clientes/Datos Cliente/select_Tipo Identificacion' 
	at com.kms.katalon.core.webui.keyword.internal.WebUIKeywordMain.stepFailed(WebUIKeywordMain.groovy:64)
	at com.kms.katalon.core.webui.keyword.internal.WebUIKeywordMain.runKeyword(WebUIKeywordMain.groovy:26)
	at com.kms.katalon.core.webui.keyword.builtin.SelectOptionByLabelKeyword.selectOptionByLabel(SelectOptionByLabelKeyword.groovy:98)
	at com.kms.katalon.core.webui.keyword.builtin.SelectOptionByLabelKeyword.execute(SelectOptionByLabelKeyword.groovy:71)
	at com.kms.katalon.core.keyword.internal.KeywordExecutor.executeKeywordForPlatform(KeywordExecutor.groovy:74)
	at com.kms.katalon.core.webui.keyword.WebUiBuiltInKeywords.selectOptionByLabel(WebUiBuiltInKeywords.groovy:1230)
	at com.kms.katalon.core.webui.keyword.WebUiBuiltInKeywords$selectOptionByLabel$6.call(Unknown Source)
	at R194 g.run(R194 g:43)
	at com.kms.katalon.core.main.ScriptEngine.run(ScriptEngine.java:194)
	at com.kms.katalon.core.main.ScriptEngine.runScriptAsRawText(ScriptEngine.java:119)
	at com.kms.katalon.core.main.TestCaseExecutor.runScript(TestCaseExecutor.java:448)
	at com.kms.katalon.core.main.TestCaseExecutor.doExecute(TestCaseExecutor.java:439)
	at com.kms.katalon.core.main.TestCaseExecutor.processExecutionPhase(TestCaseExecutor.java:418)
	at com.kms.katalon.core.main.TestCaseExecutor.accessMainPhase(TestCaseExecutor.java:410)
	at com.kms.katalon.core.main.TestCaseExecutor.execute(TestCaseExecutor.java:285)
	at com.kms.katalon.core.common.CommonExecutor.accessTestCaseMainPhase(CommonExecutor.java:65)
	at com.kms.katalon.core.main.TestSuiteExecutor.accessTestSuiteMainPhase(TestSuiteExecutor.java:148)
	at com.kms.katalon.core.main.TestSuiteExecutor.execute(TestSuiteExecutor.java:106)
	at com.kms.katalon.core.main.TestCaseMain.startTestSuite(TestCaseMain.java:187)
	at com.kms.katalon.core.main.TestCaseMain$startTestSuite$0.call(Unknown Source)
	at TempTestSuite1716323070945.run(TempTestSuite1716323070945.groovy:35)
Caused by: org.openqa.selenium.NoSuchElementException: Cannot locate element with text: Cédula de Ciudadanía
For documentation on this error, please visit: https://www.seleniumhq.org/exceptions/no_such_element.html
Build info: version: '3.141.59', revision: 'e82be7d358', time: '2018-11-14T08:25:53'
System info: host: 'PCPRUEBAS101', ip: '192.168.91.13', os.name: 'Windows 10', os.arch: 'amd64', os.version: '10.0', java.version: '1.8.0_282'
Driver info: driver.version: unknown
	at org.openqa.selenium.support.ui.Select.selectByVisibleText(Select.java:147)
	at com.kms.katalon.core.webui.common.WebUiCommonHelper.selectOrDeselectOptionsByLabel(WebUiCommonHelper.java:310)
	at com.kms.katalon.core.webui.keyword.builtin.SelectOptionByLabelKeyword$_selectOptionByLabel_closure1.doCall(SelectOptionByLabelKeyword.groovy:87)
	at com.kms.katalon.core.webui.keyword.builtin.SelectOptionByLabelKeyword$_selectOptionByLabel_closure1.call(SelectOptionByLabelKeyword.groovy)
	at com.kms.katalon.core.webui.keyword.internal.WebUIKeywordMain.runKeyword(WebUIKeywordMain.groovy:20)
	... 19 more
"/>
         <system-out><![CDATA[2024-05-21 16:46:54 - [TEST_CASE][FAILED] - Test Cases/Configuracion/5 Clientes/1 Maestro Clientes/R194 g: Test Cases/Configuracion/5 Clientes/1 Maestro Clientes/R194 g FAILED.
Reason:
com.kms.katalon.core.exception.StepFailedException: Unable to select option by label 'Cédula de Ciudadanía' of object 'Object Repository/ADM/1Configuracion/5Clientes/1Maestro de Clientes/Datos Cliente/select_Tipo Identificacion' 
	at com.kms.katalon.core.webui.keyword.internal.WebUIKeywordMain.stepFailed(WebUIKeywordMain.groovy:64)
	at com.kms.katalon.core.webui.keyword.internal.WebUIKeywordMain.runKeyword(WebUIKeywordMain.groovy:26)
	at com.kms.katalon.core.webui.keyword.builtin.SelectOptionByLabelKeyword.selectOptionByLabel(SelectOptionByLabelKeyword.groovy:98)
	at com.kms.katalon.core.webui.keyword.builtin.SelectOptionByLabelKeyword.execute(SelectOptionByLabelKeyword.groovy:71)
	at com.kms.katalon.core.keyword.internal.KeywordExecutor.executeKeywordForPlatform(KeywordExecutor.groovy:74)
	at com.kms.katalon.core.webui.keyword.WebUiBuiltInKeywords.selectOptionByLabel(WebUiBuiltInKeywords.groovy:1230)
	at com.kms.katalon.core.webui.keyword.WebUiBuiltInKeywords$selectOptionByLabel$6.call(Unknown Source)
	at R194 g.run(R194 g:43)
	at com.kms.katalon.core.main.ScriptEngine.run(ScriptEngine.java:194)
	at com.kms.katalon.core.main.ScriptEngine.runScriptAsRawText(ScriptEngine.java:119)
	at com.kms.katalon.core.main.TestCaseExecutor.runScript(TestCaseExecutor.java:448)
	at com.kms.katalon.core.main.TestCaseExecutor.doExecute(TestCaseExecutor.java:439)
	at com.kms.katalon.core.main.TestCaseExecutor.processExecutionPhase(TestCaseExecutor.java:418)
	at com.kms.katalon.core.main.TestCaseExecutor.accessMainPhase(TestCaseExecutor.java:410)
	at com.kms.katalon.core.main.TestCaseExecutor.execute(TestCaseExecutor.java:285)
	at com.kms.katalon.core.common.CommonExecutor.accessTestCaseMainPhase(CommonExecutor.java:65)
	at com.kms.katalon.core.main.TestSuiteExecutor.accessTestSuiteMainPhase(TestSuiteExecutor.java:148)
	at com.kms.katalon.core.main.TestSuiteExecutor.execute(TestSuiteExecutor.java:106)
	at com.kms.katalon.core.main.TestCaseMain.startTestSuite(TestCaseMain.java:187)
	at com.kms.katalon.core.main.TestCaseMain$startTestSuite$0.call(Unknown Source)
	at TempTestSuite1716323070945.run(TempTestSuite1716323070945.groovy:35)
Caused by: org.openqa.selenium.NoSuchElementException: Cannot locate element with text: Cédula de Ciudadanía
For documentation on this error, please visit: https://www.seleniumhq.org/exceptions/no_such_element.html
Build info: version: '3.141.59', revision: 'e82be7d358', time: '2018-11-14T08:25:53'
System info: host: 'PCPRUEBAS101', ip: '192.168.91.13', os.name: 'Windows 10', os.arch: 'amd64', os.version: '10.0', java.version: '1.8.0_282'
Driver info: driver.version: unknown
	at org.openqa.selenium.support.ui.Select.selectByVisibleText(Select.java:147)
	at com.kms.katalon.core.webui.common.WebUiCommonHelper.selectOrDeselectOptionsByLabel(WebUiCommonHelper.java:310)
	at com.kms.katalon.core.webui.keyword.builtin.SelectOptionByLabelKeyword$_selectOptionByLabel_closure1.doCall(SelectOptionByLabelKeyword.groovy:87)
	at com.kms.katalon.core.webui.keyword.builtin.SelectOptionByLabelKeyword$_selectOptionByLabel_closure1.call(SelectOptionByLabelKeyword.groovy)
	at com.kms.katalon.core.webui.keyword.internal.WebUIKeywordMain.runKeyword(WebUIKeywordMain.groovy:20)
	... 19 more


2024-05-21 16:46:54 - [TEST_STEP][PASSED] - callTestCase(findTestCase("0InicioSesion"), [:], STOP_ON_FAILURE): Call Test Case 'Test Cases/0InicioSesion' successfully

2024-05-21 16:46:55 - [TEST_CASE][PASSED] - Test Cases/0InicioSesion: Test Cases/0InicioSesion

2024-05-21 16:46:55 - [TEST_STEP][PASSED] - openBrowser(Url): Browser is opened with url: 'https://pcpruebas101.ciel.cielingenieria.com:8815/'

2024-05-21 16:46:55 - [MESSAGE][WARNING] - A browser is already opened. Closing browser and opening a new one

2024-05-21 16:46:55 - [MESSAGE][INFO] - Starting 'Chrome' driver

2024-05-21 16:46:55 - [MESSAGE][INFO] - Action delay is set to 0 milliseconds

2024-05-21 16:46:58 - [MESSAGE][PASSED] - Browser is opened with url: 'https://pcpruebas101.ciel.cielingenieria.com:8815/'

2024-05-21 16:46:58 - [TEST_STEP][PASSED] - maximizeWindow(): Current window maximized

2024-05-21 16:46:58 - [MESSAGE][PASSED] - Current window maximized

2024-05-21 16:46:58 - [TEST_STEP][PASSED] - delay(2): Delayed 2 second(s)

2024-05-21 16:47:00 - [MESSAGE][PASSED] - Delayed 2 second(s)

2024-05-21 16:47:00 - [TEST_STEP][PASSED] - setText(findTestObject("ADM/0Inicio Sesion/input_Usuario"), Usuario): Text 'Ciel' is set on object 'Object Repository/ADM/0Inicio Sesion/input_Usuario'

2024-05-21 16:47:01 - [MESSAGE][PASSED] - Text 'Ciel' is set on object 'Object Repository/ADM/0Inicio Sesion/input_Usuario'

2024-05-21 16:47:01 - [TEST_STEP][PASSED] - delay(2): Delayed 2 second(s)

2024-05-21 16:47:03 - [MESSAGE][PASSED] - Delayed 2 second(s)

2024-05-21 16:47:03 - [TEST_STEP][PASSED] - setText(findTestObject("ADM/0Inicio Sesion/input_Clave"), Clave): Text 'Digiturno5.' is set on object 'Object Repository/ADM/0Inicio Sesion/input_Clave'

2024-05-21 16:47:04 - [MESSAGE][PASSED] - Text 'Digiturno5.' is set on object 'Object Repository/ADM/0Inicio Sesion/input_Clave'

2024-05-21 16:47:04 - [TEST_STEP][PASSED] - delay(2): Delayed 2 second(s)

2024-05-21 16:47:06 - [MESSAGE][PASSED] - Delayed 2 second(s)

2024-05-21 16:47:06 - [TEST_STEP][PASSED] - click(findTestObject("ADM/0Inicio Sesion/btn_IniciarSesion")): Object: 'Object Repository/ADM/0Inicio Sesion/btn_IniciarSesion' is clicked on

2024-05-21 16:47:06 - [MESSAGE][PASSED] - Object: 'Object Repository/ADM/0Inicio Sesion/btn_IniciarSesion' is clicked on

2024-05-21 16:47:06 - [TEST_STEP][PASSED] - delay(3): Delayed 3 second(s)

2024-05-21 16:47:09 - [MESSAGE][PASSED] - Delayed 3 second(s)

2024-05-21 16:47:09 - [MESSAGE][PASSED] - Call Test Case 'Test Cases/0InicioSesion' successfully

2024-05-21 16:47:09 - [TEST_STEP][PASSED] - click(findTestObject("ADM/0Principal/a_Configuracion")): Object: 'Object Repository/ADM/0Principal/a_Configuracion' is clicked on

2024-05-21 16:47:10 - [MESSAGE][PASSED] - Object: 'Object Repository/ADM/0Principal/a_Configuracion' is clicked on

2024-05-21 16:47:10 - [TEST_STEP][PASSED] - delay(2): Delayed 2 second(s)

2024-05-21 16:47:12 - [MESSAGE][PASSED] - Delayed 2 second(s)

2024-05-21 16:47:12 - [TEST_STEP][PASSED] - click(findTestObject("ADM/1Configuracion/0Principal/a_5 Clientes")): Object: 'Object Repository/ADM/1Configuracion/0Principal/a_5 Clientes' is clicked on

2024-05-21 16:47:12 - [MESSAGE][PASSED] - Object: 'Object Repository/ADM/1Configuracion/0Principal/a_5 Clientes' is clicked on

2024-05-21 16:47:12 - [TEST_STEP][PASSED] - delay(2): Delayed 2 second(s)

2024-05-21 16:47:14 - [MESSAGE][PASSED] - Delayed 2 second(s)

2024-05-21 16:47:14 - [TEST_STEP][PASSED] - click(findTestObject("ADM/1Configuracion/5Clientes/0Principal/a_1 Maestro de clientes")): Object: 'Object Repository/ADM/1Configuracion/5Clientes/0Principal/a_1 Maestro de clientes' is clicked on

2024-05-21 16:47:15 - [MESSAGE][PASSED] - Object: 'Object Repository/ADM/1Configuracion/5Clientes/0Principal/a_1 Maestro de clientes' is clicked on

2024-05-21 16:47:15 - [TEST_STEP][PASSED] - delay(2): Delayed 2 second(s)

2024-05-21 16:47:17 - [MESSAGE][PASSED] - Delayed 2 second(s)

2024-05-21 16:47:17 - [TEST_STEP][PASSED] - click(findTestObject("ADM/1Configuracion/5Clientes/1Maestro de Clientes/0 btn_Nuevo Cliente"), STOP_ON_FAILURE): Object: 'Object Repository/ADM/1Configuracion/5Clientes/1Maestro de Clientes/0 btn_Nuevo Cliente' is clicked on

2024-05-21 16:47:17 - [MESSAGE][PASSED] - Object: 'Object Repository/ADM/1Configuracion/5Clientes/1Maestro de Clientes/0 btn_Nuevo Cliente' is clicked on

2024-05-21 16:47:17 - [TEST_STEP][PASSED] - comment("Validar correo"): Validar correo

2024-05-21 16:47:17 - [MESSAGE][INFO] - Validar correo

2024-05-21 16:47:17 - [TEST_STEP][PASSED] - takeFullPageScreenshot(): Taking screenshot successfully

2024-05-21 16:47:18 - [MESSAGE][INFO] - 0 hidden object(s)

2024-05-21 16:47:18 - [MESSAGE][PASSED] - Taking screenshot successfully
[[ATTACHMENT|C:\\CIEL INGENIERIA\\Katalon\\AgendamientoADM\\Reports\\20240521_152353\\1 Configuracion\\5 Clientes\\1 Maestro Clientes\\20240521_152430\\1716328037879.png]]

2024-05-21 16:47:18 - [TEST_STEP][PASSED] - delay(2): Delayed 2 second(s)

2024-05-21 16:47:20 - [MESSAGE][PASSED] - Delayed 2 second(s)

2024-05-21 16:47:20 - [TEST_STEP][FAILED] - selectOptionByLabel(findTestObject("ADM/1Configuracion/5Clientes/1Maestro de Clientes/Datos Cliente/select_Tipo Identificacion"), findTestData("5Clientes").getValue("Tipo Identificacion", 1), false): Unable to select option by label 'Cédula de Ciudadanía' of object 'Object Repository/ADM/1Configuracion/5Clientes/1Maestro de Clientes/Datos Cliente/select_Tipo Identificacion'  (Root cause: com.kms.katalon.core.exception.StepFailedException: Unable to select option by label 'Cédula de Ciudadanía' of object 'Object Repository/ADM/1Configuracion/5Clientes/1Maestro de Clientes/Datos Cliente/select_Tipo Identificacion' 
	at com.kms.katalon.core.webui.keyword.internal.WebUIKeywordMain.stepFailed(WebUIKeywordMain.groovy:64)
	at com.kms.katalon.core.webui.keyword.internal.WebUIKeywordMain.runKeyword(WebUIKeywordMain.groovy:26)
	at com.kms.katalon.core.webui.keyword.builtin.SelectOptionByLabelKeyword.selectOptionByLabel(SelectOptionByLabelKeyword.groovy:98)
	at com.kms.katalon.core.webui.keyword.builtin.SelectOptionByLabelKeyword.execute(SelectOptionByLabelKeyword.groovy:71)
	at com.kms.katalon.core.keyword.internal.KeywordExecutor.executeKeywordForPlatform(KeywordExecutor.groovy:74)
	at com.kms.katalon.core.webui.keyword.WebUiBuiltInKeywords.selectOptionByLabel(WebUiBuiltInKeywords.groovy:1230)
	at com.kms.katalon.core.webui.keyword.WebUiBuiltInKeywords$selectOptionByLabel$6.call(Unknown Source)
	at R194 g.run(R194 g:43)
	at com.kms.katalon.core.main.ScriptEngine.run(ScriptEngine.java:194)
	at com.kms.katalon.core.main.ScriptEngine.runScriptAsRawText(ScriptEngine.java:119)
	at com.kms.katalon.core.main.TestCaseExecutor.runScript(TestCaseExecutor.java:448)
	at com.kms.katalon.core.main.TestCaseExecutor.doExecute(TestCaseExecutor.java:439)
	at com.kms.katalon.core.main.TestCaseExecutor.processExecutionPhase(TestCaseExecutor.java:418)
	at com.kms.katalon.core.main.TestCaseExecutor.accessMainPhase(TestCaseExecutor.java:410)
	at com.kms.katalon.core.main.TestCaseExecutor.execute(TestCaseExecutor.java:285)
	at com.kms.katalon.core.common.CommonExecutor.accessTestCaseMainPhase(CommonExecutor.java:65)
	at com.kms.katalon.core.main.TestSuiteExecutor.accessTestSuiteMainPhase(TestSuiteExecutor.java:148)
	at com.kms.katalon.core.main.TestSuiteExecutor.execute(TestSuiteExecutor.java:106)
	at com.kms.katalon.core.main.TestCaseMain.startTestSuite(TestCaseMain.java:187)
	at com.kms.katalon.core.main.TestCaseMain$startTestSuite$0.call(Unknown Source)
	at TempTestSuite1716323070945.run(TempTestSuite1716323070945.groovy:35)
Caused by: org.openqa.selenium.NoSuchElementException: Cannot locate element with text: Cédula de Ciudadanía
For documentation on this error, please visit: https://www.seleniumhq.org/exceptions/no_such_element.html
Build info: version: '3.141.59', revision: 'e82be7d358', time: '2018-11-14T08:25:53'
System info: host: 'PCPRUEBAS101', ip: '192.168.91.13', os.name: 'Windows 10', os.arch: 'amd64', os.version: '10.0', java.version: '1.8.0_282'
Driver info: driver.version: unknown
	at org.openqa.selenium.support.ui.Select.selectByVisibleText(Select.java:147)
	at com.kms.katalon.core.webui.common.WebUiCommonHelper.selectOrDeselectOptionsByLabel(WebUiCommonHelper.java:310)
	at com.kms.katalon.core.webui.keyword.builtin.SelectOptionByLabelKeyword$_selectOptionByLabel_closure1.doCall(SelectOptionByLabelKeyword.groovy:87)
	at com.kms.katalon.core.webui.keyword.builtin.SelectOptionByLabelKeyword$_selectOptionByLabel_closure1.call(SelectOptionByLabelKeyword.groovy)
	at com.kms.katalon.core.webui.keyword.internal.WebUIKeywordMain.runKeyword(WebUIKeywordMain.groovy:20)
	at com.kms.katalon.core.webui.keyword.builtin.SelectOptionByLabelKeyword.selectOptionByLabel(SelectOptionByLabelKeyword.groovy:98)
	at com.kms.katalon.core.webui.keyword.builtin.SelectOptionByLabelKeyword.execute(SelectOptionByLabelKeyword.groovy:71)
	at com.kms.katalon.core.keyword.internal.KeywordExecutor.executeKeywordForPlatform(KeywordExecutor.groovy:74)
	at com.kms.katalon.core.webui.keyword.WebUiBuiltInKeywords.selectOptionByLabel(WebUiBuiltInKeywords.groovy:1230)
	at com.kms.katalon.core.webui.keyword.WebUiBuiltInKeywords$selectOptionByLabel$6.call(Unknown Source)
	at Script1705521023079.run(Script1705521023079.groovy:43)
	... 13 more
)

2024-05-21 16:47:21 - [MESSAGE][FAILED] - Unable to select option by label 'Cédula de Ciudadanía' of object 'Object Repository/ADM/1Configuracion/5Clientes/1Maestro de Clientes/Datos Cliente/select_Tipo Identificacion'  (Root cause: com.kms.katalon.core.exception.StepFailedException: Unable to select option by label 'Cédula de Ciudadanía' of object 'Object Repository/ADM/1Configuracion/5Clientes/1Maestro de Clientes/Datos Cliente/select_Tipo Identificacion' 
	at com.kms.katalon.core.webui.keyword.internal.WebUIKeywordMain.stepFailed(WebUIKeywordMain.groovy:64)
	at com.kms.katalon.core.webui.keyword.internal.WebUIKeywordMain.runKeyword(WebUIKeywordMain.groovy:26)
	at com.kms.katalon.core.webui.keyword.builtin.SelectOptionByLabelKeyword.selectOptionByLabel(SelectOptionByLabelKeyword.groovy:98)
	at com.kms.katalon.core.webui.keyword.builtin.SelectOptionByLabelKeyword.execute(SelectOptionByLabelKeyword.groovy:71)
	at com.kms.katalon.core.keyword.internal.KeywordExecutor.executeKeywordForPlatform(KeywordExecutor.groovy:74)
	at com.kms.katalon.core.webui.keyword.WebUiBuiltInKeywords.selectOptionByLabel(WebUiBuiltInKeywords.groovy:1230)
	at com.kms.katalon.core.webui.keyword.WebUiBuiltInKeywords$selectOptionByLabel$6.call(Unknown Source)
	at R194 g.run(R194 g:43)
	at com.kms.katalon.core.main.ScriptEngine.run(ScriptEngine.java:194)
	at com.kms.katalon.core.main.ScriptEngine.runScriptAsRawText(ScriptEngine.java:119)
	at com.kms.katalon.core.main.TestCaseExecutor.runScript(TestCaseExecutor.java:448)
	at com.kms.katalon.core.main.TestCaseExecutor.doExecute(TestCaseExecutor.java:439)
	at com.kms.katalon.core.main.TestCaseExecutor.processExecutionPhase(TestCaseExecutor.java:418)
	at com.kms.katalon.core.main.TestCaseExecutor.accessMainPhase(TestCaseExecutor.java:410)
	at com.kms.katalon.core.main.TestCaseExecutor.execute(TestCaseExecutor.java:285)
	at com.kms.katalon.core.common.CommonExecutor.accessTestCaseMainPhase(CommonExecutor.java:65)
	at com.kms.katalon.core.main.TestSuiteExecutor.accessTestSuiteMainPhase(TestSuiteExecutor.java:148)
	at com.kms.katalon.core.main.TestSuiteExecutor.execute(TestSuiteExecutor.java:106)
	at com.kms.katalon.core.main.TestCaseMain.startTestSuite(TestCaseMain.java:187)
	at com.kms.katalon.core.main.TestCaseMain$startTestSuite$0.call(Unknown Source)
	at TempTestSuite1716323070945.run(TempTestSuite1716323070945.groovy:35)
Caused by: org.openqa.selenium.NoSuchElementException: Cannot locate element with text: Cédula de Ciudadanía
For documentation on this error, please visit: https://www.seleniumhq.org/exceptions/no_such_element.html
Build info: version: '3.141.59', revision: 'e82be7d358', time: '2018-11-14T08:25:53'
System info: host: 'PCPRUEBAS101', ip: '192.168.91.13', os.name: 'Windows 10', os.arch: 'amd64', os.version: '10.0', java.version: '1.8.0_282'
Driver info: driver.version: unknown
	at org.openqa.selenium.support.ui.Select.selectByVisibleText(Select.java:147)
	at com.kms.katalon.core.webui.common.WebUiCommonHelper.selectOrDeselectOptionsByLabel(WebUiCommonHelper.java:310)
	at com.kms.katalon.core.webui.keyword.builtin.SelectOptionByLabelKeyword$_selectOptionByLabel_closure1.doCall(SelectOptionByLabelKeyword.groovy:87)
	at com.kms.katalon.core.webui.keyword.builtin.SelectOptionByLabelKeyword$_selectOptionByLabel_closure1.call(SelectOptionByLabelKeyword.groovy)
	at com.kms.katalon.core.webui.keyword.internal.WebUIKeywordMain.runKeyword(WebUIKeywordMain.groovy:20)
	at com.kms.katalon.core.webui.keyword.builtin.SelectOptionByLabelKeyword.selectOptionByLabel(SelectOptionByLabelKeyword.groovy:98)
	at com.kms.katalon.core.webui.keyword.builtin.SelectOptionByLabelKeyword.execute(SelectOptionByLabelKeyword.groovy:71)
	at com.kms.katalon.core.keyword.internal.KeywordExecutor.executeKeywordForPlatform(KeywordExecutor.groovy:74)
	at com.kms.katalon.core.webui.keyword.WebUiBuiltInKeywords.selectOptionByLabel(WebUiBuiltInKeywords.groovy:1230)
	at com.kms.katalon.core.webui.keyword.WebUiBuiltInKeywords$selectOptionByLabel$6.call(Unknown Source)
	at Script1705521023079.run(Script1705521023079.groovy:43)
	... 13 more
)
[[ATTACHMENT|C:\\CIEL INGENIERIA\\Katalon\\AgendamientoADM\\Reports\\20240521_152353\\1 Configuracion\\5 Clientes\\1 Maestro Clientes\\20240521_152430\\1716328041860.png]]

2024-05-21 16:47:21 - [TEST_STEP][PASSED] - Start listener action : sampleAfterTestCase: null]]></system-out>
         <system-err><![CDATA[2024-05-21 16:46:54 - [TEST_CASE][FAILED] - Test Cases/Configuracion/5 Clientes/1 Maestro Clientes/R194 g: Test Cases/Configuracion/5 Clientes/1 Maestro Clientes/R194 g FAILED.
Reason:
com.kms.katalon.core.exception.StepFailedException: Unable to select option by label 'Cédula de Ciudadanía' of object 'Object Repository/ADM/1Configuracion/5Clientes/1Maestro de Clientes/Datos Cliente/select_Tipo Identificacion' 
	at com.kms.katalon.core.webui.keyword.internal.WebUIKeywordMain.stepFailed(WebUIKeywordMain.groovy:64)
	at com.kms.katalon.core.webui.keyword.internal.WebUIKeywordMain.runKeyword(WebUIKeywordMain.groovy:26)
	at com.kms.katalon.core.webui.keyword.builtin.SelectOptionByLabelKeyword.selectOptionByLabel(SelectOptionByLabelKeyword.groovy:98)
	at com.kms.katalon.core.webui.keyword.builtin.SelectOptionByLabelKeyword.execute(SelectOptionByLabelKeyword.groovy:71)
	at com.kms.katalon.core.keyword.internal.KeywordExecutor.executeKeywordForPlatform(KeywordExecutor.groovy:74)
	at com.kms.katalon.core.webui.keyword.WebUiBuiltInKeywords.selectOptionByLabel(WebUiBuiltInKeywords.groovy:1230)
	at com.kms.katalon.core.webui.keyword.WebUiBuiltInKeywords$selectOptionByLabel$6.call(Unknown Source)
	at R194 g.run(R194 g:43)
	at com.kms.katalon.core.main.ScriptEngine.run(ScriptEngine.java:194)
	at com.kms.katalon.core.main.ScriptEngine.runScriptAsRawText(ScriptEngine.java:119)
	at com.kms.katalon.core.main.TestCaseExecutor.runScript(TestCaseExecutor.java:448)
	at com.kms.katalon.core.main.TestCaseExecutor.doExecute(TestCaseExecutor.java:439)
	at com.kms.katalon.core.main.TestCaseExecutor.processExecutionPhase(TestCaseExecutor.java:418)
	at com.kms.katalon.core.main.TestCaseExecutor.accessMainPhase(TestCaseExecutor.java:410)
	at com.kms.katalon.core.main.TestCaseExecutor.execute(TestCaseExecutor.java:285)
	at com.kms.katalon.core.common.CommonExecutor.accessTestCaseMainPhase(CommonExecutor.java:65)
	at com.kms.katalon.core.main.TestSuiteExecutor.accessTestSuiteMainPhase(TestSuiteExecutor.java:148)
	at com.kms.katalon.core.main.TestSuiteExecutor.execute(TestSuiteExecutor.java:106)
	at com.kms.katalon.core.main.TestCaseMain.startTestSuite(TestCaseMain.java:187)
	at com.kms.katalon.core.main.TestCaseMain$startTestSuite$0.call(Unknown Source)
	at TempTestSuite1716323070945.run(TempTestSuite1716323070945.groovy:35)
Caused by: org.openqa.selenium.NoSuchElementException: Cannot locate element with text: Cédula de Ciudadanía
For documentation on this error, please visit: https://www.seleniumhq.org/exceptions/no_such_element.html
Build info: version: '3.141.59', revision: 'e82be7d358', time: '2018-11-14T08:25:53'
System info: host: 'PCPRUEBAS101', ip: '192.168.91.13', os.name: 'Windows 10', os.arch: 'amd64', os.version: '10.0', java.version: '1.8.0_282'
Driver info: driver.version: unknown
	at org.openqa.selenium.support.ui.Select.selectByVisibleText(Select.java:147)
	at com.kms.katalon.core.webui.common.WebUiCommonHelper.selectOrDeselectOptionsByLabel(WebUiCommonHelper.java:310)
	at com.kms.katalon.core.webui.keyword.builtin.SelectOptionByLabelKeyword$_selectOptionByLabel_closure1.doCall(SelectOptionByLabelKeyword.groovy:87)
	at com.kms.katalon.core.webui.keyword.builtin.SelectOptionByLabelKeyword$_selectOptionByLabel_closure1.call(SelectOptionByLabelKeyword.groovy)
	at com.kms.katalon.core.webui.keyword.internal.WebUIKeywordMain.runKeyword(WebUIKeywordMain.groovy:20)
	... 19 more]]></system-err>
      </testcase>
      <testcase name="Test Cases/Configuracion/5 Clientes/1 Maestro Clientes/R194 h" time="27.355" classname="Test Cases/Configuracion/5 Clientes/1 Maestro Clientes/R194 h" status="FAILED">
         <failure type="FAILED" message="Test Cases/Configuracion/5 Clientes/1 Maestro Clientes/R194 h FAILED.
Reason:
com.kms.katalon.core.exception.StepFailedException: Unable to select option by label 'Cédula de Ciudadanía' of object 'Object Repository/ADM/1Configuracion/5Clientes/1Maestro de Clientes/Datos Cliente/select_Tipo Identificacion' 
	at com.kms.katalon.core.webui.keyword.internal.WebUIKeywordMain.stepFailed(WebUIKeywordMain.groovy:64)
	at com.kms.katalon.core.webui.keyword.internal.WebUIKeywordMain.runKeyword(WebUIKeywordMain.groovy:26)
	at com.kms.katalon.core.webui.keyword.builtin.SelectOptionByLabelKeyword.selectOptionByLabel(SelectOptionByLabelKeyword.groovy:98)
	at com.kms.katalon.core.webui.keyword.builtin.SelectOptionByLabelKeyword.execute(SelectOptionByLabelKeyword.groovy:71)
	at com.kms.katalon.core.keyword.internal.KeywordExecutor.executeKeywordForPlatform(KeywordExecutor.groovy:74)
	at com.kms.katalon.core.webui.keyword.WebUiBuiltInKeywords.selectOptionByLabel(WebUiBuiltInKeywords.groovy:1230)
	at com.kms.katalon.core.webui.keyword.WebUiBuiltInKeywords$selectOptionByLabel$6.call(Unknown Source)
	at R194 h.run(R194 h:43)
	at com.kms.katalon.core.main.ScriptEngine.run(ScriptEngine.java:194)
	at com.kms.katalon.core.main.ScriptEngine.runScriptAsRawText(ScriptEngine.java:119)
	at com.kms.katalon.core.main.TestCaseExecutor.runScript(TestCaseExecutor.java:448)
	at com.kms.katalon.core.main.TestCaseExecutor.doExecute(TestCaseExecutor.java:439)
	at com.kms.katalon.core.main.TestCaseExecutor.processExecutionPhase(TestCaseExecutor.java:418)
	at com.kms.katalon.core.main.TestCaseExecutor.accessMainPhase(TestCaseExecutor.java:410)
	at com.kms.katalon.core.main.TestCaseExecutor.execute(TestCaseExecutor.java:285)
	at com.kms.katalon.core.common.CommonExecutor.accessTestCaseMainPhase(CommonExecutor.java:65)
	at com.kms.katalon.core.main.TestSuiteExecutor.accessTestSuiteMainPhase(TestSuiteExecutor.java:148)
	at com.kms.katalon.core.main.TestSuiteExecutor.execute(TestSuiteExecutor.java:106)
	at com.kms.katalon.core.main.TestCaseMain.startTestSuite(TestCaseMain.java:187)
	at com.kms.katalon.core.main.TestCaseMain$startTestSuite$0.call(Unknown Source)
	at TempTestSuite1716323070945.run(TempTestSuite1716323070945.groovy:35)
Caused by: org.openqa.selenium.NoSuchElementException: Cannot locate element with text: Cédula de Ciudadanía
For documentation on this error, please visit: https://www.seleniumhq.org/exceptions/no_such_element.html
Build info: version: '3.141.59', revision: 'e82be7d358', time: '2018-11-14T08:25:53'
System info: host: 'PCPRUEBAS101', ip: '192.168.91.13', os.name: 'Windows 10', os.arch: 'amd64', os.version: '10.0', java.version: '1.8.0_282'
Driver info: driver.version: unknown
	at org.openqa.selenium.support.ui.Select.selectByVisibleText(Select.java:147)
	at com.kms.katalon.core.webui.common.WebUiCommonHelper.selectOrDeselectOptionsByLabel(WebUiCommonHelper.java:310)
	at com.kms.katalon.core.webui.keyword.builtin.SelectOptionByLabelKeyword$_selectOptionByLabel_closure1.doCall(SelectOptionByLabelKeyword.groovy:87)
	at com.kms.katalon.core.webui.keyword.builtin.SelectOptionByLabelKeyword$_selectOptionByLabel_closure1.call(SelectOptionByLabelKeyword.groovy)
	at com.kms.katalon.core.webui.keyword.internal.WebUIKeywordMain.runKeyword(WebUIKeywordMain.groovy:20)
	... 19 more
"/>
         <system-out><![CDATA[2024-05-21 16:47:21 - [TEST_CASE][FAILED] - Test Cases/Configuracion/5 Clientes/1 Maestro Clientes/R194 h: Test Cases/Configuracion/5 Clientes/1 Maestro Clientes/R194 h FAILED.
Reason:
com.kms.katalon.core.exception.StepFailedException: Unable to select option by label 'Cédula de Ciudadanía' of object 'Object Repository/ADM/1Configuracion/5Clientes/1Maestro de Clientes/Datos Cliente/select_Tipo Identificacion' 
	at com.kms.katalon.core.webui.keyword.internal.WebUIKeywordMain.stepFailed(WebUIKeywordMain.groovy:64)
	at com.kms.katalon.core.webui.keyword.internal.WebUIKeywordMain.runKeyword(WebUIKeywordMain.groovy:26)
	at com.kms.katalon.core.webui.keyword.builtin.SelectOptionByLabelKeyword.selectOptionByLabel(SelectOptionByLabelKeyword.groovy:98)
	at com.kms.katalon.core.webui.keyword.builtin.SelectOptionByLabelKeyword.execute(SelectOptionByLabelKeyword.groovy:71)
	at com.kms.katalon.core.keyword.internal.KeywordExecutor.executeKeywordForPlatform(KeywordExecutor.groovy:74)
	at com.kms.katalon.core.webui.keyword.WebUiBuiltInKeywords.selectOptionByLabel(WebUiBuiltInKeywords.groovy:1230)
	at com.kms.katalon.core.webui.keyword.WebUiBuiltInKeywords$selectOptionByLabel$6.call(Unknown Source)
	at R194 h.run(R194 h:43)
	at com.kms.katalon.core.main.ScriptEngine.run(ScriptEngine.java:194)
	at com.kms.katalon.core.main.ScriptEngine.runScriptAsRawText(ScriptEngine.java:119)
	at com.kms.katalon.core.main.TestCaseExecutor.runScript(TestCaseExecutor.java:448)
	at com.kms.katalon.core.main.TestCaseExecutor.doExecute(TestCaseExecutor.java:439)
	at com.kms.katalon.core.main.TestCaseExecutor.processExecutionPhase(TestCaseExecutor.java:418)
	at com.kms.katalon.core.main.TestCaseExecutor.accessMainPhase(TestCaseExecutor.java:410)
	at com.kms.katalon.core.main.TestCaseExecutor.execute(TestCaseExecutor.java:285)
	at com.kms.katalon.core.common.CommonExecutor.accessTestCaseMainPhase(CommonExecutor.java:65)
	at com.kms.katalon.core.main.TestSuiteExecutor.accessTestSuiteMainPhase(TestSuiteExecutor.java:148)
	at com.kms.katalon.core.main.TestSuiteExecutor.execute(TestSuiteExecutor.java:106)
	at com.kms.katalon.core.main.TestCaseMain.startTestSuite(TestCaseMain.java:187)
	at com.kms.katalon.core.main.TestCaseMain$startTestSuite$0.call(Unknown Source)
	at TempTestSuite1716323070945.run(TempTestSuite1716323070945.groovy:35)
Caused by: org.openqa.selenium.NoSuchElementException: Cannot locate element with text: Cédula de Ciudadanía
For documentation on this error, please visit: https://www.seleniumhq.org/exceptions/no_such_element.html
Build info: version: '3.141.59', revision: 'e82be7d358', time: '2018-11-14T08:25:53'
System info: host: 'PCPRUEBAS101', ip: '192.168.91.13', os.name: 'Windows 10', os.arch: 'amd64', os.version: '10.0', java.version: '1.8.0_282'
Driver info: driver.version: unknown
	at org.openqa.selenium.support.ui.Select.selectByVisibleText(Select.java:147)
	at com.kms.katalon.core.webui.common.WebUiCommonHelper.selectOrDeselectOptionsByLabel(WebUiCommonHelper.java:310)
	at com.kms.katalon.core.webui.keyword.builtin.SelectOptionByLabelKeyword$_selectOptionByLabel_closure1.doCall(SelectOptionByLabelKeyword.groovy:87)
	at com.kms.katalon.core.webui.keyword.builtin.SelectOptionByLabelKeyword$_selectOptionByLabel_closure1.call(SelectOptionByLabelKeyword.groovy)
	at com.kms.katalon.core.webui.keyword.internal.WebUIKeywordMain.runKeyword(WebUIKeywordMain.groovy:20)
	... 19 more


2024-05-21 16:47:22 - [TEST_STEP][PASSED] - callTestCase(findTestCase("0InicioSesion"), [:], STOP_ON_FAILURE): Call Test Case 'Test Cases/0InicioSesion' successfully

2024-05-21 16:47:22 - [TEST_CASE][PASSED] - Test Cases/0InicioSesion: Test Cases/0InicioSesion

2024-05-21 16:47:22 - [TEST_STEP][PASSED] - openBrowser(Url): Browser is opened with url: 'https://pcpruebas101.ciel.cielingenieria.com:8815/'

2024-05-21 16:47:22 - [MESSAGE][WARNING] - A browser is already opened. Closing browser and opening a new one

2024-05-21 16:47:23 - [MESSAGE][INFO] - Starting 'Chrome' driver

2024-05-21 16:47:23 - [MESSAGE][INFO] - Action delay is set to 0 milliseconds

2024-05-21 16:47:25 - [MESSAGE][PASSED] - Browser is opened with url: 'https://pcpruebas101.ciel.cielingenieria.com:8815/'

2024-05-21 16:47:25 - [TEST_STEP][PASSED] - maximizeWindow(): Current window maximized

2024-05-21 16:47:25 - [MESSAGE][PASSED] - Current window maximized

2024-05-21 16:47:25 - [TEST_STEP][PASSED] - delay(2): Delayed 2 second(s)

2024-05-21 16:47:27 - [MESSAGE][PASSED] - Delayed 2 second(s)

2024-05-21 16:47:27 - [TEST_STEP][PASSED] - setText(findTestObject("ADM/0Inicio Sesion/input_Usuario"), Usuario): Text 'Ciel' is set on object 'Object Repository/ADM/0Inicio Sesion/input_Usuario'

2024-05-21 16:47:28 - [MESSAGE][PASSED] - Text 'Ciel' is set on object 'Object Repository/ADM/0Inicio Sesion/input_Usuario'

2024-05-21 16:47:28 - [TEST_STEP][PASSED] - delay(2): Delayed 2 second(s)

2024-05-21 16:47:30 - [MESSAGE][PASSED] - Delayed 2 second(s)

2024-05-21 16:47:30 - [TEST_STEP][PASSED] - setText(findTestObject("ADM/0Inicio Sesion/input_Clave"), Clave): Text 'Digiturno5.' is set on object 'Object Repository/ADM/0Inicio Sesion/input_Clave'

2024-05-21 16:47:31 - [MESSAGE][PASSED] - Text 'Digiturno5.' is set on object 'Object Repository/ADM/0Inicio Sesion/input_Clave'

2024-05-21 16:47:31 - [TEST_STEP][PASSED] - delay(2): Delayed 2 second(s)

2024-05-21 16:47:33 - [MESSAGE][PASSED] - Delayed 2 second(s)

2024-05-21 16:47:33 - [TEST_STEP][PASSED] - click(findTestObject("ADM/0Inicio Sesion/btn_IniciarSesion")): Object: 'Object Repository/ADM/0Inicio Sesion/btn_IniciarSesion' is clicked on

2024-05-21 16:47:34 - [MESSAGE][PASSED] - Object: 'Object Repository/ADM/0Inicio Sesion/btn_IniciarSesion' is clicked on

2024-05-21 16:47:34 - [TEST_STEP][PASSED] - delay(3): Delayed 3 second(s)

2024-05-21 16:47:37 - [MESSAGE][PASSED] - Delayed 3 second(s)

2024-05-21 16:47:37 - [MESSAGE][PASSED] - Call Test Case 'Test Cases/0InicioSesion' successfully

2024-05-21 16:47:37 - [TEST_STEP][PASSED] - click(findTestObject("ADM/0Principal/a_Configuracion")): Object: 'Object Repository/ADM/0Principal/a_Configuracion' is clicked on

2024-05-21 16:47:37 - [MESSAGE][PASSED] - Object: 'Object Repository/ADM/0Principal/a_Configuracion' is clicked on

2024-05-21 16:47:37 - [TEST_STEP][PASSED] - delay(2): Delayed 2 second(s)

2024-05-21 16:47:39 - [MESSAGE][PASSED] - Delayed 2 second(s)

2024-05-21 16:47:39 - [TEST_STEP][PASSED] - click(findTestObject("ADM/1Configuracion/0Principal/a_5 Clientes")): Object: 'Object Repository/ADM/1Configuracion/0Principal/a_5 Clientes' is clicked on

2024-05-21 16:47:40 - [MESSAGE][PASSED] - Object: 'Object Repository/ADM/1Configuracion/0Principal/a_5 Clientes' is clicked on

2024-05-21 16:47:40 - [TEST_STEP][PASSED] - delay(2): Delayed 2 second(s)

2024-05-21 16:47:42 - [MESSAGE][PASSED] - Delayed 2 second(s)

2024-05-21 16:47:42 - [TEST_STEP][PASSED] - click(findTestObject("ADM/1Configuracion/5Clientes/0Principal/a_1 Maestro de clientes")): Object: 'Object Repository/ADM/1Configuracion/5Clientes/0Principal/a_1 Maestro de clientes' is clicked on

2024-05-21 16:47:42 - [MESSAGE][PASSED] - Object: 'Object Repository/ADM/1Configuracion/5Clientes/0Principal/a_1 Maestro de clientes' is clicked on

2024-05-21 16:47:42 - [TEST_STEP][PASSED] - delay(2): Delayed 2 second(s)

2024-05-21 16:47:44 - [MESSAGE][PASSED] - Delayed 2 second(s)

2024-05-21 16:47:44 - [TEST_STEP][PASSED] - click(findTestObject("ADM/1Configuracion/5Clientes/1Maestro de Clientes/0 btn_Nuevo Cliente"), STOP_ON_FAILURE): Object: 'Object Repository/ADM/1Configuracion/5Clientes/1Maestro de Clientes/0 btn_Nuevo Cliente' is clicked on

2024-05-21 16:47:45 - [MESSAGE][PASSED] - Object: 'Object Repository/ADM/1Configuracion/5Clientes/1Maestro de Clientes/0 btn_Nuevo Cliente' is clicked on

2024-05-21 16:47:45 - [TEST_STEP][PASSED] - comment("creacion normal"): creacion normal

2024-05-21 16:47:45 - [MESSAGE][INFO] - creacion normal

2024-05-21 16:47:45 - [TEST_STEP][PASSED] - takeFullPageScreenshot(): Taking screenshot successfully

2024-05-21 16:47:45 - [MESSAGE][INFO] - 0 hidden object(s)

2024-05-21 16:47:46 - [MESSAGE][PASSED] - Taking screenshot successfully
[[ATTACHMENT|C:\\CIEL INGENIERIA\\Katalon\\AgendamientoADM\\Reports\\20240521_152353\\1 Configuracion\\5 Clientes\\1 Maestro Clientes\\20240521_152430\\1716328065300.png]]

2024-05-21 16:47:46 - [TEST_STEP][PASSED] - delay(2): Delayed 2 second(s)

2024-05-21 16:47:48 - [MESSAGE][PASSED] - Delayed 2 second(s)

2024-05-21 16:47:48 - [TEST_STEP][FAILED] - selectOptionByLabel(findTestObject("ADM/1Configuracion/5Clientes/1Maestro de Clientes/Datos Cliente/select_Tipo Identificacion"), findTestData("5Clientes").getValue("Tipo Identificacion", 1), false): Unable to select option by label 'Cédula de Ciudadanía' of object 'Object Repository/ADM/1Configuracion/5Clientes/1Maestro de Clientes/Datos Cliente/select_Tipo Identificacion'  (Root cause: com.kms.katalon.core.exception.StepFailedException: Unable to select option by label 'Cédula de Ciudadanía' of object 'Object Repository/ADM/1Configuracion/5Clientes/1Maestro de Clientes/Datos Cliente/select_Tipo Identificacion' 
	at com.kms.katalon.core.webui.keyword.internal.WebUIKeywordMain.stepFailed(WebUIKeywordMain.groovy:64)
	at com.kms.katalon.core.webui.keyword.internal.WebUIKeywordMain.runKeyword(WebUIKeywordMain.groovy:26)
	at com.kms.katalon.core.webui.keyword.builtin.SelectOptionByLabelKeyword.selectOptionByLabel(SelectOptionByLabelKeyword.groovy:98)
	at com.kms.katalon.core.webui.keyword.builtin.SelectOptionByLabelKeyword.execute(SelectOptionByLabelKeyword.groovy:71)
	at com.kms.katalon.core.keyword.internal.KeywordExecutor.executeKeywordForPlatform(KeywordExecutor.groovy:74)
	at com.kms.katalon.core.webui.keyword.WebUiBuiltInKeywords.selectOptionByLabel(WebUiBuiltInKeywords.groovy:1230)
	at com.kms.katalon.core.webui.keyword.WebUiBuiltInKeywords$selectOptionByLabel$6.call(Unknown Source)
	at R194 h.run(R194 h:43)
	at com.kms.katalon.core.main.ScriptEngine.run(ScriptEngine.java:194)
	at com.kms.katalon.core.main.ScriptEngine.runScriptAsRawText(ScriptEngine.java:119)
	at com.kms.katalon.core.main.TestCaseExecutor.runScript(TestCaseExecutor.java:448)
	at com.kms.katalon.core.main.TestCaseExecutor.doExecute(TestCaseExecutor.java:439)
	at com.kms.katalon.core.main.TestCaseExecutor.processExecutionPhase(TestCaseExecutor.java:418)
	at com.kms.katalon.core.main.TestCaseExecutor.accessMainPhase(TestCaseExecutor.java:410)
	at com.kms.katalon.core.main.TestCaseExecutor.execute(TestCaseExecutor.java:285)
	at com.kms.katalon.core.common.CommonExecutor.accessTestCaseMainPhase(CommonExecutor.java:65)
	at com.kms.katalon.core.main.TestSuiteExecutor.accessTestSuiteMainPhase(TestSuiteExecutor.java:148)
	at com.kms.katalon.core.main.TestSuiteExecutor.execute(TestSuiteExecutor.java:106)
	at com.kms.katalon.core.main.TestCaseMain.startTestSuite(TestCaseMain.java:187)
	at com.kms.katalon.core.main.TestCaseMain$startTestSuite$0.call(Unknown Source)
	at TempTestSuite1716323070945.run(TempTestSuite1716323070945.groovy:35)
Caused by: org.openqa.selenium.NoSuchElementException: Cannot locate element with text: Cédula de Ciudadanía
For documentation on this error, please visit: https://www.seleniumhq.org/exceptions/no_such_element.html
Build info: version: '3.141.59', revision: 'e82be7d358', time: '2018-11-14T08:25:53'
System info: host: 'PCPRUEBAS101', ip: '192.168.91.13', os.name: 'Windows 10', os.arch: 'amd64', os.version: '10.0', java.version: '1.8.0_282'
Driver info: driver.version: unknown
	at org.openqa.selenium.support.ui.Select.selectByVisibleText(Select.java:147)
	at com.kms.katalon.core.webui.common.WebUiCommonHelper.selectOrDeselectOptionsByLabel(WebUiCommonHelper.java:310)
	at com.kms.katalon.core.webui.keyword.builtin.SelectOptionByLabelKeyword$_selectOptionByLabel_closure1.doCall(SelectOptionByLabelKeyword.groovy:87)
	at com.kms.katalon.core.webui.keyword.builtin.SelectOptionByLabelKeyword$_selectOptionByLabel_closure1.call(SelectOptionByLabelKeyword.groovy)
	at com.kms.katalon.core.webui.keyword.internal.WebUIKeywordMain.runKeyword(WebUIKeywordMain.groovy:20)
	at com.kms.katalon.core.webui.keyword.builtin.SelectOptionByLabelKeyword.selectOptionByLabel(SelectOptionByLabelKeyword.groovy:98)
	at com.kms.katalon.core.webui.keyword.builtin.SelectOptionByLabelKeyword.execute(SelectOptionByLabelKeyword.groovy:71)
	at com.kms.katalon.core.keyword.internal.KeywordExecutor.executeKeywordForPlatform(KeywordExecutor.groovy:74)
	at com.kms.katalon.core.webui.keyword.WebUiBuiltInKeywords.selectOptionByLabel(WebUiBuiltInKeywords.groovy:1230)
	at com.kms.katalon.core.webui.keyword.WebUiBuiltInKeywords$selectOptionByLabel$6.call(Unknown Source)
	at Script1705521451414.run(Script1705521451414.groovy:43)
	... 13 more
)

2024-05-21 16:47:49 - [MESSAGE][FAILED] - Unable to select option by label 'Cédula de Ciudadanía' of object 'Object Repository/ADM/1Configuracion/5Clientes/1Maestro de Clientes/Datos Cliente/select_Tipo Identificacion'  (Root cause: com.kms.katalon.core.exception.StepFailedException: Unable to select option by label 'Cédula de Ciudadanía' of object 'Object Repository/ADM/1Configuracion/5Clientes/1Maestro de Clientes/Datos Cliente/select_Tipo Identificacion' 
	at com.kms.katalon.core.webui.keyword.internal.WebUIKeywordMain.stepFailed(WebUIKeywordMain.groovy:64)
	at com.kms.katalon.core.webui.keyword.internal.WebUIKeywordMain.runKeyword(WebUIKeywordMain.groovy:26)
	at com.kms.katalon.core.webui.keyword.builtin.SelectOptionByLabelKeyword.selectOptionByLabel(SelectOptionByLabelKeyword.groovy:98)
	at com.kms.katalon.core.webui.keyword.builtin.SelectOptionByLabelKeyword.execute(SelectOptionByLabelKeyword.groovy:71)
	at com.kms.katalon.core.keyword.internal.KeywordExecutor.executeKeywordForPlatform(KeywordExecutor.groovy:74)
	at com.kms.katalon.core.webui.keyword.WebUiBuiltInKeywords.selectOptionByLabel(WebUiBuiltInKeywords.groovy:1230)
	at com.kms.katalon.core.webui.keyword.WebUiBuiltInKeywords$selectOptionByLabel$6.call(Unknown Source)
	at R194 h.run(R194 h:43)
	at com.kms.katalon.core.main.ScriptEngine.run(ScriptEngine.java:194)
	at com.kms.katalon.core.main.ScriptEngine.runScriptAsRawText(ScriptEngine.java:119)
	at com.kms.katalon.core.main.TestCaseExecutor.runScript(TestCaseExecutor.java:448)
	at com.kms.katalon.core.main.TestCaseExecutor.doExecute(TestCaseExecutor.java:439)
	at com.kms.katalon.core.main.TestCaseExecutor.processExecutionPhase(TestCaseExecutor.java:418)
	at com.kms.katalon.core.main.TestCaseExecutor.accessMainPhase(TestCaseExecutor.java:410)
	at com.kms.katalon.core.main.TestCaseExecutor.execute(TestCaseExecutor.java:285)
	at com.kms.katalon.core.common.CommonExecutor.accessTestCaseMainPhase(CommonExecutor.java:65)
	at com.kms.katalon.core.main.TestSuiteExecutor.accessTestSuiteMainPhase(TestSuiteExecutor.java:148)
	at com.kms.katalon.core.main.TestSuiteExecutor.execute(TestSuiteExecutor.java:106)
	at com.kms.katalon.core.main.TestCaseMain.startTestSuite(TestCaseMain.java:187)
	at com.kms.katalon.core.main.TestCaseMain$startTestSuite$0.call(Unknown Source)
	at TempTestSuite1716323070945.run(TempTestSuite1716323070945.groovy:35)
Caused by: org.openqa.selenium.NoSuchElementException: Cannot locate element with text: Cédula de Ciudadanía
For documentation on this error, please visit: https://www.seleniumhq.org/exceptions/no_such_element.html
Build info: version: '3.141.59', revision: 'e82be7d358', time: '2018-11-14T08:25:53'
System info: host: 'PCPRUEBAS101', ip: '192.168.91.13', os.name: 'Windows 10', os.arch: 'amd64', os.version: '10.0', java.version: '1.8.0_282'
Driver info: driver.version: unknown
	at org.openqa.selenium.support.ui.Select.selectByVisibleText(Select.java:147)
	at com.kms.katalon.core.webui.common.WebUiCommonHelper.selectOrDeselectOptionsByLabel(WebUiCommonHelper.java:310)
	at com.kms.katalon.core.webui.keyword.builtin.SelectOptionByLabelKeyword$_selectOptionByLabel_closure1.doCall(SelectOptionByLabelKeyword.groovy:87)
	at com.kms.katalon.core.webui.keyword.builtin.SelectOptionByLabelKeyword$_selectOptionByLabel_closure1.call(SelectOptionByLabelKeyword.groovy)
	at com.kms.katalon.core.webui.keyword.internal.WebUIKeywordMain.runKeyword(WebUIKeywordMain.groovy:20)
	at com.kms.katalon.core.webui.keyword.builtin.SelectOptionByLabelKeyword.selectOptionByLabel(SelectOptionByLabelKeyword.groovy:98)
	at com.kms.katalon.core.webui.keyword.builtin.SelectOptionByLabelKeyword.execute(SelectOptionByLabelKeyword.groovy:71)
	at com.kms.katalon.core.keyword.internal.KeywordExecutor.executeKeywordForPlatform(KeywordExecutor.groovy:74)
	at com.kms.katalon.core.webui.keyword.WebUiBuiltInKeywords.selectOptionByLabel(WebUiBuiltInKeywords.groovy:1230)
	at com.kms.katalon.core.webui.keyword.WebUiBuiltInKeywords$selectOptionByLabel$6.call(Unknown Source)
	at Script1705521451414.run(Script1705521451414.groovy:43)
	... 13 more
)
[[ATTACHMENT|C:\\CIEL INGENIERIA\\Katalon\\AgendamientoADM\\Reports\\20240521_152353\\1 Configuracion\\5 Clientes\\1 Maestro Clientes\\20240521_152430\\1716328069230.png]]

2024-05-21 16:47:49 - [TEST_STEP][PASSED] - Start listener action : sampleAfterTestCase: null]]></system-out>
         <system-err><![CDATA[2024-05-21 16:47:21 - [TEST_CASE][FAILED] - Test Cases/Configuracion/5 Clientes/1 Maestro Clientes/R194 h: Test Cases/Configuracion/5 Clientes/1 Maestro Clientes/R194 h FAILED.
Reason:
com.kms.katalon.core.exception.StepFailedException: Unable to select option by label 'Cédula de Ciudadanía' of object 'Object Repository/ADM/1Configuracion/5Clientes/1Maestro de Clientes/Datos Cliente/select_Tipo Identificacion' 
	at com.kms.katalon.core.webui.keyword.internal.WebUIKeywordMain.stepFailed(WebUIKeywordMain.groovy:64)
	at com.kms.katalon.core.webui.keyword.internal.WebUIKeywordMain.runKeyword(WebUIKeywordMain.groovy:26)
	at com.kms.katalon.core.webui.keyword.builtin.SelectOptionByLabelKeyword.selectOptionByLabel(SelectOptionByLabelKeyword.groovy:98)
	at com.kms.katalon.core.webui.keyword.builtin.SelectOptionByLabelKeyword.execute(SelectOptionByLabelKeyword.groovy:71)
	at com.kms.katalon.core.keyword.internal.KeywordExecutor.executeKeywordForPlatform(KeywordExecutor.groovy:74)
	at com.kms.katalon.core.webui.keyword.WebUiBuiltInKeywords.selectOptionByLabel(WebUiBuiltInKeywords.groovy:1230)
	at com.kms.katalon.core.webui.keyword.WebUiBuiltInKeywords$selectOptionByLabel$6.call(Unknown Source)
	at R194 h.run(R194 h:43)
	at com.kms.katalon.core.main.ScriptEngine.run(ScriptEngine.java:194)
	at com.kms.katalon.core.main.ScriptEngine.runScriptAsRawText(ScriptEngine.java:119)
	at com.kms.katalon.core.main.TestCaseExecutor.runScript(TestCaseExecutor.java:448)
	at com.kms.katalon.core.main.TestCaseExecutor.doExecute(TestCaseExecutor.java:439)
	at com.kms.katalon.core.main.TestCaseExecutor.processExecutionPhase(TestCaseExecutor.java:418)
	at com.kms.katalon.core.main.TestCaseExecutor.accessMainPhase(TestCaseExecutor.java:410)
	at com.kms.katalon.core.main.TestCaseExecutor.execute(TestCaseExecutor.java:285)
	at com.kms.katalon.core.common.CommonExecutor.accessTestCaseMainPhase(CommonExecutor.java:65)
	at com.kms.katalon.core.main.TestSuiteExecutor.accessTestSuiteMainPhase(TestSuiteExecutor.java:148)
	at com.kms.katalon.core.main.TestSuiteExecutor.execute(TestSuiteExecutor.java:106)
	at com.kms.katalon.core.main.TestCaseMain.startTestSuite(TestCaseMain.java:187)
	at com.kms.katalon.core.main.TestCaseMain$startTestSuite$0.call(Unknown Source)
	at TempTestSuite1716323070945.run(TempTestSuite1716323070945.groovy:35)
Caused by: org.openqa.selenium.NoSuchElementException: Cannot locate element with text: Cédula de Ciudadanía
For documentation on this error, please visit: https://www.seleniumhq.org/exceptions/no_such_element.html
Build info: version: '3.141.59', revision: 'e82be7d358', time: '2018-11-14T08:25:53'
System info: host: 'PCPRUEBAS101', ip: '192.168.91.13', os.name: 'Windows 10', os.arch: 'amd64', os.version: '10.0', java.version: '1.8.0_282'
Driver info: driver.version: unknown
	at org.openqa.selenium.support.ui.Select.selectByVisibleText(Select.java:147)
	at com.kms.katalon.core.webui.common.WebUiCommonHelper.selectOrDeselectOptionsByLabel(WebUiCommonHelper.java:310)
	at com.kms.katalon.core.webui.keyword.builtin.SelectOptionByLabelKeyword$_selectOptionByLabel_closure1.doCall(SelectOptionByLabelKeyword.groovy:87)
	at com.kms.katalon.core.webui.keyword.builtin.SelectOptionByLabelKeyword$_selectOptionByLabel_closure1.call(SelectOptionByLabelKeyword.groovy)
	at com.kms.katalon.core.webui.keyword.internal.WebUIKeywordMain.runKeyword(WebUIKeywordMain.groovy:20)
	... 19 more]]></system-err>
      </testcase>
      <testcase name="Test Cases/Configuracion/5 Clientes/1 Maestro Clientes/R194" time="34.92" classname="Test Cases/Configuracion/5 Clientes/1 Maestro Clientes/R194" status="PASSED">
         <system-out><![CDATA[2024-05-21 16:47:49 - [TEST_CASE][PASSED] - Test Cases/Configuracion/5 Clientes/1 Maestro Clientes/R194: Test Cases/Configuracion/5 Clientes/1 Maestro Clientes/R194

2024-05-21 16:47:49 - [TEST_STEP][PASSED] - callTestCase(findTestCase("0InicioSesion"), [:], STOP_ON_FAILURE): Call Test Case 'Test Cases/0InicioSesion' successfully

2024-05-21 16:47:49 - [TEST_CASE][PASSED] - Test Cases/0InicioSesion: Test Cases/0InicioSesion

2024-05-21 16:47:49 - [TEST_STEP][PASSED] - openBrowser(Url): Browser is opened with url: 'https://pcpruebas101.ciel.cielingenieria.com:8815/'

2024-05-21 16:47:49 - [MESSAGE][WARNING] - A browser is already opened. Closing browser and opening a new one

2024-05-21 16:47:50 - [MESSAGE][INFO] - Starting 'Chrome' driver

2024-05-21 16:47:50 - [MESSAGE][INFO] - Action delay is set to 0 milliseconds

2024-05-21 16:47:52 - [MESSAGE][PASSED] - Browser is opened with url: 'https://pcpruebas101.ciel.cielingenieria.com:8815/'

2024-05-21 16:47:52 - [TEST_STEP][PASSED] - maximizeWindow(): Current window maximized

2024-05-21 16:47:53 - [MESSAGE][PASSED] - Current window maximized

2024-05-21 16:47:53 - [TEST_STEP][PASSED] - delay(2): Delayed 2 second(s)

2024-05-21 16:47:55 - [MESSAGE][PASSED] - Delayed 2 second(s)

2024-05-21 16:47:55 - [TEST_STEP][PASSED] - setText(findTestObject("ADM/0Inicio Sesion/input_Usuario"), Usuario): Text 'Ciel' is set on object 'Object Repository/ADM/0Inicio Sesion/input_Usuario'

2024-05-21 16:47:56 - [MESSAGE][PASSED] - Text 'Ciel' is set on object 'Object Repository/ADM/0Inicio Sesion/input_Usuario'

2024-05-21 16:47:56 - [TEST_STEP][PASSED] - delay(2): Delayed 2 second(s)

2024-05-21 16:47:58 - [MESSAGE][PASSED] - Delayed 2 second(s)

2024-05-21 16:47:58 - [TEST_STEP][PASSED] - setText(findTestObject("ADM/0Inicio Sesion/input_Clave"), Clave): Text 'Digiturno5.' is set on object 'Object Repository/ADM/0Inicio Sesion/input_Clave'

2024-05-21 16:47:59 - [MESSAGE][PASSED] - Text 'Digiturno5.' is set on object 'Object Repository/ADM/0Inicio Sesion/input_Clave'

2024-05-21 16:47:59 - [TEST_STEP][PASSED] - delay(2): Delayed 2 second(s)

2024-05-21 16:48:01 - [MESSAGE][PASSED] - Delayed 2 second(s)

2024-05-21 16:48:01 - [TEST_STEP][PASSED] - click(findTestObject("ADM/0Inicio Sesion/btn_IniciarSesion")): Object: 'Object Repository/ADM/0Inicio Sesion/btn_IniciarSesion' is clicked on

2024-05-21 16:48:01 - [MESSAGE][PASSED] - Object: 'Object Repository/ADM/0Inicio Sesion/btn_IniciarSesion' is clicked on

2024-05-21 16:48:01 - [TEST_STEP][PASSED] - delay(3): Delayed 3 second(s)

2024-05-21 16:48:04 - [MESSAGE][PASSED] - Delayed 3 second(s)

2024-05-21 16:48:04 - [MESSAGE][PASSED] - Call Test Case 'Test Cases/0InicioSesion' successfully

2024-05-21 16:48:04 - [TEST_STEP][PASSED] - click(findTestObject("ADM/0Principal/a_Configuracion")): Object: 'Object Repository/ADM/0Principal/a_Configuracion' is clicked on

2024-05-21 16:48:05 - [MESSAGE][PASSED] - Object: 'Object Repository/ADM/0Principal/a_Configuracion' is clicked on

2024-05-21 16:48:05 - [TEST_STEP][PASSED] - delay(2): Delayed 2 second(s)

2024-05-21 16:48:07 - [MESSAGE][PASSED] - Delayed 2 second(s)

2024-05-21 16:48:07 - [TEST_STEP][PASSED] - click(findTestObject("ADM/1Configuracion/0Principal/a_5 Clientes")): Object: 'Object Repository/ADM/1Configuracion/0Principal/a_5 Clientes' is clicked on

2024-05-21 16:48:07 - [MESSAGE][PASSED] - Object: 'Object Repository/ADM/1Configuracion/0Principal/a_5 Clientes' is clicked on

2024-05-21 16:48:07 - [TEST_STEP][PASSED] - delay(2): Delayed 2 second(s)

2024-05-21 16:48:09 - [MESSAGE][PASSED] - Delayed 2 second(s)

2024-05-21 16:48:09 - [TEST_STEP][PASSED] - click(findTestObject("ADM/1Configuracion/5Clientes/0Principal/a_1 Maestro de clientes")): Object: 'Object Repository/ADM/1Configuracion/5Clientes/0Principal/a_1 Maestro de clientes' is clicked on

2024-05-21 16:48:10 - [MESSAGE][PASSED] - Object: 'Object Repository/ADM/1Configuracion/5Clientes/0Principal/a_1 Maestro de clientes' is clicked on

2024-05-21 16:48:10 - [TEST_STEP][PASSED] - delay(2): Delayed 2 second(s)

2024-05-21 16:48:12 - [MESSAGE][PASSED] - Delayed 2 second(s)

2024-05-21 16:48:12 - [TEST_STEP][PASSED] - click(findTestObject("ADM/1Configuracion/5Clientes/1Maestro de Clientes/0 btn_Nuevo Cliente"), STOP_ON_FAILURE): Object: 'Object Repository/ADM/1Configuracion/5Clientes/1Maestro de Clientes/0 btn_Nuevo Cliente' is clicked on

2024-05-21 16:48:12 - [MESSAGE][PASSED] - Object: 'Object Repository/ADM/1Configuracion/5Clientes/1Maestro de Clientes/0 btn_Nuevo Cliente' is clicked on

2024-05-21 16:48:12 - [TEST_STEP][PASSED] - takeFullPageScreenshot(): Taking screenshot successfully

2024-05-21 16:48:13 - [MESSAGE][INFO] - 0 hidden object(s)

2024-05-21 16:48:13 - [MESSAGE][PASSED] - Taking screenshot successfully
[[ATTACHMENT|C:\\CIEL INGENIERIA\\Katalon\\AgendamientoADM\\Reports\\20240521_152353\\1 Configuracion\\5 Clientes\\1 Maestro Clientes\\20240521_152430\\1716328092848.png]]

2024-05-21 16:48:13 - [TEST_STEP][PASSED] - delay(2): Delayed 2 second(s)

2024-05-21 16:48:15 - [MESSAGE][PASSED] - Delayed 2 second(s)

2024-05-21 16:48:15 - [TEST_STEP][PASSED] - setText(findTestObject("ADM/1Configuracion/5Clientes/1Maestro de Clientes/Datos Cliente/input_Identificacion"), ClienteIdentificacion): Text '12345456789' is set on object 'Object Repository/ADM/1Configuracion/5Clientes/1Maestro de Clientes/Datos Cliente/input_Identificacion'

2024-05-21 16:48:16 - [MESSAGE][PASSED] - Text '12345456789' is set on object 'Object Repository/ADM/1Configuracion/5Clientes/1Maestro de Clientes/Datos Cliente/input_Identificacion'

2024-05-21 16:48:16 - [TEST_STEP][PASSED] - setText(findTestObject("ADM/1Configuracion/5Clientes/1Maestro de Clientes/Datos Cliente/input_Nombres"), ClienteNombre): Text 'Pedro' is set on object 'Object Repository/ADM/1Configuracion/5Clientes/1Maestro de Clientes/Datos Cliente/input_Nombres'

2024-05-21 16:48:17 - [MESSAGE][PASSED] - Text 'Pedro' is set on object 'Object Repository/ADM/1Configuracion/5Clientes/1Maestro de Clientes/Datos Cliente/input_Nombres'

2024-05-21 16:48:17 - [TEST_STEP][PASSED] - setText(findTestObject("ADM/1Configuracion/5Clientes/1Maestro de Clientes/Datos Cliente/input_Apellidos"), ClienteApellido): Text 'Parada' is set on object 'Object Repository/ADM/1Configuracion/5Clientes/1Maestro de Clientes/Datos Cliente/input_Apellidos'

2024-05-21 16:48:18 - [MESSAGE][PASSED] - Text 'Parada' is set on object 'Object Repository/ADM/1Configuracion/5Clientes/1Maestro de Clientes/Datos Cliente/input_Apellidos'

2024-05-21 16:48:18 - [TEST_STEP][PASSED] - setText(findTestObject("ADM/1Configuracion/5Clientes/1Maestro de Clientes/Datos Cliente/input_Fecha Nacimiento (ddmmaaaa)"), ClienteFechaNac): Text '03/03/2000' is set on object 'Object Repository/ADM/1Configuracion/5Clientes/1Maestro de Clientes/Datos Cliente/input_Fecha Nacimiento (ddmmaaaa)'

2024-05-21 16:48:18 - [MESSAGE][PASSED] - Text '03/03/2000' is set on object 'Object Repository/ADM/1Configuracion/5Clientes/1Maestro de Clientes/Datos Cliente/input_Fecha Nacimiento (ddmmaaaa)'

2024-05-21 16:48:18 - [TEST_STEP][PASSED] - selectOptionByLabel(findTestObject("ADM/1Configuracion/5Clientes/1Maestro de Clientes/Datos Cliente/select_Genero"), "Masculino", false): All options with label 'Masculino' are selected in object 'Object Repository/ADM/1Configuracion/5Clientes/1Maestro de Clientes/Datos Cliente/select_Genero' 

2024-05-21 16:48:19 - [MESSAGE][PASSED] - All options with label 'Masculino' are selected in object 'Object Repository/ADM/1Configuracion/5Clientes/1Maestro de Clientes/Datos Cliente/select_Genero' 

2024-05-21 16:48:19 - [TEST_STEP][PASSED] - setText(findTestObject("ADM/1Configuracion/5Clientes/1Maestro de Clientes/Datos Cliente/input_Direccion"), ClienteDireccion): Text 'Carrera 50 # 154-30' is set on object 'Object Repository/ADM/1Configuracion/5Clientes/1Maestro de Clientes/Datos Cliente/input_Direccion'

2024-05-21 16:48:20 - [MESSAGE][PASSED] - Text 'Carrera 50 # 154-30' is set on object 'Object Repository/ADM/1Configuracion/5Clientes/1Maestro de Clientes/Datos Cliente/input_Direccion'

2024-05-21 16:48:20 - [TEST_STEP][PASSED] - selectOptionByLabel(findTestObject("ADM/1Configuracion/5Clientes/1Maestro de Clientes/Datos Cliente/select_Departamento"), "Cundinamarca", false): All options with label 'Cundinamarca' are selected in object 'Object Repository/ADM/1Configuracion/5Clientes/1Maestro de Clientes/Datos Cliente/select_Departamento' 

2024-05-21 16:48:21 - [MESSAGE][PASSED] - All options with label 'Cundinamarca' are selected in object 'Object Repository/ADM/1Configuracion/5Clientes/1Maestro de Clientes/Datos Cliente/select_Departamento' 

2024-05-21 16:48:21 - [TEST_STEP][PASSED] - setText(findTestObject("ADM/1Configuracion/5Clientes/1Maestro de Clientes/Datos Cliente/input_Telefono"), ClienteTelefono): Text '6011234567' is set on object 'Object Repository/ADM/1Configuracion/5Clientes/1Maestro de Clientes/Datos Cliente/input_Telefono'

2024-05-21 16:48:22 - [MESSAGE][PASSED] - Text '6011234567' is set on object 'Object Repository/ADM/1Configuracion/5Clientes/1Maestro de Clientes/Datos Cliente/input_Telefono'

2024-05-21 16:48:22 - [TEST_STEP][PASSED] - setText(findTestObject("ADM/1Configuracion/5Clientes/1Maestro de Clientes/Datos Cliente/input_Celular"), ClienteCelular): Text '3194159302' is set on object 'Object Repository/ADM/1Configuracion/5Clientes/1Maestro de Clientes/Datos Cliente/input_Celular'

2024-05-21 16:48:23 - [MESSAGE][PASSED] - Text '3194159302' is set on object 'Object Repository/ADM/1Configuracion/5Clientes/1Maestro de Clientes/Datos Cliente/input_Celular'

2024-05-21 16:48:23 - [TEST_STEP][PASSED] - setText(findTestObject("ADM/1Configuracion/5Clientes/1Maestro de Clientes/Datos Cliente/input_Correo Electronico"), ClienteCelular): Text '3194159302' is set on object 'Object Repository/ADM/1Configuracion/5Clientes/1Maestro de Clientes/Datos Cliente/input_Correo Electronico'

2024-05-21 16:48:24 - [MESSAGE][PASSED] - Text '3194159302' is set on object 'Object Repository/ADM/1Configuracion/5Clientes/1Maestro de Clientes/Datos Cliente/input_Correo Electronico'

2024-05-21 16:48:24 - [TEST_STEP][PASSED] - Start listener action : sampleAfterTestCase: null]]></system-out>
         <system-err><![CDATA[]]></system-err>
      </testcase>
      <testcase name="Test Cases/Configuracion/5 Clientes/1 Maestro Clientes/R195" time="27.185" classname="Test Cases/Configuracion/5 Clientes/1 Maestro Clientes/R195" status="FAILED">
         <failure type="FAILED" message="Test Cases/Configuracion/5 Clientes/1 Maestro Clientes/R195 FAILED.
Reason:
com.kms.katalon.core.exception.StepFailedException: Unable to select option by label 'Cédula de Ciudadanía' of object 'Object Repository/ADM/1Configuracion/5Clientes/1Maestro de Clientes/Datos Cliente/select_Tipo Identificacion' 
	at com.kms.katalon.core.webui.keyword.internal.WebUIKeywordMain.stepFailed(WebUIKeywordMain.groovy:64)
	at com.kms.katalon.core.webui.keyword.internal.WebUIKeywordMain.runKeyword(WebUIKeywordMain.groovy:26)
	at com.kms.katalon.core.webui.keyword.builtin.SelectOptionByLabelKeyword.selectOptionByLabel(SelectOptionByLabelKeyword.groovy:98)
	at com.kms.katalon.core.webui.keyword.builtin.SelectOptionByLabelKeyword.execute(SelectOptionByLabelKeyword.groovy:71)
	at com.kms.katalon.core.keyword.internal.KeywordExecutor.executeKeywordForPlatform(KeywordExecutor.groovy:74)
	at com.kms.katalon.core.webui.keyword.WebUiBuiltInKeywords.selectOptionByLabel(WebUiBuiltInKeywords.groovy:1230)
	at com.kms.katalon.core.webui.keyword.WebUiBuiltInKeywords$selectOptionByLabel$6.call(Unknown Source)
	at R195.run(R195:43)
	at com.kms.katalon.core.main.ScriptEngine.run(ScriptEngine.java:194)
	at com.kms.katalon.core.main.ScriptEngine.runScriptAsRawText(ScriptEngine.java:119)
	at com.kms.katalon.core.main.TestCaseExecutor.runScript(TestCaseExecutor.java:448)
	at com.kms.katalon.core.main.TestCaseExecutor.doExecute(TestCaseExecutor.java:439)
	at com.kms.katalon.core.main.TestCaseExecutor.processExecutionPhase(TestCaseExecutor.java:418)
	at com.kms.katalon.core.main.TestCaseExecutor.accessMainPhase(TestCaseExecutor.java:410)
	at com.kms.katalon.core.main.TestCaseExecutor.execute(TestCaseExecutor.java:285)
	at com.kms.katalon.core.common.CommonExecutor.accessTestCaseMainPhase(CommonExecutor.java:65)
	at com.kms.katalon.core.main.TestSuiteExecutor.accessTestSuiteMainPhase(TestSuiteExecutor.java:148)
	at com.kms.katalon.core.main.TestSuiteExecutor.execute(TestSuiteExecutor.java:106)
	at com.kms.katalon.core.main.TestCaseMain.startTestSuite(TestCaseMain.java:187)
	at com.kms.katalon.core.main.TestCaseMain$startTestSuite$0.call(Unknown Source)
	at TempTestSuite1716323070945.run(TempTestSuite1716323070945.groovy:35)
Caused by: org.openqa.selenium.NoSuchElementException: Cannot locate element with text: Cédula de Ciudadanía
For documentation on this error, please visit: https://www.seleniumhq.org/exceptions/no_such_element.html
Build info: version: '3.141.59', revision: 'e82be7d358', time: '2018-11-14T08:25:53'
System info: host: 'PCPRUEBAS101', ip: '192.168.91.13', os.name: 'Windows 10', os.arch: 'amd64', os.version: '10.0', java.version: '1.8.0_282'
Driver info: driver.version: unknown
	at org.openqa.selenium.support.ui.Select.selectByVisibleText(Select.java:147)
	at com.kms.katalon.core.webui.common.WebUiCommonHelper.selectOrDeselectOptionsByLabel(WebUiCommonHelper.java:310)
	at com.kms.katalon.core.webui.keyword.builtin.SelectOptionByLabelKeyword$_selectOptionByLabel_closure1.doCall(SelectOptionByLabelKeyword.groovy:87)
	at com.kms.katalon.core.webui.keyword.builtin.SelectOptionByLabelKeyword$_selectOptionByLabel_closure1.call(SelectOptionByLabelKeyword.groovy)
	at com.kms.katalon.core.webui.keyword.internal.WebUIKeywordMain.runKeyword(WebUIKeywordMain.groovy:20)
	... 19 more
"/>
         <system-out><![CDATA[2024-05-21 16:48:24 - [TEST_CASE][FAILED] - Test Cases/Configuracion/5 Clientes/1 Maestro Clientes/R195: Test Cases/Configuracion/5 Clientes/1 Maestro Clientes/R195 FAILED.
Reason:
com.kms.katalon.core.exception.StepFailedException: Unable to select option by label 'Cédula de Ciudadanía' of object 'Object Repository/ADM/1Configuracion/5Clientes/1Maestro de Clientes/Datos Cliente/select_Tipo Identificacion' 
	at com.kms.katalon.core.webui.keyword.internal.WebUIKeywordMain.stepFailed(WebUIKeywordMain.groovy:64)
	at com.kms.katalon.core.webui.keyword.internal.WebUIKeywordMain.runKeyword(WebUIKeywordMain.groovy:26)
	at com.kms.katalon.core.webui.keyword.builtin.SelectOptionByLabelKeyword.selectOptionByLabel(SelectOptionByLabelKeyword.groovy:98)
	at com.kms.katalon.core.webui.keyword.builtin.SelectOptionByLabelKeyword.execute(SelectOptionByLabelKeyword.groovy:71)
	at com.kms.katalon.core.keyword.internal.KeywordExecutor.executeKeywordForPlatform(KeywordExecutor.groovy:74)
	at com.kms.katalon.core.webui.keyword.WebUiBuiltInKeywords.selectOptionByLabel(WebUiBuiltInKeywords.groovy:1230)
	at com.kms.katalon.core.webui.keyword.WebUiBuiltInKeywords$selectOptionByLabel$6.call(Unknown Source)
	at R195.run(R195:43)
	at com.kms.katalon.core.main.ScriptEngine.run(ScriptEngine.java:194)
	at com.kms.katalon.core.main.ScriptEngine.runScriptAsRawText(ScriptEngine.java:119)
	at com.kms.katalon.core.main.TestCaseExecutor.runScript(TestCaseExecutor.java:448)
	at com.kms.katalon.core.main.TestCaseExecutor.doExecute(TestCaseExecutor.java:439)
	at com.kms.katalon.core.main.TestCaseExecutor.processExecutionPhase(TestCaseExecutor.java:418)
	at com.kms.katalon.core.main.TestCaseExecutor.accessMainPhase(TestCaseExecutor.java:410)
	at com.kms.katalon.core.main.TestCaseExecutor.execute(TestCaseExecutor.java:285)
	at com.kms.katalon.core.common.CommonExecutor.accessTestCaseMainPhase(CommonExecutor.java:65)
	at com.kms.katalon.core.main.TestSuiteExecutor.accessTestSuiteMainPhase(TestSuiteExecutor.java:148)
	at com.kms.katalon.core.main.TestSuiteExecutor.execute(TestSuiteExecutor.java:106)
	at com.kms.katalon.core.main.TestCaseMain.startTestSuite(TestCaseMain.java:187)
	at com.kms.katalon.core.main.TestCaseMain$startTestSuite$0.call(Unknown Source)
	at TempTestSuite1716323070945.run(TempTestSuite1716323070945.groovy:35)
Caused by: org.openqa.selenium.NoSuchElementException: Cannot locate element with text: Cédula de Ciudadanía
For documentation on this error, please visit: https://www.seleniumhq.org/exceptions/no_such_element.html
Build info: version: '3.141.59', revision: 'e82be7d358', time: '2018-11-14T08:25:53'
System info: host: 'PCPRUEBAS101', ip: '192.168.91.13', os.name: 'Windows 10', os.arch: 'amd64', os.version: '10.0', java.version: '1.8.0_282'
Driver info: driver.version: unknown
	at org.openqa.selenium.support.ui.Select.selectByVisibleText(Select.java:147)
	at com.kms.katalon.core.webui.common.WebUiCommonHelper.selectOrDeselectOptionsByLabel(WebUiCommonHelper.java:310)
	at com.kms.katalon.core.webui.keyword.builtin.SelectOptionByLabelKeyword$_selectOptionByLabel_closure1.doCall(SelectOptionByLabelKeyword.groovy:87)
	at com.kms.katalon.core.webui.keyword.builtin.SelectOptionByLabelKeyword$_selectOptionByLabel_closure1.call(SelectOptionByLabelKeyword.groovy)
	at com.kms.katalon.core.webui.keyword.internal.WebUIKeywordMain.runKeyword(WebUIKeywordMain.groovy:20)
	... 19 more


2024-05-21 16:48:24 - [TEST_STEP][PASSED] - callTestCase(findTestCase("0InicioSesion"), [:], STOP_ON_FAILURE): Call Test Case 'Test Cases/0InicioSesion' successfully

2024-05-21 16:48:24 - [TEST_CASE][PASSED] - Test Cases/0InicioSesion: Test Cases/0InicioSesion

2024-05-21 16:48:24 - [TEST_STEP][PASSED] - openBrowser(Url): Browser is opened with url: 'https://pcpruebas101.ciel.cielingenieria.com:8815/'

2024-05-21 16:48:24 - [MESSAGE][WARNING] - A browser is already opened. Closing browser and opening a new one

2024-05-21 16:48:25 - [MESSAGE][INFO] - Starting 'Chrome' driver

2024-05-21 16:48:25 - [MESSAGE][INFO] - Action delay is set to 0 milliseconds

2024-05-21 16:48:27 - [MESSAGE][PASSED] - Browser is opened with url: 'https://pcpruebas101.ciel.cielingenieria.com:8815/'

2024-05-21 16:48:27 - [TEST_STEP][PASSED] - maximizeWindow(): Current window maximized

2024-05-21 16:48:27 - [MESSAGE][PASSED] - Current window maximized

2024-05-21 16:48:27 - [TEST_STEP][PASSED] - delay(2): Delayed 2 second(s)

2024-05-21 16:48:29 - [MESSAGE][PASSED] - Delayed 2 second(s)

2024-05-21 16:48:29 - [TEST_STEP][PASSED] - setText(findTestObject("ADM/0Inicio Sesion/input_Usuario"), Usuario): Text 'Ciel' is set on object 'Object Repository/ADM/0Inicio Sesion/input_Usuario'

2024-05-21 16:48:30 - [MESSAGE][PASSED] - Text 'Ciel' is set on object 'Object Repository/ADM/0Inicio Sesion/input_Usuario'

2024-05-21 16:48:30 - [TEST_STEP][PASSED] - delay(2): Delayed 2 second(s)

2024-05-21 16:48:32 - [MESSAGE][PASSED] - Delayed 2 second(s)

2024-05-21 16:48:32 - [TEST_STEP][PASSED] - setText(findTestObject("ADM/0Inicio Sesion/input_Clave"), Clave): Text 'Digiturno5.' is set on object 'Object Repository/ADM/0Inicio Sesion/input_Clave'

2024-05-21 16:48:33 - [MESSAGE][PASSED] - Text 'Digiturno5.' is set on object 'Object Repository/ADM/0Inicio Sesion/input_Clave'

2024-05-21 16:48:33 - [TEST_STEP][PASSED] - delay(2): Delayed 2 second(s)

2024-05-21 16:48:35 - [MESSAGE][PASSED] - Delayed 2 second(s)

2024-05-21 16:48:35 - [TEST_STEP][PASSED] - click(findTestObject("ADM/0Inicio Sesion/btn_IniciarSesion")): Object: 'Object Repository/ADM/0Inicio Sesion/btn_IniciarSesion' is clicked on

2024-05-21 16:48:36 - [MESSAGE][PASSED] - Object: 'Object Repository/ADM/0Inicio Sesion/btn_IniciarSesion' is clicked on

2024-05-21 16:48:36 - [TEST_STEP][PASSED] - delay(3): Delayed 3 second(s)

2024-05-21 16:48:39 - [MESSAGE][PASSED] - Delayed 3 second(s)

2024-05-21 16:48:39 - [MESSAGE][PASSED] - Call Test Case 'Test Cases/0InicioSesion' successfully

2024-05-21 16:48:39 - [TEST_STEP][PASSED] - click(findTestObject("ADM/0Principal/a_Configuracion")): Object: 'Object Repository/ADM/0Principal/a_Configuracion' is clicked on

2024-05-21 16:48:39 - [MESSAGE][PASSED] - Object: 'Object Repository/ADM/0Principal/a_Configuracion' is clicked on

2024-05-21 16:48:39 - [TEST_STEP][PASSED] - delay(2): Delayed 2 second(s)

2024-05-21 16:48:41 - [MESSAGE][PASSED] - Delayed 2 second(s)

2024-05-21 16:48:41 - [TEST_STEP][PASSED] - click(findTestObject("ADM/1Configuracion/0Principal/a_5 Clientes")): Object: 'Object Repository/ADM/1Configuracion/0Principal/a_5 Clientes' is clicked on

2024-05-21 16:48:42 - [MESSAGE][PASSED] - Object: 'Object Repository/ADM/1Configuracion/0Principal/a_5 Clientes' is clicked on

2024-05-21 16:48:42 - [TEST_STEP][PASSED] - delay(2): Delayed 2 second(s)

2024-05-21 16:48:44 - [MESSAGE][PASSED] - Delayed 2 second(s)

2024-05-21 16:48:44 - [TEST_STEP][PASSED] - click(findTestObject("ADM/1Configuracion/5Clientes/0Principal/a_1 Maestro de clientes")): Object: 'Object Repository/ADM/1Configuracion/5Clientes/0Principal/a_1 Maestro de clientes' is clicked on

2024-05-21 16:48:44 - [MESSAGE][PASSED] - Object: 'Object Repository/ADM/1Configuracion/5Clientes/0Principal/a_1 Maestro de clientes' is clicked on

2024-05-21 16:48:44 - [TEST_STEP][PASSED] - delay(2): Delayed 2 second(s)

2024-05-21 16:48:46 - [MESSAGE][PASSED] - Delayed 2 second(s)

2024-05-21 16:48:46 - [TEST_STEP][PASSED] - click(findTestObject("ADM/1Configuracion/5Clientes/1Maestro de Clientes/0 btn_Nuevo Cliente"), STOP_ON_FAILURE): Object: 'Object Repository/ADM/1Configuracion/5Clientes/1Maestro de Clientes/0 btn_Nuevo Cliente' is clicked on

2024-05-21 16:48:47 - [MESSAGE][PASSED] - Object: 'Object Repository/ADM/1Configuracion/5Clientes/1Maestro de Clientes/0 btn_Nuevo Cliente' is clicked on

2024-05-21 16:48:47 - [TEST_STEP][PASSED] - comment("Boton Cancelar"): Boton Cancelar

2024-05-21 16:48:47 - [MESSAGE][INFO] - Boton Cancelar

2024-05-21 16:48:47 - [TEST_STEP][PASSED] - takeFullPageScreenshot(): Taking screenshot successfully

2024-05-21 16:48:48 - [MESSAGE][INFO] - 0 hidden object(s)

2024-05-21 16:48:48 - [MESSAGE][PASSED] - Taking screenshot successfully
[[ATTACHMENT|C:\\CIEL INGENIERIA\\Katalon\\AgendamientoADM\\Reports\\20240521_152353\\1 Configuracion\\5 Clientes\\1 Maestro Clientes\\20240521_152430\\1716328127385.png]]

2024-05-21 16:48:48 - [TEST_STEP][PASSED] - delay(2): Delayed 2 second(s)

2024-05-21 16:48:50 - [MESSAGE][PASSED] - Delayed 2 second(s)

2024-05-21 16:48:50 - [TEST_STEP][FAILED] - selectOptionByLabel(findTestObject("ADM/1Configuracion/5Clientes/1Maestro de Clientes/Datos Cliente/select_Tipo Identificacion"), findTestData("5Clientes").getValue("Tipo Identificacion", 1), false): Unable to select option by label 'Cédula de Ciudadanía' of object 'Object Repository/ADM/1Configuracion/5Clientes/1Maestro de Clientes/Datos Cliente/select_Tipo Identificacion'  (Root cause: com.kms.katalon.core.exception.StepFailedException: Unable to select option by label 'Cédula de Ciudadanía' of object 'Object Repository/ADM/1Configuracion/5Clientes/1Maestro de Clientes/Datos Cliente/select_Tipo Identificacion' 
	at com.kms.katalon.core.webui.keyword.internal.WebUIKeywordMain.stepFailed(WebUIKeywordMain.groovy:64)
	at com.kms.katalon.core.webui.keyword.internal.WebUIKeywordMain.runKeyword(WebUIKeywordMain.groovy:26)
	at com.kms.katalon.core.webui.keyword.builtin.SelectOptionByLabelKeyword.selectOptionByLabel(SelectOptionByLabelKeyword.groovy:98)
	at com.kms.katalon.core.webui.keyword.builtin.SelectOptionByLabelKeyword.execute(SelectOptionByLabelKeyword.groovy:71)
	at com.kms.katalon.core.keyword.internal.KeywordExecutor.executeKeywordForPlatform(KeywordExecutor.groovy:74)
	at com.kms.katalon.core.webui.keyword.WebUiBuiltInKeywords.selectOptionByLabel(WebUiBuiltInKeywords.groovy:1230)
	at com.kms.katalon.core.webui.keyword.WebUiBuiltInKeywords$selectOptionByLabel$6.call(Unknown Source)
	at R195.run(R195:43)
	at com.kms.katalon.core.main.ScriptEngine.run(ScriptEngine.java:194)
	at com.kms.katalon.core.main.ScriptEngine.runScriptAsRawText(ScriptEngine.java:119)
	at com.kms.katalon.core.main.TestCaseExecutor.runScript(TestCaseExecutor.java:448)
	at com.kms.katalon.core.main.TestCaseExecutor.doExecute(TestCaseExecutor.java:439)
	at com.kms.katalon.core.main.TestCaseExecutor.processExecutionPhase(TestCaseExecutor.java:418)
	at com.kms.katalon.core.main.TestCaseExecutor.accessMainPhase(TestCaseExecutor.java:410)
	at com.kms.katalon.core.main.TestCaseExecutor.execute(TestCaseExecutor.java:285)
	at com.kms.katalon.core.common.CommonExecutor.accessTestCaseMainPhase(CommonExecutor.java:65)
	at com.kms.katalon.core.main.TestSuiteExecutor.accessTestSuiteMainPhase(TestSuiteExecutor.java:148)
	at com.kms.katalon.core.main.TestSuiteExecutor.execute(TestSuiteExecutor.java:106)
	at com.kms.katalon.core.main.TestCaseMain.startTestSuite(TestCaseMain.java:187)
	at com.kms.katalon.core.main.TestCaseMain$startTestSuite$0.call(Unknown Source)
	at TempTestSuite1716323070945.run(TempTestSuite1716323070945.groovy:35)
Caused by: org.openqa.selenium.NoSuchElementException: Cannot locate element with text: Cédula de Ciudadanía
For documentation on this error, please visit: https://www.seleniumhq.org/exceptions/no_such_element.html
Build info: version: '3.141.59', revision: 'e82be7d358', time: '2018-11-14T08:25:53'
System info: host: 'PCPRUEBAS101', ip: '192.168.91.13', os.name: 'Windows 10', os.arch: 'amd64', os.version: '10.0', java.version: '1.8.0_282'
Driver info: driver.version: unknown
	at org.openqa.selenium.support.ui.Select.selectByVisibleText(Select.java:147)
	at com.kms.katalon.core.webui.common.WebUiCommonHelper.selectOrDeselectOptionsByLabel(WebUiCommonHelper.java:310)
	at com.kms.katalon.core.webui.keyword.builtin.SelectOptionByLabelKeyword$_selectOptionByLabel_closure1.doCall(SelectOptionByLabelKeyword.groovy:87)
	at com.kms.katalon.core.webui.keyword.builtin.SelectOptionByLabelKeyword$_selectOptionByLabel_closure1.call(SelectOptionByLabelKeyword.groovy)
	at com.kms.katalon.core.webui.keyword.internal.WebUIKeywordMain.runKeyword(WebUIKeywordMain.groovy:20)
	at com.kms.katalon.core.webui.keyword.builtin.SelectOptionByLabelKeyword.selectOptionByLabel(SelectOptionByLabelKeyword.groovy:98)
	at com.kms.katalon.core.webui.keyword.builtin.SelectOptionByLabelKeyword.execute(SelectOptionByLabelKeyword.groovy:71)
	at com.kms.katalon.core.keyword.internal.KeywordExecutor.executeKeywordForPlatform(KeywordExecutor.groovy:74)
	at com.kms.katalon.core.webui.keyword.WebUiBuiltInKeywords.selectOptionByLabel(WebUiBuiltInKeywords.groovy:1230)
	at com.kms.katalon.core.webui.keyword.WebUiBuiltInKeywords$selectOptionByLabel$6.call(Unknown Source)
	at Script1705521927572.run(Script1705521927572.groovy:43)
	... 13 more
)

2024-05-21 16:48:51 - [MESSAGE][FAILED] - Unable to select option by label 'Cédula de Ciudadanía' of object 'Object Repository/ADM/1Configuracion/5Clientes/1Maestro de Clientes/Datos Cliente/select_Tipo Identificacion'  (Root cause: com.kms.katalon.core.exception.StepFailedException: Unable to select option by label 'Cédula de Ciudadanía' of object 'Object Repository/ADM/1Configuracion/5Clientes/1Maestro de Clientes/Datos Cliente/select_Tipo Identificacion' 
	at com.kms.katalon.core.webui.keyword.internal.WebUIKeywordMain.stepFailed(WebUIKeywordMain.groovy:64)
	at com.kms.katalon.core.webui.keyword.internal.WebUIKeywordMain.runKeyword(WebUIKeywordMain.groovy:26)
	at com.kms.katalon.core.webui.keyword.builtin.SelectOptionByLabelKeyword.selectOptionByLabel(SelectOptionByLabelKeyword.groovy:98)
	at com.kms.katalon.core.webui.keyword.builtin.SelectOptionByLabelKeyword.execute(SelectOptionByLabelKeyword.groovy:71)
	at com.kms.katalon.core.keyword.internal.KeywordExecutor.executeKeywordForPlatform(KeywordExecutor.groovy:74)
	at com.kms.katalon.core.webui.keyword.WebUiBuiltInKeywords.selectOptionByLabel(WebUiBuiltInKeywords.groovy:1230)
	at com.kms.katalon.core.webui.keyword.WebUiBuiltInKeywords$selectOptionByLabel$6.call(Unknown Source)
	at R195.run(R195:43)
	at com.kms.katalon.core.main.ScriptEngine.run(ScriptEngine.java:194)
	at com.kms.katalon.core.main.ScriptEngine.runScriptAsRawText(ScriptEngine.java:119)
	at com.kms.katalon.core.main.TestCaseExecutor.runScript(TestCaseExecutor.java:448)
	at com.kms.katalon.core.main.TestCaseExecutor.doExecute(TestCaseExecutor.java:439)
	at com.kms.katalon.core.main.TestCaseExecutor.processExecutionPhase(TestCaseExecutor.java:418)
	at com.kms.katalon.core.main.TestCaseExecutor.accessMainPhase(TestCaseExecutor.java:410)
	at com.kms.katalon.core.main.TestCaseExecutor.execute(TestCaseExecutor.java:285)
	at com.kms.katalon.core.common.CommonExecutor.accessTestCaseMainPhase(CommonExecutor.java:65)
	at com.kms.katalon.core.main.TestSuiteExecutor.accessTestSuiteMainPhase(TestSuiteExecutor.java:148)
	at com.kms.katalon.core.main.TestSuiteExecutor.execute(TestSuiteExecutor.java:106)
	at com.kms.katalon.core.main.TestCaseMain.startTestSuite(TestCaseMain.java:187)
	at com.kms.katalon.core.main.TestCaseMain$startTestSuite$0.call(Unknown Source)
	at TempTestSuite1716323070945.run(TempTestSuite1716323070945.groovy:35)
Caused by: org.openqa.selenium.NoSuchElementException: Cannot locate element with text: Cédula de Ciudadanía
For documentation on this error, please visit: https://www.seleniumhq.org/exceptions/no_such_element.html
Build info: version: '3.141.59', revision: 'e82be7d358', time: '2018-11-14T08:25:53'
System info: host: 'PCPRUEBAS101', ip: '192.168.91.13', os.name: 'Windows 10', os.arch: 'amd64', os.version: '10.0', java.version: '1.8.0_282'
Driver info: driver.version: unknown
	at org.openqa.selenium.support.ui.Select.selectByVisibleText(Select.java:147)
	at com.kms.katalon.core.webui.common.WebUiCommonHelper.selectOrDeselectOptionsByLabel(WebUiCommonHelper.java:310)
	at com.kms.katalon.core.webui.keyword.builtin.SelectOptionByLabelKeyword$_selectOptionByLabel_closure1.doCall(SelectOptionByLabelKeyword.groovy:87)
	at com.kms.katalon.core.webui.keyword.builtin.SelectOptionByLabelKeyword$_selectOptionByLabel_closure1.call(SelectOptionByLabelKeyword.groovy)
	at com.kms.katalon.core.webui.keyword.internal.WebUIKeywordMain.runKeyword(WebUIKeywordMain.groovy:20)
	at com.kms.katalon.core.webui.keyword.builtin.SelectOptionByLabelKeyword.selectOptionByLabel(SelectOptionByLabelKeyword.groovy:98)
	at com.kms.katalon.core.webui.keyword.builtin.SelectOptionByLabelKeyword.execute(SelectOptionByLabelKeyword.groovy:71)
	at com.kms.katalon.core.keyword.internal.KeywordExecutor.executeKeywordForPlatform(KeywordExecutor.groovy:74)
	at com.kms.katalon.core.webui.keyword.WebUiBuiltInKeywords.selectOptionByLabel(WebUiBuiltInKeywords.groovy:1230)
	at com.kms.katalon.core.webui.keyword.WebUiBuiltInKeywords$selectOptionByLabel$6.call(Unknown Source)
	at Script1705521927572.run(Script1705521927572.groovy:43)
	... 13 more
)
[[ATTACHMENT|C:\\CIEL INGENIERIA\\Katalon\\AgendamientoADM\\Reports\\20240521_152353\\1 Configuracion\\5 Clientes\\1 Maestro Clientes\\20240521_152430\\1716328131354.png]]

2024-05-21 16:48:51 - [TEST_STEP][PASSED] - Start listener action : sampleAfterTestCase: null]]></system-out>
         <system-err><![CDATA[2024-05-21 16:48:24 - [TEST_CASE][FAILED] - Test Cases/Configuracion/5 Clientes/1 Maestro Clientes/R195: Test Cases/Configuracion/5 Clientes/1 Maestro Clientes/R195 FAILED.
Reason:
com.kms.katalon.core.exception.StepFailedException: Unable to select option by label 'Cédula de Ciudadanía' of object 'Object Repository/ADM/1Configuracion/5Clientes/1Maestro de Clientes/Datos Cliente/select_Tipo Identificacion' 
	at com.kms.katalon.core.webui.keyword.internal.WebUIKeywordMain.stepFailed(WebUIKeywordMain.groovy:64)
	at com.kms.katalon.core.webui.keyword.internal.WebUIKeywordMain.runKeyword(WebUIKeywordMain.groovy:26)
	at com.kms.katalon.core.webui.keyword.builtin.SelectOptionByLabelKeyword.selectOptionByLabel(SelectOptionByLabelKeyword.groovy:98)
	at com.kms.katalon.core.webui.keyword.builtin.SelectOptionByLabelKeyword.execute(SelectOptionByLabelKeyword.groovy:71)
	at com.kms.katalon.core.keyword.internal.KeywordExecutor.executeKeywordForPlatform(KeywordExecutor.groovy:74)
	at com.kms.katalon.core.webui.keyword.WebUiBuiltInKeywords.selectOptionByLabel(WebUiBuiltInKeywords.groovy:1230)
	at com.kms.katalon.core.webui.keyword.WebUiBuiltInKeywords$selectOptionByLabel$6.call(Unknown Source)
	at R195.run(R195:43)
	at com.kms.katalon.core.main.ScriptEngine.run(ScriptEngine.java:194)
	at com.kms.katalon.core.main.ScriptEngine.runScriptAsRawText(ScriptEngine.java:119)
	at com.kms.katalon.core.main.TestCaseExecutor.runScript(TestCaseExecutor.java:448)
	at com.kms.katalon.core.main.TestCaseExecutor.doExecute(TestCaseExecutor.java:439)
	at com.kms.katalon.core.main.TestCaseExecutor.processExecutionPhase(TestCaseExecutor.java:418)
	at com.kms.katalon.core.main.TestCaseExecutor.accessMainPhase(TestCaseExecutor.java:410)
	at com.kms.katalon.core.main.TestCaseExecutor.execute(TestCaseExecutor.java:285)
	at com.kms.katalon.core.common.CommonExecutor.accessTestCaseMainPhase(CommonExecutor.java:65)
	at com.kms.katalon.core.main.TestSuiteExecutor.accessTestSuiteMainPhase(TestSuiteExecutor.java:148)
	at com.kms.katalon.core.main.TestSuiteExecutor.execute(TestSuiteExecutor.java:106)
	at com.kms.katalon.core.main.TestCaseMain.startTestSuite(TestCaseMain.java:187)
	at com.kms.katalon.core.main.TestCaseMain$startTestSuite$0.call(Unknown Source)
	at TempTestSuite1716323070945.run(TempTestSuite1716323070945.groovy:35)
Caused by: org.openqa.selenium.NoSuchElementException: Cannot locate element with text: Cédula de Ciudadanía
For documentation on this error, please visit: https://www.seleniumhq.org/exceptions/no_such_element.html
Build info: version: '3.141.59', revision: 'e82be7d358', time: '2018-11-14T08:25:53'
System info: host: 'PCPRUEBAS101', ip: '192.168.91.13', os.name: 'Windows 10', os.arch: 'amd64', os.version: '10.0', java.version: '1.8.0_282'
Driver info: driver.version: unknown
	at org.openqa.selenium.support.ui.Select.selectByVisibleText(Select.java:147)
	at com.kms.katalon.core.webui.common.WebUiCommonHelper.selectOrDeselectOptionsByLabel(WebUiCommonHelper.java:310)
	at com.kms.katalon.core.webui.keyword.builtin.SelectOptionByLabelKeyword$_selectOptionByLabel_closure1.doCall(SelectOptionByLabelKeyword.groovy:87)
	at com.kms.katalon.core.webui.keyword.builtin.SelectOptionByLabelKeyword$_selectOptionByLabel_closure1.call(SelectOptionByLabelKeyword.groovy)
	at com.kms.katalon.core.webui.keyword.internal.WebUIKeywordMain.runKeyword(WebUIKeywordMain.groovy:20)
	... 19 more]]></system-err>
      </testcase>
      <testcase name="Test Cases/Configuracion/5 Clientes/1 Maestro Clientes/R196" time="27.343" classname="Test Cases/Configuracion/5 Clientes/1 Maestro Clientes/R196" status="FAILED">
         <failure type="FAILED" message="Test Cases/Configuracion/5 Clientes/1 Maestro Clientes/R196 FAILED.
Reason:
com.kms.katalon.core.exception.StepFailedException: Unable to select option by label 'Cédula de Extranjería' of object 'Object Repository/ADM/1Configuracion/5Clientes/1Maestro de Clientes/Datos Cliente/select_Tipo Identificacion' 
	at com.kms.katalon.core.webui.keyword.internal.WebUIKeywordMain.stepFailed(WebUIKeywordMain.groovy:64)
	at com.kms.katalon.core.webui.keyword.internal.WebUIKeywordMain.runKeyword(WebUIKeywordMain.groovy:26)
	at com.kms.katalon.core.webui.keyword.builtin.SelectOptionByLabelKeyword.selectOptionByLabel(SelectOptionByLabelKeyword.groovy:98)
	at com.kms.katalon.core.webui.keyword.builtin.SelectOptionByLabelKeyword.execute(SelectOptionByLabelKeyword.groovy:71)
	at com.kms.katalon.core.keyword.internal.KeywordExecutor.executeKeywordForPlatform(KeywordExecutor.groovy:74)
	at com.kms.katalon.core.webui.keyword.WebUiBuiltInKeywords.selectOptionByLabel(WebUiBuiltInKeywords.groovy:1230)
	at com.kms.katalon.core.webui.keyword.WebUiBuiltInKeywords$selectOptionByLabel$6.call(Unknown Source)
	at R196.run(R196:43)
	at com.kms.katalon.core.main.ScriptEngine.run(ScriptEngine.java:194)
	at com.kms.katalon.core.main.ScriptEngine.runScriptAsRawText(ScriptEngine.java:119)
	at com.kms.katalon.core.main.TestCaseExecutor.runScript(TestCaseExecutor.java:448)
	at com.kms.katalon.core.main.TestCaseExecutor.doExecute(TestCaseExecutor.java:439)
	at com.kms.katalon.core.main.TestCaseExecutor.processExecutionPhase(TestCaseExecutor.java:418)
	at com.kms.katalon.core.main.TestCaseExecutor.accessMainPhase(TestCaseExecutor.java:410)
	at com.kms.katalon.core.main.TestCaseExecutor.execute(TestCaseExecutor.java:285)
	at com.kms.katalon.core.common.CommonExecutor.accessTestCaseMainPhase(CommonExecutor.java:65)
	at com.kms.katalon.core.main.TestSuiteExecutor.accessTestSuiteMainPhase(TestSuiteExecutor.java:148)
	at com.kms.katalon.core.main.TestSuiteExecutor.execute(TestSuiteExecutor.java:106)
	at com.kms.katalon.core.main.TestCaseMain.startTestSuite(TestCaseMain.java:187)
	at com.kms.katalon.core.main.TestCaseMain$startTestSuite$0.call(Unknown Source)
	at TempTestSuite1716323070945.run(TempTestSuite1716323070945.groovy:35)
Caused by: org.openqa.selenium.NoSuchElementException: Cannot locate element with text: Cédula de Extranjería
For documentation on this error, please visit: https://www.seleniumhq.org/exceptions/no_such_element.html
Build info: version: '3.141.59', revision: 'e82be7d358', time: '2018-11-14T08:25:53'
System info: host: 'PCPRUEBAS101', ip: '192.168.91.13', os.name: 'Windows 10', os.arch: 'amd64', os.version: '10.0', java.version: '1.8.0_282'
Driver info: driver.version: unknown
	at org.openqa.selenium.support.ui.Select.selectByVisibleText(Select.java:147)
	at com.kms.katalon.core.webui.common.WebUiCommonHelper.selectOrDeselectOptionsByLabel(WebUiCommonHelper.java:310)
	at com.kms.katalon.core.webui.keyword.builtin.SelectOptionByLabelKeyword$_selectOptionByLabel_closure1.doCall(SelectOptionByLabelKeyword.groovy:87)
	at com.kms.katalon.core.webui.keyword.builtin.SelectOptionByLabelKeyword$_selectOptionByLabel_closure1.call(SelectOptionByLabelKeyword.groovy)
	at com.kms.katalon.core.webui.keyword.internal.WebUIKeywordMain.runKeyword(WebUIKeywordMain.groovy:20)
	... 19 more
"/>
         <system-out><![CDATA[2024-05-21 16:48:51 - [TEST_CASE][FAILED] - Test Cases/Configuracion/5 Clientes/1 Maestro Clientes/R196: Test Cases/Configuracion/5 Clientes/1 Maestro Clientes/R196 FAILED.
Reason:
com.kms.katalon.core.exception.StepFailedException: Unable to select option by label 'Cédula de Extranjería' of object 'Object Repository/ADM/1Configuracion/5Clientes/1Maestro de Clientes/Datos Cliente/select_Tipo Identificacion' 
	at com.kms.katalon.core.webui.keyword.internal.WebUIKeywordMain.stepFailed(WebUIKeywordMain.groovy:64)
	at com.kms.katalon.core.webui.keyword.internal.WebUIKeywordMain.runKeyword(WebUIKeywordMain.groovy:26)
	at com.kms.katalon.core.webui.keyword.builtin.SelectOptionByLabelKeyword.selectOptionByLabel(SelectOptionByLabelKeyword.groovy:98)
	at com.kms.katalon.core.webui.keyword.builtin.SelectOptionByLabelKeyword.execute(SelectOptionByLabelKeyword.groovy:71)
	at com.kms.katalon.core.keyword.internal.KeywordExecutor.executeKeywordForPlatform(KeywordExecutor.groovy:74)
	at com.kms.katalon.core.webui.keyword.WebUiBuiltInKeywords.selectOptionByLabel(WebUiBuiltInKeywords.groovy:1230)
	at com.kms.katalon.core.webui.keyword.WebUiBuiltInKeywords$selectOptionByLabel$6.call(Unknown Source)
	at R196.run(R196:43)
	at com.kms.katalon.core.main.ScriptEngine.run(ScriptEngine.java:194)
	at com.kms.katalon.core.main.ScriptEngine.runScriptAsRawText(ScriptEngine.java:119)
	at com.kms.katalon.core.main.TestCaseExecutor.runScript(TestCaseExecutor.java:448)
	at com.kms.katalon.core.main.TestCaseExecutor.doExecute(TestCaseExecutor.java:439)
	at com.kms.katalon.core.main.TestCaseExecutor.processExecutionPhase(TestCaseExecutor.java:418)
	at com.kms.katalon.core.main.TestCaseExecutor.accessMainPhase(TestCaseExecutor.java:410)
	at com.kms.katalon.core.main.TestCaseExecutor.execute(TestCaseExecutor.java:285)
	at com.kms.katalon.core.common.CommonExecutor.accessTestCaseMainPhase(CommonExecutor.java:65)
	at com.kms.katalon.core.main.TestSuiteExecutor.accessTestSuiteMainPhase(TestSuiteExecutor.java:148)
	at com.kms.katalon.core.main.TestSuiteExecutor.execute(TestSuiteExecutor.java:106)
	at com.kms.katalon.core.main.TestCaseMain.startTestSuite(TestCaseMain.java:187)
	at com.kms.katalon.core.main.TestCaseMain$startTestSuite$0.call(Unknown Source)
	at TempTestSuite1716323070945.run(TempTestSuite1716323070945.groovy:35)
Caused by: org.openqa.selenium.NoSuchElementException: Cannot locate element with text: Cédula de Extranjería
For documentation on this error, please visit: https://www.seleniumhq.org/exceptions/no_such_element.html
Build info: version: '3.141.59', revision: 'e82be7d358', time: '2018-11-14T08:25:53'
System info: host: 'PCPRUEBAS101', ip: '192.168.91.13', os.name: 'Windows 10', os.arch: 'amd64', os.version: '10.0', java.version: '1.8.0_282'
Driver info: driver.version: unknown
	at org.openqa.selenium.support.ui.Select.selectByVisibleText(Select.java:147)
	at com.kms.katalon.core.webui.common.WebUiCommonHelper.selectOrDeselectOptionsByLabel(WebUiCommonHelper.java:310)
	at com.kms.katalon.core.webui.keyword.builtin.SelectOptionByLabelKeyword$_selectOptionByLabel_closure1.doCall(SelectOptionByLabelKeyword.groovy:87)
	at com.kms.katalon.core.webui.keyword.builtin.SelectOptionByLabelKeyword$_selectOptionByLabel_closure1.call(SelectOptionByLabelKeyword.groovy)
	at com.kms.katalon.core.webui.keyword.internal.WebUIKeywordMain.runKeyword(WebUIKeywordMain.groovy:20)
	... 19 more


2024-05-21 16:48:51 - [TEST_STEP][PASSED] - callTestCase(findTestCase("0InicioSesion"), [:], STOP_ON_FAILURE): Call Test Case 'Test Cases/0InicioSesion' successfully

2024-05-21 16:48:51 - [TEST_CASE][PASSED] - Test Cases/0InicioSesion: Test Cases/0InicioSesion

2024-05-21 16:48:51 - [TEST_STEP][PASSED] - openBrowser(Url): Browser is opened with url: 'https://pcpruebas101.ciel.cielingenieria.com:8815/'

2024-05-21 16:48:51 - [MESSAGE][WARNING] - A browser is already opened. Closing browser and opening a new one

2024-05-21 16:48:52 - [MESSAGE][INFO] - Starting 'Chrome' driver

2024-05-21 16:48:52 - [MESSAGE][INFO] - Action delay is set to 0 milliseconds

2024-05-21 16:48:54 - [MESSAGE][PASSED] - Browser is opened with url: 'https://pcpruebas101.ciel.cielingenieria.com:8815/'

2024-05-21 16:48:54 - [TEST_STEP][PASSED] - maximizeWindow(): Current window maximized

2024-05-21 16:48:55 - [MESSAGE][PASSED] - Current window maximized

2024-05-21 16:48:55 - [TEST_STEP][PASSED] - delay(2): Delayed 2 second(s)

2024-05-21 16:48:57 - [MESSAGE][PASSED] - Delayed 2 second(s)

2024-05-21 16:48:57 - [TEST_STEP][PASSED] - setText(findTestObject("ADM/0Inicio Sesion/input_Usuario"), Usuario): Text 'Ciel' is set on object 'Object Repository/ADM/0Inicio Sesion/input_Usuario'

2024-05-21 16:48:58 - [MESSAGE][PASSED] - Text 'Ciel' is set on object 'Object Repository/ADM/0Inicio Sesion/input_Usuario'

2024-05-21 16:48:58 - [TEST_STEP][PASSED] - delay(2): Delayed 2 second(s)

2024-05-21 16:49:00 - [MESSAGE][PASSED] - Delayed 2 second(s)

2024-05-21 16:49:00 - [TEST_STEP][PASSED] - setText(findTestObject("ADM/0Inicio Sesion/input_Clave"), Clave): Text 'Digiturno5.' is set on object 'Object Repository/ADM/0Inicio Sesion/input_Clave'

2024-05-21 16:49:00 - [MESSAGE][PASSED] - Text 'Digiturno5.' is set on object 'Object Repository/ADM/0Inicio Sesion/input_Clave'

2024-05-21 16:49:00 - [TEST_STEP][PASSED] - delay(2): Delayed 2 second(s)

2024-05-21 16:49:02 - [MESSAGE][PASSED] - Delayed 2 second(s)

2024-05-21 16:49:02 - [TEST_STEP][PASSED] - click(findTestObject("ADM/0Inicio Sesion/btn_IniciarSesion")): Object: 'Object Repository/ADM/0Inicio Sesion/btn_IniciarSesion' is clicked on

2024-05-21 16:49:03 - [MESSAGE][PASSED] - Object: 'Object Repository/ADM/0Inicio Sesion/btn_IniciarSesion' is clicked on

2024-05-21 16:49:03 - [TEST_STEP][PASSED] - delay(3): Delayed 3 second(s)

2024-05-21 16:49:06 - [MESSAGE][PASSED] - Delayed 3 second(s)

2024-05-21 16:49:06 - [MESSAGE][PASSED] - Call Test Case 'Test Cases/0InicioSesion' successfully

2024-05-21 16:49:06 - [TEST_STEP][PASSED] - click(findTestObject("ADM/0Principal/a_Configuracion")): Object: 'Object Repository/ADM/0Principal/a_Configuracion' is clicked on

2024-05-21 16:49:07 - [MESSAGE][PASSED] - Object: 'Object Repository/ADM/0Principal/a_Configuracion' is clicked on

2024-05-21 16:49:07 - [TEST_STEP][PASSED] - delay(2): Delayed 2 second(s)

2024-05-21 16:49:09 - [MESSAGE][PASSED] - Delayed 2 second(s)

2024-05-21 16:49:09 - [TEST_STEP][PASSED] - click(findTestObject("ADM/1Configuracion/0Principal/a_5 Clientes")): Object: 'Object Repository/ADM/1Configuracion/0Principal/a_5 Clientes' is clicked on

2024-05-21 16:49:09 - [MESSAGE][PASSED] - Object: 'Object Repository/ADM/1Configuracion/0Principal/a_5 Clientes' is clicked on

2024-05-21 16:49:09 - [TEST_STEP][PASSED] - delay(2): Delayed 2 second(s)

2024-05-21 16:49:11 - [MESSAGE][PASSED] - Delayed 2 second(s)

2024-05-21 16:49:11 - [TEST_STEP][PASSED] - click(findTestObject("ADM/1Configuracion/5Clientes/0Principal/a_1 Maestro de clientes")): Object: 'Object Repository/ADM/1Configuracion/5Clientes/0Principal/a_1 Maestro de clientes' is clicked on

2024-05-21 16:49:12 - [MESSAGE][PASSED] - Object: 'Object Repository/ADM/1Configuracion/5Clientes/0Principal/a_1 Maestro de clientes' is clicked on

2024-05-21 16:49:12 - [TEST_STEP][PASSED] - delay(2): Delayed 2 second(s)

2024-05-21 16:49:14 - [MESSAGE][PASSED] - Delayed 2 second(s)

2024-05-21 16:49:14 - [TEST_STEP][PASSED] - click(findTestObject("ADM/1Configuracion/5Clientes/1Maestro de Clientes/0 btn_Nuevo Cliente"), STOP_ON_FAILURE): Object: 'Object Repository/ADM/1Configuracion/5Clientes/1Maestro de Clientes/0 btn_Nuevo Cliente' is clicked on

2024-05-21 16:49:14 - [MESSAGE][PASSED] - Object: 'Object Repository/ADM/1Configuracion/5Clientes/1Maestro de Clientes/0 btn_Nuevo Cliente' is clicked on

2024-05-21 16:49:14 - [TEST_STEP][PASSED] - comment("Actualizar datos desde Digiturno"): Actualizar datos desde Digiturno

2024-05-21 16:49:14 - [MESSAGE][INFO] - Actualizar datos desde Digiturno

2024-05-21 16:49:14 - [TEST_STEP][PASSED] - takeFullPageScreenshot(): Taking screenshot successfully

2024-05-21 16:49:15 - [MESSAGE][INFO] - 0 hidden object(s)

2024-05-21 16:49:15 - [MESSAGE][PASSED] - Taking screenshot successfully
[[ATTACHMENT|C:\\CIEL INGENIERIA\\Katalon\\AgendamientoADM\\Reports\\20240521_152353\\1 Configuracion\\5 Clientes\\1 Maestro Clientes\\20240521_152430\\1716328154733.png]]

2024-05-21 16:49:15 - [TEST_STEP][PASSED] - delay(2): Delayed 2 second(s)

2024-05-21 16:49:17 - [MESSAGE][PASSED] - Delayed 2 second(s)

2024-05-21 16:49:17 - [TEST_STEP][FAILED] - selectOptionByLabel(findTestObject("ADM/1Configuracion/5Clientes/1Maestro de Clientes/Datos Cliente/select_Tipo Identificacion"), findTestData("5Clientes").getValue("Tipo Identificacion", 2), false): Unable to select option by label 'Cédula de Extranjería' of object 'Object Repository/ADM/1Configuracion/5Clientes/1Maestro de Clientes/Datos Cliente/select_Tipo Identificacion'  (Root cause: com.kms.katalon.core.exception.StepFailedException: Unable to select option by label 'Cédula de Extranjería' of object 'Object Repository/ADM/1Configuracion/5Clientes/1Maestro de Clientes/Datos Cliente/select_Tipo Identificacion' 
	at com.kms.katalon.core.webui.keyword.internal.WebUIKeywordMain.stepFailed(WebUIKeywordMain.groovy:64)
	at com.kms.katalon.core.webui.keyword.internal.WebUIKeywordMain.runKeyword(WebUIKeywordMain.groovy:26)
	at com.kms.katalon.core.webui.keyword.builtin.SelectOptionByLabelKeyword.selectOptionByLabel(SelectOptionByLabelKeyword.groovy:98)
	at com.kms.katalon.core.webui.keyword.builtin.SelectOptionByLabelKeyword.execute(SelectOptionByLabelKeyword.groovy:71)
	at com.kms.katalon.core.keyword.internal.KeywordExecutor.executeKeywordForPlatform(KeywordExecutor.groovy:74)
	at com.kms.katalon.core.webui.keyword.WebUiBuiltInKeywords.selectOptionByLabel(WebUiBuiltInKeywords.groovy:1230)
	at com.kms.katalon.core.webui.keyword.WebUiBuiltInKeywords$selectOptionByLabel$6.call(Unknown Source)
	at R196.run(R196:43)
	at com.kms.katalon.core.main.ScriptEngine.run(ScriptEngine.java:194)
	at com.kms.katalon.core.main.ScriptEngine.runScriptAsRawText(ScriptEngine.java:119)
	at com.kms.katalon.core.main.TestCaseExecutor.runScript(TestCaseExecutor.java:448)
	at com.kms.katalon.core.main.TestCaseExecutor.doExecute(TestCaseExecutor.java:439)
	at com.kms.katalon.core.main.TestCaseExecutor.processExecutionPhase(TestCaseExecutor.java:418)
	at com.kms.katalon.core.main.TestCaseExecutor.accessMainPhase(TestCaseExecutor.java:410)
	at com.kms.katalon.core.main.TestCaseExecutor.execute(TestCaseExecutor.java:285)
	at com.kms.katalon.core.common.CommonExecutor.accessTestCaseMainPhase(CommonExecutor.java:65)
	at com.kms.katalon.core.main.TestSuiteExecutor.accessTestSuiteMainPhase(TestSuiteExecutor.java:148)
	at com.kms.katalon.core.main.TestSuiteExecutor.execute(TestSuiteExecutor.java:106)
	at com.kms.katalon.core.main.TestCaseMain.startTestSuite(TestCaseMain.java:187)
	at com.kms.katalon.core.main.TestCaseMain$startTestSuite$0.call(Unknown Source)
	at TempTestSuite1716323070945.run(TempTestSuite1716323070945.groovy:35)
Caused by: org.openqa.selenium.NoSuchElementException: Cannot locate element with text: Cédula de Extranjería
For documentation on this error, please visit: https://www.seleniumhq.org/exceptions/no_such_element.html
Build info: version: '3.141.59', revision: 'e82be7d358', time: '2018-11-14T08:25:53'
System info: host: 'PCPRUEBAS101', ip: '192.168.91.13', os.name: 'Windows 10', os.arch: 'amd64', os.version: '10.0', java.version: '1.8.0_282'
Driver info: driver.version: unknown
	at org.openqa.selenium.support.ui.Select.selectByVisibleText(Select.java:147)
	at com.kms.katalon.core.webui.common.WebUiCommonHelper.selectOrDeselectOptionsByLabel(WebUiCommonHelper.java:310)
	at com.kms.katalon.core.webui.keyword.builtin.SelectOptionByLabelKeyword$_selectOptionByLabel_closure1.doCall(SelectOptionByLabelKeyword.groovy:87)
	at com.kms.katalon.core.webui.keyword.builtin.SelectOptionByLabelKeyword$_selectOptionByLabel_closure1.call(SelectOptionByLabelKeyword.groovy)
	at com.kms.katalon.core.webui.keyword.internal.WebUIKeywordMain.runKeyword(WebUIKeywordMain.groovy:20)
	at com.kms.katalon.core.webui.keyword.builtin.SelectOptionByLabelKeyword.selectOptionByLabel(SelectOptionByLabelKeyword.groovy:98)
	at com.kms.katalon.core.webui.keyword.builtin.SelectOptionByLabelKeyword.execute(SelectOptionByLabelKeyword.groovy:71)
	at com.kms.katalon.core.keyword.internal.KeywordExecutor.executeKeywordForPlatform(KeywordExecutor.groovy:74)
	at com.kms.katalon.core.webui.keyword.WebUiBuiltInKeywords.selectOptionByLabel(WebUiBuiltInKeywords.groovy:1230)
	at com.kms.katalon.core.webui.keyword.WebUiBuiltInKeywords$selectOptionByLabel$6.call(Unknown Source)
	at Script1705927714826.run(Script1705927714826.groovy:43)
	... 13 more
)

2024-05-21 16:49:18 - [MESSAGE][FAILED] - Unable to select option by label 'Cédula de Extranjería' of object 'Object Repository/ADM/1Configuracion/5Clientes/1Maestro de Clientes/Datos Cliente/select_Tipo Identificacion'  (Root cause: com.kms.katalon.core.exception.StepFailedException: Unable to select option by label 'Cédula de Extranjería' of object 'Object Repository/ADM/1Configuracion/5Clientes/1Maestro de Clientes/Datos Cliente/select_Tipo Identificacion' 
	at com.kms.katalon.core.webui.keyword.internal.WebUIKeywordMain.stepFailed(WebUIKeywordMain.groovy:64)
	at com.kms.katalon.core.webui.keyword.internal.WebUIKeywordMain.runKeyword(WebUIKeywordMain.groovy:26)
	at com.kms.katalon.core.webui.keyword.builtin.SelectOptionByLabelKeyword.selectOptionByLabel(SelectOptionByLabelKeyword.groovy:98)
	at com.kms.katalon.core.webui.keyword.builtin.SelectOptionByLabelKeyword.execute(SelectOptionByLabelKeyword.groovy:71)
	at com.kms.katalon.core.keyword.internal.KeywordExecutor.executeKeywordForPlatform(KeywordExecutor.groovy:74)
	at com.kms.katalon.core.webui.keyword.WebUiBuiltInKeywords.selectOptionByLabel(WebUiBuiltInKeywords.groovy:1230)
	at com.kms.katalon.core.webui.keyword.WebUiBuiltInKeywords$selectOptionByLabel$6.call(Unknown Source)
	at R196.run(R196:43)
	at com.kms.katalon.core.main.ScriptEngine.run(ScriptEngine.java:194)
	at com.kms.katalon.core.main.ScriptEngine.runScriptAsRawText(ScriptEngine.java:119)
	at com.kms.katalon.core.main.TestCaseExecutor.runScript(TestCaseExecutor.java:448)
	at com.kms.katalon.core.main.TestCaseExecutor.doExecute(TestCaseExecutor.java:439)
	at com.kms.katalon.core.main.TestCaseExecutor.processExecutionPhase(TestCaseExecutor.java:418)
	at com.kms.katalon.core.main.TestCaseExecutor.accessMainPhase(TestCaseExecutor.java:410)
	at com.kms.katalon.core.main.TestCaseExecutor.execute(TestCaseExecutor.java:285)
	at com.kms.katalon.core.common.CommonExecutor.accessTestCaseMainPhase(CommonExecutor.java:65)
	at com.kms.katalon.core.main.TestSuiteExecutor.accessTestSuiteMainPhase(TestSuiteExecutor.java:148)
	at com.kms.katalon.core.main.TestSuiteExecutor.execute(TestSuiteExecutor.java:106)
	at com.kms.katalon.core.main.TestCaseMain.startTestSuite(TestCaseMain.java:187)
	at com.kms.katalon.core.main.TestCaseMain$startTestSuite$0.call(Unknown Source)
	at TempTestSuite1716323070945.run(TempTestSuite1716323070945.groovy:35)
Caused by: org.openqa.selenium.NoSuchElementException: Cannot locate element with text: Cédula de Extranjería
For documentation on this error, please visit: https://www.seleniumhq.org/exceptions/no_such_element.html
Build info: version: '3.141.59', revision: 'e82be7d358', time: '2018-11-14T08:25:53'
System info: host: 'PCPRUEBAS101', ip: '192.168.91.13', os.name: 'Windows 10', os.arch: 'amd64', os.version: '10.0', java.version: '1.8.0_282'
Driver info: driver.version: unknown
	at org.openqa.selenium.support.ui.Select.selectByVisibleText(Select.java:147)
	at com.kms.katalon.core.webui.common.WebUiCommonHelper.selectOrDeselectOptionsByLabel(WebUiCommonHelper.java:310)
	at com.kms.katalon.core.webui.keyword.builtin.SelectOptionByLabelKeyword$_selectOptionByLabel_closure1.doCall(SelectOptionByLabelKeyword.groovy:87)
	at com.kms.katalon.core.webui.keyword.builtin.SelectOptionByLabelKeyword$_selectOptionByLabel_closure1.call(SelectOptionByLabelKeyword.groovy)
	at com.kms.katalon.core.webui.keyword.internal.WebUIKeywordMain.runKeyword(WebUIKeywordMain.groovy:20)
	at com.kms.katalon.core.webui.keyword.builtin.SelectOptionByLabelKeyword.selectOptionByLabel(SelectOptionByLabelKeyword.groovy:98)
	at com.kms.katalon.core.webui.keyword.builtin.SelectOptionByLabelKeyword.execute(SelectOptionByLabelKeyword.groovy:71)
	at com.kms.katalon.core.keyword.internal.KeywordExecutor.executeKeywordForPlatform(KeywordExecutor.groovy:74)
	at com.kms.katalon.core.webui.keyword.WebUiBuiltInKeywords.selectOptionByLabel(WebUiBuiltInKeywords.groovy:1230)
	at com.kms.katalon.core.webui.keyword.WebUiBuiltInKeywords$selectOptionByLabel$6.call(Unknown Source)
	at Script1705927714826.run(Script1705927714826.groovy:43)
	... 13 more
)
[[ATTACHMENT|C:\\CIEL INGENIERIA\\Katalon\\AgendamientoADM\\Reports\\20240521_152353\\1 Configuracion\\5 Clientes\\1 Maestro Clientes\\20240521_152430\\1716328158705.png]]

2024-05-21 16:49:18 - [TEST_STEP][PASSED] - Start listener action : sampleAfterTestCase: null]]></system-out>
         <system-err><![CDATA[2024-05-21 16:48:51 - [TEST_CASE][FAILED] - Test Cases/Configuracion/5 Clientes/1 Maestro Clientes/R196: Test Cases/Configuracion/5 Clientes/1 Maestro Clientes/R196 FAILED.
Reason:
com.kms.katalon.core.exception.StepFailedException: Unable to select option by label 'Cédula de Extranjería' of object 'Object Repository/ADM/1Configuracion/5Clientes/1Maestro de Clientes/Datos Cliente/select_Tipo Identificacion' 
	at com.kms.katalon.core.webui.keyword.internal.WebUIKeywordMain.stepFailed(WebUIKeywordMain.groovy:64)
	at com.kms.katalon.core.webui.keyword.internal.WebUIKeywordMain.runKeyword(WebUIKeywordMain.groovy:26)
	at com.kms.katalon.core.webui.keyword.builtin.SelectOptionByLabelKeyword.selectOptionByLabel(SelectOptionByLabelKeyword.groovy:98)
	at com.kms.katalon.core.webui.keyword.builtin.SelectOptionByLabelKeyword.execute(SelectOptionByLabelKeyword.groovy:71)
	at com.kms.katalon.core.keyword.internal.KeywordExecutor.executeKeywordForPlatform(KeywordExecutor.groovy:74)
	at com.kms.katalon.core.webui.keyword.WebUiBuiltInKeywords.selectOptionByLabel(WebUiBuiltInKeywords.groovy:1230)
	at com.kms.katalon.core.webui.keyword.WebUiBuiltInKeywords$selectOptionByLabel$6.call(Unknown Source)
	at R196.run(R196:43)
	at com.kms.katalon.core.main.ScriptEngine.run(ScriptEngine.java:194)
	at com.kms.katalon.core.main.ScriptEngine.runScriptAsRawText(ScriptEngine.java:119)
	at com.kms.katalon.core.main.TestCaseExecutor.runScript(TestCaseExecutor.java:448)
	at com.kms.katalon.core.main.TestCaseExecutor.doExecute(TestCaseExecutor.java:439)
	at com.kms.katalon.core.main.TestCaseExecutor.processExecutionPhase(TestCaseExecutor.java:418)
	at com.kms.katalon.core.main.TestCaseExecutor.accessMainPhase(TestCaseExecutor.java:410)
	at com.kms.katalon.core.main.TestCaseExecutor.execute(TestCaseExecutor.java:285)
	at com.kms.katalon.core.common.CommonExecutor.accessTestCaseMainPhase(CommonExecutor.java:65)
	at com.kms.katalon.core.main.TestSuiteExecutor.accessTestSuiteMainPhase(TestSuiteExecutor.java:148)
	at com.kms.katalon.core.main.TestSuiteExecutor.execute(TestSuiteExecutor.java:106)
	at com.kms.katalon.core.main.TestCaseMain.startTestSuite(TestCaseMain.java:187)
	at com.kms.katalon.core.main.TestCaseMain$startTestSuite$0.call(Unknown Source)
	at TempTestSuite1716323070945.run(TempTestSuite1716323070945.groovy:35)
Caused by: org.openqa.selenium.NoSuchElementException: Cannot locate element with text: Cédula de Extranjería
For documentation on this error, please visit: https://www.seleniumhq.org/exceptions/no_such_element.html
Build info: version: '3.141.59', revision: 'e82be7d358', time: '2018-11-14T08:25:53'
System info: host: 'PCPRUEBAS101', ip: '192.168.91.13', os.name: 'Windows 10', os.arch: 'amd64', os.version: '10.0', java.version: '1.8.0_282'
Driver info: driver.version: unknown
	at org.openqa.selenium.support.ui.Select.selectByVisibleText(Select.java:147)
	at com.kms.katalon.core.webui.common.WebUiCommonHelper.selectOrDeselectOptionsByLabel(WebUiCommonHelper.java:310)
	at com.kms.katalon.core.webui.keyword.builtin.SelectOptionByLabelKeyword$_selectOptionByLabel_closure1.doCall(SelectOptionByLabelKeyword.groovy:87)
	at com.kms.katalon.core.webui.keyword.builtin.SelectOptionByLabelKeyword$_selectOptionByLabel_closure1.call(SelectOptionByLabelKeyword.groovy)
	at com.kms.katalon.core.webui.keyword.internal.WebUIKeywordMain.runKeyword(WebUIKeywordMain.groovy:20)
	... 19 more]]></system-err>
      </testcase>
      <testcase name="Test Cases/Configuracion/5 Clientes/1 Maestro Clientes/R197" time="32.537" classname="Test Cases/Configuracion/5 Clientes/1 Maestro Clientes/R197" status="PASSED">
         <system-out><![CDATA[2024-05-21 16:49:18 - [TEST_CASE][PASSED] - Test Cases/Configuracion/5 Clientes/1 Maestro Clientes/R197: Test Cases/Configuracion/5 Clientes/1 Maestro Clientes/R197

2024-05-21 16:49:19 - [TEST_STEP][PASSED] - callTestCase(findTestCase("0InicioSesion"), [:], STOP_ON_FAILURE): Call Test Case 'Test Cases/0InicioSesion' successfully

2024-05-21 16:49:19 - [TEST_CASE][PASSED] - Test Cases/0InicioSesion: Test Cases/0InicioSesion

2024-05-21 16:49:19 - [TEST_STEP][PASSED] - openBrowser(Url): Browser is opened with url: 'https://pcpruebas101.ciel.cielingenieria.com:8815/'

2024-05-21 16:49:19 - [MESSAGE][WARNING] - A browser is already opened. Closing browser and opening a new one

2024-05-21 16:49:19 - [MESSAGE][INFO] - Starting 'Chrome' driver

2024-05-21 16:49:19 - [MESSAGE][INFO] - Action delay is set to 0 milliseconds

2024-05-21 16:49:22 - [MESSAGE][PASSED] - Browser is opened with url: 'https://pcpruebas101.ciel.cielingenieria.com:8815/'

2024-05-21 16:49:22 - [TEST_STEP][PASSED] - maximizeWindow(): Current window maximized

2024-05-21 16:49:22 - [MESSAGE][PASSED] - Current window maximized

2024-05-21 16:49:22 - [TEST_STEP][PASSED] - delay(2): Delayed 2 second(s)

2024-05-21 16:49:24 - [MESSAGE][PASSED] - Delayed 2 second(s)

2024-05-21 16:49:24 - [TEST_STEP][PASSED] - setText(findTestObject("ADM/0Inicio Sesion/input_Usuario"), Usuario): Text 'Ciel' is set on object 'Object Repository/ADM/0Inicio Sesion/input_Usuario'

2024-05-21 16:49:25 - [MESSAGE][PASSED] - Text 'Ciel' is set on object 'Object Repository/ADM/0Inicio Sesion/input_Usuario'

2024-05-21 16:49:25 - [TEST_STEP][PASSED] - delay(2): Delayed 2 second(s)

2024-05-21 16:49:27 - [MESSAGE][PASSED] - Delayed 2 second(s)

2024-05-21 16:49:27 - [TEST_STEP][PASSED] - setText(findTestObject("ADM/0Inicio Sesion/input_Clave"), Clave): Text 'Digiturno5.' is set on object 'Object Repository/ADM/0Inicio Sesion/input_Clave'

2024-05-21 16:49:28 - [MESSAGE][PASSED] - Text 'Digiturno5.' is set on object 'Object Repository/ADM/0Inicio Sesion/input_Clave'

2024-05-21 16:49:28 - [TEST_STEP][PASSED] - delay(2): Delayed 2 second(s)

2024-05-21 16:49:30 - [MESSAGE][PASSED] - Delayed 2 second(s)

2024-05-21 16:49:30 - [TEST_STEP][PASSED] - click(findTestObject("ADM/0Inicio Sesion/btn_IniciarSesion")): Object: 'Object Repository/ADM/0Inicio Sesion/btn_IniciarSesion' is clicked on

2024-05-21 16:49:30 - [MESSAGE][PASSED] - Object: 'Object Repository/ADM/0Inicio Sesion/btn_IniciarSesion' is clicked on

2024-05-21 16:49:30 - [TEST_STEP][PASSED] - delay(3): Delayed 3 second(s)

2024-05-21 16:49:33 - [MESSAGE][PASSED] - Delayed 3 second(s)

2024-05-21 16:49:33 - [MESSAGE][PASSED] - Call Test Case 'Test Cases/0InicioSesion' successfully

2024-05-21 16:49:33 - [TEST_STEP][PASSED] - click(findTestObject("ADM/0Principal/a_Configuracion")): Object: 'Object Repository/ADM/0Principal/a_Configuracion' is clicked on

2024-05-21 16:49:34 - [MESSAGE][PASSED] - Object: 'Object Repository/ADM/0Principal/a_Configuracion' is clicked on

2024-05-21 16:49:34 - [TEST_STEP][PASSED] - delay(2): Delayed 2 second(s)

2024-05-21 16:49:36 - [MESSAGE][PASSED] - Delayed 2 second(s)

2024-05-21 16:49:36 - [TEST_STEP][PASSED] - click(findTestObject("ADM/1Configuracion/0Principal/a_5 Clientes")): Object: 'Object Repository/ADM/1Configuracion/0Principal/a_5 Clientes' is clicked on

2024-05-21 16:49:36 - [MESSAGE][PASSED] - Object: 'Object Repository/ADM/1Configuracion/0Principal/a_5 Clientes' is clicked on

2024-05-21 16:49:36 - [TEST_STEP][PASSED] - delay(2): Delayed 2 second(s)

2024-05-21 16:49:38 - [MESSAGE][PASSED] - Delayed 2 second(s)

2024-05-21 16:49:38 - [TEST_STEP][PASSED] - click(findTestObject("ADM/1Configuracion/5Clientes/0Principal/a_1 Maestro de clientes")): Object: 'Object Repository/ADM/1Configuracion/5Clientes/0Principal/a_1 Maestro de clientes' is clicked on

2024-05-21 16:49:39 - [MESSAGE][PASSED] - Object: 'Object Repository/ADM/1Configuracion/5Clientes/0Principal/a_1 Maestro de clientes' is clicked on

2024-05-21 16:49:39 - [TEST_STEP][PASSED] - delay(2): Delayed 2 second(s)

2024-05-21 16:49:41 - [MESSAGE][PASSED] - Delayed 2 second(s)

2024-05-21 16:49:41 - [TEST_STEP][PASSED] - comment("Boton Refrescar"): Boton Refrescar

2024-05-21 16:49:41 - [MESSAGE][INFO] - Boton Refrescar

2024-05-21 16:49:41 - [TEST_STEP][PASSED] - takeFullPageScreenshot(): Taking screenshot successfully

2024-05-21 16:49:41 - [MESSAGE][INFO] - 0 hidden object(s)

2024-05-21 16:49:42 - [MESSAGE][PASSED] - Taking screenshot successfully
[[ATTACHMENT|C:\\CIEL INGENIERIA\\Katalon\\AgendamientoADM\\Reports\\20240521_152353\\1 Configuracion\\5 Clientes\\1 Maestro Clientes\\20240521_152430\\1716328181493.png]]

2024-05-21 16:49:42 - [TEST_STEP][PASSED] - delay(2): Delayed 2 second(s)

2024-05-21 16:49:44 - [MESSAGE][PASSED] - Delayed 2 second(s)

2024-05-21 16:49:44 - [TEST_STEP][PASSED] - setText(findTestObject("ADM/1Configuracion/5Clientes/1Maestro de Clientes/Mantenimiento de Clientes/input_Identificacion"), findTestData("5Clientes").getValue("Identificacion", 1)): Text '52525252' is set on object 'Object Repository/ADM/1Configuracion/5Clientes/1Maestro de Clientes/Mantenimiento de Clientes/input_Identificacion'

2024-05-21 16:49:45 - [MESSAGE][PASSED] - Text '52525252' is set on object 'Object Repository/ADM/1Configuracion/5Clientes/1Maestro de Clientes/Mantenimiento de Clientes/input_Identificacion'

2024-05-21 16:49:45 - [TEST_STEP][PASSED] - selectOptionByLabel(findTestObject("ADM/1Configuracion/5Clientes/1Maestro de Clientes/Mantenimiento de Clientes/select_Identificacion"), findTestData("5Clientes").getValue("Seleccionar", 6), false): All options with label 'Contiene' are selected in object 'Object Repository/ADM/1Configuracion/5Clientes/1Maestro de Clientes/Mantenimiento de Clientes/select_Identificacion' 

2024-05-21 16:49:45 - [MESSAGE][PASSED] - All options with label 'Contiene' are selected in object 'Object Repository/ADM/1Configuracion/5Clientes/1Maestro de Clientes/Mantenimiento de Clientes/select_Identificacion' 

2024-05-21 16:49:45 - [TEST_STEP][PASSED] - delay(2): Delayed 2 second(s)

2024-05-21 16:49:47 - [MESSAGE][PASSED] - Delayed 2 second(s)

2024-05-21 16:49:47 - [TEST_STEP][PASSED] - takeFullPageScreenshot(): Taking screenshot successfully

2024-05-21 16:49:48 - [MESSAGE][INFO] - 0 hidden object(s)

2024-05-21 16:49:48 - [MESSAGE][PASSED] - Taking screenshot successfully
[[ATTACHMENT|C:\\CIEL INGENIERIA\\Katalon\\AgendamientoADM\\Reports\\20240521_152353\\1 Configuracion\\5 Clientes\\1 Maestro Clientes\\20240521_152430\\1716328187929.png]]

2024-05-21 16:49:48 - [TEST_STEP][PASSED] - click(findTestObject("ADM/1Configuracion/5Clientes/1Maestro de Clientes/btn_Refrescar")): Object: 'Object Repository/ADM/1Configuracion/5Clientes/1Maestro de Clientes/btn_Refrescar' is clicked on

2024-05-21 16:49:48 - [MESSAGE][PASSED] - Object: 'Object Repository/ADM/1Configuracion/5Clientes/1Maestro de Clientes/btn_Refrescar' is clicked on

2024-05-21 16:49:48 - [TEST_STEP][PASSED] - delay(2): Delayed 2 second(s)

2024-05-21 16:49:50 - [MESSAGE][PASSED] - Delayed 2 second(s)

2024-05-21 16:49:50 - [TEST_STEP][PASSED] - takeFullPageScreenshot(): Taking screenshot successfully

2024-05-21 16:49:51 - [MESSAGE][INFO] - 0 hidden object(s)

2024-05-21 16:49:51 - [MESSAGE][PASSED] - Taking screenshot successfully
[[ATTACHMENT|C:\\CIEL INGENIERIA\\Katalon\\AgendamientoADM\\Reports\\20240521_152353\\1 Configuracion\\5 Clientes\\1 Maestro Clientes\\20240521_152430\\1716328190852.png]]

2024-05-21 16:49:51 - [TEST_STEP][PASSED] - Start listener action : sampleAfterTestCase: null]]></system-out>
         <system-err><![CDATA[]]></system-err>
      </testcase>
      <testcase name="Test Cases/Configuracion/5 Clientes/1 Maestro Clientes/R198" time="30.88" classname="Test Cases/Configuracion/5 Clientes/1 Maestro Clientes/R198" status="PASSED">
         <system-out><![CDATA[2024-05-21 16:49:51 - [TEST_CASE][PASSED] - Test Cases/Configuracion/5 Clientes/1 Maestro Clientes/R198: Test Cases/Configuracion/5 Clientes/1 Maestro Clientes/R198

2024-05-21 16:49:51 - [TEST_STEP][PASSED] - callTestCase(findTestCase("0InicioSesion"), [:], STOP_ON_FAILURE): Call Test Case 'Test Cases/0InicioSesion' successfully

2024-05-21 16:49:51 - [TEST_CASE][PASSED] - Test Cases/0InicioSesion: Test Cases/0InicioSesion

2024-05-21 16:49:51 - [TEST_STEP][PASSED] - openBrowser(Url): Browser is opened with url: 'https://pcpruebas101.ciel.cielingenieria.com:8815/'

2024-05-21 16:49:51 - [MESSAGE][WARNING] - A browser is already opened. Closing browser and opening a new one

2024-05-21 16:49:52 - [MESSAGE][INFO] - Starting 'Chrome' driver

2024-05-21 16:49:52 - [MESSAGE][INFO] - Action delay is set to 0 milliseconds

2024-05-21 16:49:54 - [MESSAGE][PASSED] - Browser is opened with url: 'https://pcpruebas101.ciel.cielingenieria.com:8815/'

2024-05-21 16:49:54 - [TEST_STEP][PASSED] - maximizeWindow(): Current window maximized

2024-05-21 16:49:54 - [MESSAGE][PASSED] - Current window maximized

2024-05-21 16:49:54 - [TEST_STEP][PASSED] - delay(2): Delayed 2 second(s)

2024-05-21 16:49:56 - [MESSAGE][PASSED] - Delayed 2 second(s)

2024-05-21 16:49:56 - [TEST_STEP][PASSED] - setText(findTestObject("ADM/0Inicio Sesion/input_Usuario"), Usuario): Text 'Ciel' is set on object 'Object Repository/ADM/0Inicio Sesion/input_Usuario'

2024-05-21 16:49:58 - [MESSAGE][PASSED] - Text 'Ciel' is set on object 'Object Repository/ADM/0Inicio Sesion/input_Usuario'

2024-05-21 16:49:58 - [TEST_STEP][PASSED] - delay(2): Delayed 2 second(s)

2024-05-21 16:50:00 - [MESSAGE][PASSED] - Delayed 2 second(s)

2024-05-21 16:50:00 - [TEST_STEP][PASSED] - setText(findTestObject("ADM/0Inicio Sesion/input_Clave"), Clave): Text 'Digiturno5.' is set on object 'Object Repository/ADM/0Inicio Sesion/input_Clave'

2024-05-21 16:50:00 - [MESSAGE][PASSED] - Text 'Digiturno5.' is set on object 'Object Repository/ADM/0Inicio Sesion/input_Clave'

2024-05-21 16:50:00 - [TEST_STEP][PASSED] - delay(2): Delayed 2 second(s)

2024-05-21 16:50:02 - [MESSAGE][PASSED] - Delayed 2 second(s)

2024-05-21 16:50:02 - [TEST_STEP][PASSED] - click(findTestObject("ADM/0Inicio Sesion/btn_IniciarSesion")): Object: 'Object Repository/ADM/0Inicio Sesion/btn_IniciarSesion' is clicked on

2024-05-21 16:50:03 - [MESSAGE][PASSED] - Object: 'Object Repository/ADM/0Inicio Sesion/btn_IniciarSesion' is clicked on

2024-05-21 16:50:03 - [TEST_STEP][PASSED] - delay(3): Delayed 3 second(s)

2024-05-21 16:50:06 - [MESSAGE][PASSED] - Delayed 3 second(s)

2024-05-21 16:50:06 - [MESSAGE][PASSED] - Call Test Case 'Test Cases/0InicioSesion' successfully

2024-05-21 16:50:06 - [TEST_STEP][PASSED] - click(findTestObject("ADM/0Principal/a_Configuracion")): Object: 'Object Repository/ADM/0Principal/a_Configuracion' is clicked on

2024-05-21 16:50:06 - [MESSAGE][PASSED] - Object: 'Object Repository/ADM/0Principal/a_Configuracion' is clicked on

2024-05-21 16:50:06 - [TEST_STEP][PASSED] - delay(2): Delayed 2 second(s)

2024-05-21 16:50:08 - [MESSAGE][PASSED] - Delayed 2 second(s)

2024-05-21 16:50:08 - [TEST_STEP][PASSED] - click(findTestObject("ADM/1Configuracion/0Principal/a_5 Clientes")): Object: 'Object Repository/ADM/1Configuracion/0Principal/a_5 Clientes' is clicked on

2024-05-21 16:50:09 - [MESSAGE][PASSED] - Object: 'Object Repository/ADM/1Configuracion/0Principal/a_5 Clientes' is clicked on

2024-05-21 16:50:09 - [TEST_STEP][PASSED] - delay(2): Delayed 2 second(s)

2024-05-21 16:50:11 - [MESSAGE][PASSED] - Delayed 2 second(s)

2024-05-21 16:50:11 - [TEST_STEP][PASSED] - click(findTestObject("ADM/1Configuracion/5Clientes/0Principal/a_1 Maestro de clientes")): Object: 'Object Repository/ADM/1Configuracion/5Clientes/0Principal/a_1 Maestro de clientes' is clicked on

2024-05-21 16:50:11 - [MESSAGE][PASSED] - Object: 'Object Repository/ADM/1Configuracion/5Clientes/0Principal/a_1 Maestro de clientes' is clicked on

2024-05-21 16:50:11 - [TEST_STEP][PASSED] - delay(2): Delayed 2 second(s)

2024-05-21 16:50:13 - [MESSAGE][PASSED] - Delayed 2 second(s)

2024-05-21 16:50:13 - [TEST_STEP][PASSED] - comment("Verificar elementos"): Verificar elementos

2024-05-21 16:50:13 - [MESSAGE][INFO] - Verificar elementos

2024-05-21 16:50:13 - [TEST_STEP][PASSED] - verifyElementPresent(findTestObject("ADM/1Configuracion/5Clientes/1Maestro de Clientes/0 btn_Nuevo Cliente"), 2): Object 'Object Repository/ADM/1Configuracion/5Clientes/1Maestro de Clientes/0 btn_Nuevo Cliente' is present

2024-05-21 16:50:14 - [MESSAGE][PASSED] - Object 'Object Repository/ADM/1Configuracion/5Clientes/1Maestro de Clientes/0 btn_Nuevo Cliente' is present

2024-05-21 16:50:14 - [TEST_STEP][PASSED] - verifyElementPresent(findTestObject("ADM/1Configuracion/5Clientes/1Maestro de Clientes/btn_Refrescar"), 2): Object 'Object Repository/ADM/1Configuracion/5Clientes/1Maestro de Clientes/btn_Refrescar' is present

2024-05-21 16:50:14 - [MESSAGE][PASSED] - Object 'Object Repository/ADM/1Configuracion/5Clientes/1Maestro de Clientes/btn_Refrescar' is present

2024-05-21 16:50:14 - [TEST_STEP][PASSED] - verifyElementPresent(findTestObject("ADM/1Configuracion/5Clientes/1Maestro de Clientes/Mantenimiento de Clientes/btn_1 Borrar"), 2): Object 'Object Repository/ADM/1Configuracion/5Clientes/1Maestro de Clientes/Mantenimiento de Clientes/btn_1 Borrar' is present

2024-05-21 16:50:15 - [MESSAGE][PASSED] - Object 'Object Repository/ADM/1Configuracion/5Clientes/1Maestro de Clientes/Mantenimiento de Clientes/btn_1 Borrar' is present

2024-05-21 16:50:15 - [TEST_STEP][PASSED] - verifyElementPresent(findTestObject("ADM/1Configuracion/5Clientes/1Maestro de Clientes/Mantenimiento de Clientes/btn_1 Editar"), 2): Object 'Object Repository/ADM/1Configuracion/5Clientes/1Maestro de Clientes/Mantenimiento de Clientes/btn_1 Editar' is present

2024-05-21 16:50:15 - [MESSAGE][PASSED] - Object 'Object Repository/ADM/1Configuracion/5Clientes/1Maestro de Clientes/Mantenimiento de Clientes/btn_1 Editar' is present

2024-05-21 16:50:15 - [TEST_STEP][PASSED] - verifyElementPresent(findTestObject("ADM/1Configuracion/5Clientes/1Maestro de Clientes/Mantenimiento de Clientes/input_Apellidos"), 2): Object 'Object Repository/ADM/1Configuracion/5Clientes/1Maestro de Clientes/Mantenimiento de Clientes/input_Apellidos' is present

2024-05-21 16:50:15 - [MESSAGE][PASSED] - Object 'Object Repository/ADM/1Configuracion/5Clientes/1Maestro de Clientes/Mantenimiento de Clientes/input_Apellidos' is present

2024-05-21 16:50:15 - [TEST_STEP][PASSED] - verifyElementPresent(findTestObject("ADM/1Configuracion/5Clientes/1Maestro de Clientes/Mantenimiento de Clientes/input_Celular"), 2): Object 'Object Repository/ADM/1Configuracion/5Clientes/1Maestro de Clientes/Mantenimiento de Clientes/input_Celular' is present

2024-05-21 16:50:16 - [MESSAGE][PASSED] - Object 'Object Repository/ADM/1Configuracion/5Clientes/1Maestro de Clientes/Mantenimiento de Clientes/input_Celular' is present

2024-05-21 16:50:16 - [TEST_STEP][PASSED] - verifyElementPresent(findTestObject("ADM/1Configuracion/5Clientes/1Maestro de Clientes/Mantenimiento de Clientes/input_Fecha creacion (ddmmaaaa)"), 2): Object 'Object Repository/ADM/1Configuracion/5Clientes/1Maestro de Clientes/Mantenimiento de Clientes/input_Fecha creacion (ddmmaaaa)' is present

2024-05-21 16:50:16 - [MESSAGE][PASSED] - Object 'Object Repository/ADM/1Configuracion/5Clientes/1Maestro de Clientes/Mantenimiento de Clientes/input_Fecha creacion (ddmmaaaa)' is present

2024-05-21 16:50:16 - [TEST_STEP][PASSED] - verifyElementPresent(findTestObject("ADM/1Configuracion/5Clientes/1Maestro de Clientes/Mantenimiento de Clientes/input_Fecha penalizacion (ddmmaaaa)"), 2): Object 'Object Repository/ADM/1Configuracion/5Clientes/1Maestro de Clientes/Mantenimiento de Clientes/input_Fecha penalizacion (ddmmaaaa)' is present

2024-05-21 16:50:17 - [MESSAGE][PASSED] - Object 'Object Repository/ADM/1Configuracion/5Clientes/1Maestro de Clientes/Mantenimiento de Clientes/input_Fecha penalizacion (ddmmaaaa)' is present

2024-05-21 16:50:17 - [TEST_STEP][PASSED] - verifyElementPresent(findTestObject("ADM/1Configuracion/5Clientes/1Maestro de Clientes/0 btn_Nuevo Cliente"), 2): Object 'Object Repository/ADM/1Configuracion/5Clientes/1Maestro de Clientes/0 btn_Nuevo Cliente' is present

2024-05-21 16:50:17 - [MESSAGE][PASSED] - Object 'Object Repository/ADM/1Configuracion/5Clientes/1Maestro de Clientes/0 btn_Nuevo Cliente' is present

2024-05-21 16:50:17 - [TEST_STEP][PASSED] - verifyElementPresent(findTestObject("ADM/1Configuracion/5Clientes/1Maestro de Clientes/Mantenimiento de Clientes/input_Identificacion"), 2): Object 'Object Repository/ADM/1Configuracion/5Clientes/1Maestro de Clientes/Mantenimiento de Clientes/input_Identificacion' is present

2024-05-21 16:50:17 - [MESSAGE][PASSED] - Object 'Object Repository/ADM/1Configuracion/5Clientes/1Maestro de Clientes/Mantenimiento de Clientes/input_Identificacion' is present

2024-05-21 16:50:17 - [TEST_STEP][PASSED] - verifyElementPresent(findTestObject("ADM/1Configuracion/5Clientes/1Maestro de Clientes/Mantenimiento de Clientes/input_Nombre Usuario"), 2): Object 'Object Repository/ADM/1Configuracion/5Clientes/1Maestro de Clientes/Mantenimiento de Clientes/input_Nombre Usuario' is present

2024-05-21 16:50:18 - [MESSAGE][PASSED] - Object 'Object Repository/ADM/1Configuracion/5Clientes/1Maestro de Clientes/Mantenimiento de Clientes/input_Nombre Usuario' is present

2024-05-21 16:50:18 - [TEST_STEP][PASSED] - verifyElementPresent(findTestObject("ADM/1Configuracion/5Clientes/1Maestro de Clientes/Mantenimiento de Clientes/input_Nombres"), 2): Object 'Object Repository/ADM/1Configuracion/5Clientes/1Maestro de Clientes/Mantenimiento de Clientes/input_Nombres' is present

2024-05-21 16:50:18 - [MESSAGE][PASSED] - Object 'Object Repository/ADM/1Configuracion/5Clientes/1Maestro de Clientes/Mantenimiento de Clientes/input_Nombres' is present

2024-05-21 16:50:18 - [TEST_STEP][PASSED] - verifyElementPresent(findTestObject("ADM/1Configuracion/5Clientes/1Maestro de Clientes/Mantenimiento de Clientes/input_Telefono"), 2): Object 'Object Repository/ADM/1Configuracion/5Clientes/1Maestro de Clientes/Mantenimiento de Clientes/input_Telefono' is present

2024-05-21 16:50:18 - [MESSAGE][PASSED] - Object 'Object Repository/ADM/1Configuracion/5Clientes/1Maestro de Clientes/Mantenimiento de Clientes/input_Telefono' is present

2024-05-21 16:50:18 - [TEST_STEP][PASSED] - verifyElementPresent(findTestObject("ADM/1Configuracion/5Clientes/1Maestro de Clientes/Mantenimiento de Clientes/label_Activo"), 2): Object 'Object Repository/ADM/1Configuracion/5Clientes/1Maestro de Clientes/Mantenimiento de Clientes/label_Activo' is present

2024-05-21 16:50:19 - [MESSAGE][PASSED] - Object 'Object Repository/ADM/1Configuracion/5Clientes/1Maestro de Clientes/Mantenimiento de Clientes/label_Activo' is present

2024-05-21 16:50:19 - [TEST_STEP][PASSED] - verifyElementPresent(findTestObject("ADM/1Configuracion/5Clientes/1Maestro de Clientes/Mantenimiento de Clientes/label_Penalizado"), 2): Object 'Object Repository/ADM/1Configuracion/5Clientes/1Maestro de Clientes/Mantenimiento de Clientes/label_Penalizado' is present

2024-05-21 16:50:19 - [MESSAGE][PASSED] - Object 'Object Repository/ADM/1Configuracion/5Clientes/1Maestro de Clientes/Mantenimiento de Clientes/label_Penalizado' is present

2024-05-21 16:50:19 - [TEST_STEP][PASSED] - delay(2): Delayed 2 second(s)

2024-05-21 16:50:21 - [MESSAGE][PASSED] - Delayed 2 second(s)

2024-05-21 16:50:21 - [TEST_STEP][PASSED] - takeFullPageScreenshot(): Taking screenshot successfully

2024-05-21 16:50:22 - [MESSAGE][INFO] - 0 hidden object(s)

2024-05-21 16:50:22 - [MESSAGE][PASSED] - Taking screenshot successfully
[[ATTACHMENT|C:\\CIEL INGENIERIA\\Katalon\\AgendamientoADM\\Reports\\20240521_152353\\1 Configuracion\\5 Clientes\\1 Maestro Clientes\\20240521_152430\\1716328221765.png]]

2024-05-21 16:50:22 - [TEST_STEP][PASSED] - Start listener action : sampleAfterTestCase: null]]></system-out>
         <system-err><![CDATA[]]></system-err>
      </testcase>
      <testcase name="Test Cases/Configuracion/5 Clientes/1 Maestro Clientes/R199" time="30.133" classname="Test Cases/Configuracion/5 Clientes/1 Maestro Clientes/R199" status="FAILED">
         <failure type="FAILED" message="Test Cases/Configuracion/5 Clientes/1 Maestro Clientes/R199 FAILED.
Reason:
com.kms.katalon.core.exception.StepFailedException: Unable to click on object 'Object Repository/ADM/1Configuracion/5Clientes/1Maestro de Clientes/Mantenimiento de Clientes/btn_1 Editar'
	at com.kms.katalon.core.webui.keyword.internal.WebUIKeywordMain.stepFailed(WebUIKeywordMain.groovy:64)
	at com.kms.katalon.core.webui.keyword.internal.WebUIKeywordMain.runKeyword(WebUIKeywordMain.groovy:26)
	at com.kms.katalon.core.webui.keyword.builtin.ClickKeyword.click(ClickKeyword.groovy:74)
	at com.kms.katalon.core.webui.keyword.builtin.ClickKeyword.execute(ClickKeyword.groovy:40)
	at com.kms.katalon.core.keyword.internal.KeywordExecutor.executeKeywordForPlatform(KeywordExecutor.groovy:74)
	at com.kms.katalon.core.webui.keyword.WebUiBuiltInKeywords.click(WebUiBuiltInKeywords.groovy:620)
	at com.kms.katalon.core.webui.keyword.WebUiBuiltInKeywords$click$2.call(Unknown Source)
	at R199.run(R199:50)
	at com.kms.katalon.core.main.ScriptEngine.run(ScriptEngine.java:194)
	at com.kms.katalon.core.main.ScriptEngine.runScriptAsRawText(ScriptEngine.java:119)
	at com.kms.katalon.core.main.TestCaseExecutor.runScript(TestCaseExecutor.java:448)
	at com.kms.katalon.core.main.TestCaseExecutor.doExecute(TestCaseExecutor.java:439)
	at com.kms.katalon.core.main.TestCaseExecutor.processExecutionPhase(TestCaseExecutor.java:418)
	at com.kms.katalon.core.main.TestCaseExecutor.accessMainPhase(TestCaseExecutor.java:410)
	at com.kms.katalon.core.main.TestCaseExecutor.execute(TestCaseExecutor.java:285)
	at com.kms.katalon.core.common.CommonExecutor.accessTestCaseMainPhase(CommonExecutor.java:65)
	at com.kms.katalon.core.main.TestSuiteExecutor.accessTestSuiteMainPhase(TestSuiteExecutor.java:148)
	at com.kms.katalon.core.main.TestSuiteExecutor.execute(TestSuiteExecutor.java:106)
	at com.kms.katalon.core.main.TestCaseMain.startTestSuite(TestCaseMain.java:187)
	at com.kms.katalon.core.main.TestCaseMain$startTestSuite$0.call(Unknown Source)
	at TempTestSuite1716323070945.run(TempTestSuite1716323070945.groovy:35)
Caused by: org.openqa.selenium.ElementNotInteractableException: element not interactable
  (Session info: chrome=124.0.6367.208)
Build info: version: '3.141.59', revision: 'e82be7d358', time: '2018-11-14T08:25:53'
System info: host: 'PCPRUEBAS101', ip: '192.168.91.13', os.name: 'Windows 10', os.arch: 'amd64', os.version: '10.0', java.version: '1.8.0_282'
Driver info: com.kms.katalon.selenium.driver.CChromeDriver
Capabilities {acceptInsecureCerts: false, browserName: chrome, browserVersion: 124.0.6367.208, chrome: {chromedriverVersion: 123.0.6312.105 (399174dbe6e..., userDataDir: C:\Users\JDavila\AppData\Lo...}, fedcm:accounts: true, goog:chromeOptions: {debuggerAddress: localhost:52561}, javascriptEnabled: true, networkConnectionEnabled: false, pageLoadStrategy: normal, platform: WINDOWS, platformName: WINDOWS, proxy: Proxy(), setWindowRect: true, strictFileInteractability: false, timeouts: {implicit: 0, pageLoad: 300000, script: 30000}, unhandledPromptBehavior: dismiss and notify, webauthn:extension:credBlob: true, webauthn:extension:largeBlob: true, webauthn:extension:minPinLength: true, webauthn:extension:prf: true, webauthn:virtualAuthenticators: true}
Session ID: 9fb29d79ec688fe2b64eb17458f285bb
	at org.openqa.selenium.remote.http.W3CHttpResponseCodec.createException(W3CHttpResponseCodec.java:187)
	at org.openqa.selenium.remote.http.W3CHttpResponseCodec.decode(W3CHttpResponseCodec.java:122)
	at org.openqa.selenium.remote.http.W3CHttpResponseCodec.decode(W3CHttpResponseCodec.java:49)
	at org.openqa.selenium.remote.HttpCommandExecutor.execute(HttpCommandExecutor.java:158)
	at org.openqa.selenium.remote.service.DriverCommandExecutor.execute(DriverCommandExecutor.java:83)
	at org.openqa.selenium.remote.RemoteWebDriver.execute(RemoteWebDriver.java:552)
	at com.kms.katalon.selenium.driver.CChromeDriver.execute(CChromeDriver.java:19)
	at org.openqa.selenium.remote.RemoteWebElement.execute(RemoteWebElement.java:285)
	at org.openqa.selenium.remote.RemoteWebElement.click(RemoteWebElement.java:84)
	at org.openqa.selenium.support.events.EventFiringWebDriver$EventFiringWebElement.lambda$new$0(EventFiringWebDriver.java:404)
	at com.sun.proxy.$Proxy12.click(Unknown Source)
	at org.openqa.selenium.support.events.EventFiringWebDriver$EventFiringWebElement.click(EventFiringWebDriver.java:417)
	at org.openqa.selenium.WebElement$click.call(Unknown Source)
	at com.kms.katalon.core.webui.keyword.builtin.ClickKeyword.clickUntilSuccessWithTimeout(ClickKeyword.groovy:81)
	at com.kms.katalon.core.webui.keyword.builtin.ClickKeyword.clickUntilSuccessWithTimeout(ClickKeyword.groovy)
	at com.kms.katalon.core.webui.keyword.builtin.ClickKeyword$_click_closure1.doCall(ClickKeyword.groovy:67)
	at com.kms.katalon.core.webui.keyword.builtin.ClickKeyword$_click_closure1.call(ClickKeyword.groovy)
	at com.kms.katalon.core.webui.keyword.internal.WebUIKeywordMain.runKeyword(WebUIKeywordMain.groovy:20)
	... 19 more
"/>
         <system-out><![CDATA[2024-05-21 16:50:22 - [TEST_CASE][FAILED] - Test Cases/Configuracion/5 Clientes/1 Maestro Clientes/R199: Test Cases/Configuracion/5 Clientes/1 Maestro Clientes/R199 FAILED.
Reason:
com.kms.katalon.core.exception.StepFailedException: Unable to click on object 'Object Repository/ADM/1Configuracion/5Clientes/1Maestro de Clientes/Mantenimiento de Clientes/btn_1 Editar'
	at com.kms.katalon.core.webui.keyword.internal.WebUIKeywordMain.stepFailed(WebUIKeywordMain.groovy:64)
	at com.kms.katalon.core.webui.keyword.internal.WebUIKeywordMain.runKeyword(WebUIKeywordMain.groovy:26)
	at com.kms.katalon.core.webui.keyword.builtin.ClickKeyword.click(ClickKeyword.groovy:74)
	at com.kms.katalon.core.webui.keyword.builtin.ClickKeyword.execute(ClickKeyword.groovy:40)
	at com.kms.katalon.core.keyword.internal.KeywordExecutor.executeKeywordForPlatform(KeywordExecutor.groovy:74)
	at com.kms.katalon.core.webui.keyword.WebUiBuiltInKeywords.click(WebUiBuiltInKeywords.groovy:620)
	at com.kms.katalon.core.webui.keyword.WebUiBuiltInKeywords$click$2.call(Unknown Source)
	at R199.run(R199:50)
	at com.kms.katalon.core.main.ScriptEngine.run(ScriptEngine.java:194)
	at com.kms.katalon.core.main.ScriptEngine.runScriptAsRawText(ScriptEngine.java:119)
	at com.kms.katalon.core.main.TestCaseExecutor.runScript(TestCaseExecutor.java:448)
	at com.kms.katalon.core.main.TestCaseExecutor.doExecute(TestCaseExecutor.java:439)
	at com.kms.katalon.core.main.TestCaseExecutor.processExecutionPhase(TestCaseExecutor.java:418)
	at com.kms.katalon.core.main.TestCaseExecutor.accessMainPhase(TestCaseExecutor.java:410)
	at com.kms.katalon.core.main.TestCaseExecutor.execute(TestCaseExecutor.java:285)
	at com.kms.katalon.core.common.CommonExecutor.accessTestCaseMainPhase(CommonExecutor.java:65)
	at com.kms.katalon.core.main.TestSuiteExecutor.accessTestSuiteMainPhase(TestSuiteExecutor.java:148)
	at com.kms.katalon.core.main.TestSuiteExecutor.execute(TestSuiteExecutor.java:106)
	at com.kms.katalon.core.main.TestCaseMain.startTestSuite(TestCaseMain.java:187)
	at com.kms.katalon.core.main.TestCaseMain$startTestSuite$0.call(Unknown Source)
	at TempTestSuite1716323070945.run(TempTestSuite1716323070945.groovy:35)
Caused by: org.openqa.selenium.ElementNotInteractableException: element not interactable
  (Session info: chrome=124.0.6367.208)
Build info: version: '3.141.59', revision: 'e82be7d358', time: '2018-11-14T08:25:53'
System info: host: 'PCPRUEBAS101', ip: '192.168.91.13', os.name: 'Windows 10', os.arch: 'amd64', os.version: '10.0', java.version: '1.8.0_282'
Driver info: com.kms.katalon.selenium.driver.CChromeDriver
Capabilities {acceptInsecureCerts: false, browserName: chrome, browserVersion: 124.0.6367.208, chrome: {chromedriverVersion: 123.0.6312.105 (399174dbe6e..., userDataDir: C:\Users\JDavila\AppData\Lo...}, fedcm:accounts: true, goog:chromeOptions: {debuggerAddress: localhost:52561}, javascriptEnabled: true, networkConnectionEnabled: false, pageLoadStrategy: normal, platform: WINDOWS, platformName: WINDOWS, proxy: Proxy(), setWindowRect: true, strictFileInteractability: false, timeouts: {implicit: 0, pageLoad: 300000, script: 30000}, unhandledPromptBehavior: dismiss and notify, webauthn:extension:credBlob: true, webauthn:extension:largeBlob: true, webauthn:extension:minPinLength: true, webauthn:extension:prf: true, webauthn:virtualAuthenticators: true}
Session ID: 9fb29d79ec688fe2b64eb17458f285bb
	at org.openqa.selenium.remote.http.W3CHttpResponseCodec.createException(W3CHttpResponseCodec.java:187)
	at org.openqa.selenium.remote.http.W3CHttpResponseCodec.decode(W3CHttpResponseCodec.java:122)
	at org.openqa.selenium.remote.http.W3CHttpResponseCodec.decode(W3CHttpResponseCodec.java:49)
	at org.openqa.selenium.remote.HttpCommandExecutor.execute(HttpCommandExecutor.java:158)
	at org.openqa.selenium.remote.service.DriverCommandExecutor.execute(DriverCommandExecutor.java:83)
	at org.openqa.selenium.remote.RemoteWebDriver.execute(RemoteWebDriver.java:552)
	at com.kms.katalon.selenium.driver.CChromeDriver.execute(CChromeDriver.java:19)
	at org.openqa.selenium.remote.RemoteWebElement.execute(RemoteWebElement.java:285)
	at org.openqa.selenium.remote.RemoteWebElement.click(RemoteWebElement.java:84)
	at org.openqa.selenium.support.events.EventFiringWebDriver$EventFiringWebElement.lambda$new$0(EventFiringWebDriver.java:404)
	at com.sun.proxy.$Proxy12.click(Unknown Source)
	at org.openqa.selenium.support.events.EventFiringWebDriver$EventFiringWebElement.click(EventFiringWebDriver.java:417)
	at org.openqa.selenium.WebElement$click.call(Unknown Source)
	at com.kms.katalon.core.webui.keyword.builtin.ClickKeyword.clickUntilSuccessWithTimeout(ClickKeyword.groovy:81)
	at com.kms.katalon.core.webui.keyword.builtin.ClickKeyword.clickUntilSuccessWithTimeout(ClickKeyword.groovy)
	at com.kms.katalon.core.webui.keyword.builtin.ClickKeyword$_click_closure1.doCall(ClickKeyword.groovy:67)
	at com.kms.katalon.core.webui.keyword.builtin.ClickKeyword$_click_closure1.call(ClickKeyword.groovy)
	at com.kms.katalon.core.webui.keyword.internal.WebUIKeywordMain.runKeyword(WebUIKeywordMain.groovy:20)
	... 19 more


2024-05-21 16:50:22 - [TEST_STEP][PASSED] - callTestCase(findTestCase("0InicioSesion"), [:], STOP_ON_FAILURE): Call Test Case 'Test Cases/0InicioSesion' successfully

2024-05-21 16:50:22 - [TEST_CASE][PASSED] - Test Cases/0InicioSesion: Test Cases/0InicioSesion

2024-05-21 16:50:22 - [TEST_STEP][PASSED] - openBrowser(Url): Browser is opened with url: 'https://pcpruebas101.ciel.cielingenieria.com:8815/'

2024-05-21 16:50:22 - [MESSAGE][WARNING] - A browser is already opened. Closing browser and opening a new one

2024-05-21 16:50:23 - [MESSAGE][INFO] - Starting 'Chrome' driver

2024-05-21 16:50:23 - [MESSAGE][INFO] - Action delay is set to 0 milliseconds

2024-05-21 16:50:25 - [MESSAGE][PASSED] - Browser is opened with url: 'https://pcpruebas101.ciel.cielingenieria.com:8815/'

2024-05-21 16:50:25 - [TEST_STEP][PASSED] - maximizeWindow(): Current window maximized

2024-05-21 16:50:25 - [MESSAGE][PASSED] - Current window maximized

2024-05-21 16:50:25 - [TEST_STEP][PASSED] - delay(2): Delayed 2 second(s)

2024-05-21 16:50:27 - [MESSAGE][PASSED] - Delayed 2 second(s)

2024-05-21 16:50:27 - [TEST_STEP][PASSED] - setText(findTestObject("ADM/0Inicio Sesion/input_Usuario"), Usuario): Text 'Ciel' is set on object 'Object Repository/ADM/0Inicio Sesion/input_Usuario'

2024-05-21 16:50:29 - [MESSAGE][PASSED] - Text 'Ciel' is set on object 'Object Repository/ADM/0Inicio Sesion/input_Usuario'

2024-05-21 16:50:29 - [TEST_STEP][PASSED] - delay(2): Delayed 2 second(s)

2024-05-21 16:50:31 - [MESSAGE][PASSED] - Delayed 2 second(s)

2024-05-21 16:50:31 - [TEST_STEP][PASSED] - setText(findTestObject("ADM/0Inicio Sesion/input_Clave"), Clave): Text 'Digiturno5.' is set on object 'Object Repository/ADM/0Inicio Sesion/input_Clave'

2024-05-21 16:50:31 - [MESSAGE][PASSED] - Text 'Digiturno5.' is set on object 'Object Repository/ADM/0Inicio Sesion/input_Clave'

2024-05-21 16:50:31 - [TEST_STEP][PASSED] - delay(2): Delayed 2 second(s)

2024-05-21 16:50:33 - [MESSAGE][PASSED] - Delayed 2 second(s)

2024-05-21 16:50:33 - [TEST_STEP][PASSED] - click(findTestObject("ADM/0Inicio Sesion/btn_IniciarSesion")): Object: 'Object Repository/ADM/0Inicio Sesion/btn_IniciarSesion' is clicked on

2024-05-21 16:50:34 - [MESSAGE][PASSED] - Object: 'Object Repository/ADM/0Inicio Sesion/btn_IniciarSesion' is clicked on

2024-05-21 16:50:34 - [TEST_STEP][PASSED] - delay(3): Delayed 3 second(s)

2024-05-21 16:50:37 - [MESSAGE][PASSED] - Delayed 3 second(s)

2024-05-21 16:50:37 - [MESSAGE][PASSED] - Call Test Case 'Test Cases/0InicioSesion' successfully

2024-05-21 16:50:37 - [TEST_STEP][PASSED] - click(findTestObject("ADM/0Principal/a_Configuracion")): Object: 'Object Repository/ADM/0Principal/a_Configuracion' is clicked on

2024-05-21 16:50:37 - [MESSAGE][PASSED] - Object: 'Object Repository/ADM/0Principal/a_Configuracion' is clicked on

2024-05-21 16:50:37 - [TEST_STEP][PASSED] - delay(2): Delayed 2 second(s)

2024-05-21 16:50:39 - [MESSAGE][PASSED] - Delayed 2 second(s)

2024-05-21 16:50:39 - [TEST_STEP][PASSED] - click(findTestObject("ADM/1Configuracion/0Principal/a_5 Clientes")): Object: 'Object Repository/ADM/1Configuracion/0Principal/a_5 Clientes' is clicked on

2024-05-21 16:50:40 - [MESSAGE][PASSED] - Object: 'Object Repository/ADM/1Configuracion/0Principal/a_5 Clientes' is clicked on

2024-05-21 16:50:40 - [TEST_STEP][PASSED] - delay(2): Delayed 2 second(s)

2024-05-21 16:50:42 - [MESSAGE][PASSED] - Delayed 2 second(s)

2024-05-21 16:50:42 - [TEST_STEP][PASSED] - click(findTestObject("ADM/1Configuracion/5Clientes/0Principal/a_1 Maestro de clientes")): Object: 'Object Repository/ADM/1Configuracion/5Clientes/0Principal/a_1 Maestro de clientes' is clicked on

2024-05-21 16:50:43 - [MESSAGE][PASSED] - Object: 'Object Repository/ADM/1Configuracion/5Clientes/0Principal/a_1 Maestro de clientes' is clicked on

2024-05-21 16:50:43 - [TEST_STEP][PASSED] - delay(2): Delayed 2 second(s)

2024-05-21 16:50:45 - [MESSAGE][PASSED] - Delayed 2 second(s)

2024-05-21 16:50:45 - [TEST_STEP][PASSED] - comment("Boton Editar"): Boton Editar

2024-05-21 16:50:45 - [MESSAGE][INFO] - Boton Editar

2024-05-21 16:50:45 - [TEST_STEP][PASSED] - takeFullPageScreenshot(): Taking screenshot successfully

2024-05-21 16:50:45 - [MESSAGE][INFO] - 0 hidden object(s)

2024-05-21 16:50:45 - [MESSAGE][PASSED] - Taking screenshot successfully
[[ATTACHMENT|C:\\CIEL INGENIERIA\\Katalon\\AgendamientoADM\\Reports\\20240521_152353\\1 Configuracion\\5 Clientes\\1 Maestro Clientes\\20240521_152430\\1716328245094.png]]

2024-05-21 16:50:45 - [TEST_STEP][PASSED] - delay(2): Delayed 2 second(s)

2024-05-21 16:50:47 - [MESSAGE][PASSED] - Delayed 2 second(s)

2024-05-21 16:50:47 - [TEST_STEP][PASSED] - setText(findTestObject("ADM/1Configuracion/5Clientes/1Maestro de Clientes/Mantenimiento de Clientes/input_Identificacion"), findTestData("5Clientes").getValue("Identificacion", 1)): Text '52525252' is set on object 'Object Repository/ADM/1Configuracion/5Clientes/1Maestro de Clientes/Mantenimiento de Clientes/input_Identificacion'

2024-05-21 16:50:48 - [MESSAGE][PASSED] - Text '52525252' is set on object 'Object Repository/ADM/1Configuracion/5Clientes/1Maestro de Clientes/Mantenimiento de Clientes/input_Identificacion'

2024-05-21 16:50:48 - [TEST_STEP][PASSED] - selectOptionByLabel(findTestObject("ADM/1Configuracion/5Clientes/1Maestro de Clientes/Mantenimiento de Clientes/select_Identificacion"), findTestData("5Clientes").getValue("Seleccionar", 6), false): All options with label 'Contiene' are selected in object 'Object Repository/ADM/1Configuracion/5Clientes/1Maestro de Clientes/Mantenimiento de Clientes/select_Identificacion' 

2024-05-21 16:50:49 - [MESSAGE][PASSED] - All options with label 'Contiene' are selected in object 'Object Repository/ADM/1Configuracion/5Clientes/1Maestro de Clientes/Mantenimiento de Clientes/select_Identificacion' 

2024-05-21 16:50:49 - [TEST_STEP][PASSED] - delay(2): Delayed 2 second(s)

2024-05-21 16:50:51 - [MESSAGE][PASSED] - Delayed 2 second(s)

2024-05-21 16:50:51 - [TEST_STEP][PASSED] - takeFullPageScreenshot(): Taking screenshot successfully

2024-05-21 16:50:51 - [MESSAGE][INFO] - 0 hidden object(s)

2024-05-21 16:50:51 - [MESSAGE][PASSED] - Taking screenshot successfully
[[ATTACHMENT|C:\\CIEL INGENIERIA\\Katalon\\AgendamientoADM\\Reports\\20240521_152353\\1 Configuracion\\5 Clientes\\1 Maestro Clientes\\20240521_152430\\1716328251412.png]]

2024-05-21 16:50:51 - [TEST_STEP][FAILED] - click(findTestObject("ADM/1Configuracion/5Clientes/1Maestro de Clientes/Mantenimiento de Clientes/btn_1 Editar")): Unable to click on object 'Object Repository/ADM/1Configuracion/5Clientes/1Maestro de Clientes/Mantenimiento de Clientes/btn_1 Editar' (Root cause: com.kms.katalon.core.exception.StepFailedException: Unable to click on object 'Object Repository/ADM/1Configuracion/5Clientes/1Maestro de Clientes/Mantenimiento de Clientes/btn_1 Editar'
	at com.kms.katalon.core.webui.keyword.internal.WebUIKeywordMain.stepFailed(WebUIKeywordMain.groovy:64)
	at com.kms.katalon.core.webui.keyword.internal.WebUIKeywordMain.runKeyword(WebUIKeywordMain.groovy:26)
	at com.kms.katalon.core.webui.keyword.builtin.ClickKeyword.click(ClickKeyword.groovy:74)
	at com.kms.katalon.core.webui.keyword.builtin.ClickKeyword.execute(ClickKeyword.groovy:40)
	at com.kms.katalon.core.keyword.internal.KeywordExecutor.executeKeywordForPlatform(KeywordExecutor.groovy:74)
	at com.kms.katalon.core.webui.keyword.WebUiBuiltInKeywords.click(WebUiBuiltInKeywords.groovy:620)
	at com.kms.katalon.core.webui.keyword.WebUiBuiltInKeywords$click$2.call(Unknown Source)
	at R199.run(R199:50)
	at com.kms.katalon.core.main.ScriptEngine.run(ScriptEngine.java:194)
	at com.kms.katalon.core.main.ScriptEngine.runScriptAsRawText(ScriptEngine.java:119)
	at com.kms.katalon.core.main.TestCaseExecutor.runScript(TestCaseExecutor.java:448)
	at com.kms.katalon.core.main.TestCaseExecutor.doExecute(TestCaseExecutor.java:439)
	at com.kms.katalon.core.main.TestCaseExecutor.processExecutionPhase(TestCaseExecutor.java:418)
	at com.kms.katalon.core.main.TestCaseExecutor.accessMainPhase(TestCaseExecutor.java:410)
	at com.kms.katalon.core.main.TestCaseExecutor.execute(TestCaseExecutor.java:285)
	at com.kms.katalon.core.common.CommonExecutor.accessTestCaseMainPhase(CommonExecutor.java:65)
	at com.kms.katalon.core.main.TestSuiteExecutor.accessTestSuiteMainPhase(TestSuiteExecutor.java:148)
	at com.kms.katalon.core.main.TestSuiteExecutor.execute(TestSuiteExecutor.java:106)
	at com.kms.katalon.core.main.TestCaseMain.startTestSuite(TestCaseMain.java:187)
	at com.kms.katalon.core.main.TestCaseMain$startTestSuite$0.call(Unknown Source)
	at TempTestSuite1716323070945.run(TempTestSuite1716323070945.groovy:35)
Caused by: org.openqa.selenium.ElementNotInteractableException: element not interactable
  (Session info: chrome=124.0.6367.208)
Build info: version: '3.141.59', revision: 'e82be7d358', time: '2018-11-14T08:25:53'
System info: host: 'PCPRUEBAS101', ip: '192.168.91.13', os.name: 'Windows 10', os.arch: 'amd64', os.version: '10.0', java.version: '1.8.0_282'
Driver info: com.kms.katalon.selenium.driver.CChromeDriver
Capabilities {acceptInsecureCerts: false, browserName: chrome, browserVersion: 124.0.6367.208, chrome: {chromedriverVersion: 123.0.6312.105 (399174dbe6e..., userDataDir: C:\Users\JDavila\AppData\Lo...}, fedcm:accounts: true, goog:chromeOptions: {debuggerAddress: localhost:52561}, javascriptEnabled: true, networkConnectionEnabled: false, pageLoadStrategy: normal, platform: WINDOWS, platformName: WINDOWS, proxy: Proxy(), setWindowRect: true, strictFileInteractability: false, timeouts: {implicit: 0, pageLoad: 300000, script: 30000}, unhandledPromptBehavior: dismiss and notify, webauthn:extension:credBlob: true, webauthn:extension:largeBlob: true, webauthn:extension:minPinLength: true, webauthn:extension:prf: true, webauthn:virtualAuthenticators: true}
Session ID: 9fb29d79ec688fe2b64eb17458f285bb
	at org.openqa.selenium.remote.http.W3CHttpResponseCodec.createException(W3CHttpResponseCodec.java:187)
	at org.openqa.selenium.remote.http.W3CHttpResponseCodec.decode(W3CHttpResponseCodec.java:122)
	at org.openqa.selenium.remote.http.W3CHttpResponseCodec.decode(W3CHttpResponseCodec.java:49)
	at org.openqa.selenium.remote.HttpCommandExecutor.execute(HttpCommandExecutor.java:158)
	at org.openqa.selenium.remote.service.DriverCommandExecutor.execute(DriverCommandExecutor.java:83)
	at org.openqa.selenium.remote.RemoteWebDriver.execute(RemoteWebDriver.java:552)
	at com.kms.katalon.selenium.driver.CChromeDriver.execute(CChromeDriver.java:19)
	at org.openqa.selenium.remote.RemoteWebElement.execute(RemoteWebElement.java:285)
	at org.openqa.selenium.remote.RemoteWebElement.click(RemoteWebElement.java:84)
	at org.openqa.selenium.support.events.EventFiringWebDriver$EventFiringWebElement.lambda$new$0(EventFiringWebDriver.java:404)
	at com.sun.proxy.$Proxy12.click(Unknown Source)
	at org.openqa.selenium.support.events.EventFiringWebDriver$EventFiringWebElement.click(EventFiringWebDriver.java:417)
	at org.openqa.selenium.WebElement$click.call(Unknown Source)
	at com.kms.katalon.core.webui.keyword.builtin.ClickKeyword.clickUntilSuccessWithTimeout(ClickKeyword.groovy:81)
	at com.kms.katalon.core.webui.keyword.builtin.ClickKeyword.clickUntilSuccessWithTimeout(ClickKeyword.groovy)
	at com.kms.katalon.core.webui.keyword.builtin.ClickKeyword$_click_closure1.doCall(ClickKeyword.groovy:67)
	at com.kms.katalon.core.webui.keyword.builtin.ClickKeyword$_click_closure1.call(ClickKeyword.groovy)
	at com.kms.katalon.core.webui.keyword.internal.WebUIKeywordMain.runKeyword(WebUIKeywordMain.groovy:20)
	at com.kms.katalon.core.webui.keyword.builtin.ClickKeyword.click(ClickKeyword.groovy:74)
	at com.kms.katalon.core.webui.keyword.builtin.ClickKeyword.execute(ClickKeyword.groovy:40)
	at com.kms.katalon.core.keyword.internal.KeywordExecutor.executeKeywordForPlatform(KeywordExecutor.groovy:74)
	at com.kms.katalon.core.webui.keyword.WebUiBuiltInKeywords.click(WebUiBuiltInKeywords.groovy:620)
	at com.kms.katalon.core.webui.keyword.WebUiBuiltInKeywords$click$2.call(Unknown Source)
	at Script1705947188847.run(Script1705947188847.groovy:50)
	... 13 more
)

2024-05-21 16:50:52 - [MESSAGE][FAILED] - Unable to click on object 'Object Repository/ADM/1Configuracion/5Clientes/1Maestro de Clientes/Mantenimiento de Clientes/btn_1 Editar' (Root cause: com.kms.katalon.core.exception.StepFailedException: Unable to click on object 'Object Repository/ADM/1Configuracion/5Clientes/1Maestro de Clientes/Mantenimiento de Clientes/btn_1 Editar'
	at com.kms.katalon.core.webui.keyword.internal.WebUIKeywordMain.stepFailed(WebUIKeywordMain.groovy:64)
	at com.kms.katalon.core.webui.keyword.internal.WebUIKeywordMain.runKeyword(WebUIKeywordMain.groovy:26)
	at com.kms.katalon.core.webui.keyword.builtin.ClickKeyword.click(ClickKeyword.groovy:74)
	at com.kms.katalon.core.webui.keyword.builtin.ClickKeyword.execute(ClickKeyword.groovy:40)
	at com.kms.katalon.core.keyword.internal.KeywordExecutor.executeKeywordForPlatform(KeywordExecutor.groovy:74)
	at com.kms.katalon.core.webui.keyword.WebUiBuiltInKeywords.click(WebUiBuiltInKeywords.groovy:620)
	at com.kms.katalon.core.webui.keyword.WebUiBuiltInKeywords$click$2.call(Unknown Source)
	at R199.run(R199:50)
	at com.kms.katalon.core.main.ScriptEngine.run(ScriptEngine.java:194)
	at com.kms.katalon.core.main.ScriptEngine.runScriptAsRawText(ScriptEngine.java:119)
	at com.kms.katalon.core.main.TestCaseExecutor.runScript(TestCaseExecutor.java:448)
	at com.kms.katalon.core.main.TestCaseExecutor.doExecute(TestCaseExecutor.java:439)
	at com.kms.katalon.core.main.TestCaseExecutor.processExecutionPhase(TestCaseExecutor.java:418)
	at com.kms.katalon.core.main.TestCaseExecutor.accessMainPhase(TestCaseExecutor.java:410)
	at com.kms.katalon.core.main.TestCaseExecutor.execute(TestCaseExecutor.java:285)
	at com.kms.katalon.core.common.CommonExecutor.accessTestCaseMainPhase(CommonExecutor.java:65)
	at com.kms.katalon.core.main.TestSuiteExecutor.accessTestSuiteMainPhase(TestSuiteExecutor.java:148)
	at com.kms.katalon.core.main.TestSuiteExecutor.execute(TestSuiteExecutor.java:106)
	at com.kms.katalon.core.main.TestCaseMain.startTestSuite(TestCaseMain.java:187)
	at com.kms.katalon.core.main.TestCaseMain$startTestSuite$0.call(Unknown Source)
	at TempTestSuite1716323070945.run(TempTestSuite1716323070945.groovy:35)
Caused by: org.openqa.selenium.ElementNotInteractableException: element not interactable
  (Session info: chrome=124.0.6367.208)
Build info: version: '3.141.59', revision: 'e82be7d358', time: '2018-11-14T08:25:53'
System info: host: 'PCPRUEBAS101', ip: '192.168.91.13', os.name: 'Windows 10', os.arch: 'amd64', os.version: '10.0', java.version: '1.8.0_282'
Driver info: com.kms.katalon.selenium.driver.CChromeDriver
Capabilities {acceptInsecureCerts: false, browserName: chrome, browserVersion: 124.0.6367.208, chrome: {chromedriverVersion: 123.0.6312.105 (399174dbe6e..., userDataDir: C:\Users\JDavila\AppData\Lo...}, fedcm:accounts: true, goog:chromeOptions: {debuggerAddress: localhost:52561}, javascriptEnabled: true, networkConnectionEnabled: false, pageLoadStrategy: normal, platform: WINDOWS, platformName: WINDOWS, proxy: Proxy(), setWindowRect: true, strictFileInteractability: false, timeouts: {implicit: 0, pageLoad: 300000, script: 30000}, unhandledPromptBehavior: dismiss and notify, webauthn:extension:credBlob: true, webauthn:extension:largeBlob: true, webauthn:extension:minPinLength: true, webauthn:extension:prf: true, webauthn:virtualAuthenticators: true}
Session ID: 9fb29d79ec688fe2b64eb17458f285bb
	at org.openqa.selenium.remote.http.W3CHttpResponseCodec.createException(W3CHttpResponseCodec.java:187)
	at org.openqa.selenium.remote.http.W3CHttpResponseCodec.decode(W3CHttpResponseCodec.java:122)
	at org.openqa.selenium.remote.http.W3CHttpResponseCodec.decode(W3CHttpResponseCodec.java:49)
	at org.openqa.selenium.remote.HttpCommandExecutor.execute(HttpCommandExecutor.java:158)
	at org.openqa.selenium.remote.service.DriverCommandExecutor.execute(DriverCommandExecutor.java:83)
	at org.openqa.selenium.remote.RemoteWebDriver.execute(RemoteWebDriver.java:552)
	at com.kms.katalon.selenium.driver.CChromeDriver.execute(CChromeDriver.java:19)
	at org.openqa.selenium.remote.RemoteWebElement.execute(RemoteWebElement.java:285)
	at org.openqa.selenium.remote.RemoteWebElement.click(RemoteWebElement.java:84)
	at org.openqa.selenium.support.events.EventFiringWebDriver$EventFiringWebElement.lambda$new$0(EventFiringWebDriver.java:404)
	at com.sun.proxy.$Proxy12.click(Unknown Source)
	at org.openqa.selenium.support.events.EventFiringWebDriver$EventFiringWebElement.click(EventFiringWebDriver.java:417)
	at org.openqa.selenium.WebElement$click.call(Unknown Source)
	at com.kms.katalon.core.webui.keyword.builtin.ClickKeyword.clickUntilSuccessWithTimeout(ClickKeyword.groovy:81)
	at com.kms.katalon.core.webui.keyword.builtin.ClickKeyword.clickUntilSuccessWithTimeout(ClickKeyword.groovy)
	at com.kms.katalon.core.webui.keyword.builtin.ClickKeyword$_click_closure1.doCall(ClickKeyword.groovy:67)
	at com.kms.katalon.core.webui.keyword.builtin.ClickKeyword$_click_closure1.call(ClickKeyword.groovy)
	at com.kms.katalon.core.webui.keyword.internal.WebUIKeywordMain.runKeyword(WebUIKeywordMain.groovy:20)
	at com.kms.katalon.core.webui.keyword.builtin.ClickKeyword.click(ClickKeyword.groovy:74)
	at com.kms.katalon.core.webui.keyword.builtin.ClickKeyword.execute(ClickKeyword.groovy:40)
	at com.kms.katalon.core.keyword.internal.KeywordExecutor.executeKeywordForPlatform(KeywordExecutor.groovy:74)
	at com.kms.katalon.core.webui.keyword.WebUiBuiltInKeywords.click(WebUiBuiltInKeywords.groovy:620)
	at com.kms.katalon.core.webui.keyword.WebUiBuiltInKeywords$click$2.call(Unknown Source)
	at Script1705947188847.run(Script1705947188847.groovy:50)
	... 13 more
)
[[ATTACHMENT|C:\\CIEL INGENIERIA\\Katalon\\AgendamientoADM\\Reports\\20240521_152353\\1 Configuracion\\5 Clientes\\1 Maestro Clientes\\20240521_152430\\1716328252262.png]]

2024-05-21 16:50:52 - [TEST_STEP][PASSED] - Start listener action : sampleAfterTestCase: null]]></system-out>
         <system-err><![CDATA[2024-05-21 16:50:22 - [TEST_CASE][FAILED] - Test Cases/Configuracion/5 Clientes/1 Maestro Clientes/R199: Test Cases/Configuracion/5 Clientes/1 Maestro Clientes/R199 FAILED.
Reason:
com.kms.katalon.core.exception.StepFailedException: Unable to click on object 'Object Repository/ADM/1Configuracion/5Clientes/1Maestro de Clientes/Mantenimiento de Clientes/btn_1 Editar'
	at com.kms.katalon.core.webui.keyword.internal.WebUIKeywordMain.stepFailed(WebUIKeywordMain.groovy:64)
	at com.kms.katalon.core.webui.keyword.internal.WebUIKeywordMain.runKeyword(WebUIKeywordMain.groovy:26)
	at com.kms.katalon.core.webui.keyword.builtin.ClickKeyword.click(ClickKeyword.groovy:74)
	at com.kms.katalon.core.webui.keyword.builtin.ClickKeyword.execute(ClickKeyword.groovy:40)
	at com.kms.katalon.core.keyword.internal.KeywordExecutor.executeKeywordForPlatform(KeywordExecutor.groovy:74)
	at com.kms.katalon.core.webui.keyword.WebUiBuiltInKeywords.click(WebUiBuiltInKeywords.groovy:620)
	at com.kms.katalon.core.webui.keyword.WebUiBuiltInKeywords$click$2.call(Unknown Source)
	at R199.run(R199:50)
	at com.kms.katalon.core.main.ScriptEngine.run(ScriptEngine.java:194)
	at com.kms.katalon.core.main.ScriptEngine.runScriptAsRawText(ScriptEngine.java:119)
	at com.kms.katalon.core.main.TestCaseExecutor.runScript(TestCaseExecutor.java:448)
	at com.kms.katalon.core.main.TestCaseExecutor.doExecute(TestCaseExecutor.java:439)
	at com.kms.katalon.core.main.TestCaseExecutor.processExecutionPhase(TestCaseExecutor.java:418)
	at com.kms.katalon.core.main.TestCaseExecutor.accessMainPhase(TestCaseExecutor.java:410)
	at com.kms.katalon.core.main.TestCaseExecutor.execute(TestCaseExecutor.java:285)
	at com.kms.katalon.core.common.CommonExecutor.accessTestCaseMainPhase(CommonExecutor.java:65)
	at com.kms.katalon.core.main.TestSuiteExecutor.accessTestSuiteMainPhase(TestSuiteExecutor.java:148)
	at com.kms.katalon.core.main.TestSuiteExecutor.execute(TestSuiteExecutor.java:106)
	at com.kms.katalon.core.main.TestCaseMain.startTestSuite(TestCaseMain.java:187)
	at com.kms.katalon.core.main.TestCaseMain$startTestSuite$0.call(Unknown Source)
	at TempTestSuite1716323070945.run(TempTestSuite1716323070945.groovy:35)
Caused by: org.openqa.selenium.ElementNotInteractableException: element not interactable
  (Session info: chrome=124.0.6367.208)
Build info: version: '3.141.59', revision: 'e82be7d358', time: '2018-11-14T08:25:53'
System info: host: 'PCPRUEBAS101', ip: '192.168.91.13', os.name: 'Windows 10', os.arch: 'amd64', os.version: '10.0', java.version: '1.8.0_282'
Driver info: com.kms.katalon.selenium.driver.CChromeDriver
Capabilities {acceptInsecureCerts: false, browserName: chrome, browserVersion: 124.0.6367.208, chrome: {chromedriverVersion: 123.0.6312.105 (399174dbe6e..., userDataDir: C:\Users\JDavila\AppData\Lo...}, fedcm:accounts: true, goog:chromeOptions: {debuggerAddress: localhost:52561}, javascriptEnabled: true, networkConnectionEnabled: false, pageLoadStrategy: normal, platform: WINDOWS, platformName: WINDOWS, proxy: Proxy(), setWindowRect: true, strictFileInteractability: false, timeouts: {implicit: 0, pageLoad: 300000, script: 30000}, unhandledPromptBehavior: dismiss and notify, webauthn:extension:credBlob: true, webauthn:extension:largeBlob: true, webauthn:extension:minPinLength: true, webauthn:extension:prf: true, webauthn:virtualAuthenticators: true}
Session ID: 9fb29d79ec688fe2b64eb17458f285bb
	at org.openqa.selenium.remote.http.W3CHttpResponseCodec.createException(W3CHttpResponseCodec.java:187)
	at org.openqa.selenium.remote.http.W3CHttpResponseCodec.decode(W3CHttpResponseCodec.java:122)
	at org.openqa.selenium.remote.http.W3CHttpResponseCodec.decode(W3CHttpResponseCodec.java:49)
	at org.openqa.selenium.remote.HttpCommandExecutor.execute(HttpCommandExecutor.java:158)
	at org.openqa.selenium.remote.service.DriverCommandExecutor.execute(DriverCommandExecutor.java:83)
	at org.openqa.selenium.remote.RemoteWebDriver.execute(RemoteWebDriver.java:552)
	at com.kms.katalon.selenium.driver.CChromeDriver.execute(CChromeDriver.java:19)
	at org.openqa.selenium.remote.RemoteWebElement.execute(RemoteWebElement.java:285)
	at org.openqa.selenium.remote.RemoteWebElement.click(RemoteWebElement.java:84)
	at org.openqa.selenium.support.events.EventFiringWebDriver$EventFiringWebElement.lambda$new$0(EventFiringWebDriver.java:404)
	at com.sun.proxy.$Proxy12.click(Unknown Source)
	at org.openqa.selenium.support.events.EventFiringWebDriver$EventFiringWebElement.click(EventFiringWebDriver.java:417)
	at org.openqa.selenium.WebElement$click.call(Unknown Source)
	at com.kms.katalon.core.webui.keyword.builtin.ClickKeyword.clickUntilSuccessWithTimeout(ClickKeyword.groovy:81)
	at com.kms.katalon.core.webui.keyword.builtin.ClickKeyword.clickUntilSuccessWithTimeout(ClickKeyword.groovy)
	at com.kms.katalon.core.webui.keyword.builtin.ClickKeyword$_click_closure1.doCall(ClickKeyword.groovy:67)
	at com.kms.katalon.core.webui.keyword.builtin.ClickKeyword$_click_closure1.call(ClickKeyword.groovy)
	at com.kms.katalon.core.webui.keyword.internal.WebUIKeywordMain.runKeyword(WebUIKeywordMain.groovy:20)
	... 19 more]]></system-err>
      </testcase>
      <testcase name="Test Cases/Configuracion/5 Clientes/1 Maestro Clientes/R200" time="30.127" classname="Test Cases/Configuracion/5 Clientes/1 Maestro Clientes/R200" status="FAILED">
         <failure type="FAILED" message="Test Cases/Configuracion/5 Clientes/1 Maestro Clientes/R200 FAILED.
Reason:
com.kms.katalon.core.exception.StepFailedException: Unable to click on object 'Object Repository/ADM/1Configuracion/5Clientes/1Maestro de Clientes/Mantenimiento de Clientes/btn_1 Borrar'
	at com.kms.katalon.core.webui.keyword.internal.WebUIKeywordMain.stepFailed(WebUIKeywordMain.groovy:64)
	at com.kms.katalon.core.webui.keyword.internal.WebUIKeywordMain.runKeyword(WebUIKeywordMain.groovy:26)
	at com.kms.katalon.core.webui.keyword.builtin.ClickKeyword.click(ClickKeyword.groovy:74)
	at com.kms.katalon.core.webui.keyword.builtin.ClickKeyword.execute(ClickKeyword.groovy:40)
	at com.kms.katalon.core.keyword.internal.KeywordExecutor.executeKeywordForPlatform(KeywordExecutor.groovy:74)
	at com.kms.katalon.core.webui.keyword.WebUiBuiltInKeywords.click(WebUiBuiltInKeywords.groovy:620)
	at com.kms.katalon.core.webui.keyword.WebUiBuiltInKeywords$click$2.call(Unknown Source)
	at R200.run(R200:50)
	at com.kms.katalon.core.main.ScriptEngine.run(ScriptEngine.java:194)
	at com.kms.katalon.core.main.ScriptEngine.runScriptAsRawText(ScriptEngine.java:119)
	at com.kms.katalon.core.main.TestCaseExecutor.runScript(TestCaseExecutor.java:448)
	at com.kms.katalon.core.main.TestCaseExecutor.doExecute(TestCaseExecutor.java:439)
	at com.kms.katalon.core.main.TestCaseExecutor.processExecutionPhase(TestCaseExecutor.java:418)
	at com.kms.katalon.core.main.TestCaseExecutor.accessMainPhase(TestCaseExecutor.java:410)
	at com.kms.katalon.core.main.TestCaseExecutor.execute(TestCaseExecutor.java:285)
	at com.kms.katalon.core.common.CommonExecutor.accessTestCaseMainPhase(CommonExecutor.java:65)
	at com.kms.katalon.core.main.TestSuiteExecutor.accessTestSuiteMainPhase(TestSuiteExecutor.java:148)
	at com.kms.katalon.core.main.TestSuiteExecutor.execute(TestSuiteExecutor.java:106)
	at com.kms.katalon.core.main.TestCaseMain.startTestSuite(TestCaseMain.java:187)
	at com.kms.katalon.core.main.TestCaseMain$startTestSuite$0.call(Unknown Source)
	at TempTestSuite1716323070945.run(TempTestSuite1716323070945.groovy:35)
Caused by: org.openqa.selenium.ElementNotInteractableException: element not interactable
  (Session info: chrome=124.0.6367.208)
Build info: version: '3.141.59', revision: 'e82be7d358', time: '2018-11-14T08:25:53'
System info: host: 'PCPRUEBAS101', ip: '192.168.91.13', os.name: 'Windows 10', os.arch: 'amd64', os.version: '10.0', java.version: '1.8.0_282'
Driver info: com.kms.katalon.selenium.driver.CChromeDriver
Capabilities {acceptInsecureCerts: false, browserName: chrome, browserVersion: 124.0.6367.208, chrome: {chromedriverVersion: 123.0.6312.105 (399174dbe6e..., userDataDir: C:\Users\JDavila\AppData\Lo...}, fedcm:accounts: true, goog:chromeOptions: {debuggerAddress: localhost:52599}, javascriptEnabled: true, networkConnectionEnabled: false, pageLoadStrategy: normal, platform: WINDOWS, platformName: WINDOWS, proxy: Proxy(), setWindowRect: true, strictFileInteractability: false, timeouts: {implicit: 0, pageLoad: 300000, script: 30000}, unhandledPromptBehavior: dismiss and notify, webauthn:extension:credBlob: true, webauthn:extension:largeBlob: true, webauthn:extension:minPinLength: true, webauthn:extension:prf: true, webauthn:virtualAuthenticators: true}
Session ID: d7ad68dbec09227a9b718dc60111bc91
	at org.openqa.selenium.remote.http.W3CHttpResponseCodec.createException(W3CHttpResponseCodec.java:187)
	at org.openqa.selenium.remote.http.W3CHttpResponseCodec.decode(W3CHttpResponseCodec.java:122)
	at org.openqa.selenium.remote.http.W3CHttpResponseCodec.decode(W3CHttpResponseCodec.java:49)
	at org.openqa.selenium.remote.HttpCommandExecutor.execute(HttpCommandExecutor.java:158)
	at org.openqa.selenium.remote.service.DriverCommandExecutor.execute(DriverCommandExecutor.java:83)
	at org.openqa.selenium.remote.RemoteWebDriver.execute(RemoteWebDriver.java:552)
	at com.kms.katalon.selenium.driver.CChromeDriver.execute(CChromeDriver.java:19)
	at org.openqa.selenium.remote.RemoteWebElement.execute(RemoteWebElement.java:285)
	at org.openqa.selenium.remote.RemoteWebElement.click(RemoteWebElement.java:84)
	at org.openqa.selenium.support.events.EventFiringWebDriver$EventFiringWebElement.lambda$new$0(EventFiringWebDriver.java:404)
	at com.sun.proxy.$Proxy12.click(Unknown Source)
	at org.openqa.selenium.support.events.EventFiringWebDriver$EventFiringWebElement.click(EventFiringWebDriver.java:417)
	at org.openqa.selenium.WebElement$click.call(Unknown Source)
	at com.kms.katalon.core.webui.keyword.builtin.ClickKeyword.clickUntilSuccessWithTimeout(ClickKeyword.groovy:81)
	at com.kms.katalon.core.webui.keyword.builtin.ClickKeyword.clickUntilSuccessWithTimeout(ClickKeyword.groovy)
	at com.kms.katalon.core.webui.keyword.builtin.ClickKeyword$_click_closure1.doCall(ClickKeyword.groovy:67)
	at com.kms.katalon.core.webui.keyword.builtin.ClickKeyword$_click_closure1.call(ClickKeyword.groovy)
	at com.kms.katalon.core.webui.keyword.internal.WebUIKeywordMain.runKeyword(WebUIKeywordMain.groovy:20)
	... 19 more
"/>
         <system-out><![CDATA[2024-05-21 16:50:52 - [TEST_CASE][FAILED] - Test Cases/Configuracion/5 Clientes/1 Maestro Clientes/R200: Test Cases/Configuracion/5 Clientes/1 Maestro Clientes/R200 FAILED.
Reason:
com.kms.katalon.core.exception.StepFailedException: Unable to click on object 'Object Repository/ADM/1Configuracion/5Clientes/1Maestro de Clientes/Mantenimiento de Clientes/btn_1 Borrar'
	at com.kms.katalon.core.webui.keyword.internal.WebUIKeywordMain.stepFailed(WebUIKeywordMain.groovy:64)
	at com.kms.katalon.core.webui.keyword.internal.WebUIKeywordMain.runKeyword(WebUIKeywordMain.groovy:26)
	at com.kms.katalon.core.webui.keyword.builtin.ClickKeyword.click(ClickKeyword.groovy:74)
	at com.kms.katalon.core.webui.keyword.builtin.ClickKeyword.execute(ClickKeyword.groovy:40)
	at com.kms.katalon.core.keyword.internal.KeywordExecutor.executeKeywordForPlatform(KeywordExecutor.groovy:74)
	at com.kms.katalon.core.webui.keyword.WebUiBuiltInKeywords.click(WebUiBuiltInKeywords.groovy:620)
	at com.kms.katalon.core.webui.keyword.WebUiBuiltInKeywords$click$2.call(Unknown Source)
	at R200.run(R200:50)
	at com.kms.katalon.core.main.ScriptEngine.run(ScriptEngine.java:194)
	at com.kms.katalon.core.main.ScriptEngine.runScriptAsRawText(ScriptEngine.java:119)
	at com.kms.katalon.core.main.TestCaseExecutor.runScript(TestCaseExecutor.java:448)
	at com.kms.katalon.core.main.TestCaseExecutor.doExecute(TestCaseExecutor.java:439)
	at com.kms.katalon.core.main.TestCaseExecutor.processExecutionPhase(TestCaseExecutor.java:418)
	at com.kms.katalon.core.main.TestCaseExecutor.accessMainPhase(TestCaseExecutor.java:410)
	at com.kms.katalon.core.main.TestCaseExecutor.execute(TestCaseExecutor.java:285)
	at com.kms.katalon.core.common.CommonExecutor.accessTestCaseMainPhase(CommonExecutor.java:65)
	at com.kms.katalon.core.main.TestSuiteExecutor.accessTestSuiteMainPhase(TestSuiteExecutor.java:148)
	at com.kms.katalon.core.main.TestSuiteExecutor.execute(TestSuiteExecutor.java:106)
	at com.kms.katalon.core.main.TestCaseMain.startTestSuite(TestCaseMain.java:187)
	at com.kms.katalon.core.main.TestCaseMain$startTestSuite$0.call(Unknown Source)
	at TempTestSuite1716323070945.run(TempTestSuite1716323070945.groovy:35)
Caused by: org.openqa.selenium.ElementNotInteractableException: element not interactable
  (Session info: chrome=124.0.6367.208)
Build info: version: '3.141.59', revision: 'e82be7d358', time: '2018-11-14T08:25:53'
System info: host: 'PCPRUEBAS101', ip: '192.168.91.13', os.name: 'Windows 10', os.arch: 'amd64', os.version: '10.0', java.version: '1.8.0_282'
Driver info: com.kms.katalon.selenium.driver.CChromeDriver
Capabilities {acceptInsecureCerts: false, browserName: chrome, browserVersion: 124.0.6367.208, chrome: {chromedriverVersion: 123.0.6312.105 (399174dbe6e..., userDataDir: C:\Users\JDavila\AppData\Lo...}, fedcm:accounts: true, goog:chromeOptions: {debuggerAddress: localhost:52599}, javascriptEnabled: true, networkConnectionEnabled: false, pageLoadStrategy: normal, platform: WINDOWS, platformName: WINDOWS, proxy: Proxy(), setWindowRect: true, strictFileInteractability: false, timeouts: {implicit: 0, pageLoad: 300000, script: 30000}, unhandledPromptBehavior: dismiss and notify, webauthn:extension:credBlob: true, webauthn:extension:largeBlob: true, webauthn:extension:minPinLength: true, webauthn:extension:prf: true, webauthn:virtualAuthenticators: true}
Session ID: d7ad68dbec09227a9b718dc60111bc91
	at org.openqa.selenium.remote.http.W3CHttpResponseCodec.createException(W3CHttpResponseCodec.java:187)
	at org.openqa.selenium.remote.http.W3CHttpResponseCodec.decode(W3CHttpResponseCodec.java:122)
	at org.openqa.selenium.remote.http.W3CHttpResponseCodec.decode(W3CHttpResponseCodec.java:49)
	at org.openqa.selenium.remote.HttpCommandExecutor.execute(HttpCommandExecutor.java:158)
	at org.openqa.selenium.remote.service.DriverCommandExecutor.execute(DriverCommandExecutor.java:83)
	at org.openqa.selenium.remote.RemoteWebDriver.execute(RemoteWebDriver.java:552)
	at com.kms.katalon.selenium.driver.CChromeDriver.execute(CChromeDriver.java:19)
	at org.openqa.selenium.remote.RemoteWebElement.execute(RemoteWebElement.java:285)
	at org.openqa.selenium.remote.RemoteWebElement.click(RemoteWebElement.java:84)
	at org.openqa.selenium.support.events.EventFiringWebDriver$EventFiringWebElement.lambda$new$0(EventFiringWebDriver.java:404)
	at com.sun.proxy.$Proxy12.click(Unknown Source)
	at org.openqa.selenium.support.events.EventFiringWebDriver$EventFiringWebElement.click(EventFiringWebDriver.java:417)
	at org.openqa.selenium.WebElement$click.call(Unknown Source)
	at com.kms.katalon.core.webui.keyword.builtin.ClickKeyword.clickUntilSuccessWithTimeout(ClickKeyword.groovy:81)
	at com.kms.katalon.core.webui.keyword.builtin.ClickKeyword.clickUntilSuccessWithTimeout(ClickKeyword.groovy)
	at com.kms.katalon.core.webui.keyword.builtin.ClickKeyword$_click_closure1.doCall(ClickKeyword.groovy:67)
	at com.kms.katalon.core.webui.keyword.builtin.ClickKeyword$_click_closure1.call(ClickKeyword.groovy)
	at com.kms.katalon.core.webui.keyword.internal.WebUIKeywordMain.runKeyword(WebUIKeywordMain.groovy:20)
	... 19 more


2024-05-21 16:50:52 - [TEST_STEP][PASSED] - callTestCase(findTestCase("0InicioSesion"), [:], STOP_ON_FAILURE): Call Test Case 'Test Cases/0InicioSesion' successfully

2024-05-21 16:50:52 - [TEST_CASE][PASSED] - Test Cases/0InicioSesion: Test Cases/0InicioSesion

2024-05-21 16:50:52 - [TEST_STEP][PASSED] - openBrowser(Url): Browser is opened with url: 'https://pcpruebas101.ciel.cielingenieria.com:8815/'

2024-05-21 16:50:52 - [MESSAGE][WARNING] - A browser is already opened. Closing browser and opening a new one

2024-05-21 16:50:53 - [MESSAGE][INFO] - Starting 'Chrome' driver

2024-05-21 16:50:53 - [MESSAGE][INFO] - Action delay is set to 0 milliseconds

2024-05-21 16:50:55 - [MESSAGE][PASSED] - Browser is opened with url: 'https://pcpruebas101.ciel.cielingenieria.com:8815/'

2024-05-21 16:50:55 - [TEST_STEP][PASSED] - maximizeWindow(): Current window maximized

2024-05-21 16:50:55 - [MESSAGE][PASSED] - Current window maximized

2024-05-21 16:50:55 - [TEST_STEP][PASSED] - delay(2): Delayed 2 second(s)

2024-05-21 16:50:57 - [MESSAGE][PASSED] - Delayed 2 second(s)

2024-05-21 16:50:57 - [TEST_STEP][PASSED] - setText(findTestObject("ADM/0Inicio Sesion/input_Usuario"), Usuario): Text 'Ciel' is set on object 'Object Repository/ADM/0Inicio Sesion/input_Usuario'

2024-05-21 16:50:59 - [MESSAGE][PASSED] - Text 'Ciel' is set on object 'Object Repository/ADM/0Inicio Sesion/input_Usuario'

2024-05-21 16:50:59 - [TEST_STEP][PASSED] - delay(2): Delayed 2 second(s)

2024-05-21 16:51:01 - [MESSAGE][PASSED] - Delayed 2 second(s)

2024-05-21 16:51:01 - [TEST_STEP][PASSED] - setText(findTestObject("ADM/0Inicio Sesion/input_Clave"), Clave): Text 'Digiturno5.' is set on object 'Object Repository/ADM/0Inicio Sesion/input_Clave'

2024-05-21 16:51:01 - [MESSAGE][PASSED] - Text 'Digiturno5.' is set on object 'Object Repository/ADM/0Inicio Sesion/input_Clave'

2024-05-21 16:51:01 - [TEST_STEP][PASSED] - delay(2): Delayed 2 second(s)

2024-05-21 16:51:03 - [MESSAGE][PASSED] - Delayed 2 second(s)

2024-05-21 16:51:03 - [TEST_STEP][PASSED] - click(findTestObject("ADM/0Inicio Sesion/btn_IniciarSesion")): Object: 'Object Repository/ADM/0Inicio Sesion/btn_IniciarSesion' is clicked on

2024-05-21 16:51:04 - [MESSAGE][PASSED] - Object: 'Object Repository/ADM/0Inicio Sesion/btn_IniciarSesion' is clicked on

2024-05-21 16:51:04 - [TEST_STEP][PASSED] - delay(3): Delayed 3 second(s)

2024-05-21 16:51:07 - [MESSAGE][PASSED] - Delayed 3 second(s)

2024-05-21 16:51:07 - [MESSAGE][PASSED] - Call Test Case 'Test Cases/0InicioSesion' successfully

2024-05-21 16:51:07 - [TEST_STEP][PASSED] - click(findTestObject("ADM/0Principal/a_Configuracion")): Object: 'Object Repository/ADM/0Principal/a_Configuracion' is clicked on

2024-05-21 16:51:07 - [MESSAGE][PASSED] - Object: 'Object Repository/ADM/0Principal/a_Configuracion' is clicked on

2024-05-21 16:51:07 - [TEST_STEP][PASSED] - delay(2): Delayed 2 second(s)

2024-05-21 16:51:09 - [MESSAGE][PASSED] - Delayed 2 second(s)

2024-05-21 16:51:09 - [TEST_STEP][PASSED] - click(findTestObject("ADM/1Configuracion/0Principal/a_5 Clientes")): Object: 'Object Repository/ADM/1Configuracion/0Principal/a_5 Clientes' is clicked on

2024-05-21 16:51:10 - [MESSAGE][PASSED] - Object: 'Object Repository/ADM/1Configuracion/0Principal/a_5 Clientes' is clicked on

2024-05-21 16:51:10 - [TEST_STEP][PASSED] - delay(2): Delayed 2 second(s)

2024-05-21 16:51:12 - [MESSAGE][PASSED] - Delayed 2 second(s)

2024-05-21 16:51:12 - [TEST_STEP][PASSED] - click(findTestObject("ADM/1Configuracion/5Clientes/0Principal/a_1 Maestro de clientes")): Object: 'Object Repository/ADM/1Configuracion/5Clientes/0Principal/a_1 Maestro de clientes' is clicked on

2024-05-21 16:51:13 - [MESSAGE][PASSED] - Object: 'Object Repository/ADM/1Configuracion/5Clientes/0Principal/a_1 Maestro de clientes' is clicked on

2024-05-21 16:51:13 - [TEST_STEP][PASSED] - delay(2): Delayed 2 second(s)

2024-05-21 16:51:15 - [MESSAGE][PASSED] - Delayed 2 second(s)

2024-05-21 16:51:15 - [TEST_STEP][PASSED] - comment("Boton Eliminar"): Boton Eliminar

2024-05-21 16:51:15 - [MESSAGE][INFO] - Boton Eliminar

2024-05-21 16:51:15 - [TEST_STEP][PASSED] - takeFullPageScreenshot(): Taking screenshot successfully

2024-05-21 16:51:15 - [MESSAGE][INFO] - 0 hidden object(s)

2024-05-21 16:51:15 - [MESSAGE][PASSED] - Taking screenshot successfully
[[ATTACHMENT|C:\\CIEL INGENIERIA\\Katalon\\AgendamientoADM\\Reports\\20240521_152353\\1 Configuracion\\5 Clientes\\1 Maestro Clientes\\20240521_152430\\1716328275088.png]]

2024-05-21 16:51:15 - [TEST_STEP][PASSED] - delay(2): Delayed 2 second(s)

2024-05-21 16:51:17 - [MESSAGE][PASSED] - Delayed 2 second(s)

2024-05-21 16:51:17 - [TEST_STEP][PASSED] - setText(findTestObject("ADM/1Configuracion/5Clientes/1Maestro de Clientes/Mantenimiento de Clientes/input_Identificacion"), findTestData("5Clientes").getValue("Identificacion", 1)): Text '52525252' is set on object 'Object Repository/ADM/1Configuracion/5Clientes/1Maestro de Clientes/Mantenimiento de Clientes/input_Identificacion'

2024-05-21 16:51:18 - [MESSAGE][PASSED] - Text '52525252' is set on object 'Object Repository/ADM/1Configuracion/5Clientes/1Maestro de Clientes/Mantenimiento de Clientes/input_Identificacion'

2024-05-21 16:51:18 - [TEST_STEP][PASSED] - selectOptionByLabel(findTestObject("ADM/1Configuracion/5Clientes/1Maestro de Clientes/Mantenimiento de Clientes/select_Identificacion"), findTestData("5Clientes").getValue("Seleccionar", 6), false): All options with label 'Contiene' are selected in object 'Object Repository/ADM/1Configuracion/5Clientes/1Maestro de Clientes/Mantenimiento de Clientes/select_Identificacion' 

2024-05-21 16:51:19 - [MESSAGE][PASSED] - All options with label 'Contiene' are selected in object 'Object Repository/ADM/1Configuracion/5Clientes/1Maestro de Clientes/Mantenimiento de Clientes/select_Identificacion' 

2024-05-21 16:51:19 - [TEST_STEP][PASSED] - delay(2): Delayed 2 second(s)

2024-05-21 16:51:21 - [MESSAGE][PASSED] - Delayed 2 second(s)

2024-05-21 16:51:21 - [TEST_STEP][PASSED] - takeFullPageScreenshot(): Taking screenshot successfully

2024-05-21 16:51:21 - [MESSAGE][INFO] - 0 hidden object(s)

2024-05-21 16:51:21 - [MESSAGE][PASSED] - Taking screenshot successfully
[[ATTACHMENT|C:\\CIEL INGENIERIA\\Katalon\\AgendamientoADM\\Reports\\20240521_152353\\1 Configuracion\\5 Clientes\\1 Maestro Clientes\\20240521_152430\\1716328281445.png]]

2024-05-21 16:51:21 - [TEST_STEP][FAILED] - click(findTestObject("ADM/1Configuracion/5Clientes/1Maestro de Clientes/Mantenimiento de Clientes/btn_1 Borrar")): Unable to click on object 'Object Repository/ADM/1Configuracion/5Clientes/1Maestro de Clientes/Mantenimiento de Clientes/btn_1 Borrar' (Root cause: com.kms.katalon.core.exception.StepFailedException: Unable to click on object 'Object Repository/ADM/1Configuracion/5Clientes/1Maestro de Clientes/Mantenimiento de Clientes/btn_1 Borrar'
	at com.kms.katalon.core.webui.keyword.internal.WebUIKeywordMain.stepFailed(WebUIKeywordMain.groovy:64)
	at com.kms.katalon.core.webui.keyword.internal.WebUIKeywordMain.runKeyword(WebUIKeywordMain.groovy:26)
	at com.kms.katalon.core.webui.keyword.builtin.ClickKeyword.click(ClickKeyword.groovy:74)
	at com.kms.katalon.core.webui.keyword.builtin.ClickKeyword.execute(ClickKeyword.groovy:40)
	at com.kms.katalon.core.keyword.internal.KeywordExecutor.executeKeywordForPlatform(KeywordExecutor.groovy:74)
	at com.kms.katalon.core.webui.keyword.WebUiBuiltInKeywords.click(WebUiBuiltInKeywords.groovy:620)
	at com.kms.katalon.core.webui.keyword.WebUiBuiltInKeywords$click$2.call(Unknown Source)
	at R200.run(R200:50)
	at com.kms.katalon.core.main.ScriptEngine.run(ScriptEngine.java:194)
	at com.kms.katalon.core.main.ScriptEngine.runScriptAsRawText(ScriptEngine.java:119)
	at com.kms.katalon.core.main.TestCaseExecutor.runScript(TestCaseExecutor.java:448)
	at com.kms.katalon.core.main.TestCaseExecutor.doExecute(TestCaseExecutor.java:439)
	at com.kms.katalon.core.main.TestCaseExecutor.processExecutionPhase(TestCaseExecutor.java:418)
	at com.kms.katalon.core.main.TestCaseExecutor.accessMainPhase(TestCaseExecutor.java:410)
	at com.kms.katalon.core.main.TestCaseExecutor.execute(TestCaseExecutor.java:285)
	at com.kms.katalon.core.common.CommonExecutor.accessTestCaseMainPhase(CommonExecutor.java:65)
	at com.kms.katalon.core.main.TestSuiteExecutor.accessTestSuiteMainPhase(TestSuiteExecutor.java:148)
	at com.kms.katalon.core.main.TestSuiteExecutor.execute(TestSuiteExecutor.java:106)
	at com.kms.katalon.core.main.TestCaseMain.startTestSuite(TestCaseMain.java:187)
	at com.kms.katalon.core.main.TestCaseMain$startTestSuite$0.call(Unknown Source)
	at TempTestSuite1716323070945.run(TempTestSuite1716323070945.groovy:35)
Caused by: org.openqa.selenium.ElementNotInteractableException: element not interactable
  (Session info: chrome=124.0.6367.208)
Build info: version: '3.141.59', revision: 'e82be7d358', time: '2018-11-14T08:25:53'
System info: host: 'PCPRUEBAS101', ip: '192.168.91.13', os.name: 'Windows 10', os.arch: 'amd64', os.version: '10.0', java.version: '1.8.0_282'
Driver info: com.kms.katalon.selenium.driver.CChromeDriver
Capabilities {acceptInsecureCerts: false, browserName: chrome, browserVersion: 124.0.6367.208, chrome: {chromedriverVersion: 123.0.6312.105 (399174dbe6e..., userDataDir: C:\Users\JDavila\AppData\Lo...}, fedcm:accounts: true, goog:chromeOptions: {debuggerAddress: localhost:52599}, javascriptEnabled: true, networkConnectionEnabled: false, pageLoadStrategy: normal, platform: WINDOWS, platformName: WINDOWS, proxy: Proxy(), setWindowRect: true, strictFileInteractability: false, timeouts: {implicit: 0, pageLoad: 300000, script: 30000}, unhandledPromptBehavior: dismiss and notify, webauthn:extension:credBlob: true, webauthn:extension:largeBlob: true, webauthn:extension:minPinLength: true, webauthn:extension:prf: true, webauthn:virtualAuthenticators: true}
Session ID: d7ad68dbec09227a9b718dc60111bc91
	at org.openqa.selenium.remote.http.W3CHttpResponseCodec.createException(W3CHttpResponseCodec.java:187)
	at org.openqa.selenium.remote.http.W3CHttpResponseCodec.decode(W3CHttpResponseCodec.java:122)
	at org.openqa.selenium.remote.http.W3CHttpResponseCodec.decode(W3CHttpResponseCodec.java:49)
	at org.openqa.selenium.remote.HttpCommandExecutor.execute(HttpCommandExecutor.java:158)
	at org.openqa.selenium.remote.service.DriverCommandExecutor.execute(DriverCommandExecutor.java:83)
	at org.openqa.selenium.remote.RemoteWebDriver.execute(RemoteWebDriver.java:552)
	at com.kms.katalon.selenium.driver.CChromeDriver.execute(CChromeDriver.java:19)
	at org.openqa.selenium.remote.RemoteWebElement.execute(RemoteWebElement.java:285)
	at org.openqa.selenium.remote.RemoteWebElement.click(RemoteWebElement.java:84)
	at org.openqa.selenium.support.events.EventFiringWebDriver$EventFiringWebElement.lambda$new$0(EventFiringWebDriver.java:404)
	at com.sun.proxy.$Proxy12.click(Unknown Source)
	at org.openqa.selenium.support.events.EventFiringWebDriver$EventFiringWebElement.click(EventFiringWebDriver.java:417)
	at org.openqa.selenium.WebElement$click.call(Unknown Source)
	at com.kms.katalon.core.webui.keyword.builtin.ClickKeyword.clickUntilSuccessWithTimeout(ClickKeyword.groovy:81)
	at com.kms.katalon.core.webui.keyword.builtin.ClickKeyword.clickUntilSuccessWithTimeout(ClickKeyword.groovy)
	at com.kms.katalon.core.webui.keyword.builtin.ClickKeyword$_click_closure1.doCall(ClickKeyword.groovy:67)
	at com.kms.katalon.core.webui.keyword.builtin.ClickKeyword$_click_closure1.call(ClickKeyword.groovy)
	at com.kms.katalon.core.webui.keyword.internal.WebUIKeywordMain.runKeyword(WebUIKeywordMain.groovy:20)
	at com.kms.katalon.core.webui.keyword.builtin.ClickKeyword.click(ClickKeyword.groovy:74)
	at com.kms.katalon.core.webui.keyword.builtin.ClickKeyword.execute(ClickKeyword.groovy:40)
	at com.kms.katalon.core.keyword.internal.KeywordExecutor.executeKeywordForPlatform(KeywordExecutor.groovy:74)
	at com.kms.katalon.core.webui.keyword.WebUiBuiltInKeywords.click(WebUiBuiltInKeywords.groovy:620)
	at com.kms.katalon.core.webui.keyword.WebUiBuiltInKeywords$click$2.call(Unknown Source)
	at Script1705949811036.run(Script1705949811036.groovy:50)
	... 13 more
)

2024-05-21 16:51:22 - [MESSAGE][FAILED] - Unable to click on object 'Object Repository/ADM/1Configuracion/5Clientes/1Maestro de Clientes/Mantenimiento de Clientes/btn_1 Borrar' (Root cause: com.kms.katalon.core.exception.StepFailedException: Unable to click on object 'Object Repository/ADM/1Configuracion/5Clientes/1Maestro de Clientes/Mantenimiento de Clientes/btn_1 Borrar'
	at com.kms.katalon.core.webui.keyword.internal.WebUIKeywordMain.stepFailed(WebUIKeywordMain.groovy:64)
	at com.kms.katalon.core.webui.keyword.internal.WebUIKeywordMain.runKeyword(WebUIKeywordMain.groovy:26)
	at com.kms.katalon.core.webui.keyword.builtin.ClickKeyword.click(ClickKeyword.groovy:74)
	at com.kms.katalon.core.webui.keyword.builtin.ClickKeyword.execute(ClickKeyword.groovy:40)
	at com.kms.katalon.core.keyword.internal.KeywordExecutor.executeKeywordForPlatform(KeywordExecutor.groovy:74)
	at com.kms.katalon.core.webui.keyword.WebUiBuiltInKeywords.click(WebUiBuiltInKeywords.groovy:620)
	at com.kms.katalon.core.webui.keyword.WebUiBuiltInKeywords$click$2.call(Unknown Source)
	at R200.run(R200:50)
	at com.kms.katalon.core.main.ScriptEngine.run(ScriptEngine.java:194)
	at com.kms.katalon.core.main.ScriptEngine.runScriptAsRawText(ScriptEngine.java:119)
	at com.kms.katalon.core.main.TestCaseExecutor.runScript(TestCaseExecutor.java:448)
	at com.kms.katalon.core.main.TestCaseExecutor.doExecute(TestCaseExecutor.java:439)
	at com.kms.katalon.core.main.TestCaseExecutor.processExecutionPhase(TestCaseExecutor.java:418)
	at com.kms.katalon.core.main.TestCaseExecutor.accessMainPhase(TestCaseExecutor.java:410)
	at com.kms.katalon.core.main.TestCaseExecutor.execute(TestCaseExecutor.java:285)
	at com.kms.katalon.core.common.CommonExecutor.accessTestCaseMainPhase(CommonExecutor.java:65)
	at com.kms.katalon.core.main.TestSuiteExecutor.accessTestSuiteMainPhase(TestSuiteExecutor.java:148)
	at com.kms.katalon.core.main.TestSuiteExecutor.execute(TestSuiteExecutor.java:106)
	at com.kms.katalon.core.main.TestCaseMain.startTestSuite(TestCaseMain.java:187)
	at com.kms.katalon.core.main.TestCaseMain$startTestSuite$0.call(Unknown Source)
	at TempTestSuite1716323070945.run(TempTestSuite1716323070945.groovy:35)
Caused by: org.openqa.selenium.ElementNotInteractableException: element not interactable
  (Session info: chrome=124.0.6367.208)
Build info: version: '3.141.59', revision: 'e82be7d358', time: '2018-11-14T08:25:53'
System info: host: 'PCPRUEBAS101', ip: '192.168.91.13', os.name: 'Windows 10', os.arch: 'amd64', os.version: '10.0', java.version: '1.8.0_282'
Driver info: com.kms.katalon.selenium.driver.CChromeDriver
Capabilities {acceptInsecureCerts: false, browserName: chrome, browserVersion: 124.0.6367.208, chrome: {chromedriverVersion: 123.0.6312.105 (399174dbe6e..., userDataDir: C:\Users\JDavila\AppData\Lo...}, fedcm:accounts: true, goog:chromeOptions: {debuggerAddress: localhost:52599}, javascriptEnabled: true, networkConnectionEnabled: false, pageLoadStrategy: normal, platform: WINDOWS, platformName: WINDOWS, proxy: Proxy(), setWindowRect: true, strictFileInteractability: false, timeouts: {implicit: 0, pageLoad: 300000, script: 30000}, unhandledPromptBehavior: dismiss and notify, webauthn:extension:credBlob: true, webauthn:extension:largeBlob: true, webauthn:extension:minPinLength: true, webauthn:extension:prf: true, webauthn:virtualAuthenticators: true}
Session ID: d7ad68dbec09227a9b718dc60111bc91
	at org.openqa.selenium.remote.http.W3CHttpResponseCodec.createException(W3CHttpResponseCodec.java:187)
	at org.openqa.selenium.remote.http.W3CHttpResponseCodec.decode(W3CHttpResponseCodec.java:122)
	at org.openqa.selenium.remote.http.W3CHttpResponseCodec.decode(W3CHttpResponseCodec.java:49)
	at org.openqa.selenium.remote.HttpCommandExecutor.execute(HttpCommandExecutor.java:158)
	at org.openqa.selenium.remote.service.DriverCommandExecutor.execute(DriverCommandExecutor.java:83)
	at org.openqa.selenium.remote.RemoteWebDriver.execute(RemoteWebDriver.java:552)
	at com.kms.katalon.selenium.driver.CChromeDriver.execute(CChromeDriver.java:19)
	at org.openqa.selenium.remote.RemoteWebElement.execute(RemoteWebElement.java:285)
	at org.openqa.selenium.remote.RemoteWebElement.click(RemoteWebElement.java:84)
	at org.openqa.selenium.support.events.EventFiringWebDriver$EventFiringWebElement.lambda$new$0(EventFiringWebDriver.java:404)
	at com.sun.proxy.$Proxy12.click(Unknown Source)
	at org.openqa.selenium.support.events.EventFiringWebDriver$EventFiringWebElement.click(EventFiringWebDriver.java:417)
	at org.openqa.selenium.WebElement$click.call(Unknown Source)
	at com.kms.katalon.core.webui.keyword.builtin.ClickKeyword.clickUntilSuccessWithTimeout(ClickKeyword.groovy:81)
	at com.kms.katalon.core.webui.keyword.builtin.ClickKeyword.clickUntilSuccessWithTimeout(ClickKeyword.groovy)
	at com.kms.katalon.core.webui.keyword.builtin.ClickKeyword$_click_closure1.doCall(ClickKeyword.groovy:67)
	at com.kms.katalon.core.webui.keyword.builtin.ClickKeyword$_click_closure1.call(ClickKeyword.groovy)
	at com.kms.katalon.core.webui.keyword.internal.WebUIKeywordMain.runKeyword(WebUIKeywordMain.groovy:20)
	at com.kms.katalon.core.webui.keyword.builtin.ClickKeyword.click(ClickKeyword.groovy:74)
	at com.kms.katalon.core.webui.keyword.builtin.ClickKeyword.execute(ClickKeyword.groovy:40)
	at com.kms.katalon.core.keyword.internal.KeywordExecutor.executeKeywordForPlatform(KeywordExecutor.groovy:74)
	at com.kms.katalon.core.webui.keyword.WebUiBuiltInKeywords.click(WebUiBuiltInKeywords.groovy:620)
	at com.kms.katalon.core.webui.keyword.WebUiBuiltInKeywords$click$2.call(Unknown Source)
	at Script1705949811036.run(Script1705949811036.groovy:50)
	... 13 more
)
[[ATTACHMENT|C:\\CIEL INGENIERIA\\Katalon\\AgendamientoADM\\Reports\\20240521_152353\\1 Configuracion\\5 Clientes\\1 Maestro Clientes\\20240521_152430\\1716328282398.png]]

2024-05-21 16:51:22 - [TEST_STEP][PASSED] - Start listener action : sampleAfterTestCase: null]]></system-out>
         <system-err><![CDATA[2024-05-21 16:50:52 - [TEST_CASE][FAILED] - Test Cases/Configuracion/5 Clientes/1 Maestro Clientes/R200: Test Cases/Configuracion/5 Clientes/1 Maestro Clientes/R200 FAILED.
Reason:
com.kms.katalon.core.exception.StepFailedException: Unable to click on object 'Object Repository/ADM/1Configuracion/5Clientes/1Maestro de Clientes/Mantenimiento de Clientes/btn_1 Borrar'
	at com.kms.katalon.core.webui.keyword.internal.WebUIKeywordMain.stepFailed(WebUIKeywordMain.groovy:64)
	at com.kms.katalon.core.webui.keyword.internal.WebUIKeywordMain.runKeyword(WebUIKeywordMain.groovy:26)
	at com.kms.katalon.core.webui.keyword.builtin.ClickKeyword.click(ClickKeyword.groovy:74)
	at com.kms.katalon.core.webui.keyword.builtin.ClickKeyword.execute(ClickKeyword.groovy:40)
	at com.kms.katalon.core.keyword.internal.KeywordExecutor.executeKeywordForPlatform(KeywordExecutor.groovy:74)
	at com.kms.katalon.core.webui.keyword.WebUiBuiltInKeywords.click(WebUiBuiltInKeywords.groovy:620)
	at com.kms.katalon.core.webui.keyword.WebUiBuiltInKeywords$click$2.call(Unknown Source)
	at R200.run(R200:50)
	at com.kms.katalon.core.main.ScriptEngine.run(ScriptEngine.java:194)
	at com.kms.katalon.core.main.ScriptEngine.runScriptAsRawText(ScriptEngine.java:119)
	at com.kms.katalon.core.main.TestCaseExecutor.runScript(TestCaseExecutor.java:448)
	at com.kms.katalon.core.main.TestCaseExecutor.doExecute(TestCaseExecutor.java:439)
	at com.kms.katalon.core.main.TestCaseExecutor.processExecutionPhase(TestCaseExecutor.java:418)
	at com.kms.katalon.core.main.TestCaseExecutor.accessMainPhase(TestCaseExecutor.java:410)
	at com.kms.katalon.core.main.TestCaseExecutor.execute(TestCaseExecutor.java:285)
	at com.kms.katalon.core.common.CommonExecutor.accessTestCaseMainPhase(CommonExecutor.java:65)
	at com.kms.katalon.core.main.TestSuiteExecutor.accessTestSuiteMainPhase(TestSuiteExecutor.java:148)
	at com.kms.katalon.core.main.TestSuiteExecutor.execute(TestSuiteExecutor.java:106)
	at com.kms.katalon.core.main.TestCaseMain.startTestSuite(TestCaseMain.java:187)
	at com.kms.katalon.core.main.TestCaseMain$startTestSuite$0.call(Unknown Source)
	at TempTestSuite1716323070945.run(TempTestSuite1716323070945.groovy:35)
Caused by: org.openqa.selenium.ElementNotInteractableException: element not interactable
  (Session info: chrome=124.0.6367.208)
Build info: version: '3.141.59', revision: 'e82be7d358', time: '2018-11-14T08:25:53'
System info: host: 'PCPRUEBAS101', ip: '192.168.91.13', os.name: 'Windows 10', os.arch: 'amd64', os.version: '10.0', java.version: '1.8.0_282'
Driver info: com.kms.katalon.selenium.driver.CChromeDriver
Capabilities {acceptInsecureCerts: false, browserName: chrome, browserVersion: 124.0.6367.208, chrome: {chromedriverVersion: 123.0.6312.105 (399174dbe6e..., userDataDir: C:\Users\JDavila\AppData\Lo...}, fedcm:accounts: true, goog:chromeOptions: {debuggerAddress: localhost:52599}, javascriptEnabled: true, networkConnectionEnabled: false, pageLoadStrategy: normal, platform: WINDOWS, platformName: WINDOWS, proxy: Proxy(), setWindowRect: true, strictFileInteractability: false, timeouts: {implicit: 0, pageLoad: 300000, script: 30000}, unhandledPromptBehavior: dismiss and notify, webauthn:extension:credBlob: true, webauthn:extension:largeBlob: true, webauthn:extension:minPinLength: true, webauthn:extension:prf: true, webauthn:virtualAuthenticators: true}
Session ID: d7ad68dbec09227a9b718dc60111bc91
	at org.openqa.selenium.remote.http.W3CHttpResponseCodec.createException(W3CHttpResponseCodec.java:187)
	at org.openqa.selenium.remote.http.W3CHttpResponseCodec.decode(W3CHttpResponseCodec.java:122)
	at org.openqa.selenium.remote.http.W3CHttpResponseCodec.decode(W3CHttpResponseCodec.java:49)
	at org.openqa.selenium.remote.HttpCommandExecutor.execute(HttpCommandExecutor.java:158)
	at org.openqa.selenium.remote.service.DriverCommandExecutor.execute(DriverCommandExecutor.java:83)
	at org.openqa.selenium.remote.RemoteWebDriver.execute(RemoteWebDriver.java:552)
	at com.kms.katalon.selenium.driver.CChromeDriver.execute(CChromeDriver.java:19)
	at org.openqa.selenium.remote.RemoteWebElement.execute(RemoteWebElement.java:285)
	at org.openqa.selenium.remote.RemoteWebElement.click(RemoteWebElement.java:84)
	at org.openqa.selenium.support.events.EventFiringWebDriver$EventFiringWebElement.lambda$new$0(EventFiringWebDriver.java:404)
	at com.sun.proxy.$Proxy12.click(Unknown Source)
	at org.openqa.selenium.support.events.EventFiringWebDriver$EventFiringWebElement.click(EventFiringWebDriver.java:417)
	at org.openqa.selenium.WebElement$click.call(Unknown Source)
	at com.kms.katalon.core.webui.keyword.builtin.ClickKeyword.clickUntilSuccessWithTimeout(ClickKeyword.groovy:81)
	at com.kms.katalon.core.webui.keyword.builtin.ClickKeyword.clickUntilSuccessWithTimeout(ClickKeyword.groovy)
	at com.kms.katalon.core.webui.keyword.builtin.ClickKeyword$_click_closure1.doCall(ClickKeyword.groovy:67)
	at com.kms.katalon.core.webui.keyword.builtin.ClickKeyword$_click_closure1.call(ClickKeyword.groovy)
	at com.kms.katalon.core.webui.keyword.internal.WebUIKeywordMain.runKeyword(WebUIKeywordMain.groovy:20)
	... 19 more]]></system-err>
      </testcase>
      <system-out><![CDATA[2024-05-21 16:43:34 - [TEST_SUITE][FAILED] - 1 Maestro Clientes: Test Cases/Configuracion/5 Clientes/1 Maestro Clientes/R194 b FAILED.
Reason:
com.kms.katalon.core.exception.StepFailedException: Unable to select option by label 'Cédula de Ciudadanía' of object 'Object Repository/ADM/1Configuracion/5Clientes/1Maestro de Clientes/Datos Cliente/select_Tipo Identificacion' 
	at com.kms.katalon.core.webui.keyword.internal.WebUIKeywordMain.stepFailed(WebUIKeywordMain.groovy:64)
	at com.kms.katalon.core.webui.keyword.internal.WebUIKeywordMain.runKeyword(WebUIKeywordMain.groovy:26)
	at com.kms.katalon.core.webui.keyword.builtin.SelectOptionByLabelKeyword.selectOptionByLabel(SelectOptionByLabelKeyword.groovy:98)
	at com.kms.katalon.core.webui.keyword.builtin.SelectOptionByLabelKeyword.execute(SelectOptionByLabelKeyword.groovy:71)
	at com.kms.katalon.core.keyword.internal.KeywordExecutor.executeKeywordForPlatform(KeywordExecutor.groovy:74)
	at com.kms.katalon.core.webui.keyword.WebUiBuiltInKeywords.selectOptionByLabel(WebUiBuiltInKeywords.groovy:1230)
	at com.kms.katalon.core.webui.keyword.WebUiBuiltInKeywords$selectOptionByLabel$6.call(Unknown Source)
	at R194 b.run(R194 b:43)
	at com.kms.katalon.core.main.ScriptEngine.run(ScriptEngine.java:194)
	at com.kms.katalon.core.main.ScriptEngine.runScriptAsRawText(ScriptEngine.java:119)
	at com.kms.katalon.core.main.TestCaseExecutor.runScript(TestCaseExecutor.java:448)
	at com.kms.katalon.core.main.TestCaseExecutor.doExecute(TestCaseExecutor.java:439)
	at com.kms.katalon.core.main.TestCaseExecutor.processExecutionPhase(TestCaseExecutor.java:418)
	at com.kms.katalon.core.main.TestCaseExecutor.accessMainPhase(TestCaseExecutor.java:410)
	at com.kms.katalon.core.main.TestCaseExecutor.execute(TestCaseExecutor.java:285)
	at com.kms.katalon.core.common.CommonExecutor.accessTestCaseMainPhase(CommonExecutor.java:65)
	at com.kms.katalon.core.main.TestSuiteExecutor.accessTestSuiteMainPhase(TestSuiteExecutor.java:148)
	at com.kms.katalon.core.main.TestSuiteExecutor.execute(TestSuiteExecutor.java:106)
	at com.kms.katalon.core.main.TestCaseMain.startTestSuite(TestCaseMain.java:187)
	at com.kms.katalon.core.main.TestCaseMain$startTestSuite$0.call(Unknown Source)
	at TempTestSuite1716323070945.run(TempTestSuite1716323070945.groovy:35)
Caused by: org.openqa.selenium.NoSuchElementException: Cannot locate element with text: Cédula de Ciudadanía
For documentation on this error, please visit: https://www.seleniumhq.org/exceptions/no_such_element.html
Build info: version: '3.141.59', revision: 'e82be7d358', time: '2018-11-14T08:25:53'
System info: host: 'PCPRUEBAS101', ip: '192.168.91.13', os.name: 'Windows 10', os.arch: 'amd64', os.version: '10.0', java.version: '1.8.0_282'
Driver info: driver.version: unknown
	at org.openqa.selenium.support.ui.Select.selectByVisibleText(Select.java:147)
	at com.kms.katalon.core.webui.common.WebUiCommonHelper.selectOrDeselectOptionsByLabel(WebUiCommonHelper.java:310)
	at com.kms.katalon.core.webui.keyword.builtin.SelectOptionByLabelKeyword$_selectOptionByLabel_closure1.doCall(SelectOptionByLabelKeyword.groovy:87)
	at com.kms.katalon.core.webui.keyword.builtin.SelectOptionByLabelKeyword$_selectOptionByLabel_closure1.call(SelectOptionByLabelKeyword.groovy)
	at com.kms.katalon.core.webui.keyword.internal.WebUIKeywordMain.runKeyword(WebUIKeywordMain.groovy:20)
	... 19 more]]></system-out>
      <system-err><![CDATA[2024-05-21 16:43:34 - [TEST_SUITE][FAILED] - 1 Maestro Clientes: Test Cases/Configuracion/5 Clientes/1 Maestro Clientes/R194 b FAILED.
Reason:
com.kms.katalon.core.exception.StepFailedException: Unable to select option by label 'Cédula de Ciudadanía' of object 'Object Repository/ADM/1Configuracion/5Clientes/1Maestro de Clientes/Datos Cliente/select_Tipo Identificacion' 
	at com.kms.katalon.core.webui.keyword.internal.WebUIKeywordMain.stepFailed(WebUIKeywordMain.groovy:64)
	at com.kms.katalon.core.webui.keyword.internal.WebUIKeywordMain.runKeyword(WebUIKeywordMain.groovy:26)
	at com.kms.katalon.core.webui.keyword.builtin.SelectOptionByLabelKeyword.selectOptionByLabel(SelectOptionByLabelKeyword.groovy:98)
	at com.kms.katalon.core.webui.keyword.builtin.SelectOptionByLabelKeyword.execute(SelectOptionByLabelKeyword.groovy:71)
	at com.kms.katalon.core.keyword.internal.KeywordExecutor.executeKeywordForPlatform(KeywordExecutor.groovy:74)
	at com.kms.katalon.core.webui.keyword.WebUiBuiltInKeywords.selectOptionByLabel(WebUiBuiltInKeywords.groovy:1230)
	at com.kms.katalon.core.webui.keyword.WebUiBuiltInKeywords$selectOptionByLabel$6.call(Unknown Source)
	at R194 b.run(R194 b:43)
	at com.kms.katalon.core.main.ScriptEngine.run(ScriptEngine.java:194)
	at com.kms.katalon.core.main.ScriptEngine.runScriptAsRawText(ScriptEngine.java:119)
	at com.kms.katalon.core.main.TestCaseExecutor.runScript(TestCaseExecutor.java:448)
	at com.kms.katalon.core.main.TestCaseExecutor.doExecute(TestCaseExecutor.java:439)
	at com.kms.katalon.core.main.TestCaseExecutor.processExecutionPhase(TestCaseExecutor.java:418)
	at com.kms.katalon.core.main.TestCaseExecutor.accessMainPhase(TestCaseExecutor.java:410)
	at com.kms.katalon.core.main.TestCaseExecutor.execute(TestCaseExecutor.java:285)
	at com.kms.katalon.core.common.CommonExecutor.accessTestCaseMainPhase(CommonExecutor.java:65)
	at com.kms.katalon.core.main.TestSuiteExecutor.accessTestSuiteMainPhase(TestSuiteExecutor.java:148)
	at com.kms.katalon.core.main.TestSuiteExecutor.execute(TestSuiteExecutor.java:106)
	at com.kms.katalon.core.main.TestCaseMain.startTestSuite(TestCaseMain.java:187)
	at com.kms.katalon.core.main.TestCaseMain$startTestSuite$0.call(Unknown Source)
	at TempTestSuite1716323070945.run(TempTestSuite1716323070945.groovy:35)
Caused by: org.openqa.selenium.NoSuchElementException: Cannot locate element with text: Cédula de Ciudadanía
For documentation on this error, please visit: https://www.seleniumhq.org/exceptions/no_such_element.html
Build info: version: '3.141.59', revision: 'e82be7d358', time: '2018-11-14T08:25:53'
System info: host: 'PCPRUEBAS101', ip: '192.168.91.13', os.name: 'Windows 10', os.arch: 'amd64', os.version: '10.0', java.version: '1.8.0_282'
Driver info: driver.version: unknown
	at org.openqa.selenium.support.ui.Select.selectByVisibleText(Select.java:147)
	at com.kms.katalon.core.webui.common.WebUiCommonHelper.selectOrDeselectOptionsByLabel(WebUiCommonHelper.java:310)
	at com.kms.katalon.core.webui.keyword.builtin.SelectOptionByLabelKeyword$_selectOptionByLabel_closure1.doCall(SelectOptionByLabelKeyword.groovy:87)
	at com.kms.katalon.core.webui.keyword.builtin.SelectOptionByLabelKeyword$_selectOptionByLabel_closure1.call(SelectOptionByLabelKeyword.groovy)
	at com.kms.katalon.core.webui.keyword.internal.WebUIKeywordMain.runKeyword(WebUIKeywordMain.groovy:20)
	... 19 more]]></system-err>
   </testsuite>
</testsuites>
