<?xml version="1.0" encoding="UTF-8"?>
<testsuites name="4 Mensajes de Inicio" time="240.278" tests="6" failures="0" errors="0">
   <testsuite name="4 Mensajes de Inicio" tests="6" failures="0" errors="0" time="240.278" skipped="0" timestamp="2024-05-21 16:28:45" hostname="jdavila - PCPruebas101.ciel.cielingenieria.com" id="Test Suites/1 Configuracion/4 Sistema/4 Mensajes de Inicio">
      <properties>
         <property name="deviceName" value=""/>
         <property name="devicePlatform" value=""/>
         <property name="logFolder" value="C:\\CIEL INGENIERIA\\Katalon\\AgendamientoADM\\Reports\\20240521_152353\\1 Configuracion\\4 Sistema\\4 Mensajes de Inicio\\20240521_152420"/>
         <property name="logFiles" value="C:\\CIEL INGENIERIA\\Katalon\\AgendamientoADM\\Reports\\20240521_152353\\1 Configuracion\\4 Sistema\\4 Mensajes de Inicio\\20240521_152420\\execution0.log"/>
         <property name="attachments" value="C:\\CIEL INGENIERIA\\Katalon\\AgendamientoADM\\Reports\\20240521_152353\\1 Configuracion\\4 Sistema\\4 Mensajes de Inicio\\20240521_152420\\1716326955381.png, C:\\CIEL INGENIERIA\\Katalon\\AgendamientoADM\\Reports\\20240521_152353\\1 Configuracion\\4 Sistema\\4 Mensajes de Inicio\\20240521_152420\\1716326991003.png, C:\\CIEL INGENIERIA\\Katalon\\AgendamientoADM\\Reports\\20240521_152353\\1 Configuracion\\4 Sistema\\4 Mensajes de Inicio\\20240521_152420\\1716327025849.png, C:\\CIEL INGENIERIA\\Katalon\\AgendamientoADM\\Reports\\20240521_152353\\1 Configuracion\\4 Sistema\\4 Mensajes de Inicio\\20240521_152420\\1716327029895.png, C:\\CIEL INGENIERIA\\Katalon\\AgendamientoADM\\Reports\\20240521_152353\\1 Configuracion\\4 Sistema\\4 Mensajes de Inicio\\20240521_152420\\1716327061225.png, C:\\CIEL INGENIERIA\\Katalon\\AgendamientoADM\\Reports\\20240521_152353\\1 Configuracion\\4 Sistema\\4 Mensajes de Inicio\\20240521_152420\\1716327092051.png, C:\\CIEL INGENIERIA\\Katalon\\AgendamientoADM\\Reports\\20240521_152353\\1 Configuracion\\4 Sistema\\4 Mensajes de Inicio\\20240521_152420\\1716327099344.png, C:\\CIEL INGENIERIA\\Katalon\\AgendamientoADM\\Reports\\20240521_152353\\1 Configuracion\\4 Sistema\\4 Mensajes de Inicio\\20240521_152420\\1716327130545.png, C:\\CIEL INGENIERIA\\Katalon\\AgendamientoADM\\Reports\\20240521_152353\\1 Configuracion\\4 Sistema\\4 Mensajes de Inicio\\20240521_152420\\1716327138158.png, C:\\CIEL INGENIERIA\\Katalon\\AgendamientoADM\\Reports\\20240521_152353\\1 Configuracion\\4 Sistema\\4 Mensajes de Inicio\\20240521_152420\\1716327160768.png, C:\\CIEL INGENIERIA\\Katalon\\AgendamientoADM\\Reports\\20240521_152353\\1 Configuracion\\4 Sistema\\4 Mensajes de Inicio\\20240521_152420\\1716327165528.png"/>
         <property name="hostName" value="jdavila - PCPruebas101.ciel.cielingenieria.com"/>
         <property name="os" value="Windows 10 64bit"/>
         <property name="katalonVersion" value="8.6.9.208"/>
         <property name="browser" value="Chrome 124.0.0.0"/>
         <property name="hostAddress" value="192.168.91.13"/>
         <property name="sessionId" value="51a534cb69e11d677378a9719c56759f"/>
         <property name="seleniumVersion" value="3.141.59"/>
         <property name="proxyInformation" value="ProxyInformation { proxyOption=NO_PROXY, proxyServerType=HTTP, username=, password=********, proxyServerAddress=, proxyServerPort=0, executionList=&quot;&quot;, isApplyToDesiredCapabilities=true }"/>
         <property name="platform" value="Windows 10"/>
      </properties>
      <testcase name="Test Cases/Configuracion/4 Sistema/4 Mensaje de Inicio/R155" time="30.305" classname="Test Cases/Configuracion/4 Sistema/4 Mensaje de Inicio/R155" status="PASSED">
         <system-out><![CDATA[2024-05-21 16:28:45 - [TEST_CASE][PASSED] - Test Cases/Configuracion/4 Sistema/4 Mensaje de Inicio/R155: Test Cases/Configuracion/4 Sistema/4 Mensaje de Inicio/R155

2024-05-21 16:28:46 - [TEST_STEP][PASSED] - callTestCase(findTestCase("0InicioSesion"), [:], STOP_ON_FAILURE): Call Test Case 'Test Cases/0InicioSesion' successfully

2024-05-21 16:28:46 - [TEST_CASE][PASSED] - Test Cases/0InicioSesion: Test Cases/0InicioSesion

2024-05-21 16:28:46 - [TEST_STEP][PASSED] - openBrowser(Url): Browser is opened with url: 'https://pcpruebas101.ciel.cielingenieria.com:8815/'

2024-05-21 16:28:47 - [MESSAGE][INFO] - Starting 'Chrome' driver

2024-05-21 16:28:47 - [MESSAGE][INFO] - Action delay is set to 0 milliseconds

2024-05-21 16:28:50 - [MESSAGE][PASSED] - Browser is opened with url: 'https://pcpruebas101.ciel.cielingenieria.com:8815/'

2024-05-21 16:28:50 - [TEST_STEP][PASSED] - maximizeWindow(): Current window maximized

2024-05-21 16:28:50 - [MESSAGE][PASSED] - Current window maximized

2024-05-21 16:28:50 - [TEST_STEP][PASSED] - delay(2): Delayed 2 second(s)

2024-05-21 16:28:52 - [MESSAGE][PASSED] - Delayed 2 second(s)

2024-05-21 16:28:52 - [TEST_STEP][PASSED] - setText(findTestObject("ADM/0Inicio Sesion/input_Usuario"), Usuario): Text 'Ciel' is set on object 'Object Repository/ADM/0Inicio Sesion/input_Usuario'

2024-05-21 16:28:53 - [MESSAGE][PASSED] - Text 'Ciel' is set on object 'Object Repository/ADM/0Inicio Sesion/input_Usuario'

2024-05-21 16:28:53 - [TEST_STEP][PASSED] - delay(2): Delayed 2 second(s)

2024-05-21 16:28:55 - [MESSAGE][PASSED] - Delayed 2 second(s)

2024-05-21 16:28:55 - [TEST_STEP][PASSED] - setText(findTestObject("ADM/0Inicio Sesion/input_Clave"), Clave): Text 'Digiturno5.' is set on object 'Object Repository/ADM/0Inicio Sesion/input_Clave'

2024-05-21 16:28:56 - [MESSAGE][PASSED] - Text 'Digiturno5.' is set on object 'Object Repository/ADM/0Inicio Sesion/input_Clave'

2024-05-21 16:28:56 - [TEST_STEP][PASSED] - delay(2): Delayed 2 second(s)

2024-05-21 16:28:58 - [MESSAGE][PASSED] - Delayed 2 second(s)

2024-05-21 16:28:58 - [TEST_STEP][PASSED] - click(findTestObject("ADM/0Inicio Sesion/btn_IniciarSesion")): Object: 'Object Repository/ADM/0Inicio Sesion/btn_IniciarSesion' is clicked on

2024-05-21 16:28:58 - [MESSAGE][PASSED] - Object: 'Object Repository/ADM/0Inicio Sesion/btn_IniciarSesion' is clicked on

2024-05-21 16:28:58 - [TEST_STEP][PASSED] - delay(3): Delayed 3 second(s)

2024-05-21 16:29:01 - [MESSAGE][PASSED] - Delayed 3 second(s)

2024-05-21 16:29:01 - [MESSAGE][PASSED] - Call Test Case 'Test Cases/0InicioSesion' successfully

2024-05-21 16:29:01 - [TEST_STEP][PASSED] - click(findTestObject("ADM/0Principal/a_Configuracion")): Object: 'Object Repository/ADM/0Principal/a_Configuracion' is clicked on

2024-05-21 16:29:02 - [MESSAGE][PASSED] - Object: 'Object Repository/ADM/0Principal/a_Configuracion' is clicked on

2024-05-21 16:29:02 - [TEST_STEP][PASSED] - delay(3): Delayed 3 second(s)

2024-05-21 16:29:05 - [MESSAGE][PASSED] - Delayed 3 second(s)

2024-05-21 16:29:05 - [TEST_STEP][PASSED] - click(findTestObject("ADM/1Configuracion/0Principal/a_4 Sistema")): Object: 'Object Repository/ADM/1Configuracion/0Principal/a_4 Sistema' is clicked on

2024-05-21 16:29:06 - [MESSAGE][PASSED] - Object: 'Object Repository/ADM/1Configuracion/0Principal/a_4 Sistema' is clicked on

2024-05-21 16:29:06 - [TEST_STEP][PASSED] - delay(3): Delayed 3 second(s)

2024-05-21 16:29:09 - [MESSAGE][PASSED] - Delayed 3 second(s)

2024-05-21 16:29:09 - [TEST_STEP][PASSED] - click(findTestObject("ADM/1Configuracion/4Sistema/0Principal/a_4 Mensajes de inicio")): Object: 'Object Repository/ADM/1Configuracion/4Sistema/0Principal/a_4 Mensajes de inicio' is clicked on

2024-05-21 16:29:10 - [MESSAGE][PASSED] - Object: 'Object Repository/ADM/1Configuracion/4Sistema/0Principal/a_4 Mensajes de inicio' is clicked on

2024-05-21 16:29:10 - [TEST_STEP][PASSED] - delay(3): Delayed 3 second(s)

2024-05-21 16:29:13 - [MESSAGE][PASSED] - Delayed 3 second(s)

2024-05-21 16:29:13 - [TEST_STEP][PASSED] - verifyElementPresent(findTestObject("ADM/1Configuracion/4Sistema/4Mensajes de Inicio/Ventana Modal Clientes/btn_VistaPreviaUsuario"), 2): Object 'Object Repository/ADM/1Configuracion/4Sistema/4Mensajes de Inicio/Ventana Modal Clientes/btn_VistaPreviaUsuario' is present

2024-05-21 16:29:13 - [MESSAGE][PASSED] - Object 'Object Repository/ADM/1Configuracion/4Sistema/4Mensajes de Inicio/Ventana Modal Clientes/btn_VistaPreviaUsuario' is present

2024-05-21 16:29:13 - [TEST_STEP][PASSED] - verifyElementPresent(findTestObject("ADM/1Configuracion/4Sistema/4Mensajes de Inicio/Ventana Modal Clientes/label_Habilitado"), 2): Object 'Object Repository/ADM/1Configuracion/4Sistema/4Mensajes de Inicio/Ventana Modal Clientes/label_Habilitado' is present

2024-05-21 16:29:13 - [MESSAGE][PASSED] - Object 'Object Repository/ADM/1Configuracion/4Sistema/4Mensajes de Inicio/Ventana Modal Clientes/label_Habilitado' is present

2024-05-21 16:29:13 - [TEST_STEP][PASSED] - verifyElementPresent(findTestObject("ADM/1Configuracion/4Sistema/4Mensajes de Inicio/Ventana Modal Clientes/a_ModalVistaPrevia_Cerrar"), 2): Object 'Object Repository/ADM/1Configuracion/4Sistema/4Mensajes de Inicio/Ventana Modal Clientes/a_ModalVistaPrevia_Cerrar' is present

2024-05-21 16:29:14 - [MESSAGE][PASSED] - Object 'Object Repository/ADM/1Configuracion/4Sistema/4Mensajes de Inicio/Ventana Modal Clientes/a_ModalVistaPrevia_Cerrar' is present

2024-05-21 16:29:14 - [TEST_STEP][PASSED] - verifyElementPresent(findTestObject("ADM/1Configuracion/4Sistema/4Mensajes de Inicio/Ventana Modal Administradores/btn_Guardar"), 2): Object 'Object Repository/ADM/1Configuracion/4Sistema/4Mensajes de Inicio/Ventana Modal Administradores/btn_Guardar' is present

2024-05-21 16:29:14 - [MESSAGE][PASSED] - Object 'Object Repository/ADM/1Configuracion/4Sistema/4Mensajes de Inicio/Ventana Modal Administradores/btn_Guardar' is present

2024-05-21 16:29:14 - [TEST_STEP][PASSED] - verifyElementPresent(findTestObject("ADM/1Configuracion/4Sistema/4Mensajes de Inicio/Ventana Modal Administradores/label_Habilitado"), 2): Object 'Object Repository/ADM/1Configuracion/4Sistema/4Mensajes de Inicio/Ventana Modal Administradores/label_Habilitado' is present

2024-05-21 16:29:14 - [MESSAGE][PASSED] - Object 'Object Repository/ADM/1Configuracion/4Sistema/4Mensajes de Inicio/Ventana Modal Administradores/label_Habilitado' is present

2024-05-21 16:29:14 - [TEST_STEP][PASSED] - verifyElementPresent(findTestObject("ADM/1Configuracion/4Sistema/4Mensajes de Inicio/Ventana Modal Administradores/btn_VistaPreviaAdmin"), 2): Object 'Object Repository/ADM/1Configuracion/4Sistema/4Mensajes de Inicio/Ventana Modal Administradores/btn_VistaPreviaAdmin' is present

2024-05-21 16:29:15 - [MESSAGE][PASSED] - Object 'Object Repository/ADM/1Configuracion/4Sistema/4Mensajes de Inicio/Ventana Modal Administradores/btn_VistaPreviaAdmin' is present

2024-05-21 16:29:15 - [TEST_STEP][PASSED] - takeFullPageScreenshot(): Taking screenshot successfully

2024-05-21 16:29:16 - [MESSAGE][INFO] - 0 hidden object(s)

2024-05-21 16:29:16 - [MESSAGE][PASSED] - Taking screenshot successfully
[[ATTACHMENT|C:\\CIEL INGENIERIA\\Katalon\\AgendamientoADM\\Reports\\20240521_152353\\1 Configuracion\\4 Sistema\\4 Mensajes de Inicio\\20240521_152420\\1716326955381.png]]

2024-05-21 16:29:16 - [TEST_STEP][PASSED] - Start listener action : sampleAfterTestCase: null]]></system-out>
         <system-err><![CDATA[]]></system-err>
      </testcase>
      <testcase name="Test Cases/Configuracion/4 Sistema/4 Mensaje de Inicio/R156" time="35.295" classname="Test Cases/Configuracion/4 Sistema/4 Mensaje de Inicio/R156" status="PASSED">
         <system-out><![CDATA[2024-05-21 16:29:16 - [TEST_CASE][PASSED] - Test Cases/Configuracion/4 Sistema/4 Mensaje de Inicio/R156: Test Cases/Configuracion/4 Sistema/4 Mensaje de Inicio/R156

2024-05-21 16:29:16 - [TEST_STEP][PASSED] - callTestCase(findTestCase("0InicioSesion"), [:], STOP_ON_FAILURE): Call Test Case 'Test Cases/0InicioSesion' successfully

2024-05-21 16:29:16 - [TEST_CASE][PASSED] - Test Cases/0InicioSesion: Test Cases/0InicioSesion

2024-05-21 16:29:16 - [TEST_STEP][PASSED] - openBrowser(Url): Browser is opened with url: 'https://pcpruebas101.ciel.cielingenieria.com:8815/'

2024-05-21 16:29:16 - [MESSAGE][WARNING] - A browser is already opened. Closing browser and opening a new one

2024-05-21 16:29:17 - [MESSAGE][INFO] - Starting 'Chrome' driver

2024-05-21 16:29:17 - [MESSAGE][INFO] - Action delay is set to 0 milliseconds

2024-05-21 16:29:19 - [MESSAGE][PASSED] - Browser is opened with url: 'https://pcpruebas101.ciel.cielingenieria.com:8815/'

2024-05-21 16:29:19 - [TEST_STEP][PASSED] - maximizeWindow(): Current window maximized

2024-05-21 16:29:19 - [MESSAGE][PASSED] - Current window maximized

2024-05-21 16:29:19 - [TEST_STEP][PASSED] - delay(2): Delayed 2 second(s)

2024-05-21 16:29:21 - [MESSAGE][PASSED] - Delayed 2 second(s)

2024-05-21 16:29:21 - [TEST_STEP][PASSED] - setText(findTestObject("ADM/0Inicio Sesion/input_Usuario"), Usuario): Text 'Ciel' is set on object 'Object Repository/ADM/0Inicio Sesion/input_Usuario'

2024-05-21 16:29:23 - [MESSAGE][PASSED] - Text 'Ciel' is set on object 'Object Repository/ADM/0Inicio Sesion/input_Usuario'

2024-05-21 16:29:23 - [TEST_STEP][PASSED] - delay(2): Delayed 2 second(s)

2024-05-21 16:29:25 - [MESSAGE][PASSED] - Delayed 2 second(s)

2024-05-21 16:29:25 - [TEST_STEP][PASSED] - setText(findTestObject("ADM/0Inicio Sesion/input_Clave"), Clave): Text 'Digiturno5.' is set on object 'Object Repository/ADM/0Inicio Sesion/input_Clave'

2024-05-21 16:29:25 - [MESSAGE][PASSED] - Text 'Digiturno5.' is set on object 'Object Repository/ADM/0Inicio Sesion/input_Clave'

2024-05-21 16:29:25 - [TEST_STEP][PASSED] - delay(2): Delayed 2 second(s)

2024-05-21 16:29:27 - [MESSAGE][PASSED] - Delayed 2 second(s)

2024-05-21 16:29:27 - [TEST_STEP][PASSED] - click(findTestObject("ADM/0Inicio Sesion/btn_IniciarSesion")): Object: 'Object Repository/ADM/0Inicio Sesion/btn_IniciarSesion' is clicked on

2024-05-21 16:29:28 - [MESSAGE][PASSED] - Object: 'Object Repository/ADM/0Inicio Sesion/btn_IniciarSesion' is clicked on

2024-05-21 16:29:28 - [TEST_STEP][PASSED] - delay(3): Delayed 3 second(s)

2024-05-21 16:29:31 - [MESSAGE][PASSED] - Delayed 3 second(s)

2024-05-21 16:29:31 - [MESSAGE][PASSED] - Call Test Case 'Test Cases/0InicioSesion' successfully

2024-05-21 16:29:31 - [TEST_STEP][PASSED] - comment("Ventana Modal Cliente Ingresar texto distinto"): Ventana Modal Cliente Ingresar texto distinto

2024-05-21 16:29:31 - [MESSAGE][INFO] - Ventana Modal Cliente Ingresar texto distinto

2024-05-21 16:29:31 - [TEST_STEP][PASSED] - click(findTestObject("ADM/0Principal/a_Configuracion")): Object: 'Object Repository/ADM/0Principal/a_Configuracion' is clicked on

2024-05-21 16:29:31 - [MESSAGE][PASSED] - Object: 'Object Repository/ADM/0Principal/a_Configuracion' is clicked on

2024-05-21 16:29:31 - [TEST_STEP][PASSED] - delay(3): Delayed 3 second(s)

2024-05-21 16:29:34 - [MESSAGE][PASSED] - Delayed 3 second(s)

2024-05-21 16:29:34 - [TEST_STEP][PASSED] - click(findTestObject("ADM/1Configuracion/0Principal/a_4 Sistema")): Object: 'Object Repository/ADM/1Configuracion/0Principal/a_4 Sistema' is clicked on

2024-05-21 16:29:35 - [MESSAGE][PASSED] - Object: 'Object Repository/ADM/1Configuracion/0Principal/a_4 Sistema' is clicked on

2024-05-21 16:29:35 - [TEST_STEP][PASSED] - delay(3): Delayed 3 second(s)

2024-05-21 16:29:38 - [MESSAGE][PASSED] - Delayed 3 second(s)

2024-05-21 16:29:38 - [TEST_STEP][PASSED] - click(findTestObject("ADM/1Configuracion/4Sistema/0Principal/a_4 Mensajes de inicio")): Object: 'Object Repository/ADM/1Configuracion/4Sistema/0Principal/a_4 Mensajes de inicio' is clicked on

2024-05-21 16:29:39 - [MESSAGE][PASSED] - Object: 'Object Repository/ADM/1Configuracion/4Sistema/0Principal/a_4 Mensajes de inicio' is clicked on

2024-05-21 16:29:39 - [TEST_STEP][PASSED] - delay(3): Delayed 3 second(s)

2024-05-21 16:29:42 - [MESSAGE][PASSED] - Delayed 3 second(s)

2024-05-21 16:29:42 - [TEST_STEP][PASSED] - click(findTestObject("ADM/1Configuracion/4Sistema/4Mensajes de Inicio/Ventana Modal Clientes/Mensaje Principal/img_Modo HTML MenPrincipal")): Object: 'Object Repository/ADM/1Configuracion/4Sistema/4Mensajes de Inicio/Ventana Modal Clientes/Mensaje Principal/img_Modo HTML MenPrincipal' is clicked on

2024-05-21 16:29:42 - [MESSAGE][PASSED] - Object: 'Object Repository/ADM/1Configuracion/4Sistema/4Mensajes de Inicio/Ventana Modal Clientes/Mensaje Principal/img_Modo HTML MenPrincipal' is clicked on

2024-05-21 16:29:42 - [TEST_STEP][PASSED] - setText(findTestObject("ADM/1Configuracion/4Sistema/4Mensajes de Inicio/Ventana Modal Clientes/Mensaje Principal/textarea_Modo HTML Mensaje Principal"), TextoPrueba): Text 'Este es un texto de prueba 5897386*@' is set on object 'Object Repository/ADM/1Configuracion/4Sistema/4Mensajes de Inicio/Ventana Modal Clientes/Mensaje Principal/textarea_Modo HTML Mensaje Principal'

2024-05-21 16:29:43 - [MESSAGE][PASSED] - Text 'Este es un texto de prueba 5897386*@' is set on object 'Object Repository/ADM/1Configuracion/4Sistema/4Mensajes de Inicio/Ventana Modal Clientes/Mensaje Principal/textarea_Modo HTML Mensaje Principal'

2024-05-21 16:29:43 - [TEST_STEP][PASSED] - delay(3): Delayed 3 second(s)

2024-05-21 16:29:46 - [MESSAGE][PASSED] - Delayed 3 second(s)

2024-05-21 16:29:46 - [TEST_STEP][PASSED] - click(findTestObject("ADM/1Configuracion/4Sistema/4Mensajes de Inicio/Ventana Modal Clientes/Mensaje Adicional/img_Modo HTML MenAdicional")): Object: 'Object Repository/ADM/1Configuracion/4Sistema/4Mensajes de Inicio/Ventana Modal Clientes/Mensaje Adicional/img_Modo HTML MenAdicional' is clicked on

2024-05-21 16:29:47 - [MESSAGE][PASSED] - Object: 'Object Repository/ADM/1Configuracion/4Sistema/4Mensajes de Inicio/Ventana Modal Clientes/Mensaje Adicional/img_Modo HTML MenAdicional' is clicked on

2024-05-21 16:29:47 - [TEST_STEP][PASSED] - setText(findTestObject("ADM/1Configuracion/4Sistema/4Mensajes de Inicio/Ventana Modal Clientes/Mensaje Adicional/textarea_Modo HTML MenAdicional"), TextoPrueba): Text 'Este es un texto de prueba 5897386*@' is set on object 'Object Repository/ADM/1Configuracion/4Sistema/4Mensajes de Inicio/Ventana Modal Clientes/Mensaje Adicional/textarea_Modo HTML MenAdicional'

2024-05-21 16:29:47 - [MESSAGE][PASSED] - Text 'Este es un texto de prueba 5897386*@' is set on object 'Object Repository/ADM/1Configuracion/4Sistema/4Mensajes de Inicio/Ventana Modal Clientes/Mensaje Adicional/textarea_Modo HTML MenAdicional'

2024-05-21 16:29:47 - [TEST_STEP][PASSED] - delay(3): Delayed 3 second(s)

2024-05-21 16:29:51 - [MESSAGE][PASSED] - Delayed 3 second(s)

2024-05-21 16:29:51 - [TEST_STEP][PASSED] - takeFullPageScreenshot(): Taking screenshot successfully

2024-05-21 16:29:51 - [MESSAGE][INFO] - 0 hidden object(s)

2024-05-21 16:29:51 - [MESSAGE][PASSED] - Taking screenshot successfully
[[ATTACHMENT|C:\\CIEL INGENIERIA\\Katalon\\AgendamientoADM\\Reports\\20240521_152353\\1 Configuracion\\4 Sistema\\4 Mensajes de Inicio\\20240521_152420\\1716326991003.png]]

2024-05-21 16:29:51 - [TEST_STEP][PASSED] - Start listener action : sampleAfterTestCase: null]]></system-out>
         <system-err><![CDATA[]]></system-err>
      </testcase>
      <testcase name="Test Cases/Configuracion/4 Sistema/4 Mensaje de Inicio/R157" time="38.905" classname="Test Cases/Configuracion/4 Sistema/4 Mensaje de Inicio/R157" status="PASSED">
         <system-out><![CDATA[2024-05-21 16:29:51 - [TEST_CASE][PASSED] - Test Cases/Configuracion/4 Sistema/4 Mensaje de Inicio/R157: Test Cases/Configuracion/4 Sistema/4 Mensaje de Inicio/R157

2024-05-21 16:29:51 - [TEST_STEP][PASSED] - callTestCase(findTestCase("0InicioSesion"), [:], STOP_ON_FAILURE): Call Test Case 'Test Cases/0InicioSesion' successfully

2024-05-21 16:29:51 - [TEST_CASE][PASSED] - Test Cases/0InicioSesion: Test Cases/0InicioSesion

2024-05-21 16:29:51 - [TEST_STEP][PASSED] - openBrowser(Url): Browser is opened with url: 'https://pcpruebas101.ciel.cielingenieria.com:8815/'

2024-05-21 16:29:51 - [MESSAGE][WARNING] - A browser is already opened. Closing browser and opening a new one

2024-05-21 16:29:52 - [MESSAGE][INFO] - Starting 'Chrome' driver

2024-05-21 16:29:52 - [MESSAGE][INFO] - Action delay is set to 0 milliseconds

2024-05-21 16:29:55 - [MESSAGE][PASSED] - Browser is opened with url: 'https://pcpruebas101.ciel.cielingenieria.com:8815/'

2024-05-21 16:29:55 - [TEST_STEP][PASSED] - maximizeWindow(): Current window maximized

2024-05-21 16:29:55 - [MESSAGE][PASSED] - Current window maximized

2024-05-21 16:29:55 - [TEST_STEP][PASSED] - delay(2): Delayed 2 second(s)

2024-05-21 16:29:57 - [MESSAGE][PASSED] - Delayed 2 second(s)

2024-05-21 16:29:57 - [TEST_STEP][PASSED] - setText(findTestObject("ADM/0Inicio Sesion/input_Usuario"), Usuario): Text 'Ciel' is set on object 'Object Repository/ADM/0Inicio Sesion/input_Usuario'

2024-05-21 16:29:58 - [MESSAGE][PASSED] - Text 'Ciel' is set on object 'Object Repository/ADM/0Inicio Sesion/input_Usuario'

2024-05-21 16:29:58 - [TEST_STEP][PASSED] - delay(2): Delayed 2 second(s)

2024-05-21 16:30:00 - [MESSAGE][PASSED] - Delayed 2 second(s)

2024-05-21 16:30:00 - [TEST_STEP][PASSED] - setText(findTestObject("ADM/0Inicio Sesion/input_Clave"), Clave): Text 'Digiturno5.' is set on object 'Object Repository/ADM/0Inicio Sesion/input_Clave'

2024-05-21 16:30:01 - [MESSAGE][PASSED] - Text 'Digiturno5.' is set on object 'Object Repository/ADM/0Inicio Sesion/input_Clave'

2024-05-21 16:30:01 - [TEST_STEP][PASSED] - delay(2): Delayed 2 second(s)

2024-05-21 16:30:03 - [MESSAGE][PASSED] - Delayed 2 second(s)

2024-05-21 16:30:03 - [TEST_STEP][PASSED] - click(findTestObject("ADM/0Inicio Sesion/btn_IniciarSesion")): Object: 'Object Repository/ADM/0Inicio Sesion/btn_IniciarSesion' is clicked on

2024-05-21 16:30:03 - [MESSAGE][PASSED] - Object: 'Object Repository/ADM/0Inicio Sesion/btn_IniciarSesion' is clicked on

2024-05-21 16:30:03 - [TEST_STEP][PASSED] - delay(3): Delayed 3 second(s)

2024-05-21 16:30:06 - [MESSAGE][PASSED] - Delayed 3 second(s)

2024-05-21 16:30:06 - [MESSAGE][PASSED] - Call Test Case 'Test Cases/0InicioSesion' successfully

2024-05-21 16:30:06 - [TEST_STEP][PASSED] - comment("Ventana Modal Cliente Vista Previa"): Ventana Modal Cliente Vista Previa

2024-05-21 16:30:06 - [MESSAGE][INFO] - Ventana Modal Cliente Vista Previa

2024-05-21 16:30:06 - [TEST_STEP][PASSED] - click(findTestObject("ADM/0Principal/a_Configuracion")): Object: 'Object Repository/ADM/0Principal/a_Configuracion' is clicked on

2024-05-21 16:30:07 - [MESSAGE][PASSED] - Object: 'Object Repository/ADM/0Principal/a_Configuracion' is clicked on

2024-05-21 16:30:07 - [TEST_STEP][PASSED] - delay(3): Delayed 3 second(s)

2024-05-21 16:30:10 - [MESSAGE][PASSED] - Delayed 3 second(s)

2024-05-21 16:30:10 - [TEST_STEP][PASSED] - click(findTestObject("ADM/1Configuracion/0Principal/a_4 Sistema")): Object: 'Object Repository/ADM/1Configuracion/0Principal/a_4 Sistema' is clicked on

2024-05-21 16:30:10 - [MESSAGE][PASSED] - Object: 'Object Repository/ADM/1Configuracion/0Principal/a_4 Sistema' is clicked on

2024-05-21 16:30:10 - [TEST_STEP][PASSED] - delay(3): Delayed 3 second(s)

2024-05-21 16:30:13 - [MESSAGE][PASSED] - Delayed 3 second(s)

2024-05-21 16:30:13 - [TEST_STEP][PASSED] - click(findTestObject("ADM/1Configuracion/4Sistema/0Principal/a_4 Mensajes de inicio")): Object: 'Object Repository/ADM/1Configuracion/4Sistema/0Principal/a_4 Mensajes de inicio' is clicked on

2024-05-21 16:30:14 - [MESSAGE][PASSED] - Object: 'Object Repository/ADM/1Configuracion/4Sistema/0Principal/a_4 Mensajes de inicio' is clicked on

2024-05-21 16:30:14 - [TEST_STEP][PASSED] - delay(3): Delayed 3 second(s)

2024-05-21 16:30:17 - [MESSAGE][PASSED] - Delayed 3 second(s)

2024-05-21 16:30:17 - [TEST_STEP][PASSED] - click(findTestObject("ADM/1Configuracion/4Sistema/4Mensajes de Inicio/Ventana Modal Clientes/Mensaje Principal/img_Modo HTML MenPrincipal")): Object: 'Object Repository/ADM/1Configuracion/4Sistema/4Mensajes de Inicio/Ventana Modal Clientes/Mensaje Principal/img_Modo HTML MenPrincipal' is clicked on

2024-05-21 16:30:17 - [MESSAGE][PASSED] - Object: 'Object Repository/ADM/1Configuracion/4Sistema/4Mensajes de Inicio/Ventana Modal Clientes/Mensaje Principal/img_Modo HTML MenPrincipal' is clicked on

2024-05-21 16:30:17 - [TEST_STEP][PASSED] - setText(findTestObject("ADM/1Configuracion/4Sistema/4Mensajes de Inicio/Ventana Modal Clientes/Mensaje Principal/textarea_Modo HTML Mensaje Principal"), TextoPrueba): Text 'Este es un texto de prueba 5897386*@' is set on object 'Object Repository/ADM/1Configuracion/4Sistema/4Mensajes de Inicio/Ventana Modal Clientes/Mensaje Principal/textarea_Modo HTML Mensaje Principal'

2024-05-21 16:30:18 - [MESSAGE][PASSED] - Text 'Este es un texto de prueba 5897386*@' is set on object 'Object Repository/ADM/1Configuracion/4Sistema/4Mensajes de Inicio/Ventana Modal Clientes/Mensaje Principal/textarea_Modo HTML Mensaje Principal'

2024-05-21 16:30:18 - [TEST_STEP][PASSED] - delay(3): Delayed 3 second(s)

2024-05-21 16:30:21 - [MESSAGE][PASSED] - Delayed 3 second(s)

2024-05-21 16:30:21 - [TEST_STEP][PASSED] - click(findTestObject("ADM/1Configuracion/4Sistema/4Mensajes de Inicio/Ventana Modal Clientes/Mensaje Adicional/img_Modo HTML MenAdicional")): Object: 'Object Repository/ADM/1Configuracion/4Sistema/4Mensajes de Inicio/Ventana Modal Clientes/Mensaje Adicional/img_Modo HTML MenAdicional' is clicked on

2024-05-21 16:30:22 - [MESSAGE][PASSED] - Object: 'Object Repository/ADM/1Configuracion/4Sistema/4Mensajes de Inicio/Ventana Modal Clientes/Mensaje Adicional/img_Modo HTML MenAdicional' is clicked on

2024-05-21 16:30:22 - [TEST_STEP][PASSED] - setText(findTestObject("ADM/1Configuracion/4Sistema/4Mensajes de Inicio/Ventana Modal Clientes/Mensaje Adicional/textarea_Modo HTML MenAdicional"), TextoPrueba): Text 'Este es un texto de prueba 5897386*@' is set on object 'Object Repository/ADM/1Configuracion/4Sistema/4Mensajes de Inicio/Ventana Modal Clientes/Mensaje Adicional/textarea_Modo HTML MenAdicional'

2024-05-21 16:30:22 - [MESSAGE][PASSED] - Text 'Este es un texto de prueba 5897386*@' is set on object 'Object Repository/ADM/1Configuracion/4Sistema/4Mensajes de Inicio/Ventana Modal Clientes/Mensaje Adicional/textarea_Modo HTML MenAdicional'

2024-05-21 16:30:22 - [TEST_STEP][PASSED] - delay(3): Delayed 3 second(s)

2024-05-21 16:30:25 - [MESSAGE][PASSED] - Delayed 3 second(s)

2024-05-21 16:30:25 - [TEST_STEP][PASSED] - takeFullPageScreenshot(): Taking screenshot successfully

2024-05-21 16:30:26 - [MESSAGE][INFO] - 0 hidden object(s)

2024-05-21 16:30:26 - [MESSAGE][PASSED] - Taking screenshot successfully
[[ATTACHMENT|C:\\CIEL INGENIERIA\\Katalon\\AgendamientoADM\\Reports\\20240521_152353\\1 Configuracion\\4 Sistema\\4 Mensajes de Inicio\\20240521_152420\\1716327025849.png]]

2024-05-21 16:30:26 - [TEST_STEP][PASSED] - click(findTestObject("ADM/1Configuracion/4Sistema/4Mensajes de Inicio/Ventana Modal Clientes/btn_VistaPreviaUsuario")): Object: 'Object Repository/ADM/1Configuracion/4Sistema/4Mensajes de Inicio/Ventana Modal Clientes/btn_VistaPreviaUsuario' is clicked on

2024-05-21 16:30:26 - [MESSAGE][PASSED] - Object: 'Object Repository/ADM/1Configuracion/4Sistema/4Mensajes de Inicio/Ventana Modal Clientes/btn_VistaPreviaUsuario' is clicked on

2024-05-21 16:30:26 - [TEST_STEP][PASSED] - delay(3): Delayed 3 second(s)

2024-05-21 16:30:29 - [MESSAGE][PASSED] - Delayed 3 second(s)

2024-05-21 16:30:29 - [TEST_STEP][PASSED] - takeFullPageScreenshot(): Taking screenshot successfully

2024-05-21 16:30:30 - [MESSAGE][INFO] - 0 hidden object(s)

2024-05-21 16:30:30 - [MESSAGE][PASSED] - Taking screenshot successfully
[[ATTACHMENT|C:\\CIEL INGENIERIA\\Katalon\\AgendamientoADM\\Reports\\20240521_152353\\1 Configuracion\\4 Sistema\\4 Mensajes de Inicio\\20240521_152420\\1716327029895.png]]

2024-05-21 16:30:30 - [TEST_STEP][PASSED] - Start listener action : sampleAfterTestCase: null]]></system-out>
         <system-err><![CDATA[]]></system-err>
      </testcase>
      <testcase name="Test Cases/Configuracion/4 Sistema/4 Mensaje de Inicio/R158" time="31.38" classname="Test Cases/Configuracion/4 Sistema/4 Mensaje de Inicio/R158" status="PASSED">
         <system-out><![CDATA[2024-05-21 16:30:30 - [TEST_CASE][PASSED] - Test Cases/Configuracion/4 Sistema/4 Mensaje de Inicio/R158: Test Cases/Configuracion/4 Sistema/4 Mensaje de Inicio/R158

2024-05-21 16:30:31 - [TEST_STEP][PASSED] - callTestCase(findTestCase("0InicioSesion"), [:], STOP_ON_FAILURE): Call Test Case 'Test Cases/0InicioSesion' successfully

2024-05-21 16:30:31 - [TEST_CASE][PASSED] - Test Cases/0InicioSesion: Test Cases/0InicioSesion

2024-05-21 16:30:31 - [TEST_STEP][PASSED] - openBrowser(Url): Browser is opened with url: 'https://pcpruebas101.ciel.cielingenieria.com:8815/'

2024-05-21 16:30:31 - [MESSAGE][WARNING] - A browser is already opened. Closing browser and opening a new one

2024-05-21 16:30:32 - [MESSAGE][INFO] - Starting 'Chrome' driver

2024-05-21 16:30:32 - [MESSAGE][INFO] - Action delay is set to 0 milliseconds

2024-05-21 16:30:34 - [MESSAGE][PASSED] - Browser is opened with url: 'https://pcpruebas101.ciel.cielingenieria.com:8815/'

2024-05-21 16:30:34 - [TEST_STEP][PASSED] - maximizeWindow(): Current window maximized

2024-05-21 16:30:34 - [MESSAGE][PASSED] - Current window maximized

2024-05-21 16:30:34 - [TEST_STEP][PASSED] - delay(2): Delayed 2 second(s)

2024-05-21 16:30:36 - [MESSAGE][PASSED] - Delayed 2 second(s)

2024-05-21 16:30:36 - [TEST_STEP][PASSED] - setText(findTestObject("ADM/0Inicio Sesion/input_Usuario"), Usuario): Text 'Ciel' is set on object 'Object Repository/ADM/0Inicio Sesion/input_Usuario'

2024-05-21 16:30:37 - [MESSAGE][PASSED] - Text 'Ciel' is set on object 'Object Repository/ADM/0Inicio Sesion/input_Usuario'

2024-05-21 16:30:37 - [TEST_STEP][PASSED] - delay(2): Delayed 2 second(s)

2024-05-21 16:30:39 - [MESSAGE][PASSED] - Delayed 2 second(s)

2024-05-21 16:30:39 - [TEST_STEP][PASSED] - setText(findTestObject("ADM/0Inicio Sesion/input_Clave"), Clave): Text 'Digiturno5.' is set on object 'Object Repository/ADM/0Inicio Sesion/input_Clave'

2024-05-21 16:30:40 - [MESSAGE][PASSED] - Text 'Digiturno5.' is set on object 'Object Repository/ADM/0Inicio Sesion/input_Clave'

2024-05-21 16:30:40 - [TEST_STEP][PASSED] - delay(2): Delayed 2 second(s)

2024-05-21 16:30:42 - [MESSAGE][PASSED] - Delayed 2 second(s)

2024-05-21 16:30:42 - [TEST_STEP][PASSED] - click(findTestObject("ADM/0Inicio Sesion/btn_IniciarSesion")): Object: 'Object Repository/ADM/0Inicio Sesion/btn_IniciarSesion' is clicked on

2024-05-21 16:30:42 - [MESSAGE][PASSED] - Object: 'Object Repository/ADM/0Inicio Sesion/btn_IniciarSesion' is clicked on

2024-05-21 16:30:42 - [TEST_STEP][PASSED] - delay(3): Delayed 3 second(s)

2024-05-21 16:30:45 - [MESSAGE][PASSED] - Delayed 3 second(s)

2024-05-21 16:30:45 - [MESSAGE][PASSED] - Call Test Case 'Test Cases/0InicioSesion' successfully

2024-05-21 16:30:45 - [TEST_STEP][PASSED] - comment("Ventana Modal Administrador Texto De Prueba"): Ventana Modal Administrador Texto De Prueba

2024-05-21 16:30:45 - [MESSAGE][INFO] - Ventana Modal Administrador Texto De Prueba

2024-05-21 16:30:45 - [TEST_STEP][PASSED] - click(findTestObject("ADM/0Principal/a_Configuracion")): Object: 'Object Repository/ADM/0Principal/a_Configuracion' is clicked on

2024-05-21 16:30:46 - [MESSAGE][PASSED] - Object: 'Object Repository/ADM/0Principal/a_Configuracion' is clicked on

2024-05-21 16:30:46 - [TEST_STEP][PASSED] - delay(3): Delayed 3 second(s)

2024-05-21 16:30:49 - [MESSAGE][PASSED] - Delayed 3 second(s)

2024-05-21 16:30:49 - [TEST_STEP][PASSED] - click(findTestObject("ADM/1Configuracion/0Principal/a_4 Sistema")): Object: 'Object Repository/ADM/1Configuracion/0Principal/a_4 Sistema' is clicked on

2024-05-21 16:30:50 - [MESSAGE][PASSED] - Object: 'Object Repository/ADM/1Configuracion/0Principal/a_4 Sistema' is clicked on

2024-05-21 16:30:50 - [TEST_STEP][PASSED] - delay(3): Delayed 3 second(s)

2024-05-21 16:30:53 - [MESSAGE][PASSED] - Delayed 3 second(s)

2024-05-21 16:30:53 - [TEST_STEP][PASSED] - click(findTestObject("ADM/1Configuracion/4Sistema/0Principal/a_4 Mensajes de inicio")): Object: 'Object Repository/ADM/1Configuracion/4Sistema/0Principal/a_4 Mensajes de inicio' is clicked on

2024-05-21 16:30:53 - [MESSAGE][PASSED] - Object: 'Object Repository/ADM/1Configuracion/4Sistema/0Principal/a_4 Mensajes de inicio' is clicked on

2024-05-21 16:30:53 - [TEST_STEP][PASSED] - delay(3): Delayed 3 second(s)

2024-05-21 16:30:56 - [MESSAGE][PASSED] - Delayed 3 second(s)

2024-05-21 16:30:56 - [TEST_STEP][PASSED] - click(findTestObject("ADM/1Configuracion/4Sistema/4Mensajes de Inicio/Ventana Modal Administradores/Mensaje Principal/img_Modo HTML MenPrincipal")): Object: 'Object Repository/ADM/1Configuracion/4Sistema/4Mensajes de Inicio/Ventana Modal Administradores/Mensaje Principal/img_Modo HTML MenPrincipal' is clicked on

2024-05-21 16:30:57 - [MESSAGE][PASSED] - Object: 'Object Repository/ADM/1Configuracion/4Sistema/4Mensajes de Inicio/Ventana Modal Administradores/Mensaje Principal/img_Modo HTML MenPrincipal' is clicked on

2024-05-21 16:30:57 - [TEST_STEP][PASSED] - setText(findTestObject("ADM/1Configuracion/4Sistema/4Mensajes de Inicio/Ventana Modal Administradores/Mensaje Principal/textarea_Modo HTML MenPrincipal"), TextoPrueba): Text 'Este es un texto de prueba 5897386*@' is set on object 'Object Repository/ADM/1Configuracion/4Sistema/4Mensajes de Inicio/Ventana Modal Administradores/Mensaje Principal/textarea_Modo HTML MenPrincipal'

2024-05-21 16:30:58 - [MESSAGE][PASSED] - Text 'Este es un texto de prueba 5897386*@' is set on object 'Object Repository/ADM/1Configuracion/4Sistema/4Mensajes de Inicio/Ventana Modal Administradores/Mensaje Principal/textarea_Modo HTML MenPrincipal'

2024-05-21 16:30:58 - [TEST_STEP][PASSED] - delay(3): Delayed 3 second(s)

2024-05-21 16:31:01 - [MESSAGE][PASSED] - Delayed 3 second(s)

2024-05-21 16:31:01 - [TEST_STEP][PASSED] - takeFullPageScreenshot(): Taking screenshot successfully

2024-05-21 16:31:01 - [MESSAGE][INFO] - 0 hidden object(s)

2024-05-21 16:31:01 - [MESSAGE][PASSED] - Taking screenshot successfully
[[ATTACHMENT|C:\\CIEL INGENIERIA\\Katalon\\AgendamientoADM\\Reports\\20240521_152353\\1 Configuracion\\4 Sistema\\4 Mensajes de Inicio\\20240521_152420\\1716327061225.png]]

2024-05-21 16:31:01 - [TEST_STEP][PASSED] - Start listener action : sampleAfterTestCase: null]]></system-out>
         <system-err><![CDATA[]]></system-err>
      </testcase>
      <testcase name="Test Cases/Configuracion/4 Sistema/4 Mensaje de Inicio/R159" time="38.151" classname="Test Cases/Configuracion/4 Sistema/4 Mensaje de Inicio/R159" status="PASSED">
         <system-out><![CDATA[2024-05-21 16:31:01 - [TEST_CASE][PASSED] - Test Cases/Configuracion/4 Sistema/4 Mensaje de Inicio/R159: Test Cases/Configuracion/4 Sistema/4 Mensaje de Inicio/R159

2024-05-21 16:31:02 - [TEST_STEP][PASSED] - callTestCase(findTestCase("0InicioSesion"), [:], STOP_ON_FAILURE): Call Test Case 'Test Cases/0InicioSesion' successfully

2024-05-21 16:31:02 - [TEST_CASE][PASSED] - Test Cases/0InicioSesion: Test Cases/0InicioSesion

2024-05-21 16:31:02 - [TEST_STEP][PASSED] - openBrowser(Url): Browser is opened with url: 'https://pcpruebas101.ciel.cielingenieria.com:8815/'

2024-05-21 16:31:02 - [MESSAGE][WARNING] - A browser is already opened. Closing browser and opening a new one

2024-05-21 16:31:03 - [MESSAGE][INFO] - Starting 'Chrome' driver

2024-05-21 16:31:03 - [MESSAGE][INFO] - Action delay is set to 0 milliseconds

2024-05-21 16:31:05 - [MESSAGE][PASSED] - Browser is opened with url: 'https://pcpruebas101.ciel.cielingenieria.com:8815/'

2024-05-21 16:31:05 - [TEST_STEP][PASSED] - maximizeWindow(): Current window maximized

2024-05-21 16:31:05 - [MESSAGE][PASSED] - Current window maximized

2024-05-21 16:31:05 - [TEST_STEP][PASSED] - delay(2): Delayed 2 second(s)

2024-05-21 16:31:07 - [MESSAGE][PASSED] - Delayed 2 second(s)

2024-05-21 16:31:07 - [TEST_STEP][PASSED] - setText(findTestObject("ADM/0Inicio Sesion/input_Usuario"), Usuario): Text 'Ciel' is set on object 'Object Repository/ADM/0Inicio Sesion/input_Usuario'

2024-05-21 16:31:08 - [MESSAGE][PASSED] - Text 'Ciel' is set on object 'Object Repository/ADM/0Inicio Sesion/input_Usuario'

2024-05-21 16:31:08 - [TEST_STEP][PASSED] - delay(2): Delayed 2 second(s)

2024-05-21 16:31:10 - [MESSAGE][PASSED] - Delayed 2 second(s)

2024-05-21 16:31:10 - [TEST_STEP][PASSED] - setText(findTestObject("ADM/0Inicio Sesion/input_Clave"), Clave): Text 'Digiturno5.' is set on object 'Object Repository/ADM/0Inicio Sesion/input_Clave'

2024-05-21 16:31:11 - [MESSAGE][PASSED] - Text 'Digiturno5.' is set on object 'Object Repository/ADM/0Inicio Sesion/input_Clave'

2024-05-21 16:31:11 - [TEST_STEP][PASSED] - delay(2): Delayed 2 second(s)

2024-05-21 16:31:13 - [MESSAGE][PASSED] - Delayed 2 second(s)

2024-05-21 16:31:13 - [TEST_STEP][PASSED] - click(findTestObject("ADM/0Inicio Sesion/btn_IniciarSesion")): Object: 'Object Repository/ADM/0Inicio Sesion/btn_IniciarSesion' is clicked on

2024-05-21 16:31:13 - [MESSAGE][PASSED] - Object: 'Object Repository/ADM/0Inicio Sesion/btn_IniciarSesion' is clicked on

2024-05-21 16:31:13 - [TEST_STEP][PASSED] - delay(3): Delayed 3 second(s)

2024-05-21 16:31:16 - [MESSAGE][PASSED] - Delayed 3 second(s)

2024-05-21 16:31:16 - [MESSAGE][PASSED] - Call Test Case 'Test Cases/0InicioSesion' successfully

2024-05-21 16:31:16 - [TEST_STEP][PASSED] - comment("Ventana Modal Administrador vista Previa"): Ventana Modal Administrador vista Previa

2024-05-21 16:31:16 - [MESSAGE][INFO] - Ventana Modal Administrador vista Previa

2024-05-21 16:31:16 - [TEST_STEP][PASSED] - click(findTestObject("ADM/0Principal/a_Configuracion")): Object: 'Object Repository/ADM/0Principal/a_Configuracion' is clicked on

2024-05-21 16:31:17 - [MESSAGE][PASSED] - Object: 'Object Repository/ADM/0Principal/a_Configuracion' is clicked on

2024-05-21 16:31:17 - [TEST_STEP][PASSED] - delay(3): Delayed 3 second(s)

2024-05-21 16:31:20 - [MESSAGE][PASSED] - Delayed 3 second(s)

2024-05-21 16:31:20 - [TEST_STEP][PASSED] - click(findTestObject("ADM/1Configuracion/0Principal/a_4 Sistema")): Object: 'Object Repository/ADM/1Configuracion/0Principal/a_4 Sistema' is clicked on

2024-05-21 16:31:21 - [MESSAGE][PASSED] - Object: 'Object Repository/ADM/1Configuracion/0Principal/a_4 Sistema' is clicked on

2024-05-21 16:31:21 - [TEST_STEP][PASSED] - delay(3): Delayed 3 second(s)

2024-05-21 16:31:24 - [MESSAGE][PASSED] - Delayed 3 second(s)

2024-05-21 16:31:24 - [TEST_STEP][PASSED] - click(findTestObject("ADM/1Configuracion/4Sistema/0Principal/a_4 Mensajes de inicio")): Object: 'Object Repository/ADM/1Configuracion/4Sistema/0Principal/a_4 Mensajes de inicio' is clicked on

2024-05-21 16:31:24 - [MESSAGE][PASSED] - Object: 'Object Repository/ADM/1Configuracion/4Sistema/0Principal/a_4 Mensajes de inicio' is clicked on

2024-05-21 16:31:24 - [TEST_STEP][PASSED] - delay(3): Delayed 3 second(s)

2024-05-21 16:31:27 - [MESSAGE][PASSED] - Delayed 3 second(s)

2024-05-21 16:31:27 - [TEST_STEP][PASSED] - click(findTestObject("ADM/1Configuracion/4Sistema/4Mensajes de Inicio/Ventana Modal Administradores/Mensaje Principal/img_Modo HTML MenPrincipal")): Object: 'Object Repository/ADM/1Configuracion/4Sistema/4Mensajes de Inicio/Ventana Modal Administradores/Mensaje Principal/img_Modo HTML MenPrincipal' is clicked on

2024-05-21 16:31:28 - [MESSAGE][PASSED] - Object: 'Object Repository/ADM/1Configuracion/4Sistema/4Mensajes de Inicio/Ventana Modal Administradores/Mensaje Principal/img_Modo HTML MenPrincipal' is clicked on

2024-05-21 16:31:28 - [TEST_STEP][PASSED] - setText(findTestObject("ADM/1Configuracion/4Sistema/4Mensajes de Inicio/Ventana Modal Administradores/Mensaje Principal/textarea_Modo HTML MenPrincipal"), TextoPrueba): Text 'Este es un texto de prueba 5897386*@' is set on object 'Object Repository/ADM/1Configuracion/4Sistema/4Mensajes de Inicio/Ventana Modal Administradores/Mensaje Principal/textarea_Modo HTML MenPrincipal'

2024-05-21 16:31:29 - [MESSAGE][PASSED] - Text 'Este es un texto de prueba 5897386*@' is set on object 'Object Repository/ADM/1Configuracion/4Sistema/4Mensajes de Inicio/Ventana Modal Administradores/Mensaje Principal/textarea_Modo HTML MenPrincipal'

2024-05-21 16:31:29 - [TEST_STEP][PASSED] - delay(3): Delayed 3 second(s)

2024-05-21 16:31:32 - [MESSAGE][PASSED] - Delayed 3 second(s)

2024-05-21 16:31:32 - [TEST_STEP][PASSED] - takeFullPageScreenshot(): Taking screenshot successfully

2024-05-21 16:31:32 - [MESSAGE][INFO] - 0 hidden object(s)

2024-05-21 16:31:32 - [MESSAGE][PASSED] - Taking screenshot successfully
[[ATTACHMENT|C:\\CIEL INGENIERIA\\Katalon\\AgendamientoADM\\Reports\\20240521_152353\\1 Configuracion\\4 Sistema\\4 Mensajes de Inicio\\20240521_152420\\1716327092051.png]]

2024-05-21 16:31:32 - [TEST_STEP][PASSED] - delay(3): Delayed 3 second(s)

2024-05-21 16:31:35 - [MESSAGE][PASSED] - Delayed 3 second(s)

2024-05-21 16:31:35 - [TEST_STEP][PASSED] - click(findTestObject("ADM/1Configuracion/4Sistema/4Mensajes de Inicio/Ventana Modal Administradores/btn_VistaPreviaAdmin")): Object: 'Object Repository/ADM/1Configuracion/4Sistema/4Mensajes de Inicio/Ventana Modal Administradores/btn_VistaPreviaAdmin' is clicked on

2024-05-21 16:31:36 - [MESSAGE][PASSED] - Object: 'Object Repository/ADM/1Configuracion/4Sistema/4Mensajes de Inicio/Ventana Modal Administradores/btn_VistaPreviaAdmin' is clicked on

2024-05-21 16:31:36 - [TEST_STEP][PASSED] - delay(3): Delayed 3 second(s)

2024-05-21 16:31:39 - [MESSAGE][PASSED] - Delayed 3 second(s)

2024-05-21 16:31:39 - [TEST_STEP][PASSED] - takeFullPageScreenshot(): Taking screenshot successfully

2024-05-21 16:31:39 - [MESSAGE][INFO] - 0 hidden object(s)

2024-05-21 16:31:40 - [MESSAGE][PASSED] - Taking screenshot successfully
[[ATTACHMENT|C:\\CIEL INGENIERIA\\Katalon\\AgendamientoADM\\Reports\\20240521_152353\\1 Configuracion\\4 Sistema\\4 Mensajes de Inicio\\20240521_152420\\1716327099344.png]]

2024-05-21 16:31:40 - [TEST_STEP][PASSED] - Start listener action : sampleAfterTestCase: null]]></system-out>
         <system-err><![CDATA[]]></system-err>
      </testcase>
      <testcase name="Test Cases/Configuracion/4 Sistema/4 Mensaje de Inicio/R160" time="65.961" classname="Test Cases/Configuracion/4 Sistema/4 Mensaje de Inicio/R160" status="PASSED">
         <system-out><![CDATA[2024-05-21 16:31:40 - [TEST_CASE][PASSED] - Test Cases/Configuracion/4 Sistema/4 Mensaje de Inicio/R160: Test Cases/Configuracion/4 Sistema/4 Mensaje de Inicio/R160

2024-05-21 16:31:40 - [TEST_STEP][PASSED] - callTestCase(findTestCase("0InicioSesion"), [:], STOP_ON_FAILURE): Call Test Case 'Test Cases/0InicioSesion' successfully

2024-05-21 16:31:40 - [TEST_CASE][PASSED] - Test Cases/0InicioSesion: Test Cases/0InicioSesion

2024-05-21 16:31:40 - [TEST_STEP][PASSED] - openBrowser(Url): Browser is opened with url: 'https://pcpruebas101.ciel.cielingenieria.com:8815/'

2024-05-21 16:31:40 - [MESSAGE][WARNING] - A browser is already opened. Closing browser and opening a new one

2024-05-21 16:31:41 - [MESSAGE][INFO] - Starting 'Chrome' driver

2024-05-21 16:31:41 - [MESSAGE][INFO] - Action delay is set to 0 milliseconds

2024-05-21 16:31:43 - [MESSAGE][PASSED] - Browser is opened with url: 'https://pcpruebas101.ciel.cielingenieria.com:8815/'

2024-05-21 16:31:43 - [TEST_STEP][PASSED] - maximizeWindow(): Current window maximized

2024-05-21 16:31:43 - [MESSAGE][PASSED] - Current window maximized

2024-05-21 16:31:43 - [TEST_STEP][PASSED] - delay(2): Delayed 2 second(s)

2024-05-21 16:31:45 - [MESSAGE][PASSED] - Delayed 2 second(s)

2024-05-21 16:31:45 - [TEST_STEP][PASSED] - setText(findTestObject("ADM/0Inicio Sesion/input_Usuario"), Usuario): Text 'Ciel' is set on object 'Object Repository/ADM/0Inicio Sesion/input_Usuario'

2024-05-21 16:31:46 - [MESSAGE][PASSED] - Text 'Ciel' is set on object 'Object Repository/ADM/0Inicio Sesion/input_Usuario'

2024-05-21 16:31:46 - [TEST_STEP][PASSED] - delay(2): Delayed 2 second(s)

2024-05-21 16:31:48 - [MESSAGE][PASSED] - Delayed 2 second(s)

2024-05-21 16:31:48 - [TEST_STEP][PASSED] - setText(findTestObject("ADM/0Inicio Sesion/input_Clave"), Clave): Text 'Digiturno5.' is set on object 'Object Repository/ADM/0Inicio Sesion/input_Clave'

2024-05-21 16:31:49 - [MESSAGE][PASSED] - Text 'Digiturno5.' is set on object 'Object Repository/ADM/0Inicio Sesion/input_Clave'

2024-05-21 16:31:49 - [TEST_STEP][PASSED] - delay(2): Delayed 2 second(s)

2024-05-21 16:31:51 - [MESSAGE][PASSED] - Delayed 2 second(s)

2024-05-21 16:31:51 - [TEST_STEP][PASSED] - click(findTestObject("ADM/0Inicio Sesion/btn_IniciarSesion")): Object: 'Object Repository/ADM/0Inicio Sesion/btn_IniciarSesion' is clicked on

2024-05-21 16:31:52 - [MESSAGE][PASSED] - Object: 'Object Repository/ADM/0Inicio Sesion/btn_IniciarSesion' is clicked on

2024-05-21 16:31:52 - [TEST_STEP][PASSED] - delay(3): Delayed 3 second(s)

2024-05-21 16:31:55 - [MESSAGE][PASSED] - Delayed 3 second(s)

2024-05-21 16:31:55 - [MESSAGE][PASSED] - Call Test Case 'Test Cases/0InicioSesion' successfully

2024-05-21 16:31:55 - [TEST_STEP][PASSED] - comment("Ventana Modal Administrador Guardar Cambios"): Ventana Modal Administrador Guardar Cambios

2024-05-21 16:31:55 - [MESSAGE][INFO] - Ventana Modal Administrador Guardar Cambios

2024-05-21 16:31:55 - [TEST_STEP][PASSED] - click(findTestObject("ADM/0Principal/a_Configuracion")): Object: 'Object Repository/ADM/0Principal/a_Configuracion' is clicked on

2024-05-21 16:31:55 - [MESSAGE][PASSED] - Object: 'Object Repository/ADM/0Principal/a_Configuracion' is clicked on

2024-05-21 16:31:55 - [TEST_STEP][PASSED] - delay(3): Delayed 3 second(s)

2024-05-21 16:31:58 - [MESSAGE][PASSED] - Delayed 3 second(s)

2024-05-21 16:31:58 - [TEST_STEP][PASSED] - click(findTestObject("ADM/1Configuracion/0Principal/a_4 Sistema")): Object: 'Object Repository/ADM/1Configuracion/0Principal/a_4 Sistema' is clicked on

2024-05-21 16:31:59 - [MESSAGE][PASSED] - Object: 'Object Repository/ADM/1Configuracion/0Principal/a_4 Sistema' is clicked on

2024-05-21 16:31:59 - [TEST_STEP][PASSED] - delay(3): Delayed 3 second(s)

2024-05-21 16:32:02 - [MESSAGE][PASSED] - Delayed 3 second(s)

2024-05-21 16:32:02 - [TEST_STEP][PASSED] - click(findTestObject("ADM/1Configuracion/4Sistema/0Principal/a_4 Mensajes de inicio")): Object: 'Object Repository/ADM/1Configuracion/4Sistema/0Principal/a_4 Mensajes de inicio' is clicked on

2024-05-21 16:32:03 - [MESSAGE][PASSED] - Object: 'Object Repository/ADM/1Configuracion/4Sistema/0Principal/a_4 Mensajes de inicio' is clicked on

2024-05-21 16:32:03 - [TEST_STEP][PASSED] - delay(3): Delayed 3 second(s)

2024-05-21 16:32:06 - [MESSAGE][PASSED] - Delayed 3 second(s)

2024-05-21 16:32:06 - [TEST_STEP][PASSED] - click(findTestObject("ADM/1Configuracion/4Sistema/4Mensajes de Inicio/Ventana Modal Administradores/Mensaje Principal/img_Modo HTML MenPrincipal")): Object: 'Object Repository/ADM/1Configuracion/4Sistema/4Mensajes de Inicio/Ventana Modal Administradores/Mensaje Principal/img_Modo HTML MenPrincipal' is clicked on

2024-05-21 16:32:06 - [MESSAGE][PASSED] - Object: 'Object Repository/ADM/1Configuracion/4Sistema/4Mensajes de Inicio/Ventana Modal Administradores/Mensaje Principal/img_Modo HTML MenPrincipal' is clicked on

2024-05-21 16:32:06 - [TEST_STEP][PASSED] - setText(findTestObject("ADM/1Configuracion/4Sistema/4Mensajes de Inicio/Ventana Modal Administradores/Mensaje Principal/textarea_Modo HTML MenPrincipal"), TextoPrueba): Text 'Este es un texto de prueba 5897386*@' is set on object 'Object Repository/ADM/1Configuracion/4Sistema/4Mensajes de Inicio/Ventana Modal Administradores/Mensaje Principal/textarea_Modo HTML MenPrincipal'

2024-05-21 16:32:07 - [MESSAGE][PASSED] - Text 'Este es un texto de prueba 5897386*@' is set on object 'Object Repository/ADM/1Configuracion/4Sistema/4Mensajes de Inicio/Ventana Modal Administradores/Mensaje Principal/textarea_Modo HTML MenPrincipal'

2024-05-21 16:32:07 - [TEST_STEP][PASSED] - delay(3): Delayed 3 second(s)

2024-05-21 16:32:10 - [MESSAGE][PASSED] - Delayed 3 second(s)

2024-05-21 16:32:10 - [TEST_STEP][PASSED] - takeFullPageScreenshot(): Taking screenshot successfully

2024-05-21 16:32:11 - [MESSAGE][INFO] - 0 hidden object(s)

2024-05-21 16:32:11 - [MESSAGE][PASSED] - Taking screenshot successfully
[[ATTACHMENT|C:\\CIEL INGENIERIA\\Katalon\\AgendamientoADM\\Reports\\20240521_152353\\1 Configuracion\\4 Sistema\\4 Mensajes de Inicio\\20240521_152420\\1716327130545.png]]

2024-05-21 16:32:11 - [TEST_STEP][PASSED] - delay(3): Delayed 3 second(s)

2024-05-21 16:32:14 - [MESSAGE][PASSED] - Delayed 3 second(s)

2024-05-21 16:32:14 - [TEST_STEP][PASSED] - click(findTestObject("ADM/1Configuracion/4Sistema/4Mensajes de Inicio/Ventana Modal Administradores/label_Habilitado")): Object: 'Object Repository/ADM/1Configuracion/4Sistema/4Mensajes de Inicio/Ventana Modal Administradores/label_Habilitado' is clicked on

2024-05-21 16:32:14 - [MESSAGE][PASSED] - Object: 'Object Repository/ADM/1Configuracion/4Sistema/4Mensajes de Inicio/Ventana Modal Administradores/label_Habilitado' is clicked on

2024-05-21 16:32:14 - [TEST_STEP][PASSED] - click(findTestObject("ADM/1Configuracion/4Sistema/4Mensajes de Inicio/Ventana Modal Administradores/btn_Guardar")): Object: 'Object Repository/ADM/1Configuracion/4Sistema/4Mensajes de Inicio/Ventana Modal Administradores/btn_Guardar' is clicked on

2024-05-21 16:32:15 - [MESSAGE][PASSED] - Object: 'Object Repository/ADM/1Configuracion/4Sistema/4Mensajes de Inicio/Ventana Modal Administradores/btn_Guardar' is clicked on

2024-05-21 16:32:15 - [TEST_STEP][PASSED] - delay(3): Delayed 3 second(s)

2024-05-21 16:32:18 - [MESSAGE][PASSED] - Delayed 3 second(s)

2024-05-21 16:32:18 - [TEST_STEP][PASSED] - takeFullPageScreenshot(): Taking screenshot successfully

2024-05-21 16:32:18 - [MESSAGE][INFO] - 0 hidden object(s)

2024-05-21 16:32:18 - [MESSAGE][PASSED] - Taking screenshot successfully
[[ATTACHMENT|C:\\CIEL INGENIERIA\\Katalon\\AgendamientoADM\\Reports\\20240521_152353\\1 Configuracion\\4 Sistema\\4 Mensajes de Inicio\\20240521_152420\\1716327138158.png]]

2024-05-21 16:32:18 - [TEST_STEP][PASSED] - click(findTestObject("ADM/0Inicio Sesion/Boton Ciel/a_Ciel")): Object: 'Object Repository/ADM/0Inicio Sesion/Boton Ciel/a_Ciel' is clicked on

2024-05-21 16:32:19 - [MESSAGE][PASSED] - Object: 'Object Repository/ADM/0Inicio Sesion/Boton Ciel/a_Ciel' is clicked on

2024-05-21 16:32:19 - [TEST_STEP][PASSED] - click(findTestObject("ADM/0Inicio Sesion/Boton Ciel/a_Cerrar sesion")): Object: 'Object Repository/ADM/0Inicio Sesion/Boton Ciel/a_Cerrar sesion' is clicked on

2024-05-21 16:32:19 - [MESSAGE][PASSED] - Object: 'Object Repository/ADM/0Inicio Sesion/Boton Ciel/a_Cerrar sesion' is clicked on

2024-05-21 16:32:19 - [TEST_STEP][PASSED] - delay(3): Delayed 3 second(s)

2024-05-21 16:32:22 - [MESSAGE][PASSED] - Delayed 3 second(s)

2024-05-21 16:32:22 - [TEST_STEP][PASSED] - click(findTestObject("ADM/0Inicio Sesion/a_Cerrar Modal"), STOP_ON_FAILURE): Object: 'Object Repository/ADM/0Inicio Sesion/a_Cerrar Modal' is clicked on

2024-05-21 16:32:23 - [MESSAGE][PASSED] - Object: 'Object Repository/ADM/0Inicio Sesion/a_Cerrar Modal' is clicked on

2024-05-21 16:32:23 - [TEST_STEP][PASSED] - setText(findTestObject("ADM/0Inicio Sesion/input_Usuario"), Usuario): Text 'Ciel' is set on object 'Object Repository/ADM/0Inicio Sesion/input_Usuario'

2024-05-21 16:32:24 - [MESSAGE][PASSED] - Text 'Ciel' is set on object 'Object Repository/ADM/0Inicio Sesion/input_Usuario'

2024-05-21 16:32:24 - [TEST_STEP][PASSED] - setText(findTestObject("ADM/0Inicio Sesion/input_Clave"), Clave): Text 'Digiturno5.' is set on object 'Object Repository/ADM/0Inicio Sesion/input_Clave'

2024-05-21 16:32:25 - [MESSAGE][PASSED] - Text 'Digiturno5.' is set on object 'Object Repository/ADM/0Inicio Sesion/input_Clave'

2024-05-21 16:32:25 - [TEST_STEP][PASSED] - click(findTestObject("ADM/0Inicio Sesion/btn_IniciarSesion")): Object: 'Object Repository/ADM/0Inicio Sesion/btn_IniciarSesion' is clicked on

2024-05-21 16:32:25 - [MESSAGE][PASSED] - Object: 'Object Repository/ADM/0Inicio Sesion/btn_IniciarSesion' is clicked on

2024-05-21 16:32:25 - [TEST_STEP][PASSED] - comment("Deshabilitar mensaje Administrador"): Deshabilitar mensaje Administrador

2024-05-21 16:32:25 - [MESSAGE][INFO] - Deshabilitar mensaje Administrador

2024-05-21 16:32:25 - [TEST_STEP][PASSED] - click(findTestObject("ADM/0Principal/a_Configuracion")): Object: 'Object Repository/ADM/0Principal/a_Configuracion' is clicked on

2024-05-21 16:32:26 - [MESSAGE][PASSED] - Object: 'Object Repository/ADM/0Principal/a_Configuracion' is clicked on

2024-05-21 16:32:26 - [TEST_STEP][PASSED] - delay(3): Delayed 3 second(s)

2024-05-21 16:32:29 - [MESSAGE][PASSED] - Delayed 3 second(s)

2024-05-21 16:32:29 - [TEST_STEP][PASSED] - click(findTestObject("ADM/1Configuracion/0Principal/a_4 Sistema")): Object: 'Object Repository/ADM/1Configuracion/0Principal/a_4 Sistema' is clicked on

2024-05-21 16:32:30 - [MESSAGE][PASSED] - Object: 'Object Repository/ADM/1Configuracion/0Principal/a_4 Sistema' is clicked on

2024-05-21 16:32:30 - [TEST_STEP][PASSED] - delay(3): Delayed 3 second(s)

2024-05-21 16:32:33 - [MESSAGE][PASSED] - Delayed 3 second(s)

2024-05-21 16:32:33 - [TEST_STEP][PASSED] - click(findTestObject("ADM/1Configuracion/4Sistema/0Principal/a_4 Mensajes de inicio")): Object: 'Object Repository/ADM/1Configuracion/4Sistema/0Principal/a_4 Mensajes de inicio' is clicked on

2024-05-21 16:32:33 - [MESSAGE][PASSED] - Object: 'Object Repository/ADM/1Configuracion/4Sistema/0Principal/a_4 Mensajes de inicio' is clicked on

2024-05-21 16:32:33 - [TEST_STEP][PASSED] - delay(3): Delayed 3 second(s)

2024-05-21 16:32:36 - [MESSAGE][PASSED] - Delayed 3 second(s)

2024-05-21 16:32:36 - [TEST_STEP][PASSED] - click(findTestObject("ADM/1Configuracion/4Sistema/4Mensajes de Inicio/Ventana Modal Administradores/label_Habilitado")): Object: 'Object Repository/ADM/1Configuracion/4Sistema/4Mensajes de Inicio/Ventana Modal Administradores/label_Habilitado' is clicked on

2024-05-21 16:32:37 - [MESSAGE][PASSED] - Object: 'Object Repository/ADM/1Configuracion/4Sistema/4Mensajes de Inicio/Ventana Modal Administradores/label_Habilitado' is clicked on

2024-05-21 16:32:37 - [TEST_STEP][PASSED] - click(findTestObject("ADM/1Configuracion/4Sistema/4Mensajes de Inicio/Ventana Modal Administradores/btn_Guardar")): Object: 'Object Repository/ADM/1Configuracion/4Sistema/4Mensajes de Inicio/Ventana Modal Administradores/btn_Guardar' is clicked on

2024-05-21 16:32:37 - [MESSAGE][PASSED] - Object: 'Object Repository/ADM/1Configuracion/4Sistema/4Mensajes de Inicio/Ventana Modal Administradores/btn_Guardar' is clicked on

2024-05-21 16:32:37 - [TEST_STEP][PASSED] - delay(3): Delayed 3 second(s)

2024-05-21 16:32:40 - [MESSAGE][PASSED] - Delayed 3 second(s)

2024-05-21 16:32:40 - [TEST_STEP][PASSED] - takeFullPageScreenshot(): Taking screenshot successfully

2024-05-21 16:32:41 - [MESSAGE][INFO] - 0 hidden object(s)

2024-05-21 16:32:41 - [MESSAGE][PASSED] - Taking screenshot successfully
[[ATTACHMENT|C:\\CIEL INGENIERIA\\Katalon\\AgendamientoADM\\Reports\\20240521_152353\\1 Configuracion\\4 Sistema\\4 Mensajes de Inicio\\20240521_152420\\1716327160768.png]]

2024-05-21 16:32:41 - [TEST_STEP][PASSED] - click(findTestObject("ADM/0Inicio Sesion/Boton Ciel/a_Ciel")): Object: 'Object Repository/ADM/0Inicio Sesion/Boton Ciel/a_Ciel' is clicked on

2024-05-21 16:32:41 - [MESSAGE][PASSED] - Object: 'Object Repository/ADM/0Inicio Sesion/Boton Ciel/a_Ciel' is clicked on

2024-05-21 16:32:41 - [TEST_STEP][PASSED] - click(findTestObject("ADM/0Inicio Sesion/Boton Ciel/a_Cerrar sesion")): Object: 'Object Repository/ADM/0Inicio Sesion/Boton Ciel/a_Cerrar sesion' is clicked on

2024-05-21 16:32:42 - [MESSAGE][PASSED] - Object: 'Object Repository/ADM/0Inicio Sesion/Boton Ciel/a_Cerrar sesion' is clicked on

2024-05-21 16:32:42 - [TEST_STEP][PASSED] - delay(3): Delayed 3 second(s)

2024-05-21 16:32:45 - [MESSAGE][PASSED] - Delayed 3 second(s)

2024-05-21 16:32:45 - [TEST_STEP][PASSED] - takeFullPageScreenshot(): Taking screenshot successfully

2024-05-21 16:32:45 - [MESSAGE][INFO] - 0 hidden object(s)

2024-05-21 16:32:46 - [MESSAGE][PASSED] - Taking screenshot successfully
[[ATTACHMENT|C:\\CIEL INGENIERIA\\Katalon\\AgendamientoADM\\Reports\\20240521_152353\\1 Configuracion\\4 Sistema\\4 Mensajes de Inicio\\20240521_152420\\1716327165528.png]]

2024-05-21 16:32:46 - [TEST_STEP][PASSED] - Start listener action : sampleAfterTestCase: null]]></system-out>
         <system-err><![CDATA[]]></system-err>
      </testcase>
      <system-out><![CDATA[2024-05-21 16:28:45 - [TEST_SUITE][PASSED] - 4 Mensajes de Inicio: Test Cases/Configuracion/4 Sistema/4 Mensaje de Inicio/R160]]></system-out>
      <system-err><![CDATA[]]></system-err>
   </testsuite>
</testsuites>
